<?xml version="1.0" encoding="UTF-8" ?>
<testsuite tests="2" failures="0" name="TestSuite" time="0.409" errors="0" skipped="0">
  <properties>
    <property name="java.runtime.name" value="Java(TM) SE Runtime Environment"/>
    <property name="sun.boot.library.path" value="D:\JDK1.8\jre\bin"/>
    <property name="java.vm.version" value="25.121-b13"/>
    <property name="java.vm.vendor" value="Oracle Corporation"/>
    <property name="java.vendor.url" value="http://java.oracle.com/"/>
    <property name="path.separator" value=";"/>
    <property name="java.vm.name" value="Java HotSpot(TM) 64-Bit Server VM"/>
    <property name="file.encoding.pkg" value="sun.io"/>
    <property name="user.script" value=""/>
    <property name="user.country" value="CN"/>
    <property name="sun.java.launcher" value="SUN_STANDARD"/>
    <property name="sun.os.patch.level" value=""/>
    <property name="java.vm.specification.name" value="Java Virtual Machine Specification"/>
    <property name="user.dir" value="E:\work_java\chapter20"/>
    <property name="java.runtime.version" value="1.8.0_121-b13"/>
    <property name="java.awt.graphicsenv" value="sun.awt.Win32GraphicsEnvironment"/>
    <property name="basedir" value="E:\work_java\chapter20"/>
    <property name="java.endorsed.dirs" value="D:\JDK1.8\jre\lib\endorsed"/>
    <property name="os.arch" value="amd64"/>
    <property name="surefire.real.class.path" value="E:\work_java\chapter20\target\surefire\surefirebooter586152409045458557.jar"/>
    <property name="java.io.tmpdir" value="C:\Users\DEll\AppData\Local\Temp\"/>
    <property name="line.separator" value="
"/>
    <property name="java.vm.specification.vendor" value="Oracle Corporation"/>
    <property name="user.variant" value=""/>
    <property name="os.name" value="Windows 10"/>
    <property name="sun.jnu.encoding" value="GBK"/>
    <property name="java.library.path" value="D:\JDK1.8\jre\bin;C:\WINDOWS\Sun\Java\bin;C:\WINDOWS\system32;C:\WINDOWS;C:/Program Files/Java/jre1.8.0_144/bin/server;C:/Program Files/Java/jre1.8.0_144/bin;C:/Program Files/Java/jre1.8.0_144/lib/amd64;;C:\Program Files (x86)\Common Files\Oracle\Java\javapath;C:\WINDOWS\system32;C:\WINDOWS;C:\WINDOWS\System32\Wbem;C:\WINDOWS\System32\WindowsPowerShell\v1.0\;C:\Program Files (x86)\Common Files\Thunder Network\KanKan\Codecs;D:\putty\;D:\miktex\miktex\bin\x64\;D:\Git\cmd;C:\WINDOWS\system32;C:\WINDOWS;C:\WINDOWS\System32\Wbem;C:\WINDOWS\System32\WindowsPowerShell\v1.0\;C:\WINDOWS\System32\OpenSSH\;C:\Program Files\dotnet\;C:\Program Files\MySQL\MySQL Server 5.7\bin\;D:\jee-photon\eclipse;D:\masterSpring\apache-maven-3.3.9-bin\bin;D:\JDK1.8\bin;D:\vc\Tools\WinNT;D:\vc\MSDev98\Bin;D:\vc\Tools;D:\VC98\bin;C:\Program Files\Intel\WiFi\bin\;C:\Program Files\Common Files\Intel\WirelessCommon\;F:\AppServ\Apache24\bin;F:\AppServ\php5;F:\AppServ\MySQL\bin;C:\Users\DEll\AppData\Local\Microsoft\WindowsApps;D:\JDK1.8\bin;C:\Users\DEll\AppData\Local\GitHubDesktop\bin;D:\Microsoft VS Code\bin;C:\Users\DEll\AppData\Local\Microsoft\WindowsApps;D:\Docker Toolbox;C:\Program Files\MySQL\MySQL Server 5.7\bin\;D:\jee-photon\eclipse;D:\masterSpring\apache-maven-3.3.9-bin\bin;;C:\WINDOWS\System32;;."/>
    <property name="surefire.test.class.path" value="E:\work_java\chapter20\target\test-classes;E:\work_java\chapter20\target\classes;C:\Users\DEll\.m2\repository\commons-lang\commons-lang\2.2\commons-lang-2.2.jar;C:\Users\DEll\.m2\repository\org\springframework\spring-beans\4.2.2.RELEASE\spring-beans-4.2.2.RELEASE.jar;C:\Users\DEll\.m2\repository\org\springframework\spring-core\4.2.2.RELEASE\spring-core-4.2.2.RELEASE.jar;C:\Users\DEll\.m2\repository\org\springframework\spring-context\4.2.2.RELEASE\spring-context-4.2.2.RELEASE.jar;C:\Users\DEll\.m2\repository\org\springframework\spring-aop\4.2.2.RELEASE\spring-aop-4.2.2.RELEASE.jar;C:\Users\DEll\.m2\repository\aopalliance\aopalliance\1.0\aopalliance-1.0.jar;C:\Users\DEll\.m2\repository\org\springframework\spring-expression\4.2.2.RELEASE\spring-expression-4.2.2.RELEASE.jar;C:\Users\DEll\.m2\repository\org\springframework\spring-context-support\4.2.2.RELEASE\spring-context-support-4.2.2.RELEASE.jar;C:\Users\DEll\.m2\repository\org\springframework\spring-jdbc\4.2.2.RELEASE\spring-jdbc-4.2.2.RELEASE.jar;C:\Users\DEll\.m2\repository\org\springframework\spring-tx\4.2.2.RELEASE\spring-tx-4.2.2.RELEASE.jar;C:\Users\DEll\.m2\repository\org\springframework\spring-orm\4.2.2.RELEASE\spring-orm-4.2.2.RELEASE.jar;C:\Users\DEll\.m2\repository\org\springframework\spring-webmvc\4.2.2.RELEASE\spring-webmvc-4.2.2.RELEASE.jar;C:\Users\DEll\.m2\repository\org\springframework\spring-web\4.2.2.RELEASE\spring-web-4.2.2.RELEASE.jar;C:\Users\DEll\.m2\repository\org\aspectj\aspectjrt\1.8.1\aspectjrt-1.8.1.jar;C:\Users\DEll\.m2\repository\org\aspectj\aspectjweaver\1.8.1\aspectjweaver-1.8.1.jar;C:\Users\DEll\.m2\repository\org\hibernate\hibernate-core\4.2.0.Final\hibernate-core-4.2.0.Final.jar;C:\Users\DEll\.m2\repository\antlr\antlr\2.7.7\antlr-2.7.7.jar;C:\Users\DEll\.m2\repository\org\jboss\logging\jboss-logging\3.1.0.GA\jboss-logging-3.1.0.GA.jar;C:\Users\DEll\.m2\repository\org\jboss\spec\javax\transaction\jboss-transaction-api_1.1_spec\1.0.0.Final\jboss-transaction-api_1.1_spec-1.0.0.Final.jar;C:\Users\DEll\.m2\repository\dom4j\dom4j\1.6.1\dom4j-1.6.1.jar;C:\Users\DEll\.m2\repository\org\javassist\javassist\3.15.0-GA\javassist-3.15.0-GA.jar;C:\Users\DEll\.m2\repository\org\hibernate\common\hibernate-commons-annotations\4.0.1.Final\hibernate-commons-annotations-4.0.1.Final.jar;C:\Users\DEll\.m2\repository\org\hibernate\hibernate-ehcache\4.2.0.Final\hibernate-ehcache-4.2.0.Final.jar;C:\Users\DEll\.m2\repository\net\sf\ehcache\ehcache-core\2.4.3\ehcache-core-2.4.3.jar;C:\Users\DEll\.m2\repository\org\hibernate\javax\persistence\hibernate-jpa-2.0-api\1.0.1.Final\hibernate-jpa-2.0-api-1.0.1.Final.jar;C:\Users\DEll\.m2\repository\javax\servlet\servlet-api\3.0-alpha-1\servlet-api-3.0-alpha-1.jar;C:\Users\DEll\.m2\repository\com\fasterxml\jackson\core\jackson-annotations\2.7.4\jackson-annotations-2.7.4.jar;C:\Users\DEll\.m2\repository\com\fasterxml\jackson\core\jackson-core\2.7.4\jackson-core-2.7.4.jar;C:\Users\DEll\.m2\repository\com\fasterxml\jackson\core\jackson-databind\2.7.4\jackson-databind-2.7.4.jar;C:\Users\DEll\.m2\repository\org\mockito\mockito-all\1.10.19\mockito-all-1.10.19.jar;C:\Users\DEll\.m2\repository\org\testng\testng\6.8.7\testng-6.8.7.jar;C:\Users\DEll\.m2\repository\junit\junit\4.10\junit-4.10.jar;C:\Users\DEll\.m2\repository\org\hamcrest\hamcrest-core\1.1\hamcrest-core-1.1.jar;C:\Users\DEll\.m2\repository\org\beanshell\bsh\2.0b4\bsh-2.0b4.jar;C:\Users\DEll\.m2\repository\com\beust\jcommander\1.27\jcommander-1.27.jar;C:\Users\DEll\.m2\repository\org\yaml\snakeyaml\1.12\snakeyaml-1.12.jar;C:\Users\DEll\.m2\repository\org\unitils\unitils-core\3.4.2\unitils-core-3.4.2.jar;C:\Users\DEll\.m2\repository\commons-logging\commons-logging\1.1\commons-logging-1.1.jar;C:\Users\DEll\.m2\repository\commons-collections\commons-collections\3.2\commons-collections-3.2.jar;C:\Users\DEll\.m2\repository\ognl\ognl\2.6.9\ognl-2.6.9.jar;C:\Users\DEll\.m2\repository\org\unitils\unitils-testng\3.4.2\unitils-testng-3.4.2.jar;C:\Users\DEll\.m2\repository\org\testng\testng\5.8\testng-5.8-jdk15.jar;C:\Users\DEll\.m2\repository\org\unitils\unitils-spring\3.4.2\unitils-spring-3.4.2.jar;C:\Users\DEll\.m2\repository\org\springframework\spring-test\3.2.0.RELEASE\spring-test-3.2.0.RELEASE.jar;C:\Users\DEll\.m2\repository\org\unitils\unitils-orm\3.4.2\unitils-orm-3.4.2.jar;C:\Users\DEll\.m2\repository\javax\persistence\persistence-api\1.0\persistence-api-1.0.jar;C:\Users\DEll\.m2\repository\org\unitils\unitils-database\3.4.2\unitils-database-3.4.2.jar;C:\Users\DEll\.m2\repository\commons-dbcp\commons-dbcp\1.4\commons-dbcp-1.4.jar;C:\Users\DEll\.m2\repository\commons-pool\commons-pool\1.5.4\commons-pool-1.5.4.jar;C:\Users\DEll\.m2\repository\org\unitils\unitils-dbmaintainer\3.4.2\unitils-dbmaintainer-3.4.2.jar;C:\Users\DEll\.m2\repository\org\hibernate\hibernate\3.2.5.ga\hibernate-3.2.5.ga.jar;C:\Users\DEll\.m2\repository\net\sf\ehcache\ehcache\1.2.3\ehcache-1.2.3.jar;C:\Users\DEll\.m2\repository\asm\asm-attrs\1.5.3\asm-attrs-1.5.3.jar;C:\Users\DEll\.m2\repository\cglib\cglib\2.1_3\cglib-2.1_3.jar;C:\Users\DEll\.m2\repository\asm\asm\1.5.3\asm-1.5.3.jar;C:\Users\DEll\.m2\repository\org\slf4j\slf4j-nop\1.6.4\slf4j-nop-1.6.4.jar;C:\Users\DEll\.m2\repository\org\unitils\unitils-dbunit\3.4.2\unitils-dbunit-3.4.2.jar;C:\Users\DEll\.m2\repository\xmlunit\xmlunit\1.2\xmlunit-1.2.jar;C:\Users\DEll\.m2\repository\org\hamcrest\hamcrest-all\1.3\hamcrest-all-1.3.jar;C:\Users\DEll\.m2\repository\commons-beanutils\commons-beanutils\1.9.1\commons-beanutils-1.9.1.jar;C:\Users\DEll\.m2\repository\org\dbunit\dbunit\2.5.1\dbunit-2.5.1.jar;C:\Users\DEll\.m2\repository\org\apache\poi\poi-ooxml\3.11\poi-ooxml-3.11.jar;C:\Users\DEll\.m2\repository\org\apache\poi\poi-ooxml-schemas\3.11\poi-ooxml-schemas-3.11.jar;C:\Users\DEll\.m2\repository\org\apache\xmlbeans\xmlbeans\2.6.0\xmlbeans-2.6.0.jar;C:\Users\DEll\.m2\repository\stax\stax-api\1.0.1\stax-api-1.0.1.jar;C:\Users\DEll\.m2\repository\org\slf4j\slf4j-api\1.7.5\slf4j-api-1.7.5.jar;C:\Users\DEll\.m2\repository\org\slf4j\slf4j-log4j12\1.7.5\slf4j-log4j12-1.7.5.jar;C:\Users\DEll\.m2\repository\log4j\log4j\1.2.17\log4j-1.2.17.jar;C:\Users\DEll\.m2\repository\javassist\javassist\3.6.0.GA\javassist-3.6.0.GA.jar;C:\Users\DEll\.m2\repository\org\apache\poi\poi\3.12\poi-3.12.jar;C:\Users\DEll\.m2\repository\commons-codec\commons-codec\1.9\commons-codec-1.9.jar;C:\Users\DEll\.m2\repository\mysql\mysql-connector-java\5.1.29\mysql-connector-java-5.1.29.jar;"/>
    <property name="java.specification.name" value="Java Platform API Specification"/>
    <property name="java.class.version" value="52.0"/>
    <property name="sun.management.compiler" value="HotSpot 64-Bit Tiered Compilers"/>
    <property name="os.version" value="10.0"/>
    <property name="user.home" value="C:\Users\DEll"/>
    <property name="user.timezone" value="Asia/Shanghai"/>
    <property name="java.awt.printerjob" value="sun.awt.windows.WPrinterJob"/>
    <property name="java.specification.version" value="1.8"/>
    <property name="file.encoding" value="UTF-8"/>
    <property name="user.name" value="DEll"/>
    <property name="java.class.path" value="E:\work_java\chapter20\target\test-classes;E:\work_java\chapter20\target\classes;C:\Users\DEll\.m2\repository\commons-lang\commons-lang\2.2\commons-lang-2.2.jar;C:\Users\DEll\.m2\repository\org\springframework\spring-beans\4.2.2.RELEASE\spring-beans-4.2.2.RELEASE.jar;C:\Users\DEll\.m2\repository\org\springframework\spring-core\4.2.2.RELEASE\spring-core-4.2.2.RELEASE.jar;C:\Users\DEll\.m2\repository\org\springframework\spring-context\4.2.2.RELEASE\spring-context-4.2.2.RELEASE.jar;C:\Users\DEll\.m2\repository\org\springframework\spring-aop\4.2.2.RELEASE\spring-aop-4.2.2.RELEASE.jar;C:\Users\DEll\.m2\repository\aopalliance\aopalliance\1.0\aopalliance-1.0.jar;C:\Users\DEll\.m2\repository\org\springframework\spring-expression\4.2.2.RELEASE\spring-expression-4.2.2.RELEASE.jar;C:\Users\DEll\.m2\repository\org\springframework\spring-context-support\4.2.2.RELEASE\spring-context-support-4.2.2.RELEASE.jar;C:\Users\DEll\.m2\repository\org\springframework\spring-jdbc\4.2.2.RELEASE\spring-jdbc-4.2.2.RELEASE.jar;C:\Users\DEll\.m2\repository\org\springframework\spring-tx\4.2.2.RELEASE\spring-tx-4.2.2.RELEASE.jar;C:\Users\DEll\.m2\repository\org\springframework\spring-orm\4.2.2.RELEASE\spring-orm-4.2.2.RELEASE.jar;C:\Users\DEll\.m2\repository\org\springframework\spring-webmvc\4.2.2.RELEASE\spring-webmvc-4.2.2.RELEASE.jar;C:\Users\DEll\.m2\repository\org\springframework\spring-web\4.2.2.RELEASE\spring-web-4.2.2.RELEASE.jar;C:\Users\DEll\.m2\repository\org\aspectj\aspectjrt\1.8.1\aspectjrt-1.8.1.jar;C:\Users\DEll\.m2\repository\org\aspectj\aspectjweaver\1.8.1\aspectjweaver-1.8.1.jar;C:\Users\DEll\.m2\repository\org\hibernate\hibernate-core\4.2.0.Final\hibernate-core-4.2.0.Final.jar;C:\Users\DEll\.m2\repository\antlr\antlr\2.7.7\antlr-2.7.7.jar;C:\Users\DEll\.m2\repository\org\jboss\logging\jboss-logging\3.1.0.GA\jboss-logging-3.1.0.GA.jar;C:\Users\DEll\.m2\repository\org\jboss\spec\javax\transaction\jboss-transaction-api_1.1_spec\1.0.0.Final\jboss-transaction-api_1.1_spec-1.0.0.Final.jar;C:\Users\DEll\.m2\repository\dom4j\dom4j\1.6.1\dom4j-1.6.1.jar;C:\Users\DEll\.m2\repository\org\javassist\javassist\3.15.0-GA\javassist-3.15.0-GA.jar;C:\Users\DEll\.m2\repository\org\hibernate\common\hibernate-commons-annotations\4.0.1.Final\hibernate-commons-annotations-4.0.1.Final.jar;C:\Users\DEll\.m2\repository\org\hibernate\hibernate-ehcache\4.2.0.Final\hibernate-ehcache-4.2.0.Final.jar;C:\Users\DEll\.m2\repository\net\sf\ehcache\ehcache-core\2.4.3\ehcache-core-2.4.3.jar;C:\Users\DEll\.m2\repository\org\hibernate\javax\persistence\hibernate-jpa-2.0-api\1.0.1.Final\hibernate-jpa-2.0-api-1.0.1.Final.jar;C:\Users\DEll\.m2\repository\javax\servlet\servlet-api\3.0-alpha-1\servlet-api-3.0-alpha-1.jar;C:\Users\DEll\.m2\repository\com\fasterxml\jackson\core\jackson-annotations\2.7.4\jackson-annotations-2.7.4.jar;C:\Users\DEll\.m2\repository\com\fasterxml\jackson\core\jackson-core\2.7.4\jackson-core-2.7.4.jar;C:\Users\DEll\.m2\repository\com\fasterxml\jackson\core\jackson-databind\2.7.4\jackson-databind-2.7.4.jar;C:\Users\DEll\.m2\repository\org\mockito\mockito-all\1.10.19\mockito-all-1.10.19.jar;C:\Users\DEll\.m2\repository\org\testng\testng\6.8.7\testng-6.8.7.jar;C:\Users\DEll\.m2\repository\junit\junit\4.10\junit-4.10.jar;C:\Users\DEll\.m2\repository\org\hamcrest\hamcrest-core\1.1\hamcrest-core-1.1.jar;C:\Users\DEll\.m2\repository\org\beanshell\bsh\2.0b4\bsh-2.0b4.jar;C:\Users\DEll\.m2\repository\com\beust\jcommander\1.27\jcommander-1.27.jar;C:\Users\DEll\.m2\repository\org\yaml\snakeyaml\1.12\snakeyaml-1.12.jar;C:\Users\DEll\.m2\repository\org\unitils\unitils-core\3.4.2\unitils-core-3.4.2.jar;C:\Users\DEll\.m2\repository\commons-logging\commons-logging\1.1\commons-logging-1.1.jar;C:\Users\DEll\.m2\repository\commons-collections\commons-collections\3.2\commons-collections-3.2.jar;C:\Users\DEll\.m2\repository\ognl\ognl\2.6.9\ognl-2.6.9.jar;C:\Users\DEll\.m2\repository\org\unitils\unitils-testng\3.4.2\unitils-testng-3.4.2.jar;C:\Users\DEll\.m2\repository\org\testng\testng\5.8\testng-5.8-jdk15.jar;C:\Users\DEll\.m2\repository\org\unitils\unitils-spring\3.4.2\unitils-spring-3.4.2.jar;C:\Users\DEll\.m2\repository\org\springframework\spring-test\3.2.0.RELEASE\spring-test-3.2.0.RELEASE.jar;C:\Users\DEll\.m2\repository\org\unitils\unitils-orm\3.4.2\unitils-orm-3.4.2.jar;C:\Users\DEll\.m2\repository\javax\persistence\persistence-api\1.0\persistence-api-1.0.jar;C:\Users\DEll\.m2\repository\org\unitils\unitils-database\3.4.2\unitils-database-3.4.2.jar;C:\Users\DEll\.m2\repository\commons-dbcp\commons-dbcp\1.4\commons-dbcp-1.4.jar;C:\Users\DEll\.m2\repository\commons-pool\commons-pool\1.5.4\commons-pool-1.5.4.jar;C:\Users\DEll\.m2\repository\org\unitils\unitils-dbmaintainer\3.4.2\unitils-dbmaintainer-3.4.2.jar;C:\Users\DEll\.m2\repository\org\hibernate\hibernate\3.2.5.ga\hibernate-3.2.5.ga.jar;C:\Users\DEll\.m2\repository\net\sf\ehcache\ehcache\1.2.3\ehcache-1.2.3.jar;C:\Users\DEll\.m2\repository\asm\asm-attrs\1.5.3\asm-attrs-1.5.3.jar;C:\Users\DEll\.m2\repository\cglib\cglib\2.1_3\cglib-2.1_3.jar;C:\Users\DEll\.m2\repository\asm\asm\1.5.3\asm-1.5.3.jar;C:\Users\DEll\.m2\repository\org\slf4j\slf4j-nop\1.6.4\slf4j-nop-1.6.4.jar;C:\Users\DEll\.m2\repository\org\unitils\unitils-dbunit\3.4.2\unitils-dbunit-3.4.2.jar;C:\Users\DEll\.m2\repository\xmlunit\xmlunit\1.2\xmlunit-1.2.jar;C:\Users\DEll\.m2\repository\org\hamcrest\hamcrest-all\1.3\hamcrest-all-1.3.jar;C:\Users\DEll\.m2\repository\commons-beanutils\commons-beanutils\1.9.1\commons-beanutils-1.9.1.jar;C:\Users\DEll\.m2\repository\org\dbunit\dbunit\2.5.1\dbunit-2.5.1.jar;C:\Users\DEll\.m2\repository\org\apache\poi\poi-ooxml\3.11\poi-ooxml-3.11.jar;C:\Users\DEll\.m2\repository\org\apache\poi\poi-ooxml-schemas\3.11\poi-ooxml-schemas-3.11.jar;C:\Users\DEll\.m2\repository\org\apache\xmlbeans\xmlbeans\2.6.0\xmlbeans-2.6.0.jar;C:\Users\DEll\.m2\repository\stax\stax-api\1.0.1\stax-api-1.0.1.jar;C:\Users\DEll\.m2\repository\org\slf4j\slf4j-api\1.7.5\slf4j-api-1.7.5.jar;C:\Users\DEll\.m2\repository\org\slf4j\slf4j-log4j12\1.7.5\slf4j-log4j12-1.7.5.jar;C:\Users\DEll\.m2\repository\log4j\log4j\1.2.17\log4j-1.2.17.jar;C:\Users\DEll\.m2\repository\javassist\javassist\3.6.0.GA\javassist-3.6.0.GA.jar;C:\Users\DEll\.m2\repository\org\apache\poi\poi\3.12\poi-3.12.jar;C:\Users\DEll\.m2\repository\commons-codec\commons-codec\1.9\commons-codec-1.9.jar;C:\Users\DEll\.m2\repository\mysql\mysql-connector-java\5.1.29\mysql-connector-java-5.1.29.jar;"/>
    <property name="java.vm.specification.version" value="1.8"/>
    <property name="sun.arch.data.model" value="64"/>
    <property name="java.home" value="D:\JDK1.8\jre"/>
    <property name="sun.java.command" value="E:\work_java\chapter20\target\surefire\surefirebooter586152409045458557.jar E:\work_java\chapter20\target\surefire\surefire6801971928249757389tmp E:\work_java\chapter20\target\surefire\surefire2424973945194632732tmp"/>
    <property name="java.specification.vendor" value="Oracle Corporation"/>
    <property name="user.language" value="zh"/>
    <property name="awt.toolkit" value="sun.awt.windows.WToolkit"/>
    <property name="java.vm.info" value="mixed mode"/>
    <property name="java.version" value="1.8.0_121"/>
    <property name="java.ext.dirs" value="D:\JDK1.8\jre\lib\ext;C:\WINDOWS\Sun\Java\lib\ext"/>
    <property name="sun.boot.class.path" value="D:\JDK1.8\jre\lib\resources.jar;D:\JDK1.8\jre\lib\rt.jar;D:\JDK1.8\jre\lib\sunrsasign.jar;D:\JDK1.8\jre\lib\jsse.jar;D:\JDK1.8\jre\lib\jce.jar;D:\JDK1.8\jre\lib\charsets.jar;D:\JDK1.8\jre\lib\jfr.jar;D:\JDK1.8\jre\classes"/>
    <property name="java.vendor" value="Oracle Corporation"/>
    <property name="localRepository" value="C:\Users\DEll\.m2\repository"/>
    <property name="file.separator" value="\"/>
    <property name="java.vendor.url.bug" value="http://bugreport.sun.com/bugreport/"/>
    <property name="sun.cpu.endian" value="little"/>
    <property name="sun.io.unicode.encoding" value="UnicodeLittle"/>
    <property name="sun.desktop" value="windows"/>
    <property name="sun.cpu.isalist" value="amd64"/>
  </properties>
  <testcase classname="sample.unitils.AssertLenientEqualsTest" name="testLenientEquals" time="0.064"/>
  <testcase classname="sample.unitils.AssertReflectionEqualsTest" name="testReflection" time="0.046"/>
</testsuite>