<?xml version="1.0" encoding="UTF-8" ?>
<testsuite tests="2" failures="1" name="TestSuite" time="2.514" errors="0" skipped="1">
  <properties>
    <property name="jboss.i18n.generate-proxies" value="true"/>
    <property name="java.runtime.name" value="Java(TM) SE Runtime Environment"/>
    <property name="sun.boot.library.path" value="D:\JDK1.8\jre\bin"/>
    <property name="java.vm.version" value="25.121-b13"/>
    <property name="java.vm.vendor" value="Oracle Corporation"/>
    <property name="java.vendor.url" value="http://java.oracle.com/"/>
    <property name="path.separator" value=";"/>
    <property name="java.vm.name" value="Java HotSpot(TM) 64-Bit Server VM"/>
    <property name="file.encoding.pkg" value="sun.io"/>
    <property name="user.script" value=""/>
    <property name="user.country" value="CN"/>
    <property name="sun.java.launcher" value="SUN_STANDARD"/>
    <property name="sun.os.patch.level" value=""/>
    <property name="java.vm.specification.name" value="Java Virtual Machine Specification"/>
    <property name="user.dir" value="E:\work_java\chapter20"/>
    <property name="java.runtime.version" value="1.8.0_121-b13"/>
    <property name="java.awt.graphicsenv" value="sun.awt.Win32GraphicsEnvironment"/>
    <property name="basedir" value="E:\work_java\chapter20"/>
    <property name="java.endorsed.dirs" value="D:\JDK1.8\jre\lib\endorsed"/>
    <property name="os.arch" value="amd64"/>
    <property name="surefire.real.class.path" value="E:\work_java\chapter20\target\surefire\surefirebooter7140486147533044313.jar"/>
    <property name="java.io.tmpdir" value="C:\Users\DEll\AppData\Local\Temp\"/>
    <property name="line.separator" value="
"/>
    <property name="java.vm.specification.vendor" value="Oracle Corporation"/>
    <property name="user.variant" value=""/>
    <property name="os.name" value="Windows 10"/>
    <property name="sun.jnu.encoding" value="GBK"/>
    <property name="java.library.path" value="D:\JDK1.8\jre\bin;C:\WINDOWS\Sun\Java\bin;C:\WINDOWS\system32;C:\WINDOWS;C:/Program Files/Java/jre1.8.0_144/bin/server;C:/Program Files/Java/jre1.8.0_144/bin;C:/Program Files/Java/jre1.8.0_144/lib/amd64;;C:\Program Files (x86)\Common Files\Oracle\Java\javapath;C:\WINDOWS\system32;C:\WINDOWS;C:\WINDOWS\System32\Wbem;C:\WINDOWS\System32\WindowsPowerShell\v1.0\;C:\Program Files (x86)\Common Files\Thunder Network\KanKan\Codecs;D:\putty\;D:\miktex\miktex\bin\x64\;D:\Git\cmd;C:\WINDOWS\system32;C:\WINDOWS;C:\WINDOWS\System32\Wbem;C:\WINDOWS\System32\WindowsPowerShell\v1.0\;C:\WINDOWS\System32\OpenSSH\;C:\Program Files\dotnet\;C:\Program Files\MySQL\MySQL Server 5.7\bin\;D:\jee-photon\eclipse;D:\masterSpring\apache-maven-3.3.9-bin\bin;D:\JDK1.8\bin;D:\vc\Tools\WinNT;D:\vc\MSDev98\Bin;D:\vc\Tools;D:\VC98\bin;C:\Program Files\Intel\WiFi\bin\;C:\Program Files\Common Files\Intel\WirelessCommon\;F:\AppServ\Apache24\bin;F:\AppServ\php5;F:\AppServ\MySQL\bin;C:\Users\DEll\AppData\Local\Microsoft\WindowsApps;D:\JDK1.8\bin;C:\Users\DEll\AppData\Local\GitHubDesktop\bin;D:\Microsoft VS Code\bin;C:\Users\DEll\AppData\Local\Microsoft\WindowsApps;D:\Docker Toolbox;C:\Program Files\MySQL\MySQL Server 5.7\bin\;D:\jee-photon\eclipse;D:\masterSpring\apache-maven-3.3.9-bin\bin;;C:\WINDOWS\system32;;."/>
    <property name="surefire.test.class.path" value="E:\work_java\chapter20\target\test-classes;E:\work_java\chapter20\target\classes;C:\Users\DEll\.m2\repository\commons-lang\commons-lang\2.2\commons-lang-2.2.jar;C:\Users\DEll\.m2\repository\org\springframework\spring-beans\4.2.2.RELEASE\spring-beans-4.2.2.RELEASE.jar;C:\Users\DEll\.m2\repository\org\springframework\spring-core\4.2.2.RELEASE\spring-core-4.2.2.RELEASE.jar;C:\Users\DEll\.m2\repository\org\springframework\spring-context\4.2.2.RELEASE\spring-context-4.2.2.RELEASE.jar;C:\Users\DEll\.m2\repository\org\springframework\spring-aop\4.2.2.RELEASE\spring-aop-4.2.2.RELEASE.jar;C:\Users\DEll\.m2\repository\aopalliance\aopalliance\1.0\aopalliance-1.0.jar;C:\Users\DEll\.m2\repository\org\springframework\spring-expression\4.2.2.RELEASE\spring-expression-4.2.2.RELEASE.jar;C:\Users\DEll\.m2\repository\org\springframework\spring-context-support\4.2.2.RELEASE\spring-context-support-4.2.2.RELEASE.jar;C:\Users\DEll\.m2\repository\org\springframework\spring-jdbc\4.2.2.RELEASE\spring-jdbc-4.2.2.RELEASE.jar;C:\Users\DEll\.m2\repository\org\springframework\spring-tx\4.2.2.RELEASE\spring-tx-4.2.2.RELEASE.jar;C:\Users\DEll\.m2\repository\org\springframework\spring-orm\4.2.2.RELEASE\spring-orm-4.2.2.RELEASE.jar;C:\Users\DEll\.m2\repository\org\springframework\spring-webmvc\4.2.2.RELEASE\spring-webmvc-4.2.2.RELEASE.jar;C:\Users\DEll\.m2\repository\org\springframework\spring-web\4.2.2.RELEASE\spring-web-4.2.2.RELEASE.jar;C:\Users\DEll\.m2\repository\org\aspectj\aspectjrt\1.8.1\aspectjrt-1.8.1.jar;C:\Users\DEll\.m2\repository\org\aspectj\aspectjweaver\1.8.1\aspectjweaver-1.8.1.jar;C:\Users\DEll\.m2\repository\org\hibernate\hibernate-core\4.2.0.Final\hibernate-core-4.2.0.Final.jar;C:\Users\DEll\.m2\repository\antlr\antlr\2.7.7\antlr-2.7.7.jar;C:\Users\DEll\.m2\repository\org\jboss\logging\jboss-logging\3.1.0.GA\jboss-logging-3.1.0.GA.jar;C:\Users\DEll\.m2\repository\org\jboss\spec\javax\transaction\jboss-transaction-api_1.1_spec\1.0.0.Final\jboss-transaction-api_1.1_spec-1.0.0.Final.jar;C:\Users\DEll\.m2\repository\dom4j\dom4j\1.6.1\dom4j-1.6.1.jar;C:\Users\DEll\.m2\repository\org\javassist\javassist\3.15.0-GA\javassist-3.15.0-GA.jar;C:\Users\DEll\.m2\repository\org\hibernate\common\hibernate-commons-annotations\4.0.1.Final\hibernate-commons-annotations-4.0.1.Final.jar;C:\Users\DEll\.m2\repository\org\hibernate\hibernate-ehcache\4.2.0.Final\hibernate-ehcache-4.2.0.Final.jar;C:\Users\DEll\.m2\repository\net\sf\ehcache\ehcache-core\2.4.3\ehcache-core-2.4.3.jar;C:\Users\DEll\.m2\repository\org\hibernate\javax\persistence\hibernate-jpa-2.0-api\1.0.1.Final\hibernate-jpa-2.0-api-1.0.1.Final.jar;C:\Users\DEll\.m2\repository\javax\servlet\servlet-api\3.0-alpha-1\servlet-api-3.0-alpha-1.jar;C:\Users\DEll\.m2\repository\com\fasterxml\jackson\core\jackson-annotations\2.7.4\jackson-annotations-2.7.4.jar;C:\Users\DEll\.m2\repository\com\fasterxml\jackson\core\jackson-core\2.7.4\jackson-core-2.7.4.jar;C:\Users\DEll\.m2\repository\com\fasterxml\jackson\core\jackson-databind\2.7.4\jackson-databind-2.7.4.jar;C:\Users\DEll\.m2\repository\org\mockito\mockito-all\1.10.19\mockito-all-1.10.19.jar;C:\Users\DEll\.m2\repository\org\testng\testng\6.8.7\testng-6.8.7.jar;C:\Users\DEll\.m2\repository\junit\junit\4.10\junit-4.10.jar;C:\Users\DEll\.m2\repository\org\hamcrest\hamcrest-core\1.1\hamcrest-core-1.1.jar;C:\Users\DEll\.m2\repository\org\beanshell\bsh\2.0b4\bsh-2.0b4.jar;C:\Users\DEll\.m2\repository\com\beust\jcommander\1.27\jcommander-1.27.jar;C:\Users\DEll\.m2\repository\org\yaml\snakeyaml\1.12\snakeyaml-1.12.jar;C:\Users\DEll\.m2\repository\org\unitils\unitils-core\3.4.2\unitils-core-3.4.2.jar;C:\Users\DEll\.m2\repository\commons-logging\commons-logging\1.1\commons-logging-1.1.jar;C:\Users\DEll\.m2\repository\commons-collections\commons-collections\3.2\commons-collections-3.2.jar;C:\Users\DEll\.m2\repository\ognl\ognl\2.6.9\ognl-2.6.9.jar;C:\Users\DEll\.m2\repository\org\unitils\unitils-testng\3.4.2\unitils-testng-3.4.2.jar;C:\Users\DEll\.m2\repository\org\testng\testng\5.8\testng-5.8-jdk15.jar;C:\Users\DEll\.m2\repository\org\unitils\unitils-spring\3.4.2\unitils-spring-3.4.2.jar;C:\Users\DEll\.m2\repository\org\springframework\spring-test\3.2.0.RELEASE\spring-test-3.2.0.RELEASE.jar;C:\Users\DEll\.m2\repository\org\unitils\unitils-orm\3.4.2\unitils-orm-3.4.2.jar;C:\Users\DEll\.m2\repository\javax\persistence\persistence-api\1.0\persistence-api-1.0.jar;C:\Users\DEll\.m2\repository\org\unitils\unitils-database\3.4.2\unitils-database-3.4.2.jar;C:\Users\DEll\.m2\repository\commons-dbcp\commons-dbcp\1.4\commons-dbcp-1.4.jar;C:\Users\DEll\.m2\repository\commons-pool\commons-pool\1.5.4\commons-pool-1.5.4.jar;C:\Users\DEll\.m2\repository\org\unitils\unitils-dbmaintainer\3.4.2\unitils-dbmaintainer-3.4.2.jar;C:\Users\DEll\.m2\repository\org\hibernate\hibernate\3.2.5.ga\hibernate-3.2.5.ga.jar;C:\Users\DEll\.m2\repository\net\sf\ehcache\ehcache\1.2.3\ehcache-1.2.3.jar;C:\Users\DEll\.m2\repository\asm\asm-attrs\1.5.3\asm-attrs-1.5.3.jar;C:\Users\DEll\.m2\repository\cglib\cglib\2.1_3\cglib-2.1_3.jar;C:\Users\DEll\.m2\repository\asm\asm\1.5.3\asm-1.5.3.jar;C:\Users\DEll\.m2\repository\org\slf4j\slf4j-nop\1.6.4\slf4j-nop-1.6.4.jar;C:\Users\DEll\.m2\repository\org\unitils\unitils-dbunit\3.4.2\unitils-dbunit-3.4.2.jar;C:\Users\DEll\.m2\repository\xmlunit\xmlunit\1.2\xmlunit-1.2.jar;C:\Users\DEll\.m2\repository\org\hamcrest\hamcrest-all\1.3\hamcrest-all-1.3.jar;C:\Users\DEll\.m2\repository\commons-beanutils\commons-beanutils\1.9.1\commons-beanutils-1.9.1.jar;C:\Users\DEll\.m2\repository\org\dbunit\dbunit\2.5.1\dbunit-2.5.1.jar;C:\Users\DEll\.m2\repository\org\apache\poi\poi-ooxml\3.11\poi-ooxml-3.11.jar;C:\Users\DEll\.m2\repository\org\apache\poi\poi-ooxml-schemas\3.11\poi-ooxml-schemas-3.11.jar;C:\Users\DEll\.m2\repository\org\apache\xmlbeans\xmlbeans\2.6.0\xmlbeans-2.6.0.jar;C:\Users\DEll\.m2\repository\stax\stax-api\1.0.1\stax-api-1.0.1.jar;C:\Users\DEll\.m2\repository\org\slf4j\slf4j-api\1.7.5\slf4j-api-1.7.5.jar;C:\Users\DEll\.m2\repository\org\slf4j\slf4j-log4j12\1.7.5\slf4j-log4j12-1.7.5.jar;C:\Users\DEll\.m2\repository\log4j\log4j\1.2.17\log4j-1.2.17.jar;C:\Users\DEll\.m2\repository\javassist\javassist\3.6.0.GA\javassist-3.6.0.GA.jar;C:\Users\DEll\.m2\repository\org\apache\poi\poi\3.12\poi-3.12.jar;C:\Users\DEll\.m2\repository\commons-codec\commons-codec\1.9\commons-codec-1.9.jar;C:\Users\DEll\.m2\repository\mysql\mysql-connector-java\5.1.29\mysql-connector-java-5.1.29.jar;"/>
    <property name="java.specification.name" value="Java Platform API Specification"/>
    <property name="java.class.version" value="52.0"/>
    <property name="sun.management.compiler" value="HotSpot 64-Bit Tiered Compilers"/>
    <property name="os.version" value="10.0"/>
    <property name="user.home" value="C:\Users\DEll"/>
    <property name="user.timezone" value="Asia/Shanghai"/>
    <property name="java.awt.printerjob" value="sun.awt.windows.WPrinterJob"/>
    <property name="java.specification.version" value="1.8"/>
    <property name="file.encoding" value="UTF-8"/>
    <property name="user.name" value="DEll"/>
    <property name="java.class.path" value="E:\work_java\chapter20\target\test-classes;E:\work_java\chapter20\target\classes;C:\Users\DEll\.m2\repository\commons-lang\commons-lang\2.2\commons-lang-2.2.jar;C:\Users\DEll\.m2\repository\org\springframework\spring-beans\4.2.2.RELEASE\spring-beans-4.2.2.RELEASE.jar;C:\Users\DEll\.m2\repository\org\springframework\spring-core\4.2.2.RELEASE\spring-core-4.2.2.RELEASE.jar;C:\Users\DEll\.m2\repository\org\springframework\spring-context\4.2.2.RELEASE\spring-context-4.2.2.RELEASE.jar;C:\Users\DEll\.m2\repository\org\springframework\spring-aop\4.2.2.RELEASE\spring-aop-4.2.2.RELEASE.jar;C:\Users\DEll\.m2\repository\aopalliance\aopalliance\1.0\aopalliance-1.0.jar;C:\Users\DEll\.m2\repository\org\springframework\spring-expression\4.2.2.RELEASE\spring-expression-4.2.2.RELEASE.jar;C:\Users\DEll\.m2\repository\org\springframework\spring-context-support\4.2.2.RELEASE\spring-context-support-4.2.2.RELEASE.jar;C:\Users\DEll\.m2\repository\org\springframework\spring-jdbc\4.2.2.RELEASE\spring-jdbc-4.2.2.RELEASE.jar;C:\Users\DEll\.m2\repository\org\springframework\spring-tx\4.2.2.RELEASE\spring-tx-4.2.2.RELEASE.jar;C:\Users\DEll\.m2\repository\org\springframework\spring-orm\4.2.2.RELEASE\spring-orm-4.2.2.RELEASE.jar;C:\Users\DEll\.m2\repository\org\springframework\spring-webmvc\4.2.2.RELEASE\spring-webmvc-4.2.2.RELEASE.jar;C:\Users\DEll\.m2\repository\org\springframework\spring-web\4.2.2.RELEASE\spring-web-4.2.2.RELEASE.jar;C:\Users\DEll\.m2\repository\org\aspectj\aspectjrt\1.8.1\aspectjrt-1.8.1.jar;C:\Users\DEll\.m2\repository\org\aspectj\aspectjweaver\1.8.1\aspectjweaver-1.8.1.jar;C:\Users\DEll\.m2\repository\org\hibernate\hibernate-core\4.2.0.Final\hibernate-core-4.2.0.Final.jar;C:\Users\DEll\.m2\repository\antlr\antlr\2.7.7\antlr-2.7.7.jar;C:\Users\DEll\.m2\repository\org\jboss\logging\jboss-logging\3.1.0.GA\jboss-logging-3.1.0.GA.jar;C:\Users\DEll\.m2\repository\org\jboss\spec\javax\transaction\jboss-transaction-api_1.1_spec\1.0.0.Final\jboss-transaction-api_1.1_spec-1.0.0.Final.jar;C:\Users\DEll\.m2\repository\dom4j\dom4j\1.6.1\dom4j-1.6.1.jar;C:\Users\DEll\.m2\repository\org\javassist\javassist\3.15.0-GA\javassist-3.15.0-GA.jar;C:\Users\DEll\.m2\repository\org\hibernate\common\hibernate-commons-annotations\4.0.1.Final\hibernate-commons-annotations-4.0.1.Final.jar;C:\Users\DEll\.m2\repository\org\hibernate\hibernate-ehcache\4.2.0.Final\hibernate-ehcache-4.2.0.Final.jar;C:\Users\DEll\.m2\repository\net\sf\ehcache\ehcache-core\2.4.3\ehcache-core-2.4.3.jar;C:\Users\DEll\.m2\repository\org\hibernate\javax\persistence\hibernate-jpa-2.0-api\1.0.1.Final\hibernate-jpa-2.0-api-1.0.1.Final.jar;C:\Users\DEll\.m2\repository\javax\servlet\servlet-api\3.0-alpha-1\servlet-api-3.0-alpha-1.jar;C:\Users\DEll\.m2\repository\com\fasterxml\jackson\core\jackson-annotations\2.7.4\jackson-annotations-2.7.4.jar;C:\Users\DEll\.m2\repository\com\fasterxml\jackson\core\jackson-core\2.7.4\jackson-core-2.7.4.jar;C:\Users\DEll\.m2\repository\com\fasterxml\jackson\core\jackson-databind\2.7.4\jackson-databind-2.7.4.jar;C:\Users\DEll\.m2\repository\org\mockito\mockito-all\1.10.19\mockito-all-1.10.19.jar;C:\Users\DEll\.m2\repository\org\testng\testng\6.8.7\testng-6.8.7.jar;C:\Users\DEll\.m2\repository\junit\junit\4.10\junit-4.10.jar;C:\Users\DEll\.m2\repository\org\hamcrest\hamcrest-core\1.1\hamcrest-core-1.1.jar;C:\Users\DEll\.m2\repository\org\beanshell\bsh\2.0b4\bsh-2.0b4.jar;C:\Users\DEll\.m2\repository\com\beust\jcommander\1.27\jcommander-1.27.jar;C:\Users\DEll\.m2\repository\org\yaml\snakeyaml\1.12\snakeyaml-1.12.jar;C:\Users\DEll\.m2\repository\org\unitils\unitils-core\3.4.2\unitils-core-3.4.2.jar;C:\Users\DEll\.m2\repository\commons-logging\commons-logging\1.1\commons-logging-1.1.jar;C:\Users\DEll\.m2\repository\commons-collections\commons-collections\3.2\commons-collections-3.2.jar;C:\Users\DEll\.m2\repository\ognl\ognl\2.6.9\ognl-2.6.9.jar;C:\Users\DEll\.m2\repository\org\unitils\unitils-testng\3.4.2\unitils-testng-3.4.2.jar;C:\Users\DEll\.m2\repository\org\testng\testng\5.8\testng-5.8-jdk15.jar;C:\Users\DEll\.m2\repository\org\unitils\unitils-spring\3.4.2\unitils-spring-3.4.2.jar;C:\Users\DEll\.m2\repository\org\springframework\spring-test\3.2.0.RELEASE\spring-test-3.2.0.RELEASE.jar;C:\Users\DEll\.m2\repository\org\unitils\unitils-orm\3.4.2\unitils-orm-3.4.2.jar;C:\Users\DEll\.m2\repository\javax\persistence\persistence-api\1.0\persistence-api-1.0.jar;C:\Users\DEll\.m2\repository\org\unitils\unitils-database\3.4.2\unitils-database-3.4.2.jar;C:\Users\DEll\.m2\repository\commons-dbcp\commons-dbcp\1.4\commons-dbcp-1.4.jar;C:\Users\DEll\.m2\repository\commons-pool\commons-pool\1.5.4\commons-pool-1.5.4.jar;C:\Users\DEll\.m2\repository\org\unitils\unitils-dbmaintainer\3.4.2\unitils-dbmaintainer-3.4.2.jar;C:\Users\DEll\.m2\repository\org\hibernate\hibernate\3.2.5.ga\hibernate-3.2.5.ga.jar;C:\Users\DEll\.m2\repository\net\sf\ehcache\ehcache\1.2.3\ehcache-1.2.3.jar;C:\Users\DEll\.m2\repository\asm\asm-attrs\1.5.3\asm-attrs-1.5.3.jar;C:\Users\DEll\.m2\repository\cglib\cglib\2.1_3\cglib-2.1_3.jar;C:\Users\DEll\.m2\repository\asm\asm\1.5.3\asm-1.5.3.jar;C:\Users\DEll\.m2\repository\org\slf4j\slf4j-nop\1.6.4\slf4j-nop-1.6.4.jar;C:\Users\DEll\.m2\repository\org\unitils\unitils-dbunit\3.4.2\unitils-dbunit-3.4.2.jar;C:\Users\DEll\.m2\repository\xmlunit\xmlunit\1.2\xmlunit-1.2.jar;C:\Users\DEll\.m2\repository\org\hamcrest\hamcrest-all\1.3\hamcrest-all-1.3.jar;C:\Users\DEll\.m2\repository\commons-beanutils\commons-beanutils\1.9.1\commons-beanutils-1.9.1.jar;C:\Users\DEll\.m2\repository\org\dbunit\dbunit\2.5.1\dbunit-2.5.1.jar;C:\Users\DEll\.m2\repository\org\apache\poi\poi-ooxml\3.11\poi-ooxml-3.11.jar;C:\Users\DEll\.m2\repository\org\apache\poi\poi-ooxml-schemas\3.11\poi-ooxml-schemas-3.11.jar;C:\Users\DEll\.m2\repository\org\apache\xmlbeans\xmlbeans\2.6.0\xmlbeans-2.6.0.jar;C:\Users\DEll\.m2\repository\stax\stax-api\1.0.1\stax-api-1.0.1.jar;C:\Users\DEll\.m2\repository\org\slf4j\slf4j-api\1.7.5\slf4j-api-1.7.5.jar;C:\Users\DEll\.m2\repository\org\slf4j\slf4j-log4j12\1.7.5\slf4j-log4j12-1.7.5.jar;C:\Users\DEll\.m2\repository\log4j\log4j\1.2.17\log4j-1.2.17.jar;C:\Users\DEll\.m2\repository\javassist\javassist\3.6.0.GA\javassist-3.6.0.GA.jar;C:\Users\DEll\.m2\repository\org\apache\poi\poi\3.12\poi-3.12.jar;C:\Users\DEll\.m2\repository\commons-codec\commons-codec\1.9\commons-codec-1.9.jar;C:\Users\DEll\.m2\repository\mysql\mysql-connector-java\5.1.29\mysql-connector-java-5.1.29.jar;"/>
    <property name="java.vm.specification.version" value="1.8"/>
    <property name="sun.arch.data.model" value="64"/>
    <property name="java.home" value="D:\JDK1.8\jre"/>
    <property name="sun.java.command" value="E:\work_java\chapter20\target\surefire\surefirebooter7140486147533044313.jar E:\work_java\chapter20\target\surefire\surefire3141253793466441622tmp E:\work_java\chapter20\target\surefire\surefire7989861009962626931tmp"/>
    <property name="java.specification.vendor" value="Oracle Corporation"/>
    <property name="user.language" value="zh"/>
    <property name="awt.toolkit" value="sun.awt.windows.WToolkit"/>
    <property name="java.vm.info" value="mixed mode"/>
    <property name="java.version" value="1.8.0_121"/>
    <property name="java.ext.dirs" value="D:\JDK1.8\jre\lib\ext;C:\WINDOWS\Sun\Java\lib\ext"/>
    <property name="sun.boot.class.path" value="D:\JDK1.8\jre\lib\resources.jar;D:\JDK1.8\jre\lib\rt.jar;D:\JDK1.8\jre\lib\sunrsasign.jar;D:\JDK1.8\jre\lib\jsse.jar;D:\JDK1.8\jre\lib\jce.jar;D:\JDK1.8\jre\lib\charsets.jar;D:\JDK1.8\jre\lib\jfr.jar;D:\JDK1.8\jre\classes"/>
    <property name="java.vendor" value="Oracle Corporation"/>
    <property name="localRepository" value="C:\Users\DEll\.m2\repository"/>
    <property name="file.separator" value="\"/>
    <property name="java.vendor.url.bug" value="http://bugreport.sun.com/bugreport/"/>
    <property name="sun.cpu.endian" value="little"/>
    <property name="sun.io.unicode.encoding" value="UnicodeLittle"/>
    <property name="sun.desktop" value="windows"/>
    <property name="sun.cpu.isalist" value="amd64"/>
  </properties>
  <testcase classname="com.smart.dao.UserDaoTest" name="unitilsBeforeTestSetUp" time="0">
    <failure message="Error inserting test data from DbUnit dataset for method public void com.smart.dao.UserDaoTest.findUserByUserName()" type="org.unitils.core.UnitilsException">org.unitils.core.UnitilsException: Error inserting test data from DbUnit dataset for method public void com.smart.dao.UserDaoTest.findUserByUserName()
	at org.unitils.dbunit.DbUnitModule.insertDataSet(DbUnitModule.java:190)
	at org.unitils.dbunit.DbUnitModule$DbUnitListener.beforeTestSetUp(DbUnitModule.java:791)
	at org.unitils.core.Unitils$UnitilsTestListener.beforeTestSetUp(Unitils.java:273)
	at org.unitils.UnitilsTestNG.unitilsBeforeTestSetUp(UnitilsTestNG.java:62)
	at sun.reflect.NativeMethodAccessorImpl.invoke0(Native Method)
	at sun.reflect.NativeMethodAccessorImpl.invoke(NativeMethodAccessorImpl.java:62)
	at sun.reflect.DelegatingMethodAccessorImpl.invoke(DelegatingMethodAccessorImpl.java:43)
	at java.lang.reflect.Method.invoke(Method.java:498)
	at org.testng.internal.MethodHelper.invokeMethod(MethodHelper.java:580)
	at org.testng.internal.Invoker.invokeConfigurationMethod(Invoker.java:398)
	at org.testng.internal.Invoker.invokeConfigurations(Invoker.java:145)
	at org.testng.internal.Invoker.invokeMethod(Invoker.java:427)
	at org.testng.internal.Invoker.invokeTestMethod(Invoker.java:617)
	at org.testng.internal.Invoker.invokeTestMethods(Invoker.java:885)
	at org.testng.internal.TestMethodWorker.invokeTestMethods(TestMethodWorker.java:126)
	at org.testng.internal.TestMethodWorker.run(TestMethodWorker.java:110)
	at org.testng.TestRunner.runWorkers(TestRunner.java:712)
	at org.testng.TestRunner.privateRun(TestRunner.java:582)
	at org.testng.TestRunner.run(TestRunner.java:477)
	at org.testng.SuiteRunner.runTest(SuiteRunner.java:324)
	at org.testng.SuiteRunner.runSequentially(SuiteRunner.java:319)
	at org.testng.SuiteRunner.privateRun(SuiteRunner.java:292)
	at org.testng.SuiteRunner.run(SuiteRunner.java:198)
	at org.testng.TestNG.createAndRunSuiteRunners(TestNG.java:821)
	at org.testng.TestNG.runSuitesLocally(TestNG.java:788)
	at org.testng.TestNG.run(TestNG.java:708)
	at org.apache.maven.surefire.testng.TestNGExecutor.run(TestNGExecutor.java:72)
	at org.apache.maven.surefire.testng.TestNGXmlTestSuite.execute(TestNGXmlTestSuite.java:88)
	at org.apache.maven.surefire.testng.TestNGProvider.invoke(TestNGProvider.java:101)
	at sun.reflect.NativeMethodAccessorImpl.invoke0(Native Method)
	at sun.reflect.NativeMethodAccessorImpl.invoke(NativeMethodAccessorImpl.java:62)
	at sun.reflect.DelegatingMethodAccessorImpl.invoke(DelegatingMethodAccessorImpl.java:43)
	at java.lang.reflect.Method.invoke(Method.java:498)
	at org.apache.maven.surefire.booter.ProviderFactory$ClassLoaderProxy.invoke(ProviderFactory.java:103)
	at com.sun.proxy.$Proxy0.invoke(Unknown Source)
	at org.apache.maven.surefire.booter.SurefireStarter.invokeProvider(SurefireStarter.java:150)
	at org.apache.maven.surefire.booter.SurefireStarter.runSuitesInProcess(SurefireStarter.java:91)
	at org.apache.maven.surefire.booter.ForkedBooter.main(ForkedBooter.java:69)
Caused by: java.lang.IndexOutOfBoundsException: Index: 0, Size: 0
	at java.util.ArrayList.rangeCheck(ArrayList.java:653)
	at java.util.ArrayList.get(ArrayList.java:429)
	at org.unitils.dbunit.DbUnitModule.getDefaultDbSupport(DbUnitModule.java:755)
	at org.unitils.dbunit.DbUnitModule.getDataSetFactory(DbUnitModule.java:725)
	at org.unitils.dbunit.DbUnitModule.getDataSetFactory(DbUnitModule.java:713)
	at org.unitils.dbunit.DbUnitModule.getDataSet(DbUnitModule.java:441)
	at org.unitils.dbunit.DbUnitModule.insertDataSet(DbUnitModule.java:261)
	at org.unitils.dbunit.DbUnitModule.insertDataSet(DbUnitModule.java:187)
	... 37 more
Caused by: java.lang.IndexOutOfBoundsException: Index: 0, Size: 0
	at java.util.ArrayList.rangeCheck(ArrayList.java:653)
	at java.util.ArrayList.get(ArrayList.java:429)
	at org.unitils.dbunit.DbUnitModule.getDefaultDbSupport(DbUnitModule.java:755)
	at org.unitils.dbunit.DbUnitModule.getDataSetFactory(DbUnitModule.java:725)
	at org.unitils.dbunit.DbUnitModule.getDataSetFactory(DbUnitModule.java:713)
	at org.unitils.dbunit.DbUnitModule.getDataSet(DbUnitModule.java:441)
	at org.unitils.dbunit.DbUnitModule.insertDataSet(DbUnitModule.java:261)
	at org.unitils.dbunit.DbUnitModule.insertDataSet(DbUnitModule.java:187)
	... 37 more
</failure>
    <system-out>@HL
@HL-------------------------------------------------------
@HL T E S T S
@HL-------------------------------------------------------
@SLRunning TestSuite
2018-12-14 12:08:37,932  WARN (org.unitils.core.ConfigurationLoader:126) - No custom configuration file unitils.properties found.
2018-12-14 12:08:37,932  WARN (org.unitils.core.ConfigurationLoader:126) - No custom configuration file unitils.properties found.
2018-12-14 12:08:37,935  INFO (org.unitils.core.ConfigurationLoader:145) - No local configuration file unitils-local.properties found.
2018-12-14 12:08:37,935  INFO (org.unitils.core.ConfigurationLoader:145) - No local configuration file unitils-local.properties found.
2018-12-14 12:08:37,960 DEBUG (org.unitils.core.ModulesLoader:141) - Skipping module easymock. Module class not found in classpath. Module class name: org.unitils.easymock.EasyMockModule
2018-12-14 12:08:37,960 DEBUG (org.unitils.core.ModulesLoader:141) - Skipping module easymock. Module class not found in classpath. Module class name: org.unitils.easymock.EasyMockModule
2018-12-14 12:08:38,032 DEBUG (org.jboss.logging:177) - Logging Provider: org.jboss.logging.Log4jLoggerProvider
2018-12-14 12:08:38,033 DEBUG (org.unitils.core.ModulesLoader:141) - Skipping module inject. Module class not found in classpath. Module class name: org.unitils.inject.InjectModule
2018-12-14 12:08:38,033 DEBUG (org.unitils.core.ModulesLoader:141) - Skipping module inject. Module class not found in classpath. Module class name: org.unitils.inject.InjectModule
2018-12-14 12:08:38,034 DEBUG (org.unitils.core.ModulesLoader:141) - Skipping module io. Module class not found in classpath. Module class name: org.unitils.io.IOModule
2018-12-14 12:08:38,034 DEBUG (org.unitils.core.ModulesLoader:141) - Skipping module io. Module class not found in classpath. Module class name: org.unitils.io.IOModule
2018-12-14 12:08:38,040 DEBUG (org.unitils.core.util.ConfigUtils:74) - Creating instance of interface org.unitils.orm.jpa.util.JpaProviderSupport. Implementation class org.unitils.orm.jpa.util.provider.hibernate.HibernateJpaProviderSupport
2018-12-14 12:08:38,040 DEBUG (org.unitils.core.util.ConfigUtils:74) - Creating instance of interface org.unitils.orm.jpa.util.JpaProviderSupport. Implementation class org.unitils.orm.jpa.util.provider.hibernate.HibernateJpaProviderSupport
2018-12-14 12:08:38,041 DEBUG (org.unitils.core.ModulesLoader:141) - Skipping module mock. Module class not found in classpath. Module class name: org.unitils.mock.MockModule
2018-12-14 12:08:38,041 DEBUG (org.unitils.core.ModulesLoader:141) - Skipping module mock. Module class not found in classpath. Module class name: org.unitils.mock.MockModule
2018-12-14 12:08:38,053 DEBUG (org.unitils.core.util.ConfigUtils:74) - Creating instance of interface org.unitils.database.transaction.UnitilsTransactionManager. Implementation class org.unitils.database.transaction.impl.DefaultUnitilsTransactionManager
2018-12-14 12:08:38,053 DEBUG (org.unitils.core.util.ConfigUtils:74) - Creating instance of interface org.unitils.database.transaction.UnitilsTransactionManager. Implementation class org.unitils.database.transaction.impl.DefaultUnitilsTransactionManager
2018-12-14 12:08:38,055 DEBUG (org.unitils.core.util.ConfigUtils:74) - Creating instance of interface org.unitils.database.config.DataSourceFactory. Implementation class org.unitils.database.config.PropertiesDataSourceFactory
2018-12-14 12:08:38,055 DEBUG (org.unitils.core.util.ConfigUtils:74) - Creating instance of interface org.unitils.database.config.DataSourceFactory. Implementation class org.unitils.database.config.PropertiesDataSourceFactory
2018-12-14 12:08:38,059 DEBUG (org.unitils.core.util.ConfigUtils:74) - Creating instance of interface org.unitils.database.config.DataSourceFactory. Implementation class org.unitils.database.config.PropertiesDataSourceFactory
2018-12-14 12:08:38,059 DEBUG (org.unitils.core.util.ConfigUtils:74) - Creating instance of interface org.unitils.database.config.DataSourceFactory. Implementation class org.unitils.database.config.PropertiesDataSourceFactory
2018-12-14 12:08:38,059  INFO (org.unitils.database.config.PropertiesDataSourceFactory:70) - Creating data source. Driver: null, url: null, user: null, password: &lt;not shown&gt;
2018-12-14 12:08:38,059  INFO (org.unitils.database.config.PropertiesDataSourceFactory:70) - Creating data source. Driver: null, url: null, user: null, password: &lt;not shown&gt;
2018-12-14 12:08:38,134 DEBUG (org.springframework.core.env.StandardEnvironment:109) - Adding [systemProperties] PropertySource with lowest search precedence
2018-12-14 12:08:38,134 DEBUG (org.springframework.core.env.StandardEnvironment:109) - Adding [systemProperties] PropertySource with lowest search precedence
2018-12-14 12:08:38,135 DEBUG (org.springframework.core.env.StandardEnvironment:109) - Adding [systemEnvironment] PropertySource with lowest search precedence
2018-12-14 12:08:38,135 DEBUG (org.springframework.core.env.StandardEnvironment:109) - Adding [systemEnvironment] PropertySource with lowest search precedence
2018-12-14 12:08:38,136 DEBUG (org.springframework.core.env.StandardEnvironment:127) - Initialized StandardEnvironment with PropertySources [systemProperties,systemEnvironment]
2018-12-14 12:08:38,136 DEBUG (org.springframework.core.env.StandardEnvironment:127) - Initialized StandardEnvironment with PropertySources [systemProperties,systemEnvironment]
2018-12-14 12:08:38,140  INFO (org.springframework.context.support.ClassPathXmlApplicationContext:574) - Refreshing org.springframework.context.support.ClassPathXmlApplicationContext@103f852: startup date [Fri Dec 14 12:08:38 CST 2018]; root of context hierarchy
2018-12-14 12:08:38,140  INFO (org.springframework.context.support.ClassPathXmlApplicationContext:574) - Refreshing org.springframework.context.support.ClassPathXmlApplicationContext@103f852: startup date [Fri Dec 14 12:08:38 CST 2018]; root of context hierarchy
2018-12-14 12:08:38,166 DEBUG (org.springframework.core.env.StandardEnvironment:109) - Adding [systemProperties] PropertySource with lowest search precedence
2018-12-14 12:08:38,166 DEBUG (org.springframework.core.env.StandardEnvironment:109) - Adding [systemProperties] PropertySource with lowest search precedence
2018-12-14 12:08:38,166 DEBUG (org.springframework.core.env.StandardEnvironment:109) - Adding [systemEnvironment] PropertySource with lowest search precedence
2018-12-14 12:08:38,166 DEBUG (org.springframework.core.env.StandardEnvironment:109) - Adding [systemEnvironment] PropertySource with lowest search precedence
2018-12-14 12:08:38,166 DEBUG (org.springframework.core.env.StandardEnvironment:127) - Initialized StandardEnvironment with PropertySources [systemProperties,systemEnvironment]
2018-12-14 12:08:38,166 DEBUG (org.springframework.core.env.StandardEnvironment:127) - Initialized StandardEnvironment with PropertySources [systemProperties,systemEnvironment]
2018-12-14 12:08:38,174  INFO (org.springframework.beans.factory.xml.XmlBeanDefinitionReader:317) - Loading XML bean definitions from class path resource [smart-dao.xml]
2018-12-14 12:08:38,174  INFO (org.springframework.beans.factory.xml.XmlBeanDefinitionReader:317) - Loading XML bean definitions from class path resource [smart-dao.xml]
2018-12-14 12:08:38,177 DEBUG (org.springframework.beans.factory.xml.DefaultDocumentLoader:73) - Using JAXP provider [com.sun.org.apache.xerces.internal.jaxp.DocumentBuilderFactoryImpl]
2018-12-14 12:08:38,177 DEBUG (org.springframework.beans.factory.xml.DefaultDocumentLoader:73) - Using JAXP provider [com.sun.org.apache.xerces.internal.jaxp.DocumentBuilderFactoryImpl]
2018-12-14 12:08:38,203 DEBUG (org.springframework.beans.factory.xml.PluggableSchemaResolver:141) - Loading schema mappings from [META-INF/spring.schemas]
2018-12-14 12:08:38,203 DEBUG (org.springframework.beans.factory.xml.PluggableSchemaResolver:141) - Loading schema mappings from [META-INF/spring.schemas]
2018-12-14 12:08:38,207 DEBUG (org.springframework.beans.factory.xml.PluggableSchemaResolver:147) - Loaded schema mappings: {http://www.springframework.org/schema/tx/spring-tx-2.5.xsd=org/springframework/transaction/config/spring-tx-2.5.xsd, http://www.springframework.org/schema/cache/spring-cache-4.2.xsd=org/springframework/cache/config/spring-cache-4.2.xsd, http://www.springframework.org/schema/aop/spring-aop-4.1.xsd=org/springframework/aop/config/spring-aop-4.1.xsd, http://www.springframework.org/schema/context/spring-context-3.1.xsd=org/springframework/context/config/spring-context-3.1.xsd, http://www.springframework.org/schema/jdbc/spring-jdbc-4.1.xsd=org/springframework/jdbc/config/spring-jdbc-4.1.xsd, http://www.springframework.org/schema/mvc/spring-mvc-4.1.xsd=org/springframework/web/servlet/config/spring-mvc-4.1.xsd, http://www.springframework.org/schema/util/spring-util-3.0.xsd=org/springframework/beans/factory/xml/spring-util-3.0.xsd, http://www.springframework.org/schema/tool/spring-tool.xsd=org/springframework/beans/factory/xml/spring-tool-4.2.xsd, http://www.springframework.org/schema/aop/spring-aop-3.2.xsd=org/springframework/aop/config/spring-aop-3.2.xsd, http://www.springframework.org/schema/lang/spring-lang-4.1.xsd=org/springframework/scripting/config/spring-lang-4.1.xsd, http://www.springframework.org/schema/context/spring-context-4.0.xsd=org/springframework/context/config/spring-context-4.0.xsd, http://www.springframework.org/schema/mvc/spring-mvc-3.2.xsd=org/springframework/web/servlet/config/spring-mvc-3.2.xsd, http://www.springframework.org/schema/beans/spring-beans-4.2.xsd=org/springframework/beans/factory/xml/spring-beans-4.2.xsd, http://www.springframework.org/schema/tool/spring-tool-4.1.xsd=org/springframework/beans/factory/xml/spring-tool-4.1.xsd, http://www.springframework.org/schema/lang/spring-lang-3.2.xsd=org/springframework/scripting/config/spring-lang-3.2.xsd, http://www.springframework.org/schema/cache/spring-cache-3.2.xsd=org/springframework/cache/config/spring-cache-3.2.xsd, http://www.springframework.org/schema/jee/spring-jee-4.1.xsd=org/springframework/ejb/config/spring-jee-4.1.xsd, http://www.springframework.org/schema/jdbc/spring-jdbc-3.1.xsd=org/springframework/jdbc/config/spring-jdbc-3.1.xsd, http://www.springframework.org/schema/util/spring-util-2.0.xsd=org/springframework/beans/factory/xml/spring-util-2.0.xsd, http://www.springframework.org/schema/task/spring-task-4.2.xsd=org/springframework/scheduling/config/spring-task-4.2.xsd, http://www.springframework.org/schema/tool/spring-tool-3.2.xsd=org/springframework/beans/factory/xml/spring-tool-3.2.xsd, http://www.springframework.org/schema/context/spring-context.xsd=org/springframework/context/config/spring-context-4.2.xsd, http://www.springframework.org/schema/tx/spring-tx-4.2.xsd=org/springframework/transaction/config/spring-tx-4.2.xsd, http://www.springframework.org/schema/cache/spring-cache-4.1.xsd=org/springframework/cache/config/spring-cache-4.1.xsd, http://www.springframework.org/schema/aop/spring-aop-4.0.xsd=org/springframework/aop/config/spring-aop-4.0.xsd, http://www.springframework.org/schema/jee/spring-jee-3.2.xsd=org/springframework/ejb/config/spring-jee-3.2.xsd, http://www.springframework.org/schema/context/spring-context-3.0.xsd=org/springframework/context/config/spring-context-3.0.xsd, http://www.springframework.org/schema/jdbc/spring-jdbc-4.0.xsd=org/springframework/jdbc/config/spring-jdbc-4.0.xsd, http://www.springframework.org/schema/mvc/spring-mvc-4.0.xsd=org/springframework/web/servlet/config/spring-mvc-4.0.xsd, http://www.springframework.org/schema/util/spring-util-2.5.xsd=org/springframework/beans/factory/xml/spring-util-2.5.xsd, http://www.springframework.org/schema/beans/spring-beans-3.2.xsd=org/springframework/beans/factory/xml/spring-beans-3.2.xsd, http://www.springframework.org/schema/aop/spring-aop-3.1.xsd=org/springframework/aop/config/spring-aop-3.1.xsd, http://www.springframework.org/schema/lang/spring-lang-4.0.xsd=org/springframework/scripting/config/spring-lang-4.0.xsd, http://www.springframework.org/schema/mvc/spring-mvc.xsd=org/springframework/web/servlet/config/spring-mvc-4.2.xsd, http://www.springframework.org/schema/mvc/spring-mvc-3.1.xsd=org/springframework/web/servlet/config/spring-mvc-3.1.xsd, http://www.springframework.org/schema/beans/spring-beans-4.1.xsd=org/springframework/beans/factory/xml/spring-beans-4.1.xsd, http://www.springframework.org/schema/tool/spring-tool-4.0.xsd=org/springframework/beans/factory/xml/spring-tool-4.0.xsd, http://www.springframework.org/schema/tx/spring-tx-3.2.xsd=org/springframework/transaction/config/spring-tx-3.2.xsd, http://www.springframework.org/schema/lang/spring-lang-3.1.xsd=org/springframework/scripting/config/spring-lang-3.1.xsd, http://www.springframework.org/schema/cache/spring-cache-3.1.xsd=org/springframework/cache/config/spring-cache-3.1.xsd, http://www.springframework.org/schema/jee/spring-jee-4.0.xsd=org/springframework/ejb/config/spring-jee-4.0.xsd, http://www.springframework.org/schema/jdbc/spring-jdbc-3.0.xsd=org/springframework/jdbc/config/spring-jdbc-3.0.xsd, http://www.springframework.org/schema/task/spring-task-4.1.xsd=org/springframework/scheduling/config/spring-task-4.1.xsd, http://www.springframework.org/schema/jdbc/spring-jdbc.xsd=org/springframework/jdbc/config/spring-jdbc-4.2.xsd, http://www.springframework.org/schema/tool/spring-tool-3.1.xsd=org/springframework/beans/factory/xml/spring-tool-3.1.xsd, http://www.springframework.org/schema/tx/spring-tx-4.1.xsd=org/springframework/transaction/config/spring-tx-4.1.xsd, http://www.springframework.org/schema/cache/spring-cache-4.0.xsd=org/springframework/cache/config/spring-cache-4.0.xsd, http://www.springframework.org/schema/jee/spring-jee-3.1.xsd=org/springframework/ejb/config/spring-jee-3.1.xsd, http://www.springframework.org/schema/task/spring-task-3.2.xsd=org/springframework/scheduling/config/spring-task-3.2.xsd, http://www.springframework.org/schema/util/spring-util-4.2.xsd=org/springframework/beans/factory/xml/spring-util-4.2.xsd, http://www.springframework.org/schema/beans/spring-beans-3.1.xsd=org/springframework/beans/factory/xml/spring-beans-3.1.xsd, http://www.springframework.org/schema/util/spring-util.xsd=org/springframework/beans/factory/xml/spring-util-4.2.xsd, http://www.springframework.org/schema/aop/spring-aop-3.0.xsd=org/springframework/aop/config/spring-aop-3.0.xsd, http://www.springframework.org/schema/mvc/spring-mvc-3.0.xsd=org/springframework/web/servlet/config/spring-mvc-3.0.xsd, http://www.springframework.org/schema/beans/spring-beans-4.0.xsd=org/springframework/beans/factory/xml/spring-beans-4.0.xsd, http://www.springframework.org/schema/beans/spring-beans.xsd=org/springframework/beans/factory/xml/spring-beans-4.2.xsd, http://www.springframework.org/schema/tx/spring-tx-3.1.xsd=org/springframework/transaction/config/spring-tx-3.1.xsd, http://www.springframework.org/schema/lang/spring-lang-3.0.xsd=org/springframework/scripting/config/spring-lang-3.0.xsd, http://www.springframework.org/schema/context/spring-context-2.5.xsd=org/springframework/context/config/spring-context-2.5.xsd, http://www.springframework.org/schema/task/spring-task-4.0.xsd=org/springframework/scheduling/config/spring-task-4.0.xsd, http://www.springframework.org/schema/tool/spring-tool-3.0.xsd=org/springframework/beans/factory/xml/spring-tool-3.0.xsd, http://www.springframework.org/schema/tx/spring-tx-4.0.xsd=org/springframework/transaction/config/spring-tx-4.0.xsd, http://www.springframework.org/schema/aop/spring-aop-2.0.xsd=org/springframework/aop/config/spring-aop-2.0.xsd, http://www.springframework.org/schema/jee/spring-jee-3.0.xsd=org/springframework/ejb/config/spring-jee-3.0.xsd, http://www.springframework.org/schema/util/spring-util-4.1.xsd=org/springframework/beans/factory/xml/spring-util-4.1.xsd, http://www.springframework.org/schema/task/spring-task-3.1.xsd=org/springframework/scheduling/config/spring-task-3.1.xsd, http://www.springframework.org/schema/beans/spring-beans-3.0.xsd=org/springframework/beans/factory/xml/spring-beans-3.0.xsd, http://www.springframework.org/schema/jee/spring-jee.xsd=org/springframework/ejb/config/spring-jee-4.2.xsd, http://www.springframework.org/schema/aop/spring-aop-2.5.xsd=org/springframework/aop/config/spring-aop-2.5.xsd, http://www.springframework.org/schema/lang/spring-lang-2.0.xsd=org/springframework/scripting/config/spring-lang-2.0.xsd, http://www.springframework.org/schema/util/spring-util-3.2.xsd=org/springframework/beans/factory/xml/spring-util-3.2.xsd, http://www.springframework.org/schema/task/spring-task.xsd=org/springframework/scheduling/config/spring-task-4.2.xsd, http://www.springframework.org/schema/tool/spring-tool-2.0.xsd=org/springframework/beans/factory/xml/spring-tool-2.0.xsd, http://www.springframework.org/schema/tx/spring-tx-3.0.xsd=org/springframework/transaction/config/spring-tx-3.0.xsd, http://www.springframework.org/schema/lang/spring-lang-2.5.xsd=org/springframework/scripting/config/spring-lang-2.5.xsd, http://www.springframework.org/schema/context/spring-context-4.2.xsd=org/springframework/context/config/spring-context-4.2.xsd, http://www.springframework.org/schema/jee/spring-jee-2.0.xsd=org/springframework/ejb/config/spring-jee-2.0.xsd, http://www.springframework.org/schema/tool/spring-tool-2.5.xsd=org/springframework/beans/factory/xml/spring-tool-2.5.xsd, http://www.springframework.org/schema/jee/spring-jee-2.5.xsd=org/springframework/ejb/config/spring-jee-2.5.xsd, http://www.springframework.org/schema/util/spring-util-4.0.xsd=org/springframework/beans/factory/xml/spring-util-4.0.xsd, http://www.springframework.org/schema/task/spring-task-3.0.xsd=org/springframework/scheduling/config/spring-task-3.0.xsd, http://www.springframework.org/schema/aop/spring-aop-4.2.xsd=org/springframework/aop/config/spring-aop-4.2.xsd, http://www.springframework.org/schema/lang/spring-lang.xsd=org/springframework/scripting/config/spring-lang-4.2.xsd, http://www.springframework.org/schema/context/spring-context-3.2.xsd=org/springframework/context/config/spring-context-3.2.xsd, http://www.springframework.org/schema/jdbc/spring-jdbc-4.2.xsd=org/springframework/jdbc/config/spring-jdbc-4.2.xsd, http://www.springframework.org/schema/mvc/spring-mvc-4.2.xsd=org/springframework/web/servlet/config/spring-mvc-4.2.xsd, http://www.springframework.org/schema/util/spring-util-3.1.xsd=org/springframework/beans/factory/xml/spring-util-3.1.xsd, http://www.springframework.org/schema/beans/spring-beans-2.0.xsd=org/springframework/beans/factory/xml/spring-beans-2.0.xsd, http://www.springframework.org/schema/cache/spring-cache.xsd=org/springframework/cache/config/spring-cache-4.2.xsd, http://www.springframework.org/schema/tx/spring-tx.xsd=org/springframework/transaction/config/spring-tx-4.2.xsd, http://www.springframework.org/schema/lang/spring-lang-4.2.xsd=org/springframework/scripting/config/spring-lang-4.2.xsd, http://www.springframework.org/schema/context/spring-context-4.1.xsd=org/springframework/context/config/spring-context-4.1.xsd, http://www.springframework.org/schema/beans/spring-beans-2.5.xsd=org/springframework/beans/factory/xml/spring-beans-2.5.xsd, http://www.springframework.org/schema/tool/spring-tool-4.2.xsd=org/springframework/beans/factory/xml/spring-tool-4.2.xsd, http://www.springframework.org/schema/tx/spring-tx-2.0.xsd=org/springframework/transaction/config/spring-tx-2.0.xsd, http://www.springframework.org/schema/jee/spring-jee-4.2.xsd=org/springframework/ejb/config/spring-jee-4.2.xsd, http://www.springframework.org/schema/jdbc/spring-jdbc-3.2.xsd=org/springframework/jdbc/config/spring-jdbc-3.2.xsd, http://www.springframework.org/schema/aop/spring-aop.xsd=org/springframework/aop/config/spring-aop-4.2.xsd}
2018-12-14 12:08:38,207 DEBUG (org.springframework.beans.factory.xml.PluggableSchemaResolver:147) - Loaded schema mappings: {http://www.springframework.org/schema/tx/spring-tx-2.5.xsd=org/springframework/transaction/config/spring-tx-2.5.xsd, http://www.springframework.org/schema/cache/spring-cache-4.2.xsd=org/springframework/cache/config/spring-cache-4.2.xsd, http://www.springframework.org/schema/aop/spring-aop-4.1.xsd=org/springframework/aop/config/spring-aop-4.1.xsd, http://www.springframework.org/schema/context/spring-context-3.1.xsd=org/springframework/context/config/spring-context-3.1.xsd, http://www.springframework.org/schema/jdbc/spring-jdbc-4.1.xsd=org/springframework/jdbc/config/spring-jdbc-4.1.xsd, http://www.springframework.org/schema/mvc/spring-mvc-4.1.xsd=org/springframework/web/servlet/config/spring-mvc-4.1.xsd, http://www.springframework.org/schema/util/spring-util-3.0.xsd=org/springframework/beans/factory/xml/spring-util-3.0.xsd, http://www.springframework.org/schema/tool/spring-tool.xsd=org/springframework/beans/factory/xml/spring-tool-4.2.xsd, http://www.springframework.org/schema/aop/spring-aop-3.2.xsd=org/springframework/aop/config/spring-aop-3.2.xsd, http://www.springframework.org/schema/lang/spring-lang-4.1.xsd=org/springframework/scripting/config/spring-lang-4.1.xsd, http://www.springframework.org/schema/context/spring-context-4.0.xsd=org/springframework/context/config/spring-context-4.0.xsd, http://www.springframework.org/schema/mvc/spring-mvc-3.2.xsd=org/springframework/web/servlet/config/spring-mvc-3.2.xsd, http://www.springframework.org/schema/beans/spring-beans-4.2.xsd=org/springframework/beans/factory/xml/spring-beans-4.2.xsd, http://www.springframework.org/schema/tool/spring-tool-4.1.xsd=org/springframework/beans/factory/xml/spring-tool-4.1.xsd, http://www.springframework.org/schema/lang/spring-lang-3.2.xsd=org/springframework/scripting/config/spring-lang-3.2.xsd, http://www.springframework.org/schema/cache/spring-cache-3.2.xsd=org/springframework/cache/config/spring-cache-3.2.xsd, http://www.springframework.org/schema/jee/spring-jee-4.1.xsd=org/springframework/ejb/config/spring-jee-4.1.xsd, http://www.springframework.org/schema/jdbc/spring-jdbc-3.1.xsd=org/springframework/jdbc/config/spring-jdbc-3.1.xsd, http://www.springframework.org/schema/util/spring-util-2.0.xsd=org/springframework/beans/factory/xml/spring-util-2.0.xsd, http://www.springframework.org/schema/task/spring-task-4.2.xsd=org/springframework/scheduling/config/spring-task-4.2.xsd, http://www.springframework.org/schema/tool/spring-tool-3.2.xsd=org/springframework/beans/factory/xml/spring-tool-3.2.xsd, http://www.springframework.org/schema/context/spring-context.xsd=org/springframework/context/config/spring-context-4.2.xsd, http://www.springframework.org/schema/tx/spring-tx-4.2.xsd=org/springframework/transaction/config/spring-tx-4.2.xsd, http://www.springframework.org/schema/cache/spring-cache-4.1.xsd=org/springframework/cache/config/spring-cache-4.1.xsd, http://www.springframework.org/schema/aop/spring-aop-4.0.xsd=org/springframework/aop/config/spring-aop-4.0.xsd, http://www.springframework.org/schema/jee/spring-jee-3.2.xsd=org/springframework/ejb/config/spring-jee-3.2.xsd, http://www.springframework.org/schema/context/spring-context-3.0.xsd=org/springframework/context/config/spring-context-3.0.xsd, http://www.springframework.org/schema/jdbc/spring-jdbc-4.0.xsd=org/springframework/jdbc/config/spring-jdbc-4.0.xsd, http://www.springframework.org/schema/mvc/spring-mvc-4.0.xsd=org/springframework/web/servlet/config/spring-mvc-4.0.xsd, http://www.springframework.org/schema/util/spring-util-2.5.xsd=org/springframework/beans/factory/xml/spring-util-2.5.xsd, http://www.springframework.org/schema/beans/spring-beans-3.2.xsd=org/springframework/beans/factory/xml/spring-beans-3.2.xsd, http://www.springframework.org/schema/aop/spring-aop-3.1.xsd=org/springframework/aop/config/spring-aop-3.1.xsd, http://www.springframework.org/schema/lang/spring-lang-4.0.xsd=org/springframework/scripting/config/spring-lang-4.0.xsd, http://www.springframework.org/schema/mvc/spring-mvc.xsd=org/springframework/web/servlet/config/spring-mvc-4.2.xsd, http://www.springframework.org/schema/mvc/spring-mvc-3.1.xsd=org/springframework/web/servlet/config/spring-mvc-3.1.xsd, http://www.springframework.org/schema/beans/spring-beans-4.1.xsd=org/springframework/beans/factory/xml/spring-beans-4.1.xsd, http://www.springframework.org/schema/tool/spring-tool-4.0.xsd=org/springframework/beans/factory/xml/spring-tool-4.0.xsd, http://www.springframework.org/schema/tx/spring-tx-3.2.xsd=org/springframework/transaction/config/spring-tx-3.2.xsd, http://www.springframework.org/schema/lang/spring-lang-3.1.xsd=org/springframework/scripting/config/spring-lang-3.1.xsd, http://www.springframework.org/schema/cache/spring-cache-3.1.xsd=org/springframework/cache/config/spring-cache-3.1.xsd, http://www.springframework.org/schema/jee/spring-jee-4.0.xsd=org/springframework/ejb/config/spring-jee-4.0.xsd, http://www.springframework.org/schema/jdbc/spring-jdbc-3.0.xsd=org/springframework/jdbc/config/spring-jdbc-3.0.xsd, http://www.springframework.org/schema/task/spring-task-4.1.xsd=org/springframework/scheduling/config/spring-task-4.1.xsd, http://www.springframework.org/schema/jdbc/spring-jdbc.xsd=org/springframework/jdbc/config/spring-jdbc-4.2.xsd, http://www.springframework.org/schema/tool/spring-tool-3.1.xsd=org/springframework/beans/factory/xml/spring-tool-3.1.xsd, http://www.springframework.org/schema/tx/spring-tx-4.1.xsd=org/springframework/transaction/config/spring-tx-4.1.xsd, http://www.springframework.org/schema/cache/spring-cache-4.0.xsd=org/springframework/cache/config/spring-cache-4.0.xsd, http://www.springframework.org/schema/jee/spring-jee-3.1.xsd=org/springframework/ejb/config/spring-jee-3.1.xsd, http://www.springframework.org/schema/task/spring-task-3.2.xsd=org/springframework/scheduling/config/spring-task-3.2.xsd, http://www.springframework.org/schema/util/spring-util-4.2.xsd=org/springframework/beans/factory/xml/spring-util-4.2.xsd, http://www.springframework.org/schema/beans/spring-beans-3.1.xsd=org/springframework/beans/factory/xml/spring-beans-3.1.xsd, http://www.springframework.org/schema/util/spring-util.xsd=org/springframework/beans/factory/xml/spring-util-4.2.xsd, http://www.springframework.org/schema/aop/spring-aop-3.0.xsd=org/springframework/aop/config/spring-aop-3.0.xsd, http://www.springframework.org/schema/mvc/spring-mvc-3.0.xsd=org/springframework/web/servlet/config/spring-mvc-3.0.xsd, http://www.springframework.org/schema/beans/spring-beans-4.0.xsd=org/springframework/beans/factory/xml/spring-beans-4.0.xsd, http://www.springframework.org/schema/beans/spring-beans.xsd=org/springframework/beans/factory/xml/spring-beans-4.2.xsd, http://www.springframework.org/schema/tx/spring-tx-3.1.xsd=org/springframework/transaction/config/spring-tx-3.1.xsd, http://www.springframework.org/schema/lang/spring-lang-3.0.xsd=org/springframework/scripting/config/spring-lang-3.0.xsd, http://www.springframework.org/schema/context/spring-context-2.5.xsd=org/springframework/context/config/spring-context-2.5.xsd, http://www.springframework.org/schema/task/spring-task-4.0.xsd=org/springframework/scheduling/config/spring-task-4.0.xsd, http://www.springframework.org/schema/tool/spring-tool-3.0.xsd=org/springframework/beans/factory/xml/spring-tool-3.0.xsd, http://www.springframework.org/schema/tx/spring-tx-4.0.xsd=org/springframework/transaction/config/spring-tx-4.0.xsd, http://www.springframework.org/schema/aop/spring-aop-2.0.xsd=org/springframework/aop/config/spring-aop-2.0.xsd, http://www.springframework.org/schema/jee/spring-jee-3.0.xsd=org/springframework/ejb/config/spring-jee-3.0.xsd, http://www.springframework.org/schema/util/spring-util-4.1.xsd=org/springframework/beans/factory/xml/spring-util-4.1.xsd, http://www.springframework.org/schema/task/spring-task-3.1.xsd=org/springframework/scheduling/config/spring-task-3.1.xsd, http://www.springframework.org/schema/beans/spring-beans-3.0.xsd=org/springframework/beans/factory/xml/spring-beans-3.0.xsd, http://www.springframework.org/schema/jee/spring-jee.xsd=org/springframework/ejb/config/spring-jee-4.2.xsd, http://www.springframework.org/schema/aop/spring-aop-2.5.xsd=org/springframework/aop/config/spring-aop-2.5.xsd, http://www.springframework.org/schema/lang/spring-lang-2.0.xsd=org/springframework/scripting/config/spring-lang-2.0.xsd, http://www.springframework.org/schema/util/spring-util-3.2.xsd=org/springframework/beans/factory/xml/spring-util-3.2.xsd, http://www.springframework.org/schema/task/spring-task.xsd=org/springframework/scheduling/config/spring-task-4.2.xsd, http://www.springframework.org/schema/tool/spring-tool-2.0.xsd=org/springframework/beans/factory/xml/spring-tool-2.0.xsd, http://www.springframework.org/schema/tx/spring-tx-3.0.xsd=org/springframework/transaction/config/spring-tx-3.0.xsd, http://www.springframework.org/schema/lang/spring-lang-2.5.xsd=org/springframework/scripting/config/spring-lang-2.5.xsd, http://www.springframework.org/schema/context/spring-context-4.2.xsd=org/springframework/context/config/spring-context-4.2.xsd, http://www.springframework.org/schema/jee/spring-jee-2.0.xsd=org/springframework/ejb/config/spring-jee-2.0.xsd, http://www.springframework.org/schema/tool/spring-tool-2.5.xsd=org/springframework/beans/factory/xml/spring-tool-2.5.xsd, http://www.springframework.org/schema/jee/spring-jee-2.5.xsd=org/springframework/ejb/config/spring-jee-2.5.xsd, http://www.springframework.org/schema/util/spring-util-4.0.xsd=org/springframework/beans/factory/xml/spring-util-4.0.xsd, http://www.springframework.org/schema/task/spring-task-3.0.xsd=org/springframework/scheduling/config/spring-task-3.0.xsd, http://www.springframework.org/schema/aop/spring-aop-4.2.xsd=org/springframework/aop/config/spring-aop-4.2.xsd, http://www.springframework.org/schema/lang/spring-lang.xsd=org/springframework/scripting/config/spring-lang-4.2.xsd, http://www.springframework.org/schema/context/spring-context-3.2.xsd=org/springframework/context/config/spring-context-3.2.xsd, http://www.springframework.org/schema/jdbc/spring-jdbc-4.2.xsd=org/springframework/jdbc/config/spring-jdbc-4.2.xsd, http://www.springframework.org/schema/mvc/spring-mvc-4.2.xsd=org/springframework/web/servlet/config/spring-mvc-4.2.xsd, http://www.springframework.org/schema/util/spring-util-3.1.xsd=org/springframework/beans/factory/xml/spring-util-3.1.xsd, http://www.springframework.org/schema/beans/spring-beans-2.0.xsd=org/springframework/beans/factory/xml/spring-beans-2.0.xsd, http://www.springframework.org/schema/cache/spring-cache.xsd=org/springframework/cache/config/spring-cache-4.2.xsd, http://www.springframework.org/schema/tx/spring-tx.xsd=org/springframework/transaction/config/spring-tx-4.2.xsd, http://www.springframework.org/schema/lang/spring-lang-4.2.xsd=org/springframework/scripting/config/spring-lang-4.2.xsd, http://www.springframework.org/schema/context/spring-context-4.1.xsd=org/springframework/context/config/spring-context-4.1.xsd, http://www.springframework.org/schema/beans/spring-beans-2.5.xsd=org/springframework/beans/factory/xml/spring-beans-2.5.xsd, http://www.springframework.org/schema/tool/spring-tool-4.2.xsd=org/springframework/beans/factory/xml/spring-tool-4.2.xsd, http://www.springframework.org/schema/tx/spring-tx-2.0.xsd=org/springframework/transaction/config/spring-tx-2.0.xsd, http://www.springframework.org/schema/jee/spring-jee-4.2.xsd=org/springframework/ejb/config/spring-jee-4.2.xsd, http://www.springframework.org/schema/jdbc/spring-jdbc-3.2.xsd=org/springframework/jdbc/config/spring-jdbc-3.2.xsd, http://www.springframework.org/schema/aop/spring-aop.xsd=org/springframework/aop/config/spring-aop-4.2.xsd}
2018-12-14 12:08:38,208 DEBUG (org.springframework.beans.factory.xml.PluggableSchemaResolver:119) - Found XML schema [http://www.springframework.org/schema/beans/spring-beans-4.0.xsd] in classpath: org/springframework/beans/factory/xml/spring-beans-4.0.xsd
2018-12-14 12:08:38,208 DEBUG (org.springframework.beans.factory.xml.PluggableSchemaResolver:119) - Found XML schema [http://www.springframework.org/schema/beans/spring-beans-4.0.xsd] in classpath: org/springframework/beans/factory/xml/spring-beans-4.0.xsd
2018-12-14 12:08:38,248 DEBUG (org.springframework.beans.factory.xml.PluggableSchemaResolver:119) - Found XML schema [http://www.springframework.org/schema/context/spring-context-4.0.xsd] in classpath: org/springframework/context/config/spring-context-4.0.xsd
2018-12-14 12:08:38,248 DEBUG (org.springframework.beans.factory.xml.PluggableSchemaResolver:119) - Found XML schema [http://www.springframework.org/schema/context/spring-context-4.0.xsd] in classpath: org/springframework/context/config/spring-context-4.0.xsd
2018-12-14 12:08:38,255 DEBUG (org.springframework.beans.factory.xml.PluggableSchemaResolver:119) - Found XML schema [http://www.springframework.org/schema/tool/spring-tool-4.0.xsd] in classpath: org/springframework/beans/factory/xml/spring-tool-4.0.xsd
2018-12-14 12:08:38,255 DEBUG (org.springframework.beans.factory.xml.PluggableSchemaResolver:119) - Found XML schema [http://www.springframework.org/schema/tool/spring-tool-4.0.xsd] in classpath: org/springframework/beans/factory/xml/spring-tool-4.0.xsd
2018-12-14 12:08:38,263 DEBUG (org.springframework.beans.factory.xml.PluggableSchemaResolver:119) - Found XML schema [http://www.springframework.org/schema/tx/spring-tx-4.0.xsd] in classpath: org/springframework/transaction/config/spring-tx-4.0.xsd
2018-12-14 12:08:38,263 DEBUG (org.springframework.beans.factory.xml.PluggableSchemaResolver:119) - Found XML schema [http://www.springframework.org/schema/tx/spring-tx-4.0.xsd] in classpath: org/springframework/transaction/config/spring-tx-4.0.xsd
2018-12-14 12:08:38,270 DEBUG (org.springframework.beans.factory.xml.PluggableSchemaResolver:119) - Found XML schema [http://www.springframework.org/schema/aop/spring-aop-4.0.xsd] in classpath: org/springframework/aop/config/spring-aop-4.0.xsd
2018-12-14 12:08:38,270 DEBUG (org.springframework.beans.factory.xml.PluggableSchemaResolver:119) - Found XML schema [http://www.springframework.org/schema/aop/spring-aop-4.0.xsd] in classpath: org/springframework/aop/config/spring-aop-4.0.xsd
2018-12-14 12:08:38,278 DEBUG (org.springframework.beans.factory.xml.DefaultBeanDefinitionDocumentReader:92) - Loading bean definitions
2018-12-14 12:08:38,278 DEBUG (org.springframework.beans.factory.xml.DefaultBeanDefinitionDocumentReader:92) - Loading bean definitions
2018-12-14 12:08:38,287 DEBUG (org.springframework.beans.factory.xml.DefaultNamespaceHandlerResolver:157) - Loaded NamespaceHandler mappings: {http://www.springframework.org/schema/p=org.springframework.beans.factory.xml.SimplePropertyNamespaceHandler, http://www.springframework.org/schema/mvc=org.springframework.web.servlet.config.MvcNamespaceHandler, http://www.springframework.org/schema/util=org.springframework.beans.factory.xml.UtilNamespaceHandler, http://www.springframework.org/schema/jee=org.springframework.ejb.config.JeeNamespaceHandler, http://www.springframework.org/schema/aop=org.springframework.aop.config.AopNamespaceHandler, http://www.springframework.org/schema/jdbc=org.springframework.jdbc.config.JdbcNamespaceHandler, http://www.springframework.org/schema/cache=org.springframework.cache.config.CacheNamespaceHandler, http://www.springframework.org/schema/c=org.springframework.beans.factory.xml.SimpleConstructorNamespaceHandler, http://www.springframework.org/schema/tx=org.springframework.transaction.config.TxNamespaceHandler, http://www.springframework.org/schema/task=org.springframework.scheduling.config.TaskNamespaceHandler, http://www.springframework.org/schema/lang=org.springframework.scripting.config.LangNamespaceHandler, http://www.springframework.org/schema/context=org.springframework.context.config.ContextNamespaceHandler}
2018-12-14 12:08:38,287 DEBUG (org.springframework.beans.factory.xml.DefaultNamespaceHandlerResolver:157) - Loaded NamespaceHandler mappings: {http://www.springframework.org/schema/p=org.springframework.beans.factory.xml.SimplePropertyNamespaceHandler, http://www.springframework.org/schema/mvc=org.springframework.web.servlet.config.MvcNamespaceHandler, http://www.springframework.org/schema/util=org.springframework.beans.factory.xml.UtilNamespaceHandler, http://www.springframework.org/schema/jee=org.springframework.ejb.config.JeeNamespaceHandler, http://www.springframework.org/schema/aop=org.springframework.aop.config.AopNamespaceHandler, http://www.springframework.org/schema/jdbc=org.springframework.jdbc.config.JdbcNamespaceHandler, http://www.springframework.org/schema/cache=org.springframework.cache.config.CacheNamespaceHandler, http://www.springframework.org/schema/c=org.springframework.beans.factory.xml.SimpleConstructorNamespaceHandler, http://www.springframework.org/schema/tx=org.springframework.transaction.config.TxNamespaceHandler, http://www.springframework.org/schema/task=org.springframework.scheduling.config.TaskNamespaceHandler, http://www.springframework.org/schema/lang=org.springframework.scripting.config.LangNamespaceHandler, http://www.springframework.org/schema/context=org.springframework.context.config.ContextNamespaceHandler}
2018-12-14 12:08:38,297 DEBUG (org.springframework.core.env.StandardEnvironment:109) - Adding [systemProperties] PropertySource with lowest search precedence
2018-12-14 12:08:38,297 DEBUG (org.springframework.core.env.StandardEnvironment:109) - Adding [systemProperties] PropertySource with lowest search precedence
2018-12-14 12:08:38,297 DEBUG (org.springframework.core.env.StandardEnvironment:109) - Adding [systemEnvironment] PropertySource with lowest search precedence
2018-12-14 12:08:38,297 DEBUG (org.springframework.core.env.StandardEnvironment:109) - Adding [systemEnvironment] PropertySource with lowest search precedence
2018-12-14 12:08:38,298 DEBUG (org.springframework.core.env.StandardEnvironment:127) - Initialized StandardEnvironment with PropertySources [systemProperties,systemEnvironment]
2018-12-14 12:08:38,298 DEBUG (org.springframework.core.env.StandardEnvironment:127) - Initialized StandardEnvironment with PropertySources [systemProperties,systemEnvironment]
2018-12-14 12:08:38,306 DEBUG (org.springframework.core.io.support.PathMatchingResourcePatternResolver:631) - Looking for matching resources in directory tree [E:\work_java\chapter20\target\test-classes\com\smart\dao]
2018-12-14 12:08:38,306 DEBUG (org.springframework.core.io.support.PathMatchingResourcePatternResolver:631) - Looking for matching resources in directory tree [E:\work_java\chapter20\target\test-classes\com\smart\dao]
2018-12-14 12:08:38,306 DEBUG (org.springframework.core.io.support.PathMatchingResourcePatternResolver:693) - Searching directory [E:\work_java\chapter20\target\test-classes\com\smart\dao] for files matching pattern [E:/work_java/chapter20/target/test-classes/com/smart/dao/**/*.class]
2018-12-14 12:08:38,306 DEBUG (org.springframework.core.io.support.PathMatchingResourcePatternResolver:693) - Searching directory [E:\work_java\chapter20\target\test-classes\com\smart\dao] for files matching pattern [E:/work_java/chapter20/target/test-classes/com/smart/dao/**/*.class]
2018-12-14 12:08:38,309 DEBUG (org.springframework.core.io.support.PathMatchingResourcePatternResolver:631) - Looking for matching resources in directory tree [E:\work_java\chapter20\target\classes\com\smart\dao]
2018-12-14 12:08:38,309 DEBUG (org.springframework.core.io.support.PathMatchingResourcePatternResolver:631) - Looking for matching resources in directory tree [E:\work_java\chapter20\target\classes\com\smart\dao]
2018-12-14 12:08:38,310 DEBUG (org.springframework.core.io.support.PathMatchingResourcePatternResolver:693) - Searching directory [E:\work_java\chapter20\target\classes\com\smart\dao] for files matching pattern [E:/work_java/chapter20/target/classes/com/smart/dao/**/*.class]
2018-12-14 12:08:38,310 DEBUG (org.springframework.core.io.support.PathMatchingResourcePatternResolver:693) - Searching directory [E:\work_java\chapter20\target\classes\com\smart\dao] for files matching pattern [E:/work_java/chapter20/target/classes/com/smart/dao/**/*.class]
2018-12-14 12:08:38,310 DEBUG (org.springframework.core.io.support.PathMatchingResourcePatternResolver:424) - Resolved location pattern [classpath*:com/smart/dao/**/*.class] to resources [file [E:\work_java\chapter20\target\test-classes\com\smart\dao\UserDaoTest.class], file [E:\work_java\chapter20\target\classes\com\smart\dao\HibernateUserDaoImpl.class], file [E:\work_java\chapter20\target\classes\com\smart\dao\LoginLogDao.class], file [E:\work_java\chapter20\target\classes\com\smart\dao\UserDao.class]]
2018-12-14 12:08:38,310 DEBUG (org.springframework.core.io.support.PathMatchingResourcePatternResolver:424) - Resolved location pattern [classpath*:com/smart/dao/**/*.class] to resources [file [E:\work_java\chapter20\target\test-classes\com\smart\dao\UserDaoTest.class], file [E:\work_java\chapter20\target\classes\com\smart\dao\HibernateUserDaoImpl.class], file [E:\work_java\chapter20\target\classes\com\smart\dao\LoginLogDao.class], file [E:\work_java\chapter20\target\classes\com\smart\dao\UserDao.class]]
2018-12-14 12:08:38,333 DEBUG (org.springframework.context.annotation.ClassPathBeanDefinitionScanner:286) - Identified candidate component class: file [E:\work_java\chapter20\target\classes\com\smart\dao\HibernateUserDaoImpl.class]
2018-12-14 12:08:38,333 DEBUG (org.springframework.context.annotation.ClassPathBeanDefinitionScanner:286) - Identified candidate component class: file [E:\work_java\chapter20\target\classes\com\smart\dao\HibernateUserDaoImpl.class]
2018-12-14 12:08:38,334 DEBUG (org.springframework.context.annotation.ClassPathBeanDefinitionScanner:292) - Ignored because not a concrete top-level class: file [E:\work_java\chapter20\target\classes\com\smart\dao\LoginLogDao.class]
2018-12-14 12:08:38,334 DEBUG (org.springframework.context.annotation.ClassPathBeanDefinitionScanner:292) - Ignored because not a concrete top-level class: file [E:\work_java\chapter20\target\classes\com\smart\dao\LoginLogDao.class]
2018-12-14 12:08:38,334 DEBUG (org.springframework.context.annotation.ClassPathBeanDefinitionScanner:292) - Ignored because not a concrete top-level class: file [E:\work_java\chapter20\target\classes\com\smart\dao\UserDao.class]
2018-12-14 12:08:38,334 DEBUG (org.springframework.context.annotation.ClassPathBeanDefinitionScanner:292) - Ignored because not a concrete top-level class: file [E:\work_java\chapter20\target\classes\com\smart\dao\UserDao.class]
2018-12-14 12:08:38,387 DEBUG (org.springframework.beans.factory.xml.XmlBeanDefinitionReader:224) - Loaded 17 bean definitions from location pattern [smart-dao.xml]
2018-12-14 12:08:38,387 DEBUG (org.springframework.beans.factory.xml.XmlBeanDefinitionReader:224) - Loaded 17 bean definitions from location pattern [smart-dao.xml]
2018-12-14 12:08:38,388 DEBUG (org.springframework.context.support.ClassPathXmlApplicationContext:608) - Bean factory for org.springframework.context.support.ClassPathXmlApplicationContext@103f852: org.springframework.beans.factory.support.DefaultListableBeanFactory@22ff4249: defining beans [hibernateUserDao,org.springframework.context.annotation.internalConfigurationAnnotationProcessor,org.springframework.context.annotation.internalAutowiredAnnotationProcessor,org.springframework.context.annotation.internalRequiredAnnotationProcessor,org.springframework.context.annotation.internalCommonAnnotationProcessor,org.springframework.context.annotation.internalPersistenceAnnotationProcessor,org.springframework.context.event.internalEventListenerProcessor,org.springframework.context.event.internalEventListenerFactory,org.springframework.context.support.PropertySourcesPlaceholderConfigurer#0,dataSource,sessionFactory,hibernateTemplate,jdbcTemplate,transactionManager,txAdvice,org.springframework.aop.config.internalAutoProxyCreator,managerTx]; root of factory hierarchy
2018-12-14 12:08:38,388 DEBUG (org.springframework.context.support.ClassPathXmlApplicationContext:608) - Bean factory for org.springframework.context.support.ClassPathXmlApplicationContext@103f852: org.springframework.beans.factory.support.DefaultListableBeanFactory@22ff4249: defining beans [hibernateUserDao,org.springframework.context.annotation.internalConfigurationAnnotationProcessor,org.springframework.context.annotation.internalAutowiredAnnotationProcessor,org.springframework.context.annotation.internalRequiredAnnotationProcessor,org.springframework.context.annotation.internalCommonAnnotationProcessor,org.springframework.context.annotation.internalPersistenceAnnotationProcessor,org.springframework.context.event.internalEventListenerProcessor,org.springframework.context.event.internalEventListenerFactory,org.springframework.context.support.PropertySourcesPlaceholderConfigurer#0,dataSource,sessionFactory,hibernateTemplate,jdbcTemplate,transactionManager,txAdvice,org.springframework.aop.config.internalAutoProxyCreator,managerTx]; root of factory hierarchy
2018-12-14 12:08:38,412 DEBUG (org.springframework.beans.factory.support.DefaultListableBeanFactory:221) - Creating shared instance of singleton bean &apos;org.springframework.context.annotation.internalConfigurationAnnotationProcessor&apos;
2018-12-14 12:08:38,412 DEBUG (org.springframework.beans.factory.support.DefaultListableBeanFactory:221) - Creating shared instance of singleton bean &apos;org.springframework.context.annotation.internalConfigurationAnnotationProcessor&apos;
2018-12-14 12:08:38,413 DEBUG (org.springframework.beans.factory.support.DefaultListableBeanFactory:448) - Creating instance of bean &apos;org.springframework.context.annotation.internalConfigurationAnnotationProcessor&apos;
2018-12-14 12:08:38,413 DEBUG (org.springframework.beans.factory.support.DefaultListableBeanFactory:448) - Creating instance of bean &apos;org.springframework.context.annotation.internalConfigurationAnnotationProcessor&apos;
2018-12-14 12:08:38,427 DEBUG (org.springframework.beans.factory.support.DefaultListableBeanFactory:529) - Eagerly caching bean &apos;org.springframework.context.annotation.internalConfigurationAnnotationProcessor&apos; to allow for resolving potential circular references
2018-12-14 12:08:38,427 DEBUG (org.springframework.beans.factory.support.DefaultListableBeanFactory:529) - Eagerly caching bean &apos;org.springframework.context.annotation.internalConfigurationAnnotationProcessor&apos; to allow for resolving potential circular references
2018-12-14 12:08:38,429 DEBUG (org.springframework.beans.factory.support.DefaultListableBeanFactory:484) - Finished creating instance of bean &apos;org.springframework.context.annotation.internalConfigurationAnnotationProcessor&apos;
2018-12-14 12:08:38,429 DEBUG (org.springframework.beans.factory.support.DefaultListableBeanFactory:484) - Finished creating instance of bean &apos;org.springframework.context.annotation.internalConfigurationAnnotationProcessor&apos;
2018-12-14 12:08:38,475 DEBUG (org.springframework.beans.factory.support.DefaultListableBeanFactory:221) - Creating shared instance of singleton bean &apos;org.springframework.context.support.PropertySourcesPlaceholderConfigurer#0&apos;
2018-12-14 12:08:38,475 DEBUG (org.springframework.beans.factory.support.DefaultListableBeanFactory:221) - Creating shared instance of singleton bean &apos;org.springframework.context.support.PropertySourcesPlaceholderConfigurer#0&apos;
2018-12-14 12:08:38,475 DEBUG (org.springframework.beans.factory.support.DefaultListableBeanFactory:448) - Creating instance of bean &apos;org.springframework.context.support.PropertySourcesPlaceholderConfigurer#0&apos;
2018-12-14 12:08:38,475 DEBUG (org.springframework.beans.factory.support.DefaultListableBeanFactory:448) - Creating instance of bean &apos;org.springframework.context.support.PropertySourcesPlaceholderConfigurer#0&apos;
2018-12-14 12:08:38,476 DEBUG (org.springframework.beans.factory.support.DefaultListableBeanFactory:529) - Eagerly caching bean &apos;org.springframework.context.support.PropertySourcesPlaceholderConfigurer#0&apos; to allow for resolving potential circular references
2018-12-14 12:08:38,476 DEBUG (org.springframework.beans.factory.support.DefaultListableBeanFactory:529) - Eagerly caching bean &apos;org.springframework.context.support.PropertySourcesPlaceholderConfigurer#0&apos; to allow for resolving potential circular references
2018-12-14 12:08:38,501 DEBUG (org.springframework.beans.factory.support.DefaultListableBeanFactory:484) - Finished creating instance of bean &apos;org.springframework.context.support.PropertySourcesPlaceholderConfigurer#0&apos;
2018-12-14 12:08:38,501 DEBUG (org.springframework.beans.factory.support.DefaultListableBeanFactory:484) - Finished creating instance of bean &apos;org.springframework.context.support.PropertySourcesPlaceholderConfigurer#0&apos;
2018-12-14 12:08:38,502 DEBUG (org.springframework.core.env.MutablePropertySources:109) - Adding [environmentProperties] PropertySource with lowest search precedence
2018-12-14 12:08:38,502 DEBUG (org.springframework.core.env.MutablePropertySources:109) - Adding [environmentProperties] PropertySource with lowest search precedence
2018-12-14 12:08:38,502  INFO (org.springframework.context.support.PropertySourcesPlaceholderConfigurer:172) - Loading properties file from class path resource [jdbc.properties]
2018-12-14 12:08:38,502  INFO (org.springframework.context.support.PropertySourcesPlaceholderConfigurer:172) - Loading properties file from class path resource [jdbc.properties]
2018-12-14 12:08:38,503 DEBUG (org.springframework.core.env.MutablePropertySources:109) - Adding [localProperties] PropertySource with lowest search precedence
2018-12-14 12:08:38,503 DEBUG (org.springframework.core.env.MutablePropertySources:109) - Adding [localProperties] PropertySource with lowest search precedence
2018-12-14 12:08:38,506 DEBUG (org.springframework.core.env.PropertySourcesPropertyResolver:81) - Searching for key &apos;jdbc.driverClassName&apos; in [environmentProperties]
2018-12-14 12:08:38,506 DEBUG (org.springframework.core.env.PropertySourcesPropertyResolver:81) - Searching for key &apos;jdbc.driverClassName&apos; in [environmentProperties]
2018-12-14 12:08:38,507 DEBUG (org.springframework.core.env.PropertySourcesPropertyResolver:81) - Searching for key &apos;jdbc.driverClassName&apos; in [systemProperties]
2018-12-14 12:08:38,507 DEBUG (org.springframework.core.env.PropertySourcesPropertyResolver:81) - Searching for key &apos;jdbc.driverClassName&apos; in [systemProperties]
2018-12-14 12:08:38,507 DEBUG (org.springframework.core.env.PropertySourcesPropertyResolver:81) - Searching for key &apos;jdbc.driverClassName&apos; in [systemEnvironment]
2018-12-14 12:08:38,507 DEBUG (org.springframework.core.env.PropertySourcesPropertyResolver:81) - Searching for key &apos;jdbc.driverClassName&apos; in [systemEnvironment]
2018-12-14 12:08:38,508 DEBUG (org.springframework.core.env.PropertySourcesPropertyResolver:103) - Could not find key &apos;jdbc.driverClassName&apos; in any property source. Returning [null]
2018-12-14 12:08:38,508 DEBUG (org.springframework.core.env.PropertySourcesPropertyResolver:103) - Could not find key &apos;jdbc.driverClassName&apos; in any property source. Returning [null]
2018-12-14 12:08:38,508 DEBUG (org.springframework.core.env.PropertySourcesPropertyResolver:81) - Searching for key &apos;jdbc.driverClassName&apos; in [localProperties]
2018-12-14 12:08:38,508 DEBUG (org.springframework.core.env.PropertySourcesPropertyResolver:81) - Searching for key &apos;jdbc.driverClassName&apos; in [localProperties]
2018-12-14 12:08:38,508 DEBUG (org.springframework.core.env.PropertySourcesPropertyResolver:90) - Found key &apos;jdbc.driverClassName&apos; in [localProperties] with type [String] and value &apos;com.mysql.jdbc.Driver&apos;
2018-12-14 12:08:38,508 DEBUG (org.springframework.core.env.PropertySourcesPropertyResolver:90) - Found key &apos;jdbc.driverClassName&apos; in [localProperties] with type [String] and value &apos;com.mysql.jdbc.Driver&apos;
2018-12-14 12:08:38,510 DEBUG (org.springframework.core.env.PropertySourcesPropertyResolver:81) - Searching for key &apos;jdbc.password&apos; in [environmentProperties]
2018-12-14 12:08:38,510 DEBUG (org.springframework.core.env.PropertySourcesPropertyResolver:81) - Searching for key &apos;jdbc.password&apos; in [environmentProperties]
2018-12-14 12:08:38,511 DEBUG (org.springframework.core.env.PropertySourcesPropertyResolver:81) - Searching for key &apos;jdbc.password&apos; in [systemProperties]
2018-12-14 12:08:38,511 DEBUG (org.springframework.core.env.PropertySourcesPropertyResolver:81) - Searching for key &apos;jdbc.password&apos; in [systemProperties]
2018-12-14 12:08:38,511 DEBUG (org.springframework.core.env.PropertySourcesPropertyResolver:81) - Searching for key &apos;jdbc.password&apos; in [systemEnvironment]
2018-12-14 12:08:38,511 DEBUG (org.springframework.core.env.PropertySourcesPropertyResolver:81) - Searching for key &apos;jdbc.password&apos; in [systemEnvironment]
2018-12-14 12:08:38,511 DEBUG (org.springframework.core.env.PropertySourcesPropertyResolver:103) - Could not find key &apos;jdbc.password&apos; in any property source. Returning [null]
2018-12-14 12:08:38,511 DEBUG (org.springframework.core.env.PropertySourcesPropertyResolver:103) - Could not find key &apos;jdbc.password&apos; in any property source. Returning [null]
2018-12-14 12:08:38,512 DEBUG (org.springframework.core.env.PropertySourcesPropertyResolver:81) - Searching for key &apos;jdbc.password&apos; in [localProperties]
2018-12-14 12:08:38,512 DEBUG (org.springframework.core.env.PropertySourcesPropertyResolver:81) - Searching for key &apos;jdbc.password&apos; in [localProperties]
2018-12-14 12:08:38,512 DEBUG (org.springframework.core.env.PropertySourcesPropertyResolver:90) - Found key &apos;jdbc.password&apos; in [localProperties] with type [String] and value &apos;rootroot&apos;
2018-12-14 12:08:38,512 DEBUG (org.springframework.core.env.PropertySourcesPropertyResolver:90) - Found key &apos;jdbc.password&apos; in [localProperties] with type [String] and value &apos;rootroot&apos;
2018-12-14 12:08:38,512 DEBUG (org.springframework.core.env.PropertySourcesPropertyResolver:81) - Searching for key &apos;jdbc.url&apos; in [environmentProperties]
2018-12-14 12:08:38,512 DEBUG (org.springframework.core.env.PropertySourcesPropertyResolver:81) - Searching for key &apos;jdbc.url&apos; in [environmentProperties]
2018-12-14 12:08:38,512 DEBUG (org.springframework.core.env.PropertySourcesPropertyResolver:81) - Searching for key &apos;jdbc.url&apos; in [systemProperties]
2018-12-14 12:08:38,512 DEBUG (org.springframework.core.env.PropertySourcesPropertyResolver:81) - Searching for key &apos;jdbc.url&apos; in [systemProperties]
2018-12-14 12:08:38,513 DEBUG (org.springframework.core.env.PropertySourcesPropertyResolver:81) - Searching for key &apos;jdbc.url&apos; in [systemEnvironment]
2018-12-14 12:08:38,513 DEBUG (org.springframework.core.env.PropertySourcesPropertyResolver:81) - Searching for key &apos;jdbc.url&apos; in [systemEnvironment]
2018-12-14 12:08:38,513 DEBUG (org.springframework.core.env.PropertySourcesPropertyResolver:103) - Could not find key &apos;jdbc.url&apos; in any property source. Returning [null]
2018-12-14 12:08:38,513 DEBUG (org.springframework.core.env.PropertySourcesPropertyResolver:103) - Could not find key &apos;jdbc.url&apos; in any property source. Returning [null]
2018-12-14 12:08:38,513 DEBUG (org.springframework.core.env.PropertySourcesPropertyResolver:81) - Searching for key &apos;jdbc.url&apos; in [localProperties]
2018-12-14 12:08:38,513 DEBUG (org.springframework.core.env.PropertySourcesPropertyResolver:81) - Searching for key &apos;jdbc.url&apos; in [localProperties]
2018-12-14 12:08:38,514 DEBUG (org.springframework.core.env.PropertySourcesPropertyResolver:90) - Found key &apos;jdbc.url&apos; in [localProperties] with type [String] and value &apos;jdbc:mysql://localhost:3306/spring4_x_chapter20?useUnicode=true&amp;characterEncoding=UTF-8&apos;
2018-12-14 12:08:38,514 DEBUG (org.springframework.core.env.PropertySourcesPropertyResolver:90) - Found key &apos;jdbc.url&apos; in [localProperties] with type [String] and value &apos;jdbc:mysql://localhost:3306/spring4_x_chapter20?useUnicode=true&amp;characterEncoding=UTF-8&apos;
2018-12-14 12:08:38,514 DEBUG (org.springframework.core.env.PropertySourcesPropertyResolver:81) - Searching for key &apos;jdbc.username&apos; in [environmentProperties]
2018-12-14 12:08:38,514 DEBUG (org.springframework.core.env.PropertySourcesPropertyResolver:81) - Searching for key &apos;jdbc.username&apos; in [environmentProperties]
2018-12-14 12:08:38,515 DEBUG (org.springframework.core.env.PropertySourcesPropertyResolver:81) - Searching for key &apos;jdbc.username&apos; in [systemProperties]
2018-12-14 12:08:38,515 DEBUG (org.springframework.core.env.PropertySourcesPropertyResolver:81) - Searching for key &apos;jdbc.username&apos; in [systemProperties]
2018-12-14 12:08:38,515 DEBUG (org.springframework.core.env.PropertySourcesPropertyResolver:81) - Searching for key &apos;jdbc.username&apos; in [systemEnvironment]
2018-12-14 12:08:38,515 DEBUG (org.springframework.core.env.PropertySourcesPropertyResolver:81) - Searching for key &apos;jdbc.username&apos; in [systemEnvironment]
2018-12-14 12:08:38,515 DEBUG (org.springframework.core.env.PropertySourcesPropertyResolver:103) - Could not find key &apos;jdbc.username&apos; in any property source. Returning [null]
2018-12-14 12:08:38,515 DEBUG (org.springframework.core.env.PropertySourcesPropertyResolver:103) - Could not find key &apos;jdbc.username&apos; in any property source. Returning [null]
2018-12-14 12:08:38,516 DEBUG (org.springframework.core.env.PropertySourcesPropertyResolver:81) - Searching for key &apos;jdbc.username&apos; in [localProperties]
2018-12-14 12:08:38,516 DEBUG (org.springframework.core.env.PropertySourcesPropertyResolver:81) - Searching for key &apos;jdbc.username&apos; in [localProperties]
2018-12-14 12:08:38,516 DEBUG (org.springframework.core.env.PropertySourcesPropertyResolver:90) - Found key &apos;jdbc.username&apos; in [localProperties] with type [String] and value &apos;root&apos;
2018-12-14 12:08:38,516 DEBUG (org.springframework.core.env.PropertySourcesPropertyResolver:90) - Found key &apos;jdbc.username&apos; in [localProperties] with type [String] and value &apos;root&apos;
2018-12-14 12:08:38,519 DEBUG (org.springframework.beans.factory.support.DefaultListableBeanFactory:221) - Creating shared instance of singleton bean &apos;org.springframework.context.annotation.internalAutowiredAnnotationProcessor&apos;
2018-12-14 12:08:38,519 DEBUG (org.springframework.beans.factory.support.DefaultListableBeanFactory:221) - Creating shared instance of singleton bean &apos;org.springframework.context.annotation.internalAutowiredAnnotationProcessor&apos;
2018-12-14 12:08:38,519 DEBUG (org.springframework.beans.factory.support.DefaultListableBeanFactory:448) - Creating instance of bean &apos;org.springframework.context.annotation.internalAutowiredAnnotationProcessor&apos;
2018-12-14 12:08:38,519 DEBUG (org.springframework.beans.factory.support.DefaultListableBeanFactory:448) - Creating instance of bean &apos;org.springframework.context.annotation.internalAutowiredAnnotationProcessor&apos;
2018-12-14 12:08:38,520 DEBUG (org.springframework.beans.factory.support.DefaultListableBeanFactory:529) - Eagerly caching bean &apos;org.springframework.context.annotation.internalAutowiredAnnotationProcessor&apos; to allow for resolving potential circular references
2018-12-14 12:08:38,520 DEBUG (org.springframework.beans.factory.support.DefaultListableBeanFactory:529) - Eagerly caching bean &apos;org.springframework.context.annotation.internalAutowiredAnnotationProcessor&apos; to allow for resolving potential circular references
2018-12-14 12:08:38,521 DEBUG (org.springframework.beans.factory.support.DefaultListableBeanFactory:484) - Finished creating instance of bean &apos;org.springframework.context.annotation.internalAutowiredAnnotationProcessor&apos;
2018-12-14 12:08:38,521 DEBUG (org.springframework.beans.factory.support.DefaultListableBeanFactory:484) - Finished creating instance of bean &apos;org.springframework.context.annotation.internalAutowiredAnnotationProcessor&apos;
2018-12-14 12:08:38,521 DEBUG (org.springframework.beans.factory.support.DefaultListableBeanFactory:221) - Creating shared instance of singleton bean &apos;org.springframework.context.annotation.internalRequiredAnnotationProcessor&apos;
2018-12-14 12:08:38,521 DEBUG (org.springframework.beans.factory.support.DefaultListableBeanFactory:221) - Creating shared instance of singleton bean &apos;org.springframework.context.annotation.internalRequiredAnnotationProcessor&apos;
2018-12-14 12:08:38,521 DEBUG (org.springframework.beans.factory.support.DefaultListableBeanFactory:448) - Creating instance of bean &apos;org.springframework.context.annotation.internalRequiredAnnotationProcessor&apos;
2018-12-14 12:08:38,521 DEBUG (org.springframework.beans.factory.support.DefaultListableBeanFactory:448) - Creating instance of bean &apos;org.springframework.context.annotation.internalRequiredAnnotationProcessor&apos;
2018-12-14 12:08:38,522 DEBUG (org.springframework.beans.factory.support.DefaultListableBeanFactory:529) - Eagerly caching bean &apos;org.springframework.context.annotation.internalRequiredAnnotationProcessor&apos; to allow for resolving potential circular references
2018-12-14 12:08:38,522 DEBUG (org.springframework.beans.factory.support.DefaultListableBeanFactory:529) - Eagerly caching bean &apos;org.springframework.context.annotation.internalRequiredAnnotationProcessor&apos; to allow for resolving potential circular references
2018-12-14 12:08:38,523 DEBUG (org.springframework.beans.factory.support.DefaultListableBeanFactory:484) - Finished creating instance of bean &apos;org.springframework.context.annotation.internalRequiredAnnotationProcessor&apos;
2018-12-14 12:08:38,523 DEBUG (org.springframework.beans.factory.support.DefaultListableBeanFactory:484) - Finished creating instance of bean &apos;org.springframework.context.annotation.internalRequiredAnnotationProcessor&apos;
2018-12-14 12:08:38,523 DEBUG (org.springframework.beans.factory.support.DefaultListableBeanFactory:221) - Creating shared instance of singleton bean &apos;org.springframework.context.annotation.internalCommonAnnotationProcessor&apos;
2018-12-14 12:08:38,523 DEBUG (org.springframework.beans.factory.support.DefaultListableBeanFactory:221) - Creating shared instance of singleton bean &apos;org.springframework.context.annotation.internalCommonAnnotationProcessor&apos;
2018-12-14 12:08:38,523 DEBUG (org.springframework.beans.factory.support.DefaultListableBeanFactory:448) - Creating instance of bean &apos;org.springframework.context.annotation.internalCommonAnnotationProcessor&apos;
2018-12-14 12:08:38,523 DEBUG (org.springframework.beans.factory.support.DefaultListableBeanFactory:448) - Creating instance of bean &apos;org.springframework.context.annotation.internalCommonAnnotationProcessor&apos;
2018-12-14 12:08:38,527 DEBUG (org.springframework.beans.factory.support.DefaultListableBeanFactory:529) - Eagerly caching bean &apos;org.springframework.context.annotation.internalCommonAnnotationProcessor&apos; to allow for resolving potential circular references
2018-12-14 12:08:38,527 DEBUG (org.springframework.beans.factory.support.DefaultListableBeanFactory:529) - Eagerly caching bean &apos;org.springframework.context.annotation.internalCommonAnnotationProcessor&apos; to allow for resolving potential circular references
2018-12-14 12:08:38,527 DEBUG (org.springframework.beans.factory.support.DefaultListableBeanFactory:484) - Finished creating instance of bean &apos;org.springframework.context.annotation.internalCommonAnnotationProcessor&apos;
2018-12-14 12:08:38,527 DEBUG (org.springframework.beans.factory.support.DefaultListableBeanFactory:484) - Finished creating instance of bean &apos;org.springframework.context.annotation.internalCommonAnnotationProcessor&apos;
2018-12-14 12:08:38,528 DEBUG (org.springframework.beans.factory.support.DefaultListableBeanFactory:221) - Creating shared instance of singleton bean &apos;org.springframework.context.annotation.internalPersistenceAnnotationProcessor&apos;
2018-12-14 12:08:38,528 DEBUG (org.springframework.beans.factory.support.DefaultListableBeanFactory:221) - Creating shared instance of singleton bean &apos;org.springframework.context.annotation.internalPersistenceAnnotationProcessor&apos;
2018-12-14 12:08:38,528 DEBUG (org.springframework.beans.factory.support.DefaultListableBeanFactory:448) - Creating instance of bean &apos;org.springframework.context.annotation.internalPersistenceAnnotationProcessor&apos;
2018-12-14 12:08:38,528 DEBUG (org.springframework.beans.factory.support.DefaultListableBeanFactory:448) - Creating instance of bean &apos;org.springframework.context.annotation.internalPersistenceAnnotationProcessor&apos;
2018-12-14 12:08:38,530 DEBUG (org.springframework.beans.factory.support.DefaultListableBeanFactory:529) - Eagerly caching bean &apos;org.springframework.context.annotation.internalPersistenceAnnotationProcessor&apos; to allow for resolving potential circular references
2018-12-14 12:08:38,530 DEBUG (org.springframework.beans.factory.support.DefaultListableBeanFactory:529) - Eagerly caching bean &apos;org.springframework.context.annotation.internalPersistenceAnnotationProcessor&apos; to allow for resolving potential circular references
2018-12-14 12:08:38,530 DEBUG (org.springframework.beans.factory.support.DefaultListableBeanFactory:484) - Finished creating instance of bean &apos;org.springframework.context.annotation.internalPersistenceAnnotationProcessor&apos;
2018-12-14 12:08:38,530 DEBUG (org.springframework.beans.factory.support.DefaultListableBeanFactory:484) - Finished creating instance of bean &apos;org.springframework.context.annotation.internalPersistenceAnnotationProcessor&apos;
2018-12-14 12:08:38,531 DEBUG (org.springframework.beans.factory.support.DefaultListableBeanFactory:221) - Creating shared instance of singleton bean &apos;org.springframework.context.annotation.ConfigurationClassPostProcessor.importAwareProcessor&apos;
2018-12-14 12:08:38,531 DEBUG (org.springframework.beans.factory.support.DefaultListableBeanFactory:221) - Creating shared instance of singleton bean &apos;org.springframework.context.annotation.ConfigurationClassPostProcessor.importAwareProcessor&apos;
2018-12-14 12:08:38,531 DEBUG (org.springframework.beans.factory.support.DefaultListableBeanFactory:448) - Creating instance of bean &apos;org.springframework.context.annotation.ConfigurationClassPostProcessor.importAwareProcessor&apos;
2018-12-14 12:08:38,531 DEBUG (org.springframework.beans.factory.support.DefaultListableBeanFactory:448) - Creating instance of bean &apos;org.springframework.context.annotation.ConfigurationClassPostProcessor.importAwareProcessor&apos;
2018-12-14 12:08:38,531 DEBUG (org.springframework.beans.factory.support.DefaultListableBeanFactory:529) - Eagerly caching bean &apos;org.springframework.context.annotation.ConfigurationClassPostProcessor.importAwareProcessor&apos; to allow for resolving potential circular references
2018-12-14 12:08:38,531 DEBUG (org.springframework.beans.factory.support.DefaultListableBeanFactory:529) - Eagerly caching bean &apos;org.springframework.context.annotation.ConfigurationClassPostProcessor.importAwareProcessor&apos; to allow for resolving potential circular references
2018-12-14 12:08:38,532 DEBUG (org.springframework.beans.factory.support.DefaultListableBeanFactory:484) - Finished creating instance of bean &apos;org.springframework.context.annotation.ConfigurationClassPostProcessor.importAwareProcessor&apos;
2018-12-14 12:08:38,532 DEBUG (org.springframework.beans.factory.support.DefaultListableBeanFactory:484) - Finished creating instance of bean &apos;org.springframework.context.annotation.ConfigurationClassPostProcessor.importAwareProcessor&apos;
2018-12-14 12:08:38,537 DEBUG (org.springframework.beans.factory.support.DefaultListableBeanFactory:221) - Creating shared instance of singleton bean &apos;org.springframework.context.annotation.ConfigurationClassPostProcessor.enhancedConfigurationProcessor&apos;
2018-12-14 12:08:38,537 DEBUG (org.springframework.beans.factory.support.DefaultListableBeanFactory:221) - Creating shared instance of singleton bean &apos;org.springframework.context.annotation.ConfigurationClassPostProcessor.enhancedConfigurationProcessor&apos;
2018-12-14 12:08:38,538 DEBUG (org.springframework.beans.factory.support.DefaultListableBeanFactory:448) - Creating instance of bean &apos;org.springframework.context.annotation.ConfigurationClassPostProcessor.enhancedConfigurationProcessor&apos;
2018-12-14 12:08:38,538 DEBUG (org.springframework.beans.factory.support.DefaultListableBeanFactory:448) - Creating instance of bean &apos;org.springframework.context.annotation.ConfigurationClassPostProcessor.enhancedConfigurationProcessor&apos;
2018-12-14 12:08:38,538 DEBUG (org.springframework.beans.factory.support.DefaultListableBeanFactory:529) - Eagerly caching bean &apos;org.springframework.context.annotation.ConfigurationClassPostProcessor.enhancedConfigurationProcessor&apos; to allow for resolving potential circular references
2018-12-14 12:08:38,538 DEBUG (org.springframework.beans.factory.support.DefaultListableBeanFactory:529) - Eagerly caching bean &apos;org.springframework.context.annotation.ConfigurationClassPostProcessor.enhancedConfigurationProcessor&apos; to allow for resolving potential circular references
2018-12-14 12:08:38,538 DEBUG (org.springframework.beans.factory.support.DefaultListableBeanFactory:484) - Finished creating instance of bean &apos;org.springframework.context.annotation.ConfigurationClassPostProcessor.enhancedConfigurationProcessor&apos;
2018-12-14 12:08:38,538 DEBUG (org.springframework.beans.factory.support.DefaultListableBeanFactory:484) - Finished creating instance of bean &apos;org.springframework.context.annotation.ConfigurationClassPostProcessor.enhancedConfigurationProcessor&apos;
2018-12-14 12:08:38,539 DEBUG (org.springframework.beans.factory.support.DefaultListableBeanFactory:221) - Creating shared instance of singleton bean &apos;org.springframework.aop.config.internalAutoProxyCreator&apos;
2018-12-14 12:08:38,539 DEBUG (org.springframework.beans.factory.support.DefaultListableBeanFactory:221) - Creating shared instance of singleton bean &apos;org.springframework.aop.config.internalAutoProxyCreator&apos;
2018-12-14 12:08:38,539 DEBUG (org.springframework.beans.factory.support.DefaultListableBeanFactory:448) - Creating instance of bean &apos;org.springframework.aop.config.internalAutoProxyCreator&apos;
2018-12-14 12:08:38,539 DEBUG (org.springframework.beans.factory.support.DefaultListableBeanFactory:448) - Creating instance of bean &apos;org.springframework.aop.config.internalAutoProxyCreator&apos;
2018-12-14 12:08:38,554 DEBUG (org.springframework.beans.factory.support.DefaultListableBeanFactory:529) - Eagerly caching bean &apos;org.springframework.aop.config.internalAutoProxyCreator&apos; to allow for resolving potential circular references
2018-12-14 12:08:38,554 DEBUG (org.springframework.beans.factory.support.DefaultListableBeanFactory:529) - Eagerly caching bean &apos;org.springframework.aop.config.internalAutoProxyCreator&apos; to allow for resolving potential circular references
2018-12-14 12:08:38,567 DEBUG (org.springframework.beans.factory.support.DefaultListableBeanFactory:484) - Finished creating instance of bean &apos;org.springframework.aop.config.internalAutoProxyCreator&apos;
2018-12-14 12:08:38,567 DEBUG (org.springframework.beans.factory.support.DefaultListableBeanFactory:484) - Finished creating instance of bean &apos;org.springframework.aop.config.internalAutoProxyCreator&apos;
2018-12-14 12:08:38,570 DEBUG (org.springframework.context.support.ClassPathXmlApplicationContext:714) - Unable to locate MessageSource with name &apos;messageSource&apos;: using default [org.springframework.context.support.DelegatingMessageSource@16a0ee18]
2018-12-14 12:08:38,570 DEBUG (org.springframework.context.support.ClassPathXmlApplicationContext:714) - Unable to locate MessageSource with name &apos;messageSource&apos;: using default [org.springframework.context.support.DelegatingMessageSource@16a0ee18]
2018-12-14 12:08:38,572 DEBUG (org.springframework.context.support.ClassPathXmlApplicationContext:738) - Unable to locate ApplicationEventMulticaster with name &apos;applicationEventMulticaster&apos;: using default [org.springframework.context.event.SimpleApplicationEventMulticaster@16610890]
2018-12-14 12:08:38,572 DEBUG (org.springframework.context.support.ClassPathXmlApplicationContext:738) - Unable to locate ApplicationEventMulticaster with name &apos;applicationEventMulticaster&apos;: using default [org.springframework.context.event.SimpleApplicationEventMulticaster@16610890]
2018-12-14 12:08:38,573 DEBUG (org.springframework.beans.factory.support.DefaultListableBeanFactory:741) - Pre-instantiating singletons in org.springframework.beans.factory.support.DefaultListableBeanFactory@22ff4249: defining beans [hibernateUserDao,org.springframework.context.annotation.internalConfigurationAnnotationProcessor,org.springframework.context.annotation.internalAutowiredAnnotationProcessor,org.springframework.context.annotation.internalRequiredAnnotationProcessor,org.springframework.context.annotation.internalCommonAnnotationProcessor,org.springframework.context.annotation.internalPersistenceAnnotationProcessor,org.springframework.context.event.internalEventListenerProcessor,org.springframework.context.event.internalEventListenerFactory,org.springframework.context.support.PropertySourcesPlaceholderConfigurer#0,dataSource,sessionFactory,hibernateTemplate,jdbcTemplate,transactionManager,txAdvice,org.springframework.aop.config.internalAutoProxyCreator,managerTx,org.springframework.context.annotation.ConfigurationClassPostProcessor.importAwareProcessor,org.springframework.context.annotation.ConfigurationClassPostProcessor.enhancedConfigurationProcessor]; root of factory hierarchy
2018-12-14 12:08:38,573 DEBUG (org.springframework.beans.factory.support.DefaultListableBeanFactory:741) - Pre-instantiating singletons in org.springframework.beans.factory.support.DefaultListableBeanFactory@22ff4249: defining beans [hibernateUserDao,org.springframework.context.annotation.internalConfigurationAnnotationProcessor,org.springframework.context.annotation.internalAutowiredAnnotationProcessor,org.springframework.context.annotation.internalRequiredAnnotationProcessor,org.springframework.context.annotation.internalCommonAnnotationProcessor,org.springframework.context.annotation.internalPersistenceAnnotationProcessor,org.springframework.context.event.internalEventListenerProcessor,org.springframework.context.event.internalEventListenerFactory,org.springframework.context.support.PropertySourcesPlaceholderConfigurer#0,dataSource,sessionFactory,hibernateTemplate,jdbcTemplate,transactionManager,txAdvice,org.springframework.aop.config.internalAutoProxyCreator,managerTx,org.springframework.context.annotation.ConfigurationClassPostProcessor.importAwareProcessor,org.springframework.context.annotation.ConfigurationClassPostProcessor.enhancedConfigurationProcessor]; root of factory hierarchy
2018-12-14 12:08:38,573 DEBUG (org.springframework.beans.factory.support.DefaultListableBeanFactory:221) - Creating shared instance of singleton bean &apos;hibernateUserDao&apos;
2018-12-14 12:08:38,573 DEBUG (org.springframework.beans.factory.support.DefaultListableBeanFactory:221) - Creating shared instance of singleton bean &apos;hibernateUserDao&apos;
2018-12-14 12:08:38,574 DEBUG (org.springframework.beans.factory.support.DefaultListableBeanFactory:448) - Creating instance of bean &apos;hibernateUserDao&apos;
2018-12-14 12:08:38,574 DEBUG (org.springframework.beans.factory.support.DefaultListableBeanFactory:448) - Creating instance of bean &apos;hibernateUserDao&apos;
2018-12-14 12:08:38,574 DEBUG (org.springframework.beans.factory.support.DefaultListableBeanFactory:221) - Creating shared instance of singleton bean &apos;managerTx&apos;
2018-12-14 12:08:38,574 DEBUG (org.springframework.beans.factory.support.DefaultListableBeanFactory:221) - Creating shared instance of singleton bean &apos;managerTx&apos;
2018-12-14 12:08:38,575 DEBUG (org.springframework.beans.factory.support.DefaultListableBeanFactory:448) - Creating instance of bean &apos;managerTx&apos;
2018-12-14 12:08:38,575 DEBUG (org.springframework.beans.factory.support.DefaultListableBeanFactory:448) - Creating instance of bean &apos;managerTx&apos;
2018-12-14 12:08:38,577 DEBUG (org.springframework.beans.factory.support.DefaultListableBeanFactory:529) - Eagerly caching bean &apos;managerTx&apos; to allow for resolving potential circular references
2018-12-14 12:08:38,577 DEBUG (org.springframework.beans.factory.support.DefaultListableBeanFactory:529) - Eagerly caching bean &apos;managerTx&apos; to allow for resolving potential circular references
2018-12-14 12:08:38,592 DEBUG (org.springframework.beans.factory.support.DefaultListableBeanFactory:448) - Creating instance of bean &apos;(inner bean)#2c35e847&apos;
2018-12-14 12:08:38,592 DEBUG (org.springframework.beans.factory.support.DefaultListableBeanFactory:448) - Creating instance of bean &apos;(inner bean)#2c35e847&apos;
2018-12-14 12:08:38,607 DEBUG (org.springframework.beans.factory.support.DefaultListableBeanFactory:484) - Finished creating instance of bean &apos;(inner bean)#2c35e847&apos;
2018-12-14 12:08:38,607 DEBUG (org.springframework.beans.factory.support.DefaultListableBeanFactory:484) - Finished creating instance of bean &apos;(inner bean)#2c35e847&apos;
2018-12-14 12:08:38,608 DEBUG (org.springframework.beans.factory.support.DefaultListableBeanFactory:484) - Finished creating instance of bean &apos;managerTx&apos;
2018-12-14 12:08:38,608 DEBUG (org.springframework.beans.factory.support.DefaultListableBeanFactory:484) - Finished creating instance of bean &apos;managerTx&apos;
2018-12-14 12:08:38,612 DEBUG (org.springframework.beans.factory.annotation.InjectionMetadata:72) - Registered injected element on class [com.smart.dao.HibernateUserDaoImpl]: AutowiredMethodElement for public void com.smart.dao.HibernateUserDaoImpl.setHibernateTemplate(org.springframework.orm.hibernate4.HibernateTemplate)
2018-12-14 12:08:38,612 DEBUG (org.springframework.beans.factory.annotation.InjectionMetadata:72) - Registered injected element on class [com.smart.dao.HibernateUserDaoImpl]: AutowiredMethodElement for public void com.smart.dao.HibernateUserDaoImpl.setHibernateTemplate(org.springframework.orm.hibernate4.HibernateTemplate)
2018-12-14 12:08:38,612 DEBUG (org.springframework.beans.factory.support.DefaultListableBeanFactory:529) - Eagerly caching bean &apos;hibernateUserDao&apos; to allow for resolving potential circular references
2018-12-14 12:08:38,612 DEBUG (org.springframework.beans.factory.support.DefaultListableBeanFactory:529) - Eagerly caching bean &apos;hibernateUserDao&apos; to allow for resolving potential circular references
2018-12-14 12:08:38,613 DEBUG (org.springframework.beans.factory.annotation.InjectionMetadata:86) - Processing injected element of bean &apos;hibernateUserDao&apos;: AutowiredMethodElement for public void com.smart.dao.HibernateUserDaoImpl.setHibernateTemplate(org.springframework.orm.hibernate4.HibernateTemplate)
2018-12-14 12:08:38,613 DEBUG (org.springframework.beans.factory.annotation.InjectionMetadata:86) - Processing injected element of bean &apos;hibernateUserDao&apos;: AutowiredMethodElement for public void com.smart.dao.HibernateUserDaoImpl.setHibernateTemplate(org.springframework.orm.hibernate4.HibernateTemplate)
2018-12-14 12:08:38,614 DEBUG (org.springframework.beans.factory.support.DefaultListableBeanFactory:250) - Returning cached instance of singleton bean &apos;managerTx&apos;
2018-12-14 12:08:38,614 DEBUG (org.springframework.beans.factory.support.DefaultListableBeanFactory:250) - Returning cached instance of singleton bean &apos;managerTx&apos;
2018-12-14 12:08:38,617 DEBUG (org.springframework.beans.factory.support.DefaultListableBeanFactory:221) - Creating shared instance of singleton bean &apos;hibernateTemplate&apos;
2018-12-14 12:08:38,617 DEBUG (org.springframework.beans.factory.support.DefaultListableBeanFactory:221) - Creating shared instance of singleton bean &apos;hibernateTemplate&apos;
2018-12-14 12:08:38,617 DEBUG (org.springframework.beans.factory.support.DefaultListableBeanFactory:448) - Creating instance of bean &apos;hibernateTemplate&apos;
2018-12-14 12:08:38,617 DEBUG (org.springframework.beans.factory.support.DefaultListableBeanFactory:448) - Creating instance of bean &apos;hibernateTemplate&apos;
2018-12-14 12:08:38,618 DEBUG (org.springframework.beans.factory.support.DefaultListableBeanFactory:250) - Returning cached instance of singleton bean &apos;managerTx&apos;
2018-12-14 12:08:38,618 DEBUG (org.springframework.beans.factory.support.DefaultListableBeanFactory:250) - Returning cached instance of singleton bean &apos;managerTx&apos;
2018-12-14 12:08:38,624 DEBUG (org.springframework.beans.factory.support.DefaultListableBeanFactory:529) - Eagerly caching bean &apos;hibernateTemplate&apos; to allow for resolving potential circular references
2018-12-14 12:08:38,624 DEBUG (org.springframework.beans.factory.support.DefaultListableBeanFactory:529) - Eagerly caching bean &apos;hibernateTemplate&apos; to allow for resolving potential circular references
2018-12-14 12:08:38,630 DEBUG (org.springframework.beans.factory.support.DefaultListableBeanFactory:221) - Creating shared instance of singleton bean &apos;sessionFactory&apos;
2018-12-14 12:08:38,630 DEBUG (org.springframework.beans.factory.support.DefaultListableBeanFactory:221) - Creating shared instance of singleton bean &apos;sessionFactory&apos;
2018-12-14 12:08:38,630 DEBUG (org.springframework.beans.factory.support.DefaultListableBeanFactory:448) - Creating instance of bean &apos;sessionFactory&apos;
2018-12-14 12:08:38,630 DEBUG (org.springframework.beans.factory.support.DefaultListableBeanFactory:448) - Creating instance of bean &apos;sessionFactory&apos;
2018-12-14 12:08:38,630 DEBUG (org.springframework.beans.factory.support.DefaultListableBeanFactory:250) - Returning cached instance of singleton bean &apos;managerTx&apos;
2018-12-14 12:08:38,630 DEBUG (org.springframework.beans.factory.support.DefaultListableBeanFactory:250) - Returning cached instance of singleton bean &apos;managerTx&apos;
2018-12-14 12:08:38,632 DEBUG (org.springframework.beans.factory.support.DefaultListableBeanFactory:529) - Eagerly caching bean &apos;sessionFactory&apos; to allow for resolving potential circular references
2018-12-14 12:08:38,632 DEBUG (org.springframework.beans.factory.support.DefaultListableBeanFactory:529) - Eagerly caching bean &apos;sessionFactory&apos; to allow for resolving potential circular references
2018-12-14 12:08:38,637 DEBUG (org.springframework.beans.factory.support.DefaultListableBeanFactory:221) - Creating shared instance of singleton bean &apos;dataSource&apos;
2018-12-14 12:08:38,637 DEBUG (org.springframework.beans.factory.support.DefaultListableBeanFactory:221) - Creating shared instance of singleton bean &apos;dataSource&apos;
2018-12-14 12:08:38,637 DEBUG (org.springframework.beans.factory.support.DefaultListableBeanFactory:448) - Creating instance of bean &apos;dataSource&apos;
2018-12-14 12:08:38,637 DEBUG (org.springframework.beans.factory.support.DefaultListableBeanFactory:448) - Creating instance of bean &apos;dataSource&apos;
2018-12-14 12:08:38,637 DEBUG (org.springframework.beans.factory.support.DefaultListableBeanFactory:250) - Returning cached instance of singleton bean &apos;managerTx&apos;
2018-12-14 12:08:38,637 DEBUG (org.springframework.beans.factory.support.DefaultListableBeanFactory:250) - Returning cached instance of singleton bean &apos;managerTx&apos;
2018-12-14 12:08:38,640 DEBUG (org.springframework.beans.factory.support.DefaultListableBeanFactory:529) - Eagerly caching bean &apos;dataSource&apos; to allow for resolving potential circular references
2018-12-14 12:08:38,640 DEBUG (org.springframework.beans.factory.support.DefaultListableBeanFactory:529) - Eagerly caching bean &apos;dataSource&apos; to allow for resolving potential circular references
2018-12-14 12:08:38,643 DEBUG (org.springframework.beans.factory.support.DefaultListableBeanFactory:250) - Returning cached instance of singleton bean &apos;managerTx&apos;
2018-12-14 12:08:38,643 DEBUG (org.springframework.beans.factory.support.DefaultListableBeanFactory:250) - Returning cached instance of singleton bean &apos;managerTx&apos;
2018-12-14 12:08:38,643 DEBUG (org.springframework.beans.factory.support.DefaultListableBeanFactory:250) - Returning cached instance of singleton bean &apos;managerTx&apos;
2018-12-14 12:08:38,643 DEBUG (org.springframework.beans.factory.support.DefaultListableBeanFactory:250) - Returning cached instance of singleton bean &apos;managerTx&apos;
2018-12-14 12:08:38,769 DEBUG (org.springframework.beans.factory.support.DefaultListableBeanFactory:484) - Finished creating instance of bean &apos;dataSource&apos;
2018-12-14 12:08:38,769 DEBUG (org.springframework.beans.factory.support.DefaultListableBeanFactory:484) - Finished creating instance of bean &apos;dataSource&apos;
2018-12-14 12:08:38,775 DEBUG (org.springframework.beans.factory.support.DefaultListableBeanFactory:1620) - Invoking afterPropertiesSet() on bean with name &apos;sessionFactory&apos;
2018-12-14 12:08:38,775 DEBUG (org.springframework.beans.factory.support.DefaultListableBeanFactory:1620) - Invoking afterPropertiesSet() on bean with name &apos;sessionFactory&apos;
2018-12-14 12:08:38,789 DEBUG (org.hibernate.type.BasicTypeRegistry:148) - Adding type registration boolean -&gt; org.hibernate.type.BooleanType@7905a0b8
2018-12-14 12:08:38,790 DEBUG (org.hibernate.type.BasicTypeRegistry:148) - Adding type registration boolean -&gt; org.hibernate.type.BooleanType@7905a0b8
2018-12-14 12:08:38,790 DEBUG (org.hibernate.type.BasicTypeRegistry:148) - Adding type registration java.lang.Boolean -&gt; org.hibernate.type.BooleanType@7905a0b8
2018-12-14 12:08:38,791 DEBUG (org.hibernate.type.BasicTypeRegistry:148) - Adding type registration numeric_boolean -&gt; org.hibernate.type.NumericBooleanType@6ca18a14
2018-12-14 12:08:38,792 DEBUG (org.hibernate.type.BasicTypeRegistry:148) - Adding type registration true_false -&gt; org.hibernate.type.TrueFalseType@64ec96c6
2018-12-14 12:08:38,793 DEBUG (org.hibernate.type.BasicTypeRegistry:148) - Adding type registration yes_no -&gt; org.hibernate.type.YesNoType@1e13529a
2018-12-14 12:08:38,795 DEBUG (org.hibernate.type.BasicTypeRegistry:148) - Adding type registration byte -&gt; org.hibernate.type.ByteType@e25951c
2018-12-14 12:08:38,795 DEBUG (org.hibernate.type.BasicTypeRegistry:148) - Adding type registration byte -&gt; org.hibernate.type.ByteType@e25951c
2018-12-14 12:08:38,795 DEBUG (org.hibernate.type.BasicTypeRegistry:148) - Adding type registration java.lang.Byte -&gt; org.hibernate.type.ByteType@e25951c
2018-12-14 12:08:38,797 DEBUG (org.hibernate.type.BasicTypeRegistry:148) - Adding type registration character -&gt; org.hibernate.type.CharacterType@19976a65
2018-12-14 12:08:38,797 DEBUG (org.hibernate.type.BasicTypeRegistry:148) - Adding type registration char -&gt; org.hibernate.type.CharacterType@19976a65
2018-12-14 12:08:38,797 DEBUG (org.hibernate.type.BasicTypeRegistry:148) - Adding type registration java.lang.Character -&gt; org.hibernate.type.CharacterType@19976a65
2018-12-14 12:08:38,799 DEBUG (org.hibernate.type.BasicTypeRegistry:148) - Adding type registration short -&gt; org.hibernate.type.ShortType@6531a794
2018-12-14 12:08:38,799 DEBUG (org.hibernate.type.BasicTypeRegistry:148) - Adding type registration short -&gt; org.hibernate.type.ShortType@6531a794
2018-12-14 12:08:38,800 DEBUG (org.hibernate.type.BasicTypeRegistry:148) - Adding type registration java.lang.Short -&gt; org.hibernate.type.ShortType@6531a794
2018-12-14 12:08:38,801 DEBUG (org.hibernate.type.BasicTypeRegistry:148) - Adding type registration integer -&gt; org.hibernate.type.IntegerType@102cec62
2018-12-14 12:08:38,801 DEBUG (org.hibernate.type.BasicTypeRegistry:148) - Adding type registration int -&gt; org.hibernate.type.IntegerType@102cec62
2018-12-14 12:08:38,801 DEBUG (org.hibernate.type.BasicTypeRegistry:148) - Adding type registration java.lang.Integer -&gt; org.hibernate.type.IntegerType@102cec62
2018-12-14 12:08:38,803 DEBUG (org.hibernate.type.BasicTypeRegistry:148) - Adding type registration long -&gt; org.hibernate.type.LongType@30b6ffe0
2018-12-14 12:08:38,803 DEBUG (org.hibernate.type.BasicTypeRegistry:148) - Adding type registration long -&gt; org.hibernate.type.LongType@30b6ffe0
2018-12-14 12:08:38,803 DEBUG (org.hibernate.type.BasicTypeRegistry:148) - Adding type registration java.lang.Long -&gt; org.hibernate.type.LongType@30b6ffe0
2018-12-14 12:08:38,804 DEBUG (org.hibernate.type.BasicTypeRegistry:148) - Adding type registration float -&gt; org.hibernate.type.FloatType@1890516e
2018-12-14 12:08:38,805 DEBUG (org.hibernate.type.BasicTypeRegistry:148) - Adding type registration float -&gt; org.hibernate.type.FloatType@1890516e
2018-12-14 12:08:38,805 DEBUG (org.hibernate.type.BasicTypeRegistry:148) - Adding type registration java.lang.Float -&gt; org.hibernate.type.FloatType@1890516e
2018-12-14 12:08:38,806 DEBUG (org.hibernate.type.BasicTypeRegistry:148) - Adding type registration double -&gt; org.hibernate.type.DoubleType@7c3fdb62
2018-12-14 12:08:38,806 DEBUG (org.hibernate.type.BasicTypeRegistry:148) - Adding type registration double -&gt; org.hibernate.type.DoubleType@7c3fdb62
2018-12-14 12:08:38,807 DEBUG (org.hibernate.type.BasicTypeRegistry:148) - Adding type registration java.lang.Double -&gt; org.hibernate.type.DoubleType@7c3fdb62
2018-12-14 12:08:38,808 DEBUG (org.hibernate.type.BasicTypeRegistry:148) - Adding type registration big_decimal -&gt; org.hibernate.type.BigDecimalType@42e25b0b
2018-12-14 12:08:38,808 DEBUG (org.hibernate.type.BasicTypeRegistry:148) - Adding type registration java.math.BigDecimal -&gt; org.hibernate.type.BigDecimalType@42e25b0b
2018-12-14 12:08:38,809 DEBUG (org.hibernate.type.BasicTypeRegistry:148) - Adding type registration big_integer -&gt; org.hibernate.type.BigIntegerType@6aa8e115
2018-12-14 12:08:38,809 DEBUG (org.hibernate.type.BasicTypeRegistry:148) - Adding type registration java.math.BigInteger -&gt; org.hibernate.type.BigIntegerType@6aa8e115
2018-12-14 12:08:38,810 DEBUG (org.hibernate.type.BasicTypeRegistry:148) - Adding type registration string -&gt; org.hibernate.type.StringType@239105a8
2018-12-14 12:08:38,811 DEBUG (org.hibernate.type.BasicTypeRegistry:148) - Adding type registration java.lang.String -&gt; org.hibernate.type.StringType@239105a8
2018-12-14 12:08:38,812 DEBUG (org.hibernate.type.BasicTypeRegistry:148) - Adding type registration nstring -&gt; org.hibernate.type.StringNVarcharType@1df8b5b8
2018-12-14 12:08:38,812 DEBUG (org.hibernate.type.BasicTypeRegistry:148) - Adding type registration ncharacter -&gt; org.hibernate.type.CharacterNCharType@4d6025c5
2018-12-14 12:08:38,813 DEBUG (org.hibernate.type.BasicTypeRegistry:148) - Adding type registration url -&gt; org.hibernate.type.UrlType@3fa247d1
2018-12-14 12:08:38,813 DEBUG (org.hibernate.type.BasicTypeRegistry:148) - Adding type registration java.net.URL -&gt; org.hibernate.type.UrlType@3fa247d1
2018-12-14 12:08:38,815 DEBUG (org.hibernate.type.BasicTypeRegistry:148) - Adding type registration date -&gt; org.hibernate.type.DateType@3116c353
2018-12-14 12:08:38,815 DEBUG (org.hibernate.type.BasicTypeRegistry:148) - Adding type registration java.sql.Date -&gt; org.hibernate.type.DateType@3116c353
2018-12-14 12:08:38,816 DEBUG (org.hibernate.type.BasicTypeRegistry:148) - Adding type registration time -&gt; org.hibernate.type.TimeType@3e44f2a5
2018-12-14 12:08:38,817 DEBUG (org.hibernate.type.BasicTypeRegistry:148) - Adding type registration java.sql.Time -&gt; org.hibernate.type.TimeType@3e44f2a5
2018-12-14 12:08:38,818 DEBUG (org.hibernate.type.BasicTypeRegistry:148) - Adding type registration timestamp -&gt; org.hibernate.type.TimestampType@7a3793c7
2018-12-14 12:08:38,818 DEBUG (org.hibernate.type.BasicTypeRegistry:148) - Adding type registration java.sql.Timestamp -&gt; org.hibernate.type.TimestampType@7a3793c7
2018-12-14 12:08:38,818 DEBUG (org.hibernate.type.BasicTypeRegistry:148) - Adding type registration java.util.Date -&gt; org.hibernate.type.TimestampType@7a3793c7
2018-12-14 12:08:38,820 DEBUG (org.hibernate.type.BasicTypeRegistry:148) - Adding type registration dbtimestamp -&gt; org.hibernate.type.DbTimestampType@4dd6fd0a
2018-12-14 12:08:38,822 DEBUG (org.hibernate.type.BasicTypeRegistry:148) - Adding type registration calendar -&gt; org.hibernate.type.CalendarType@589da3f3
2018-12-14 12:08:38,823 DEBUG (org.hibernate.type.BasicTypeRegistry:148) - Adding type registration java.util.Calendar -&gt; org.hibernate.type.CalendarType@589da3f3
2018-12-14 12:08:38,823 DEBUG (org.hibernate.type.BasicTypeRegistry:148) - Adding type registration java.util.GregorianCalendar -&gt; org.hibernate.type.CalendarType@589da3f3
2018-12-14 12:08:38,824 DEBUG (org.hibernate.type.BasicTypeRegistry:148) - Adding type registration calendar_date -&gt; org.hibernate.type.CalendarDateType@6736fa8d
2018-12-14 12:08:38,825 DEBUG (org.hibernate.type.BasicTypeRegistry:148) - Adding type registration locale -&gt; org.hibernate.type.LocaleType@14a50707
2018-12-14 12:08:38,826 DEBUG (org.hibernate.type.BasicTypeRegistry:148) - Adding type registration java.util.Locale -&gt; org.hibernate.type.LocaleType@14a50707
2018-12-14 12:08:38,827 DEBUG (org.hibernate.type.BasicTypeRegistry:148) - Adding type registration currency -&gt; org.hibernate.type.CurrencyType@7354b8c5
2018-12-14 12:08:38,827 DEBUG (org.hibernate.type.BasicTypeRegistry:148) - Adding type registration java.util.Currency -&gt; org.hibernate.type.CurrencyType@7354b8c5
2018-12-14 12:08:38,828 DEBUG (org.hibernate.type.BasicTypeRegistry:148) - Adding type registration timezone -&gt; org.hibernate.type.TimeZoneType@59e2d8e3
2018-12-14 12:08:38,828 DEBUG (org.hibernate.type.BasicTypeRegistry:148) - Adding type registration java.util.TimeZone -&gt; org.hibernate.type.TimeZoneType@59e2d8e3
2018-12-14 12:08:38,829 DEBUG (org.hibernate.type.BasicTypeRegistry:148) - Adding type registration class -&gt; org.hibernate.type.ClassType@2fba3fc4
2018-12-14 12:08:38,829 DEBUG (org.hibernate.type.BasicTypeRegistry:148) - Adding type registration java.lang.Class -&gt; org.hibernate.type.ClassType@2fba3fc4
2018-12-14 12:08:38,831 DEBUG (org.hibernate.type.BasicTypeRegistry:148) - Adding type registration uuid-binary -&gt; org.hibernate.type.UUIDBinaryType@13b3d178
2018-12-14 12:08:38,831 DEBUG (org.hibernate.type.BasicTypeRegistry:148) - Adding type registration java.util.UUID -&gt; org.hibernate.type.UUIDBinaryType@13b3d178
2018-12-14 12:08:38,832 DEBUG (org.hibernate.type.BasicTypeRegistry:148) - Adding type registration uuid-char -&gt; org.hibernate.type.UUIDCharType@a82c5f1
2018-12-14 12:08:38,832 DEBUG (org.hibernate.type.BasicTypeRegistry:148) - Adding type registration pg-uuid -&gt; org.hibernate.type.PostgresUUIDType@4e07b95f
2018-12-14 12:08:38,834 DEBUG (org.hibernate.type.BasicTypeRegistry:148) - Adding type registration binary -&gt; org.hibernate.type.BinaryType@43599640
2018-12-14 12:08:38,834 DEBUG (org.hibernate.type.BasicTypeRegistry:148) - Adding type registration byte[] -&gt; org.hibernate.type.BinaryType@43599640
2018-12-14 12:08:38,834 DEBUG (org.hibernate.type.BasicTypeRegistry:148) - Adding type registration [B -&gt; org.hibernate.type.BinaryType@43599640
2018-12-14 12:08:38,835 DEBUG (org.hibernate.type.BasicTypeRegistry:148) - Adding type registration wrapper-binary -&gt; org.hibernate.type.WrapperBinaryType@544d57e
2018-12-14 12:08:38,835 DEBUG (org.hibernate.type.BasicTypeRegistry:148) - Adding type registration Byte[] -&gt; org.hibernate.type.WrapperBinaryType@544d57e
2018-12-14 12:08:38,836 DEBUG (org.hibernate.type.BasicTypeRegistry:148) - Adding type registration [Ljava.lang.Byte; -&gt; org.hibernate.type.WrapperBinaryType@544d57e
2018-12-14 12:08:38,836 DEBUG (org.hibernate.type.BasicTypeRegistry:148) - Adding type registration image -&gt; org.hibernate.type.ImageType@26df6e3a
2018-12-14 12:08:38,837 DEBUG (org.hibernate.type.BasicTypeRegistry:148) - Adding type registration characters -&gt; org.hibernate.type.CharArrayType@29a5f4e7
2018-12-14 12:08:38,837 DEBUG (org.hibernate.type.BasicTypeRegistry:148) - Adding type registration char[] -&gt; org.hibernate.type.CharArrayType@29a5f4e7
2018-12-14 12:08:38,837 DEBUG (org.hibernate.type.BasicTypeRegistry:148) - Adding type registration [C -&gt; org.hibernate.type.CharArrayType@29a5f4e7
2018-12-14 12:08:38,839 DEBUG (org.hibernate.type.BasicTypeRegistry:148) - Adding type registration wrapper-characters -&gt; org.hibernate.type.CharacterArrayType@27e47833
2018-12-14 12:08:38,839 DEBUG (org.hibernate.type.BasicTypeRegistry:148) - Adding type registration [Ljava.lang.Character; -&gt; org.hibernate.type.CharacterArrayType@27e47833
2018-12-14 12:08:38,839 DEBUG (org.hibernate.type.BasicTypeRegistry:148) - Adding type registration Character[] -&gt; org.hibernate.type.CharacterArrayType@27e47833
2018-12-14 12:08:38,840 DEBUG (org.hibernate.type.BasicTypeRegistry:148) - Adding type registration text -&gt; org.hibernate.type.TextType@1e4d3ce5
2018-12-14 12:08:38,841 DEBUG (org.hibernate.type.BasicTypeRegistry:148) - Adding type registration ntext -&gt; org.hibernate.type.NTextType@1e81f160
2018-12-14 12:08:38,844 DEBUG (org.hibernate.type.BasicTypeRegistry:148) - Adding type registration blob -&gt; org.hibernate.type.BlobType@6c372fe6
2018-12-14 12:08:38,844 DEBUG (org.hibernate.type.BasicTypeRegistry:148) - Adding type registration java.sql.Blob -&gt; org.hibernate.type.BlobType@6c372fe6
2018-12-14 12:08:38,845 DEBUG (org.hibernate.type.BasicTypeRegistry:148) - Adding type registration materialized_blob -&gt; org.hibernate.type.MaterializedBlobType@4167d97b
2018-12-14 12:08:38,847 DEBUG (org.hibernate.type.BasicTypeRegistry:148) - Adding type registration clob -&gt; org.hibernate.type.ClobType@57576994
2018-12-14 12:08:38,848 DEBUG (org.hibernate.type.BasicTypeRegistry:148) - Adding type registration java.sql.Clob -&gt; org.hibernate.type.ClobType@57576994
2018-12-14 12:08:38,850 DEBUG (org.hibernate.type.BasicTypeRegistry:148) - Adding type registration nclob -&gt; org.hibernate.type.NClobType@2b175c00
2018-12-14 12:08:38,851 DEBUG (org.hibernate.type.BasicTypeRegistry:148) - Adding type registration java.sql.NClob -&gt; org.hibernate.type.NClobType@2b175c00
2018-12-14 12:08:38,851 DEBUG (org.hibernate.type.BasicTypeRegistry:148) - Adding type registration materialized_clob -&gt; org.hibernate.type.MaterializedClobType@6cdba6dc
2018-12-14 12:08:38,851 DEBUG (org.hibernate.type.BasicTypeRegistry:148) - Adding type registration materialized_nclob -&gt; org.hibernate.type.MaterializedNClobType@5cdec700
2018-12-14 12:08:38,852 DEBUG (org.hibernate.type.BasicTypeRegistry:148) - Adding type registration serializable -&gt; org.hibernate.type.SerializableType@4b7dc788
2018-12-14 12:08:38,854 DEBUG (org.hibernate.type.BasicTypeRegistry:148) - Adding type registration object -&gt; org.hibernate.type.ObjectType@7674b62c
2018-12-14 12:08:38,855 DEBUG (org.hibernate.type.BasicTypeRegistry:148) - Adding type registration java.lang.Object -&gt; org.hibernate.type.ObjectType@7674b62c
2018-12-14 12:08:38,855 DEBUG (org.hibernate.type.BasicTypeRegistry:148) - Adding type registration imm_date -&gt; org.hibernate.type.AdaptedImmutableType@45a4b042
2018-12-14 12:08:38,856 DEBUG (org.hibernate.type.BasicTypeRegistry:148) - Adding type registration imm_time -&gt; org.hibernate.type.AdaptedImmutableType@16b2bb0c
2018-12-14 12:08:38,856 DEBUG (org.hibernate.type.BasicTypeRegistry:148) - Adding type registration imm_timestamp -&gt; org.hibernate.type.AdaptedImmutableType@327af41b
2018-12-14 12:08:38,856 DEBUG (org.hibernate.type.BasicTypeRegistry:148) - Adding type registration imm_dbtimestamp -&gt; org.hibernate.type.AdaptedImmutableType@6cb6decd
2018-12-14 12:08:38,857 DEBUG (org.hibernate.type.BasicTypeRegistry:148) - Adding type registration imm_calendar -&gt; org.hibernate.type.AdaptedImmutableType@c7045b9
2018-12-14 12:08:38,857 DEBUG (org.hibernate.type.BasicTypeRegistry:148) - Adding type registration imm_calendar_date -&gt; org.hibernate.type.AdaptedImmutableType@f99f5e0
2018-12-14 12:08:38,857 DEBUG (org.hibernate.type.BasicTypeRegistry:148) - Adding type registration imm_binary -&gt; org.hibernate.type.AdaptedImmutableType@6aa61224
2018-12-14 12:08:38,857 DEBUG (org.hibernate.type.BasicTypeRegistry:148) - Adding type registration imm_serializable -&gt; org.hibernate.type.AdaptedImmutableType@30bce90b
2018-12-14 12:08:38,871  INFO (org.hibernate.annotations.common.Version:37) - HCANN000001: Hibernate Commons Annotations {4.0.1.Final}
2018-12-14 12:08:38,875  INFO (org.hibernate.Version:41) - HHH000412: Hibernate Core {4.2.0.Final}
2018-12-14 12:08:38,877  INFO (org.hibernate.cfg.Environment:239) - HHH000206: hibernate.properties not found
2018-12-14 12:08:38,878  INFO (org.hibernate.cfg.Environment:342) - HHH000021: Bytecode provider name : javassist
2018-12-14 12:08:38,888 DEBUG (org.hibernate.id.factory.internal.DefaultIdentifierGeneratorFactory:93) - Registering IdentifierGenerator strategy [uuid2] -&gt; [org.hibernate.id.UUIDGenerator]
2018-12-14 12:08:38,889 DEBUG (org.hibernate.id.factory.internal.DefaultIdentifierGeneratorFactory:93) - Registering IdentifierGenerator strategy [guid] -&gt; [org.hibernate.id.GUIDGenerator]
2018-12-14 12:08:38,891 DEBUG (org.hibernate.id.factory.internal.DefaultIdentifierGeneratorFactory:93) - Registering IdentifierGenerator strategy [uuid] -&gt; [org.hibernate.id.UUIDHexGenerator]
2018-12-14 12:08:38,891 DEBUG (org.hibernate.id.factory.internal.DefaultIdentifierGeneratorFactory:93) - Registering IdentifierGenerator strategy [uuid.hex] -&gt; [org.hibernate.id.UUIDHexGenerator]
2018-12-14 12:08:38,893 DEBUG (org.hibernate.id.factory.internal.DefaultIdentifierGeneratorFactory:93) - Registering IdentifierGenerator strategy [hilo] -&gt; [org.hibernate.id.TableHiLoGenerator]
2018-12-14 12:08:38,894 DEBUG (org.hibernate.id.factory.internal.DefaultIdentifierGeneratorFactory:93) - Registering IdentifierGenerator strategy [assigned] -&gt; [org.hibernate.id.Assigned]
2018-12-14 12:08:38,895 DEBUG (org.hibernate.id.factory.internal.DefaultIdentifierGeneratorFactory:93) - Registering IdentifierGenerator strategy [identity] -&gt; [org.hibernate.id.IdentityGenerator]
2018-12-14 12:08:38,896 DEBUG (org.hibernate.id.factory.internal.DefaultIdentifierGeneratorFactory:93) - Registering IdentifierGenerator strategy [select] -&gt; [org.hibernate.id.SelectGenerator]
2018-12-14 12:08:38,897 DEBUG (org.hibernate.id.factory.internal.DefaultIdentifierGeneratorFactory:93) - Registering IdentifierGenerator strategy [sequence] -&gt; [org.hibernate.id.SequenceGenerator]
2018-12-14 12:08:38,897 DEBUG (org.hibernate.id.factory.internal.DefaultIdentifierGeneratorFactory:93) - Registering IdentifierGenerator strategy [seqhilo] -&gt; [org.hibernate.id.SequenceHiLoGenerator]
2018-12-14 12:08:38,898 DEBUG (org.hibernate.id.factory.internal.DefaultIdentifierGeneratorFactory:93) - Registering IdentifierGenerator strategy [increment] -&gt; [org.hibernate.id.IncrementGenerator]
2018-12-14 12:08:38,899 DEBUG (org.hibernate.id.factory.internal.DefaultIdentifierGeneratorFactory:93) - Registering IdentifierGenerator strategy [foreign] -&gt; [org.hibernate.id.ForeignGenerator]
2018-12-14 12:08:38,899 DEBUG (org.hibernate.id.factory.internal.DefaultIdentifierGeneratorFactory:93) - Registering IdentifierGenerator strategy [sequence-identity] -&gt; [org.hibernate.id.SequenceIdentityGenerator]
2018-12-14 12:08:38,901 DEBUG (org.hibernate.id.factory.internal.DefaultIdentifierGeneratorFactory:93) - Registering IdentifierGenerator strategy [enhanced-sequence] -&gt; [org.hibernate.id.enhanced.SequenceStyleGenerator]
2018-12-14 12:08:38,902 DEBUG (org.hibernate.id.factory.internal.DefaultIdentifierGeneratorFactory:93) - Registering IdentifierGenerator strategy [enhanced-table] -&gt; [org.hibernate.id.enhanced.TableGenerator]
2018-12-14 12:08:38,905 DEBUG (org.springframework.core.io.support.PathMatchingResourcePatternResolver:631) - Looking for matching resources in directory tree [E:\work_java\chapter20\target\classes\com\smart\domain]
2018-12-14 12:08:38,905 DEBUG (org.springframework.core.io.support.PathMatchingResourcePatternResolver:631) - Looking for matching resources in directory tree [E:\work_java\chapter20\target\classes\com\smart\domain]
2018-12-14 12:08:38,905 DEBUG (org.springframework.core.io.support.PathMatchingResourcePatternResolver:693) - Searching directory [E:\work_java\chapter20\target\classes\com\smart\domain] for files matching pattern [E:/work_java/chapter20/target/classes/com/smart/domain/**/*.class]
2018-12-14 12:08:38,905 DEBUG (org.springframework.core.io.support.PathMatchingResourcePatternResolver:693) - Searching directory [E:\work_java\chapter20\target\classes\com\smart\domain] for files matching pattern [E:/work_java/chapter20/target/classes/com/smart/domain/**/*.class]
2018-12-14 12:08:38,906 DEBUG (org.springframework.core.io.support.PathMatchingResourcePatternResolver:424) - Resolved location pattern [classpath*:com/smart/domain/**/*.class] to resources [file [E:\work_java\chapter20\target\classes\com\smart\domain\LoginLog.class], file [E:\work_java\chapter20\target\classes\com\smart\domain\User.class]]
2018-12-14 12:08:38,906 DEBUG (org.springframework.core.io.support.PathMatchingResourcePatternResolver:424) - Resolved location pattern [classpath*:com/smart/domain/**/*.class] to resources [file [E:\work_java\chapter20\target\classes\com\smart\domain\LoginLog.class], file [E:\work_java\chapter20\target\classes\com\smart\domain\User.class]]
2018-12-14 12:08:38,917 DEBUG (org.hibernate.integrator.internal.IntegratorServiceImpl:59) - Adding Integrator [org.hibernate.cfg.beanvalidation.BeanValidationIntegrator].
2018-12-14 12:08:38,933 DEBUG (org.hibernate.cfg.Configuration:1735) - Preparing to build session factory with filters : {}
2018-12-14 12:08:38,951 DEBUG (org.hibernate.cfg.Configuration:3416) - Processing hbm.xml files
2018-12-14 12:08:38,952 DEBUG (org.hibernate.cfg.Configuration:3446) - Process annotated classes
2018-12-14 12:08:38,955 DEBUG (org.hibernate.cfg.AnnotationBinder:531) - Binding entity from annotated class: com.smart.domain.LoginLog
2018-12-14 12:08:38,974 DEBUG (org.hibernate.cfg.Ejb3Column:196) - Binding column: Ejb3DiscriminatorColumn{logicalColumnName&apos;DTYPE&apos;, discriminatorTypeName=&apos;string&apos;}
2018-12-14 12:08:38,976 DEBUG (org.hibernate.cfg.AnnotationBinder:989) - No value specified for &apos;javax.persistence.sharedCache.mode&apos;; using UNSPECIFIED
2018-12-14 12:08:38,980 DEBUG (org.hibernate.cfg.annotations.EntityBinder:394) - Import with entity name LoginLog
2018-12-14 12:08:38,982 DEBUG (org.hibernate.cfg.annotations.EntityBinder:564) - Bind entity com.smart.domain.LoginLog on table t_login_log
2018-12-14 12:08:39,000 DEBUG (org.hibernate.cfg.Ejb3Column:196) - Binding column: Ejb3Column{table=org.hibernate.mapping.Table(t_login_log), mappingColumn=login_log_id, insertable=true, updatable=true, unique=false}
2018-12-14 12:08:39,004 DEBUG (org.hibernate.cfg.annotations.PropertyBinder:179) - MetadataSourceProcessor property loginLogId with lazy=false
2018-12-14 12:08:39,007 DEBUG (org.hibernate.cfg.annotations.SimpleValueBinder:331) - building SimpleValue for loginLogId
2018-12-14 12:08:39,008 DEBUG (org.hibernate.cfg.annotations.PropertyBinder:260) - Building property loginLogId
2018-12-14 12:08:39,011 DEBUG (org.hibernate.cfg.Ejb3Column:196) - Binding column: Ejb3Column{table=org.hibernate.mapping.Table(t_login_log), mappingColumn=ip, insertable=true, updatable=true, unique=false}
2018-12-14 12:08:39,012 DEBUG (org.hibernate.cfg.annotations.PropertyBinder:179) - MetadataSourceProcessor property ip with lazy=false
2018-12-14 12:08:39,012 DEBUG (org.hibernate.cfg.annotations.SimpleValueBinder:331) - building SimpleValue for ip
2018-12-14 12:08:39,012 DEBUG (org.hibernate.cfg.annotations.PropertyBinder:260) - Building property ip
2018-12-14 12:08:39,013 DEBUG (org.hibernate.cfg.Ejb3Column:196) - Binding column: Ejb3Column{table=org.hibernate.mapping.Table(t_login_log), mappingColumn=login_datetime, insertable=true, updatable=true, unique=false}
2018-12-14 12:08:39,013 DEBUG (org.hibernate.cfg.annotations.PropertyBinder:179) - MetadataSourceProcessor property loginDate with lazy=false
2018-12-14 12:08:39,013 DEBUG (org.hibernate.cfg.annotations.SimpleValueBinder:331) - building SimpleValue for loginDate
2018-12-14 12:08:39,013 DEBUG (org.hibernate.cfg.annotations.PropertyBinder:260) - Building property loginDate
2018-12-14 12:08:39,014 DEBUG (org.hibernate.cfg.Ejb3Column:196) - Binding column: Ejb3Column{table=org.hibernate.mapping.Table(t_login_log), mappingColumn=user_id, insertable=true, updatable=true, unique=false}
2018-12-14 12:08:39,014 DEBUG (org.hibernate.cfg.annotations.PropertyBinder:179) - MetadataSourceProcessor property userId with lazy=false
2018-12-14 12:08:39,014 DEBUG (org.hibernate.cfg.annotations.SimpleValueBinder:331) - building SimpleValue for userId
2018-12-14 12:08:39,014 DEBUG (org.hibernate.cfg.annotations.PropertyBinder:260) - Building property userId
2018-12-14 12:08:39,016 DEBUG (org.hibernate.cfg.AnnotationBinder:531) - Binding entity from annotated class: com.smart.domain.User
2018-12-14 12:08:39,016 DEBUG (org.hibernate.cfg.Ejb3Column:196) - Binding column: Ejb3DiscriminatorColumn{logicalColumnName&apos;DTYPE&apos;, discriminatorTypeName=&apos;string&apos;}
2018-12-14 12:08:39,016 DEBUG (org.hibernate.cfg.AnnotationBinder:989) - No value specified for &apos;javax.persistence.sharedCache.mode&apos;; using UNSPECIFIED
2018-12-14 12:08:39,017 DEBUG (org.hibernate.cfg.annotations.EntityBinder:394) - Import with entity name User
2018-12-14 12:08:39,017 DEBUG (org.hibernate.cfg.annotations.EntityBinder:564) - Bind entity com.smart.domain.User on table t_user
2018-12-14 12:08:39,018 DEBUG (org.hibernate.cfg.Ejb3Column:196) - Binding column: Ejb3Column{table=org.hibernate.mapping.Table(t_user), mappingColumn=user_id, insertable=true, updatable=true, unique=false}
2018-12-14 12:08:39,018 DEBUG (org.hibernate.cfg.annotations.PropertyBinder:179) - MetadataSourceProcessor property userId with lazy=false
2018-12-14 12:08:39,019 DEBUG (org.hibernate.cfg.annotations.SimpleValueBinder:331) - building SimpleValue for userId
2018-12-14 12:08:39,019 DEBUG (org.hibernate.cfg.annotations.PropertyBinder:260) - Building property userId
2018-12-14 12:08:39,019 DEBUG (org.hibernate.cfg.Ejb3Column:196) - Binding column: Ejb3Column{table=org.hibernate.mapping.Table(t_user), mappingColumn=credit, insertable=true, updatable=true, unique=false}
2018-12-14 12:08:39,019 DEBUG (org.hibernate.cfg.annotations.PropertyBinder:179) - MetadataSourceProcessor property credit with lazy=false
2018-12-14 12:08:39,020 DEBUG (org.hibernate.cfg.annotations.SimpleValueBinder:331) - building SimpleValue for credit
2018-12-14 12:08:39,020 DEBUG (org.hibernate.cfg.annotations.PropertyBinder:260) - Building property credit
2018-12-14 12:08:39,020 DEBUG (org.hibernate.cfg.Ejb3Column:196) - Binding column: Ejb3Column{table=org.hibernate.mapping.Table(t_user), mappingColumn=last_ip, insertable=true, updatable=true, unique=false}
2018-12-14 12:08:39,021 DEBUG (org.hibernate.cfg.annotations.PropertyBinder:179) - MetadataSourceProcessor property lastIp with lazy=false
2018-12-14 12:08:39,021 DEBUG (org.hibernate.cfg.annotations.SimpleValueBinder:331) - building SimpleValue for lastIp
2018-12-14 12:08:39,021 DEBUG (org.hibernate.cfg.annotations.PropertyBinder:260) - Building property lastIp
2018-12-14 12:08:39,022 DEBUG (org.hibernate.cfg.Ejb3Column:196) - Binding column: Ejb3Column{table=org.hibernate.mapping.Table(t_user), mappingColumn=last_visit, insertable=true, updatable=true, unique=false}
2018-12-14 12:08:39,022 DEBUG (org.hibernate.cfg.annotations.PropertyBinder:179) - MetadataSourceProcessor property lastVisit with lazy=false
2018-12-14 12:08:39,023 DEBUG (org.hibernate.cfg.annotations.SimpleValueBinder:331) - building SimpleValue for lastVisit
2018-12-14 12:08:39,023 DEBUG (org.hibernate.cfg.annotations.PropertyBinder:260) - Building property lastVisit
2018-12-14 12:08:39,023 DEBUG (org.hibernate.cfg.Ejb3Column:196) - Binding column: Ejb3Column{table=org.hibernate.mapping.Table(t_user), mappingColumn=password, insertable=true, updatable=true, unique=false}
2018-12-14 12:08:39,024 DEBUG (org.hibernate.cfg.annotations.PropertyBinder:179) - MetadataSourceProcessor property password with lazy=false
2018-12-14 12:08:39,024 DEBUG (org.hibernate.cfg.annotations.SimpleValueBinder:331) - building SimpleValue for password
2018-12-14 12:08:39,024 DEBUG (org.hibernate.cfg.annotations.PropertyBinder:260) - Building property password
2018-12-14 12:08:39,024 DEBUG (org.hibernate.cfg.Ejb3Column:196) - Binding column: Ejb3Column{table=org.hibernate.mapping.Table(t_user), mappingColumn=user_name, insertable=true, updatable=true, unique=false}
2018-12-14 12:08:39,025 DEBUG (org.hibernate.cfg.annotations.PropertyBinder:179) - MetadataSourceProcessor property userName with lazy=false
2018-12-14 12:08:39,025 DEBUG (org.hibernate.cfg.annotations.SimpleValueBinder:331) - building SimpleValue for userName
2018-12-14 12:08:39,025 DEBUG (org.hibernate.cfg.annotations.PropertyBinder:260) - Building property userName
2018-12-14 12:08:39,025 DEBUG (org.hibernate.cfg.annotations.SimpleValueBinder:369) - Setting SimpleValue typeName for loginLogId
2018-12-14 12:08:39,026 DEBUG (org.hibernate.cfg.annotations.SimpleValueBinder:369) - Setting SimpleValue typeName for ip
2018-12-14 12:08:39,026 DEBUG (org.hibernate.cfg.annotations.SimpleValueBinder:369) - Setting SimpleValue typeName for loginDate
2018-12-14 12:08:39,026 DEBUG (org.hibernate.cfg.annotations.SimpleValueBinder:369) - Setting SimpleValue typeName for userId
2018-12-14 12:08:39,026 DEBUG (org.hibernate.cfg.annotations.SimpleValueBinder:369) - Setting SimpleValue typeName for userId
2018-12-14 12:08:39,026 DEBUG (org.hibernate.cfg.annotations.SimpleValueBinder:369) - Setting SimpleValue typeName for credit
2018-12-14 12:08:39,028 DEBUG (org.hibernate.cfg.annotations.SimpleValueBinder:369) - Setting SimpleValue typeName for lastIp
2018-12-14 12:08:39,028 DEBUG (org.hibernate.cfg.annotations.SimpleValueBinder:369) - Setting SimpleValue typeName for lastVisit
2018-12-14 12:08:39,028 DEBUG (org.hibernate.cfg.annotations.SimpleValueBinder:369) - Setting SimpleValue typeName for password
2018-12-14 12:08:39,028 DEBUG (org.hibernate.cfg.annotations.SimpleValueBinder:369) - Setting SimpleValue typeName for userName
2018-12-14 12:08:39,028 DEBUG (org.hibernate.cfg.Configuration:1406) - Processing fk mappings (*ToOne and JoinedSubclass)
2018-12-14 12:08:39,030 DEBUG (org.hibernate.cfg.Configuration:1585) - Processing extends queue
2018-12-14 12:08:39,030 DEBUG (org.hibernate.cfg.Configuration:1643) - Processing extends queue
2018-12-14 12:08:39,030 DEBUG (org.hibernate.cfg.Configuration:1588) - Processing collection mappings
2018-12-14 12:08:39,030 DEBUG (org.hibernate.cfg.Configuration:1598) - Processing native query and ResultSetMapping mappings
2018-12-14 12:08:39,030 DEBUG (org.hibernate.cfg.Configuration:1606) - Processing association property references
2018-12-14 12:08:39,030 DEBUG (org.hibernate.cfg.Configuration:1628) - Creating tables&apos; unique integer identifiers
2018-12-14 12:08:39,030 DEBUG (org.hibernate.cfg.Configuration:1629) - Processing foreign key constraints
2018-12-14 12:08:39,347 DEBUG (org.hibernate.engine.jdbc.internal.JdbcServicesImpl:121) - Database -&gt;
       name : MySQL
    version : 5.7.17-log
      major : 5
      minor : 7
2018-12-14 12:08:39,347 DEBUG (org.hibernate.engine.jdbc.internal.JdbcServicesImpl:127) - Driver -&gt;
       name : MySQL Connector Java
    version : mysql-connector-java-5.1.29 ( Revision: alexander.soklakov@oracle.com-20140120140810-s44574olh90i6i4l )
      major : 5
      minor : 1
2018-12-14 12:08:39,347 DEBUG (org.hibernate.engine.jdbc.internal.JdbcServicesImpl:133) - JDBC version : 4.0
2018-12-14 12:08:39,363  INFO (org.hibernate.dialect.Dialect:128) - HHH000400: Using dialect: org.hibernate.dialect.MySQL5Dialect
2018-12-14 12:08:39,380 DEBUG (org.hibernate.cfg.SettingsFactory:114) - Automatic flush during beforeCompletion(): disabled
2018-12-14 12:08:39,380 DEBUG (org.hibernate.cfg.SettingsFactory:120) - Automatic session close at end of transaction: disabled
2018-12-14 12:08:39,381 DEBUG (org.hibernate.cfg.SettingsFactory:131) - JDBC batch size: 15
2018-12-14 12:08:39,381 DEBUG (org.hibernate.cfg.SettingsFactory:137) - JDBC batch updates for versioned data: disabled
2018-12-14 12:08:39,381 DEBUG (org.hibernate.cfg.SettingsFactory:147) - Scrollable result sets: enabled
2018-12-14 12:08:39,382 DEBUG (org.hibernate.cfg.SettingsFactory:153) - Wrap result sets: disabled
2018-12-14 12:08:39,382 DEBUG (org.hibernate.cfg.SettingsFactory:159) - JDBC3 getGeneratedKeys(): enabled
2018-12-14 12:08:39,382 DEBUG (org.hibernate.cfg.SettingsFactory:171) - multi-tenancy strategy : NONE
2018-12-14 12:08:39,382 DEBUG (org.hibernate.cfg.SettingsFactory:177) - Connection release mode: auto
2018-12-14 12:08:39,383  INFO (org.hibernate.engine.transaction.internal.TransactionFactoryInitiator:68) - HHH000399: Using default transaction strategy (direct JDBC transactions)
2018-12-14 12:08:39,386 DEBUG (org.hibernate.cfg.SettingsFactory:199) - Using BatchFetchStyle : LEGACY
2018-12-14 12:08:39,386 DEBUG (org.hibernate.cfg.SettingsFactory:218) - Maximum outer join fetch depth: 2
2018-12-14 12:08:39,387 DEBUG (org.hibernate.cfg.SettingsFactory:224) - Default batch fetch size: 1
2018-12-14 12:08:39,387 DEBUG (org.hibernate.cfg.SettingsFactory:230) - Generate SQL with comments: disabled
2018-12-14 12:08:39,387 DEBUG (org.hibernate.cfg.SettingsFactory:236) - Order SQL updates by primary key: disabled
2018-12-14 12:08:39,387 DEBUG (org.hibernate.cfg.SettingsFactory:242) - Order SQL inserts for batching: disabled
2018-12-14 12:08:39,388 DEBUG (org.hibernate.cfg.SettingsFactory:250) - Default null ordering: none
2018-12-14 12:08:39,388 DEBUG (org.hibernate.cfg.SettingsFactory:541) - Query translator: org.hibernate.hql.internal.ast.ASTQueryTranslatorFactory
2018-12-14 12:08:39,390  INFO (org.hibernate.hql.internal.ast.ASTQueryTranslatorFactory:48) - HHH000397: Using ASTQueryTranslatorFactory
2018-12-14 12:08:39,390 DEBUG (org.hibernate.cfg.SettingsFactory:260) - Query language substitutions: {}
2018-12-14 12:08:39,390 DEBUG (org.hibernate.cfg.SettingsFactory:266) - JPA-QL strict compliance: disabled
2018-12-14 12:08:39,391 DEBUG (org.hibernate.cfg.SettingsFactory:274) - Second-level cache: enabled
2018-12-14 12:08:39,391 DEBUG (org.hibernate.cfg.SettingsFactory:280) - Query cache: disabled
2018-12-14 12:08:39,391 DEBUG (org.hibernate.cfg.SettingsFactory:481) - Cache region factory : org.hibernate.cache.internal.NoCachingRegionFactory
2018-12-14 12:08:39,392 DEBUG (org.hibernate.cfg.SettingsFactory:491) - org.hibernate.cache.internal.NoCachingRegionFactory did not provide constructor accepting java.util.Properties; attempting no-arg constructor.
2018-12-14 12:08:39,392 DEBUG (org.hibernate.cfg.SettingsFactory:295) - Optimize cache for minimal puts: disabled
2018-12-14 12:08:39,392 DEBUG (org.hibernate.cfg.SettingsFactory:310) - Structured second-level cache entries: disabled
2018-12-14 12:08:39,393 DEBUG (org.hibernate.cfg.SettingsFactory:320) - Second-level cache direct-reference entries: disabled
2018-12-14 12:08:39,393 DEBUG (org.hibernate.cfg.SettingsFactory:328) - Statistics: disabled
2018-12-14 12:08:39,393 DEBUG (org.hibernate.cfg.SettingsFactory:334) - Deleted entity synthetic identifier rollback: disabled
2018-12-14 12:08:39,393 DEBUG (org.hibernate.cfg.SettingsFactory:358) - Default entity-mode: pojo
2018-12-14 12:08:39,394 DEBUG (org.hibernate.cfg.SettingsFactory:364) - Named query checking : enabled
2018-12-14 12:08:39,394 DEBUG (org.hibernate.cfg.SettingsFactory:370) - Check Nullability in Core (should be disabled when Bean Validation is on): enabled
2018-12-14 12:08:39,394 DEBUG (org.hibernate.cfg.SettingsFactory:388) - Allow initialization of lazy state outside session : : disabled
2018-12-14 12:08:39,394 DEBUG (org.hibernate.cfg.SettingsFactory:398) - JTA Track by Thread: enabled
2018-12-14 12:08:39,402 DEBUG (org.hibernate.internal.SessionFactoryImpl:225) - Building session factory
2018-12-14 12:08:39,409 DEBUG (org.hibernate.internal.SessionFactoryImpl:277) - Session factory constructed with filter configurations : {}
2018-12-14 12:08:39,409 DEBUG (org.hibernate.internal.SessionFactoryImpl:278) - Instantiating session factory with properties: {java.runtime.name=Java(TM) SE Runtime Environment, sun.boot.library.path=D:\JDK1.8\jre\bin, java.vm.version=25.121-b13, java.vm.vendor=Oracle Corporation, java.vendor.url=http://java.oracle.com/, path.separator=;, java.vm.name=Java HotSpot(TM) 64-Bit Server VM, file.encoding.pkg=sun.io, user.script=, user.country=CN, sun.java.launcher=SUN_STANDARD, sun.os.patch.level=, java.vm.specification.name=Java Virtual Machine Specification, user.dir=E:\work_java\chapter20, java.runtime.version=1.8.0_121-b13, java.awt.graphicsenv=sun.awt.Win32GraphicsEnvironment, basedir=E:\work_java\chapter20, hibernate.current_session_context_class=org.springframework.orm.hibernate4.SpringSessionContext, java.endorsed.dirs=D:\JDK1.8\jre\lib\endorsed, os.arch=amd64, surefire.real.class.path=E:\work_java\chapter20\target\surefire\surefirebooter7140486147533044313.jar, java.io.tmpdir=C:\Users\DEll\AppData\Local\Temp\, line.separator=
, java.vm.specification.vendor=Oracle Corporation, user.variant=, os.name=Windows 10, sun.jnu.encoding=GBK, java.library.path=D:\JDK1.8\jre\bin;C:\WINDOWS\Sun\Java\bin;C:\WINDOWS\system32;C:\WINDOWS;C:/Program Files/Java/jre1.8.0_144/bin/server;C:/Program Files/Java/jre1.8.0_144/bin;C:/Program Files/Java/jre1.8.0_144/lib/amd64;;C:\Program Files (x86)\Common Files\Oracle\Java\javapath;C:\WINDOWS\system32;C:\WINDOWS;C:\WINDOWS\System32\Wbem;C:\WINDOWS\System32\WindowsPowerShell\v1.0\;C:\Program Files (x86)\Common Files\Thunder Network\KanKan\Codecs;D:\putty\;D:\miktex\miktex\bin\x64\;D:\Git\cmd;C:\WINDOWS\system32;C:\WINDOWS;C:\WINDOWS\System32\Wbem;C:\WINDOWS\System32\WindowsPowerShell\v1.0\;C:\WINDOWS\System32\OpenSSH\;C:\Program Files\dotnet\;C:\Program Files\MySQL\MySQL Server 5.7\bin\;D:\jee-photon\eclipse;D:\masterSpring\apache-maven-3.3.9-bin\bin;D:\JDK1.8\bin;D:\vc\Tools\WinNT;D:\vc\MSDev98\Bin;D:\vc\Tools;D:\VC98\bin;C:\Program Files\Intel\WiFi\bin\;C:\Program Files\Common Files\Intel\WirelessCommon\;F:\AppServ\Apache24\bin;F:\AppServ\php5;F:\AppServ\MySQL\bin;C:\Users\DEll\AppData\Local\Microsoft\WindowsApps;D:\JDK1.8\bin;C:\Users\DEll\AppData\Local\GitHubDesktop\bin;D:\Microsoft VS Code\bin;C:\Users\DEll\AppData\Local\Microsoft\WindowsApps;D:\Docker Toolbox;C:\Program Files\MySQL\MySQL Server 5.7\bin\;D:\jee-photon\eclipse;D:\masterSpring\apache-maven-3.3.9-bin\bin;;C:\WINDOWS\system32;;., hibernate.connection.datasource=org.apache.commons.dbcp.BasicDataSource@2f9a01c1, surefire.test.class.path=E:\work_java\chapter20\target\test-classes;E:\work_java\chapter20\target\classes;C:\Users\DEll\.m2\repository\commons-lang\commons-lang\2.2\commons-lang-2.2.jar;C:\Users\DEll\.m2\repository\org\springframework\spring-beans\4.2.2.RELEASE\spring-beans-4.2.2.RELEASE.jar;C:\Users\DEll\.m2\repository\org\springframework\spring-core\4.2.2.RELEASE\spring-core-4.2.2.RELEASE.jar;C:\Users\DEll\.m2\repository\org\springframework\spring-context\4.2.2.RELEASE\spring-context-4.2.2.RELEASE.jar;C:\Users\DEll\.m2\repository\org\springframework\spring-aop\4.2.2.RELEASE\spring-aop-4.2.2.RELEASE.jar;C:\Users\DEll\.m2\repository\aopalliance\aopalliance\1.0\aopalliance-1.0.jar;C:\Users\DEll\.m2\repository\org\springframework\spring-expression\4.2.2.RELEASE\spring-expression-4.2.2.RELEASE.jar;C:\Users\DEll\.m2\repository\org\springframework\spring-context-support\4.2.2.RELEASE\spring-context-support-4.2.2.RELEASE.jar;C:\Users\DEll\.m2\repository\org\springframework\spring-jdbc\4.2.2.RELEASE\spring-jdbc-4.2.2.RELEASE.jar;C:\Users\DEll\.m2\repository\org\springframework\spring-tx\4.2.2.RELEASE\spring-tx-4.2.2.RELEASE.jar;C:\Users\DEll\.m2\repository\org\springframework\spring-orm\4.2.2.RELEASE\spring-orm-4.2.2.RELEASE.jar;C:\Users\DEll\.m2\repository\org\springframework\spring-webmvc\4.2.2.RELEASE\spring-webmvc-4.2.2.RELEASE.jar;C:\Users\DEll\.m2\repository\org\springframework\spring-web\4.2.2.RELEASE\spring-web-4.2.2.RELEASE.jar;C:\Users\DEll\.m2\repository\org\aspectj\aspectjrt\1.8.1\aspectjrt-1.8.1.jar;C:\Users\DEll\.m2\repository\org\aspectj\aspectjweaver\1.8.1\aspectjweaver-1.8.1.jar;C:\Users\DEll\.m2\repository\org\hibernate\hibernate-core\4.2.0.Final\hibernate-core-4.2.0.Final.jar;C:\Users\DEll\.m2\repository\antlr\antlr\2.7.7\antlr-2.7.7.jar;C:\Users\DEll\.m2\repository\org\jboss\logging\jboss-logging\3.1.0.GA\jboss-logging-3.1.0.GA.jar;C:\Users\DEll\.m2\repository\org\jboss\spec\javax\transaction\jboss-transaction-api_1.1_spec\1.0.0.Final\jboss-transaction-api_1.1_spec-1.0.0.Final.jar;C:\Users\DEll\.m2\repository\dom4j\dom4j\1.6.1\dom4j-1.6.1.jar;C:\Users\DEll\.m2\repository\org\javassist\javassist\3.15.0-GA\javassist-3.15.0-GA.jar;C:\Users\DEll\.m2\repository\org\hibernate\common\hibernate-commons-annotations\4.0.1.Final\hibernate-commons-annotations-4.0.1.Final.jar;C:\Users\DEll\.m2\repository\org\hibernate\hibernate-ehcache\4.2.0.Final\hibernate-ehcache-4.2.0.Final.jar;C:\Users\DEll\.m2\repository\net\sf\ehcache\ehcache-core\2.4.3\ehcache-core-2.4.3.jar;C:\Users\DEll\.m2\repository\org\hibernate\javax\persistence\hibernate-jpa-2.0-api\1.0.1.Final\hibernate-jpa-2.0-api-1.0.1.Final.jar;C:\Users\DEll\.m2\repository\javax\servlet\servlet-api\3.0-alpha-1\servlet-api-3.0-alpha-1.jar;C:\Users\DEll\.m2\repository\com\fasterxml\jackson\core\jackson-annotations\2.7.4\jackson-annotations-2.7.4.jar;C:\Users\DEll\.m2\repository\com\fasterxml\jackson\core\jackson-core\2.7.4\jackson-core-2.7.4.jar;C:\Users\DEll\.m2\repository\com\fasterxml\jackson\core\jackson-databind\2.7.4\jackson-databind-2.7.4.jar;C:\Users\DEll\.m2\repository\org\mockito\mockito-all\1.10.19\mockito-all-1.10.19.jar;C:\Users\DEll\.m2\repository\org\testng\testng\6.8.7\testng-6.8.7.jar;C:\Users\DEll\.m2\repository\junit\junit\4.10\junit-4.10.jar;C:\Users\DEll\.m2\repository\org\hamcrest\hamcrest-core\1.1\hamcrest-core-1.1.jar;C:\Users\DEll\.m2\repository\org\beanshell\bsh\2.0b4\bsh-2.0b4.jar;C:\Users\DEll\.m2\repository\com\beust\jcommander\1.27\jcommander-1.27.jar;C:\Users\DEll\.m2\repository\org\yaml\snakeyaml\1.12\snakeyaml-1.12.jar;C:\Users\DEll\.m2\repository\org\unitils\unitils-core\3.4.2\unitils-core-3.4.2.jar;C:\Users\DEll\.m2\repository\commons-logging\commons-logging\1.1\commons-logging-1.1.jar;C:\Users\DEll\.m2\repository\commons-collections\commons-collections\3.2\commons-collections-3.2.jar;C:\Users\DEll\.m2\repository\ognl\ognl\2.6.9\ognl-2.6.9.jar;C:\Users\DEll\.m2\repository\org\unitils\unitils-testng\3.4.2\unitils-testng-3.4.2.jar;C:\Users\DEll\.m2\repository\org\testng\testng\5.8\testng-5.8-jdk15.jar;C:\Users\DEll\.m2\repository\org\unitils\unitils-spring\3.4.2\unitils-spring-3.4.2.jar;C:\Users\DEll\.m2\repository\org\springframework\spring-test\3.2.0.RELEASE\spring-test-3.2.0.RELEASE.jar;C:\Users\DEll\.m2\repository\org\unitils\unitils-orm\3.4.2\unitils-orm-3.4.2.jar;C:\Users\DEll\.m2\repository\javax\persistence\persistence-api\1.0\persistence-api-1.0.jar;C:\Users\DEll\.m2\repository\org\unitils\unitils-database\3.4.2\unitils-database-3.4.2.jar;C:\Users\DEll\.m2\repository\commons-dbcp\commons-dbcp\1.4\commons-dbcp-1.4.jar;C:\Users\DEll\.m2\repository\commons-pool\commons-pool\1.5.4\commons-pool-1.5.4.jar;C:\Users\DEll\.m2\repository\org\unitils\unitils-dbmaintainer\3.4.2\unitils-dbmaintainer-3.4.2.jar;C:\Users\DEll\.m2\repository\org\hibernate\hibernate\3.2.5.ga\hibernate-3.2.5.ga.jar;C:\Users\DEll\.m2\repository\net\sf\ehcache\ehcache\1.2.3\ehcache-1.2.3.jar;C:\Users\DEll\.m2\repository\asm\asm-attrs\1.5.3\asm-attrs-1.5.3.jar;C:\Users\DEll\.m2\repository\cglib\cglib\2.1_3\cglib-2.1_3.jar;C:\Users\DEll\.m2\repository\asm\asm\1.5.3\asm-1.5.3.jar;C:\Users\DEll\.m2\repository\org\slf4j\slf4j-nop\1.6.4\slf4j-nop-1.6.4.jar;C:\Users\DEll\.m2\repository\org\unitils\unitils-dbunit\3.4.2\unitils-dbunit-3.4.2.jar;C:\Users\DEll\.m2\repository\xmlunit\xmlunit\1.2\xmlunit-1.2.jar;C:\Users\DEll\.m2\repository\org\hamcrest\hamcrest-all\1.3\hamcrest-all-1.3.jar;C:\Users\DEll\.m2\repository\commons-beanutils\commons-beanutils\1.9.1\commons-beanutils-1.9.1.jar;C:\Users\DEll\.m2\repository\org\dbunit\dbunit\2.5.1\dbunit-2.5.1.jar;C:\Users\DEll\.m2\repository\org\apache\poi\poi-ooxml\3.11\poi-ooxml-3.11.jar;C:\Users\DEll\.m2\repository\org\apache\poi\poi-ooxml-schemas\3.11\poi-ooxml-schemas-3.11.jar;C:\Users\DEll\.m2\repository\org\apache\xmlbeans\xmlbeans\2.6.0\xmlbeans-2.6.0.jar;C:\Users\DEll\.m2\repository\stax\stax-api\1.0.1\stax-api-1.0.1.jar;C:\Users\DEll\.m2\repository\org\slf4j\slf4j-api\1.7.5\slf4j-api-1.7.5.jar;C:\Users\DEll\.m2\repository\org\slf4j\slf4j-log4j12\1.7.5\slf4j-log4j12-1.7.5.jar;C:\Users\DEll\.m2\repository\log4j\log4j\1.2.17\log4j-1.2.17.jar;C:\Users\DEll\.m2\repository\javassist\javassist\3.6.0.GA\javassist-3.6.0.GA.jar;C:\Users\DEll\.m2\repository\org\apache\poi\poi\3.12\poi-3.12.jar;C:\Users\DEll\.m2\repository\commons-codec\commons-codec\1.9\commons-codec-1.9.jar;C:\Users\DEll\.m2\repository\mysql\mysql-connector-java\5.1.29\mysql-connector-java-5.1.29.jar;, java.specification.name=Java Platform API Specification, java.class.version=52.0, sun.management.compiler=HotSpot 64-Bit Tiered Compilers, os.version=10.0, user.home=C:\Users\DEll, user.timezone=Asia/Shanghai, java.awt.printerjob=sun.awt.windows.WPrinterJob, java.specification.version=1.8, file.encoding=UTF-8, user.name=DEll, java.class.path=E:\work_java\chapter20\target\test-classes;E:\work_java\chapter20\target\classes;C:\Users\DEll\.m2\repository\commons-lang\commons-lang\2.2\commons-lang-2.2.jar;C:\Users\DEll\.m2\repository\org\springframework\spring-beans\4.2.2.RELEASE\spring-beans-4.2.2.RELEASE.jar;C:\Users\DEll\.m2\repository\org\springframework\spring-core\4.2.2.RELEASE\spring-core-4.2.2.RELEASE.jar;C:\Users\DEll\.m2\repository\org\springframework\spring-context\4.2.2.RELEASE\spring-context-4.2.2.RELEASE.jar;C:\Users\DEll\.m2\repository\org\springframework\spring-aop\4.2.2.RELEASE\spring-aop-4.2.2.RELEASE.jar;C:\Users\DEll\.m2\repository\aopalliance\aopalliance\1.0\aopalliance-1.0.jar;C:\Users\DEll\.m2\repository\org\springframework\spring-expression\4.2.2.RELEASE\spring-expression-4.2.2.RELEASE.jar;C:\Users\DEll\.m2\repository\org\springframework\spring-context-support\4.2.2.RELEASE\spring-context-support-4.2.2.RELEASE.jar;C:\Users\DEll\.m2\repository\org\springframework\spring-jdbc\4.2.2.RELEASE\spring-jdbc-4.2.2.RELEASE.jar;C:\Users\DEll\.m2\repository\org\springframework\spring-tx\4.2.2.RELEASE\spring-tx-4.2.2.RELEASE.jar;C:\Users\DEll\.m2\repository\org\springframework\spring-orm\4.2.2.RELEASE\spring-orm-4.2.2.RELEASE.jar;C:\Users\DEll\.m2\repository\org\springframework\spring-webmvc\4.2.2.RELEASE\spring-webmvc-4.2.2.RELEASE.jar;C:\Users\DEll\.m2\repository\org\springframework\spring-web\4.2.2.RELEASE\spring-web-4.2.2.RELEASE.jar;C:\Users\DEll\.m2\repository\org\aspectj\aspectjrt\1.8.1\aspectjrt-1.8.1.jar;C:\Users\DEll\.m2\repository\org\aspectj\aspectjweaver\1.8.1\aspectjweaver-1.8.1.jar;C:\Users\DEll\.m2\repository\org\hibernate\hibernate-core\4.2.0.Final\hibernate-core-4.2.0.Final.jar;C:\Users\DEll\.m2\repository\antlr\antlr\2.7.7\antlr-2.7.7.jar;C:\Users\DEll\.m2\repository\org\jboss\logging\jboss-logging\3.1.0.GA\jboss-logging-3.1.0.GA.jar;C:\Users\DEll\.m2\repository\org\jboss\spec\javax\transaction\jboss-transaction-api_1.1_spec\1.0.0.Final\jboss-transaction-api_1.1_spec-1.0.0.Final.jar;C:\Users\DEll\.m2\repository\dom4j\dom4j\1.6.1\dom4j-1.6.1.jar;C:\Users\DEll\.m2\repository\org\javassist\javassist\3.15.0-GA\javassist-3.15.0-GA.jar;C:\Users\DEll\.m2\repository\org\hibernate\common\hibernate-commons-annotations\4.0.1.Final\hibernate-commons-annotations-4.0.1.Final.jar;C:\Users\DEll\.m2\repository\org\hibernate\hibernate-ehcache\4.2.0.Final\hibernate-ehcache-4.2.0.Final.jar;C:\Users\DEll\.m2\repository\net\sf\ehcache\ehcache-core\2.4.3\ehcache-core-2.4.3.jar;C:\Users\DEll\.m2\repository\org\hibernate\javax\persistence\hibernate-jpa-2.0-api\1.0.1.Final\hibernate-jpa-2.0-api-1.0.1.Final.jar;C:\Users\DEll\.m2\repository\javax\servlet\servlet-api\3.0-alpha-1\servlet-api-3.0-alpha-1.jar;C:\Users\DEll\.m2\repository\com\fasterxml\jackson\core\jackson-annotations\2.7.4\jackson-annotations-2.7.4.jar;C:\Users\DEll\.m2\repository\com\fasterxml\jackson\core\jackson-core\2.7.4\jackson-core-2.7.4.jar;C:\Users\DEll\.m2\repository\com\fasterxml\jackson\core\jackson-databind\2.7.4\jackson-databind-2.7.4.jar;C:\Users\DEll\.m2\repository\org\mockito\mockito-all\1.10.19\mockito-all-1.10.19.jar;C:\Users\DEll\.m2\repository\org\testng\testng\6.8.7\testng-6.8.7.jar;C:\Users\DEll\.m2\repository\junit\junit\4.10\junit-4.10.jar;C:\Users\DEll\.m2\repository\org\hamcrest\hamcrest-core\1.1\hamcrest-core-1.1.jar;C:\Users\DEll\.m2\repository\org\beanshell\bsh\2.0b4\bsh-2.0b4.jar;C:\Users\DEll\.m2\repository\com\beust\jcommander\1.27\jcommander-1.27.jar;C:\Users\DEll\.m2\repository\org\yaml\snakeyaml\1.12\snakeyaml-1.12.jar;C:\Users\DEll\.m2\repository\org\unitils\unitils-core\3.4.2\unitils-core-3.4.2.jar;C:\Users\DEll\.m2\repository\commons-logging\commons-logging\1.1\commons-logging-1.1.jar;C:\Users\DEll\.m2\repository\commons-collections\commons-collections\3.2\commons-collections-3.2.jar;C:\Users\DEll\.m2\repository\ognl\ognl\2.6.9\ognl-2.6.9.jar;C:\Users\DEll\.m2\repository\org\unitils\unitils-testng\3.4.2\unitils-testng-3.4.2.jar;C:\Users\DEll\.m2\repository\org\testng\testng\5.8\testng-5.8-jdk15.jar;C:\Users\DEll\.m2\repository\org\unitils\unitils-spring\3.4.2\unitils-spring-3.4.2.jar;C:\Users\DEll\.m2\repository\org\springframework\spring-test\3.2.0.RELEASE\spring-test-3.2.0.RELEASE.jar;C:\Users\DEll\.m2\repository\org\unitils\unitils-orm\3.4.2\unitils-orm-3.4.2.jar;C:\Users\DEll\.m2\repository\javax\persistence\persistence-api\1.0\persistence-api-1.0.jar;C:\Users\DEll\.m2\repository\org\unitils\unitils-database\3.4.2\unitils-database-3.4.2.jar;C:\Users\DEll\.m2\repository\commons-dbcp\commons-dbcp\1.4\commons-dbcp-1.4.jar;C:\Users\DEll\.m2\repository\commons-pool\commons-pool\1.5.4\commons-pool-1.5.4.jar;C:\Users\DEll\.m2\repository\org\unitils\unitils-dbmaintainer\3.4.2\unitils-dbmaintainer-3.4.2.jar;C:\Users\DEll\.m2\repository\org\hibernate\hibernate\3.2.5.ga\hibernate-3.2.5.ga.jar;C:\Users\DEll\.m2\repository\net\sf\ehcache\ehcache\1.2.3\ehcache-1.2.3.jar;C:\Users\DEll\.m2\repository\asm\asm-attrs\1.5.3\asm-attrs-1.5.3.jar;C:\Users\DEll\.m2\repository\cglib\cglib\2.1_3\cglib-2.1_3.jar;C:\Users\DEll\.m2\repository\asm\asm\1.5.3\asm-1.5.3.jar;C:\Users\DEll\.m2\repository\org\slf4j\slf4j-nop\1.6.4\slf4j-nop-1.6.4.jar;C:\Users\DEll\.m2\repository\org\unitils\unitils-dbunit\3.4.2\unitils-dbunit-3.4.2.jar;C:\Users\DEll\.m2\repository\xmlunit\xmlunit\1.2\xmlunit-1.2.jar;C:\Users\DEll\.m2\repository\org\hamcrest\hamcrest-all\1.3\hamcrest-all-1.3.jar;C:\Users\DEll\.m2\repository\commons-beanutils\commons-beanutils\1.9.1\commons-beanutils-1.9.1.jar;C:\Users\DEll\.m2\repository\org\dbunit\dbunit\2.5.1\dbunit-2.5.1.jar;C:\Users\DEll\.m2\repository\org\apache\poi\poi-ooxml\3.11\poi-ooxml-3.11.jar;C:\Users\DEll\.m2\repository\org\apache\poi\poi-ooxml-schemas\3.11\poi-ooxml-schemas-3.11.jar;C:\Users\DEll\.m2\repository\org\apache\xmlbeans\xmlbeans\2.6.0\xmlbeans-2.6.0.jar;C:\Users\DEll\.m2\repository\stax\stax-api\1.0.1\stax-api-1.0.1.jar;C:\Users\DEll\.m2\repository\org\slf4j\slf4j-api\1.7.5\slf4j-api-1.7.5.jar;C:\Users\DEll\.m2\repository\org\slf4j\slf4j-log4j12\1.7.5\slf4j-log4j12-1.7.5.jar;C:\Users\DEll\.m2\repository\log4j\log4j\1.2.17\log4j-1.2.17.jar;C:\Users\DEll\.m2\repository\javassist\javassist\3.6.0.GA\javassist-3.6.0.GA.jar;C:\Users\DEll\.m2\repository\org\apache\poi\poi\3.12\poi-3.12.jar;C:\Users\DEll\.m2\repository\commons-codec\commons-codec\1.9\commons-codec-1.9.jar;C:\Users\DEll\.m2\repository\mysql\mysql-connector-java\5.1.29\mysql-connector-java-5.1.29.jar;, hibernate.bytecode.use_reflection_optimizer=false, hibernate.show_sql=true, hibernate.classLoader.application=sun.misc.Launcher$AppClassLoader@4aa298b7, java.vm.specification.version=1.8, sun.arch.data.model=64, java.home=D:\JDK1.8\jre, sun.java.command=E:\work_java\chapter20\target\surefire\surefirebooter7140486147533044313.jar E:\work_java\chapter20\target\surefire\surefire3141253793466441622tmp E:\work_java\chapter20\target\surefire\surefire7989861009962626931tmp, hibernate.dialect=org.hibernate.dialect.MySQL5Dialect, java.specification.vendor=Oracle Corporation, user.language=zh, awt.toolkit=sun.awt.windows.WToolkit, java.vm.info=mixed mode, java.version=1.8.0_121, java.ext.dirs=D:\JDK1.8\jre\lib\ext;C:\WINDOWS\Sun\Java\lib\ext, sun.boot.class.path=D:\JDK1.8\jre\lib\resources.jar;D:\JDK1.8\jre\lib\rt.jar;D:\JDK1.8\jre\lib\sunrsasign.jar;D:\JDK1.8\jre\lib\jsse.jar;D:\JDK1.8\jre\lib\jce.jar;D:\JDK1.8\jre\lib\charsets.jar;D:\JDK1.8\jre\lib\jfr.jar;D:\JDK1.8\jre\classes, java.vendor=Oracle Corporation, localRepository=C:\Users\DEll\.m2\repository, file.separator=\, java.vendor.url.bug=http://bugreport.sun.com/bugreport/, sun.cpu.endian=little, sun.io.unicode.encoding=UnicodeLittle, sun.desktop=windows, sun.cpu.isalist=amd64}
2018-12-14 12:08:39,417 DEBUG (org.hibernate.id.factory.internal.DefaultIdentifierGeneratorFactory:107) - Setting dialect [org.hibernate.dialect.MySQL5Dialect]
2018-12-14 12:08:39,418 DEBUG (org.hibernate.id.factory.internal.DefaultIdentifierGeneratorFactory:107) - Setting dialect [org.hibernate.dialect.MySQL5Dialect]
2018-12-14 12:08:39,505 DEBUG (org.hibernate.persister.entity.AbstractEntityPersister:3582) - Static SQL for entity: com.smart.domain.User
2018-12-14 12:08:39,505 DEBUG (org.hibernate.persister.entity.AbstractEntityPersister:3587) -  Version select: select user_id from t_user where user_id =?
2018-12-14 12:08:39,506 DEBUG (org.hibernate.persister.entity.AbstractEntityPersister:3590) -  Snapshot select: select user_.user_id, user_.credit as credit2_1_, user_.last_ip as last3_1_, user_.last_visit as last4_1_, user_.password as password5_1_, user_.user_name as user6_1_ from t_user user_ where user_.user_id=?
2018-12-14 12:08:39,507 DEBUG (org.hibernate.persister.entity.AbstractEntityPersister:3593) -  Insert 0: insert into t_user (credit, last_ip, last_visit, password, user_name, user_id) values (?, ?, ?, ?, ?, ?)
2018-12-14 12:08:39,507 DEBUG (org.hibernate.persister.entity.AbstractEntityPersister:3594) -  Update 0: update t_user set credit=?, last_ip=?, last_visit=?, password=?, user_name=? where user_id=?
2018-12-14 12:08:39,507 DEBUG (org.hibernate.persister.entity.AbstractEntityPersister:3595) -  Delete 0: delete from t_user where user_id=?
2018-12-14 12:08:39,508 DEBUG (org.hibernate.persister.entity.AbstractEntityPersister:3598) -  Identity insert: insert into t_user (credit, last_ip, last_visit, password, user_name) values (?, ?, ?, ?, ?)
2018-12-14 12:08:39,511 DEBUG (org.hibernate.persister.entity.AbstractEntityPersister:3582) - Static SQL for entity: com.smart.domain.LoginLog
2018-12-14 12:08:39,512 DEBUG (org.hibernate.persister.entity.AbstractEntityPersister:3587) -  Version select: select login_log_id from t_login_log where login_log_id =?
2018-12-14 12:08:39,512 DEBUG (org.hibernate.persister.entity.AbstractEntityPersister:3590) -  Snapshot select: select loginlog_.login_log_id, loginlog_.ip as ip2_0_, loginlog_.login_datetime as login3_0_, loginlog_.user_id as user4_0_ from t_login_log loginlog_ where loginlog_.login_log_id=?
2018-12-14 12:08:39,512 DEBUG (org.hibernate.persister.entity.AbstractEntityPersister:3593) -  Insert 0: insert into t_login_log (ip, login_datetime, user_id, login_log_id) values (?, ?, ?, ?)
2018-12-14 12:08:39,512 DEBUG (org.hibernate.persister.entity.AbstractEntityPersister:3594) -  Update 0: update t_login_log set ip=?, login_datetime=?, user_id=? where login_log_id=?
2018-12-14 12:08:39,512 DEBUG (org.hibernate.persister.entity.AbstractEntityPersister:3595) -  Delete 0: delete from t_login_log where login_log_id=?
2018-12-14 12:08:39,512 DEBUG (org.hibernate.persister.entity.AbstractEntityPersister:3598) -  Identity insert: insert into t_login_log (ip, login_datetime, user_id) values (?, ?, ?)
2018-12-14 12:08:39,529 DEBUG (org.hibernate.loader.Loader:123) - Static select for entity com.smart.domain.User [NONE]: select user0_.user_id as user1_1_0_, user0_.credit as credit2_1_0_, user0_.last_ip as last3_1_0_, user0_.last_visit as last4_1_0_, user0_.password as password5_1_0_, user0_.user_name as user6_1_0_ from t_user user0_ where user0_.user_id=?
2018-12-14 12:08:39,529 DEBUG (org.hibernate.loader.Loader:123) - Static select for entity com.smart.domain.User [READ]: select user0_.user_id as user1_1_0_, user0_.credit as credit2_1_0_, user0_.last_ip as last3_1_0_, user0_.last_visit as last4_1_0_, user0_.password as password5_1_0_, user0_.user_name as user6_1_0_ from t_user user0_ where user0_.user_id=?
2018-12-14 12:08:39,529 DEBUG (org.hibernate.loader.Loader:123) - Static select for entity com.smart.domain.User [UPGRADE]: select user0_.user_id as user1_1_0_, user0_.credit as credit2_1_0_, user0_.last_ip as last3_1_0_, user0_.last_visit as last4_1_0_, user0_.password as password5_1_0_, user0_.user_name as user6_1_0_ from t_user user0_ where user0_.user_id=? for update
2018-12-14 12:08:39,530 DEBUG (org.hibernate.loader.Loader:123) - Static select for entity com.smart.domain.User [UPGRADE_NOWAIT]: select user0_.user_id as user1_1_0_, user0_.credit as credit2_1_0_, user0_.last_ip as last3_1_0_, user0_.last_visit as last4_1_0_, user0_.password as password5_1_0_, user0_.user_name as user6_1_0_ from t_user user0_ where user0_.user_id=? for update
2018-12-14 12:08:39,530 DEBUG (org.hibernate.loader.Loader:123) - Static select for entity com.smart.domain.User [FORCE]: select user0_.user_id as user1_1_0_, user0_.credit as credit2_1_0_, user0_.last_ip as last3_1_0_, user0_.last_visit as last4_1_0_, user0_.password as password5_1_0_, user0_.user_name as user6_1_0_ from t_user user0_ where user0_.user_id=? for update
2018-12-14 12:08:39,530 DEBUG (org.hibernate.loader.Loader:123) - Static select for entity com.smart.domain.User [PESSIMISTIC_READ]: select user0_.user_id as user1_1_0_, user0_.credit as credit2_1_0_, user0_.last_ip as last3_1_0_, user0_.last_visit as last4_1_0_, user0_.password as password5_1_0_, user0_.user_name as user6_1_0_ from t_user user0_ where user0_.user_id=? lock in share mode
2018-12-14 12:08:39,531 DEBUG (org.hibernate.loader.Loader:123) - Static select for entity com.smart.domain.User [PESSIMISTIC_WRITE]: select user0_.user_id as user1_1_0_, user0_.credit as credit2_1_0_, user0_.last_ip as last3_1_0_, user0_.last_visit as last4_1_0_, user0_.password as password5_1_0_, user0_.user_name as user6_1_0_ from t_user user0_ where user0_.user_id=? for update
2018-12-14 12:08:39,531 DEBUG (org.hibernate.loader.Loader:123) - Static select for entity com.smart.domain.User [PESSIMISTIC_FORCE_INCREMENT]: select user0_.user_id as user1_1_0_, user0_.credit as credit2_1_0_, user0_.last_ip as last3_1_0_, user0_.last_visit as last4_1_0_, user0_.password as password5_1_0_, user0_.user_name as user6_1_0_ from t_user user0_ where user0_.user_id=? for update
2018-12-14 12:08:39,532 DEBUG (org.hibernate.loader.Loader:123) - Static select for entity com.smart.domain.User [OPTIMISTIC]: select user0_.user_id as user1_1_0_, user0_.credit as credit2_1_0_, user0_.last_ip as last3_1_0_, user0_.last_visit as last4_1_0_, user0_.password as password5_1_0_, user0_.user_name as user6_1_0_ from t_user user0_ where user0_.user_id=?
2018-12-14 12:08:39,532 DEBUG (org.hibernate.loader.Loader:123) - Static select for entity com.smart.domain.User [OPTIMISTIC_FORCE_INCREMENT]: select user0_.user_id as user1_1_0_, user0_.credit as credit2_1_0_, user0_.last_ip as last3_1_0_, user0_.last_visit as last4_1_0_, user0_.password as password5_1_0_, user0_.user_name as user6_1_0_ from t_user user0_ where user0_.user_id=?
2018-12-14 12:08:39,536 DEBUG (org.hibernate.loader.Loader:56) - Static select for action ACTION_MERGE on entity com.smart.domain.User: select user0_.user_id as user1_1_0_, user0_.credit as credit2_1_0_, user0_.last_ip as last3_1_0_, user0_.last_visit as last4_1_0_, user0_.password as password5_1_0_, user0_.user_name as user6_1_0_ from t_user user0_ where user0_.user_id=?
2018-12-14 12:08:39,537 DEBUG (org.hibernate.loader.Loader:56) - Static select for action ACTION_REFRESH on entity com.smart.domain.User: select user0_.user_id as user1_1_0_, user0_.credit as credit2_1_0_, user0_.last_ip as last3_1_0_, user0_.last_visit as last4_1_0_, user0_.password as password5_1_0_, user0_.user_name as user6_1_0_ from t_user user0_ where user0_.user_id=?
2018-12-14 12:08:39,537 DEBUG (org.hibernate.loader.Loader:123) - Static select for entity com.smart.domain.LoginLog [NONE]: select loginlog0_.login_log_id as login1_0_0_, loginlog0_.ip as ip2_0_0_, loginlog0_.login_datetime as login3_0_0_, loginlog0_.user_id as user4_0_0_ from t_login_log loginlog0_ where loginlog0_.login_log_id=?
2018-12-14 12:08:39,538 DEBUG (org.hibernate.loader.Loader:123) - Static select for entity com.smart.domain.LoginLog [READ]: select loginlog0_.login_log_id as login1_0_0_, loginlog0_.ip as ip2_0_0_, loginlog0_.login_datetime as login3_0_0_, loginlog0_.user_id as user4_0_0_ from t_login_log loginlog0_ where loginlog0_.login_log_id=?
2018-12-14 12:08:39,538 DEBUG (org.hibernate.loader.Loader:123) - Static select for entity com.smart.domain.LoginLog [UPGRADE]: select loginlog0_.login_log_id as login1_0_0_, loginlog0_.ip as ip2_0_0_, loginlog0_.login_datetime as login3_0_0_, loginlog0_.user_id as user4_0_0_ from t_login_log loginlog0_ where loginlog0_.login_log_id=? for update
2018-12-14 12:08:39,538 DEBUG (org.hibernate.loader.Loader:123) - Static select for entity com.smart.domain.LoginLog [UPGRADE_NOWAIT]: select loginlog0_.login_log_id as login1_0_0_, loginlog0_.ip as ip2_0_0_, loginlog0_.login_datetime as login3_0_0_, loginlog0_.user_id as user4_0_0_ from t_login_log loginlog0_ where loginlog0_.login_log_id=? for update
2018-12-14 12:08:39,539 DEBUG (org.hibernate.loader.Loader:123) - Static select for entity com.smart.domain.LoginLog [FORCE]: select loginlog0_.login_log_id as login1_0_0_, loginlog0_.ip as ip2_0_0_, loginlog0_.login_datetime as login3_0_0_, loginlog0_.user_id as user4_0_0_ from t_login_log loginlog0_ where loginlog0_.login_log_id=? for update
2018-12-14 12:08:39,539 DEBUG (org.hibernate.loader.Loader:123) - Static select for entity com.smart.domain.LoginLog [PESSIMISTIC_READ]: select loginlog0_.login_log_id as login1_0_0_, loginlog0_.ip as ip2_0_0_, loginlog0_.login_datetime as login3_0_0_, loginlog0_.user_id as user4_0_0_ from t_login_log loginlog0_ where loginlog0_.login_log_id=? lock in share mode
2018-12-14 12:08:39,539 DEBUG (org.hibernate.loader.Loader:123) - Static select for entity com.smart.domain.LoginLog [PESSIMISTIC_WRITE]: select loginlog0_.login_log_id as login1_0_0_, loginlog0_.ip as ip2_0_0_, loginlog0_.login_datetime as login3_0_0_, loginlog0_.user_id as user4_0_0_ from t_login_log loginlog0_ where loginlog0_.login_log_id=? for update
2018-12-14 12:08:39,540 DEBUG (org.hibernate.loader.Loader:123) - Static select for entity com.smart.domain.LoginLog [PESSIMISTIC_FORCE_INCREMENT]: select loginlog0_.login_log_id as login1_0_0_, loginlog0_.ip as ip2_0_0_, loginlog0_.login_datetime as login3_0_0_, loginlog0_.user_id as user4_0_0_ from t_login_log loginlog0_ where loginlog0_.login_log_id=? for update
2018-12-14 12:08:39,540 DEBUG (org.hibernate.loader.Loader:123) - Static select for entity com.smart.domain.LoginLog [OPTIMISTIC]: select loginlog0_.login_log_id as login1_0_0_, loginlog0_.ip as ip2_0_0_, loginlog0_.login_datetime as login3_0_0_, loginlog0_.user_id as user4_0_0_ from t_login_log loginlog0_ where loginlog0_.login_log_id=?
2018-12-14 12:08:39,540 DEBUG (org.hibernate.loader.Loader:123) - Static select for entity com.smart.domain.LoginLog [OPTIMISTIC_FORCE_INCREMENT]: select loginlog0_.login_log_id as login1_0_0_, loginlog0_.ip as ip2_0_0_, loginlog0_.login_datetime as login3_0_0_, loginlog0_.user_id as user4_0_0_ from t_login_log loginlog0_ where loginlog0_.login_log_id=?
2018-12-14 12:08:39,541 DEBUG (org.hibernate.loader.Loader:56) - Static select for action ACTION_MERGE on entity com.smart.domain.LoginLog: select loginlog0_.login_log_id as login1_0_0_, loginlog0_.ip as ip2_0_0_, loginlog0_.login_datetime as login3_0_0_, loginlog0_.user_id as user4_0_0_ from t_login_log loginlog0_ where loginlog0_.login_log_id=?
2018-12-14 12:08:39,541 DEBUG (org.hibernate.loader.Loader:56) - Static select for action ACTION_REFRESH on entity com.smart.domain.LoginLog: select loginlog0_.login_log_id as login1_0_0_, loginlog0_.ip as ip2_0_0_, loginlog0_.login_datetime as login3_0_0_, loginlog0_.user_id as user4_0_0_ from t_login_log loginlog0_ where loginlog0_.login_log_id=?
2018-12-14 12:08:39,854 DEBUG (org.hibernate.internal.SessionFactoryRegistry:62) - Initializing SessionFactoryRegistry : org.hibernate.internal.SessionFactoryRegistry@1b11ef33
2018-12-14 12:08:39,855 DEBUG (org.hibernate.internal.SessionFactoryRegistry:75) - Registering SessionFactory: 951286e5-1b24-4a4b-ac28-01b99aeaa5ec (&lt;unnamed&gt;)
2018-12-14 12:08:39,855 DEBUG (org.hibernate.internal.SessionFactoryRegistry:82) - Not binding SessionFactory to JNDI, no JNDI name configured
2018-12-14 12:08:39,855 DEBUG (org.hibernate.internal.SessionFactoryImpl:488) - Instantiated session factory
2018-12-14 12:08:39,857 DEBUG (org.hibernate.internal.SessionFactoryImpl:1060) - Checking 0 named HQL queries
2018-12-14 12:08:39,857 DEBUG (org.hibernate.internal.SessionFactoryImpl:1083) - Checking 0 named SQL queries
2018-12-14 12:08:39,862 DEBUG (org.hibernate.stat.internal.StatisticsInitiator:110) - Statistics initialized [enabled=false]
2018-12-14 12:08:39,863 DEBUG (org.springframework.beans.factory.support.DefaultListableBeanFactory:250) - Returning cached instance of singleton bean &apos;managerTx&apos;
2018-12-14 12:08:39,863 DEBUG (org.springframework.beans.factory.support.DefaultListableBeanFactory:250) - Returning cached instance of singleton bean &apos;managerTx&apos;
2018-12-14 12:08:39,863 DEBUG (org.springframework.beans.factory.support.DefaultListableBeanFactory:250) - Returning cached instance of singleton bean &apos;managerTx&apos;
2018-12-14 12:08:39,863 DEBUG (org.springframework.beans.factory.support.DefaultListableBeanFactory:250) - Returning cached instance of singleton bean &apos;managerTx&apos;
2018-12-14 12:08:39,871 DEBUG (org.springframework.beans.factory.support.DefaultListableBeanFactory:484) - Finished creating instance of bean &apos;sessionFactory&apos;
2018-12-14 12:08:39,871 DEBUG (org.springframework.beans.factory.support.DefaultListableBeanFactory:484) - Finished creating instance of bean &apos;sessionFactory&apos;
2018-12-14 12:08:39,872 DEBUG (org.springframework.beans.factory.support.DefaultListableBeanFactory:250) - Returning cached instance of singleton bean &apos;managerTx&apos;
2018-12-14 12:08:39,872 DEBUG (org.springframework.beans.factory.support.DefaultListableBeanFactory:250) - Returning cached instance of singleton bean &apos;managerTx&apos;
2018-12-14 12:08:39,872 DEBUG (org.springframework.beans.factory.support.DefaultListableBeanFactory:250) - Returning cached instance of singleton bean &apos;managerTx&apos;
2018-12-14 12:08:39,872 DEBUG (org.springframework.beans.factory.support.DefaultListableBeanFactory:250) - Returning cached instance of singleton bean &apos;managerTx&apos;
2018-12-14 12:08:39,895 DEBUG (org.springframework.beans.factory.support.DefaultListableBeanFactory:1620) - Invoking afterPropertiesSet() on bean with name &apos;hibernateTemplate&apos;
2018-12-14 12:08:39,895 DEBUG (org.springframework.beans.factory.support.DefaultListableBeanFactory:1620) - Invoking afterPropertiesSet() on bean with name &apos;hibernateTemplate&apos;
2018-12-14 12:08:39,895 DEBUG (org.springframework.beans.factory.support.DefaultListableBeanFactory:250) - Returning cached instance of singleton bean &apos;managerTx&apos;
2018-12-14 12:08:39,895 DEBUG (org.springframework.beans.factory.support.DefaultListableBeanFactory:250) - Returning cached instance of singleton bean &apos;managerTx&apos;
2018-12-14 12:08:39,895 DEBUG (org.springframework.beans.factory.support.DefaultListableBeanFactory:250) - Returning cached instance of singleton bean &apos;managerTx&apos;
2018-12-14 12:08:39,895 DEBUG (org.springframework.beans.factory.support.DefaultListableBeanFactory:250) - Returning cached instance of singleton bean &apos;managerTx&apos;
2018-12-14 12:08:39,909 DEBUG (org.springframework.beans.factory.support.DefaultListableBeanFactory:484) - Finished creating instance of bean &apos;hibernateTemplate&apos;
2018-12-14 12:08:39,909 DEBUG (org.springframework.beans.factory.support.DefaultListableBeanFactory:484) - Finished creating instance of bean &apos;hibernateTemplate&apos;
2018-12-14 12:08:39,909 DEBUG (org.springframework.beans.factory.annotation.AutowiredAnnotationBeanPostProcessor:490) - Autowiring by type from bean name &apos;hibernateUserDao&apos; to bean named &apos;hibernateTemplate&apos;
2018-12-14 12:08:39,909 DEBUG (org.springframework.beans.factory.annotation.AutowiredAnnotationBeanPostProcessor:490) - Autowiring by type from bean name &apos;hibernateUserDao&apos; to bean named &apos;hibernateTemplate&apos;
2018-12-14 12:08:39,910 DEBUG (org.springframework.beans.factory.support.DefaultListableBeanFactory:250) - Returning cached instance of singleton bean &apos;managerTx&apos;
2018-12-14 12:08:39,910 DEBUG (org.springframework.beans.factory.support.DefaultListableBeanFactory:250) - Returning cached instance of singleton bean &apos;managerTx&apos;
2018-12-14 12:08:39,910 DEBUG (org.springframework.beans.factory.support.DefaultListableBeanFactory:250) - Returning cached instance of singleton bean &apos;managerTx&apos;
2018-12-14 12:08:39,910 DEBUG (org.springframework.beans.factory.support.DefaultListableBeanFactory:250) - Returning cached instance of singleton bean &apos;managerTx&apos;
2018-12-14 12:08:39,913 DEBUG (org.springframework.beans.factory.support.DefaultListableBeanFactory:484) - Finished creating instance of bean &apos;hibernateUserDao&apos;
2018-12-14 12:08:39,913 DEBUG (org.springframework.beans.factory.support.DefaultListableBeanFactory:484) - Finished creating instance of bean &apos;hibernateUserDao&apos;
2018-12-14 12:08:39,913 DEBUG (org.springframework.beans.factory.support.DefaultListableBeanFactory:250) - Returning cached instance of singleton bean &apos;org.springframework.context.annotation.internalConfigurationAnnotationProcessor&apos;
2018-12-14 12:08:39,913 DEBUG (org.springframework.beans.factory.support.DefaultListableBeanFactory:250) - Returning cached instance of singleton bean &apos;org.springframework.context.annotation.internalConfigurationAnnotationProcessor&apos;
2018-12-14 12:08:39,913 DEBUG (org.springframework.beans.factory.support.DefaultListableBeanFactory:250) - Returning cached instance of singleton bean &apos;org.springframework.context.annotation.internalAutowiredAnnotationProcessor&apos;
2018-12-14 12:08:39,913 DEBUG (org.springframework.beans.factory.support.DefaultListableBeanFactory:250) - Returning cached instance of singleton bean &apos;org.springframework.context.annotation.internalAutowiredAnnotationProcessor&apos;
2018-12-14 12:08:39,913 DEBUG (org.springframework.beans.factory.support.DefaultListableBeanFactory:250) - Returning cached instance of singleton bean &apos;org.springframework.context.annotation.internalRequiredAnnotationProcessor&apos;
2018-12-14 12:08:39,913 DEBUG (org.springframework.beans.factory.support.DefaultListableBeanFactory:250) - Returning cached instance of singleton bean &apos;org.springframework.context.annotation.internalRequiredAnnotationProcessor&apos;
2018-12-14 12:08:39,913 DEBUG (org.springframework.beans.factory.support.DefaultListableBeanFactory:250) - Returning cached instance of singleton bean &apos;org.springframework.context.annotation.internalCommonAnnotationProcessor&apos;
2018-12-14 12:08:39,913 DEBUG (org.springframework.beans.factory.support.DefaultListableBeanFactory:250) - Returning cached instance of singleton bean &apos;org.springframework.context.annotation.internalCommonAnnotationProcessor&apos;
2018-12-14 12:08:39,913 DEBUG (org.springframework.beans.factory.support.DefaultListableBeanFactory:250) - Returning cached instance of singleton bean &apos;org.springframework.context.annotation.internalPersistenceAnnotationProcessor&apos;
2018-12-14 12:08:39,913 DEBUG (org.springframework.beans.factory.support.DefaultListableBeanFactory:250) - Returning cached instance of singleton bean &apos;org.springframework.context.annotation.internalPersistenceAnnotationProcessor&apos;
2018-12-14 12:08:39,914 DEBUG (org.springframework.beans.factory.support.DefaultListableBeanFactory:221) - Creating shared instance of singleton bean &apos;org.springframework.context.event.internalEventListenerProcessor&apos;
2018-12-14 12:08:39,914 DEBUG (org.springframework.beans.factory.support.DefaultListableBeanFactory:221) - Creating shared instance of singleton bean &apos;org.springframework.context.event.internalEventListenerProcessor&apos;
2018-12-14 12:08:39,914 DEBUG (org.springframework.beans.factory.support.DefaultListableBeanFactory:448) - Creating instance of bean &apos;org.springframework.context.event.internalEventListenerProcessor&apos;
2018-12-14 12:08:39,914 DEBUG (org.springframework.beans.factory.support.DefaultListableBeanFactory:448) - Creating instance of bean &apos;org.springframework.context.event.internalEventListenerProcessor&apos;
2018-12-14 12:08:39,914 DEBUG (org.springframework.beans.factory.support.DefaultListableBeanFactory:250) - Returning cached instance of singleton bean &apos;managerTx&apos;
2018-12-14 12:08:39,914 DEBUG (org.springframework.beans.factory.support.DefaultListableBeanFactory:250) - Returning cached instance of singleton bean &apos;managerTx&apos;
2018-12-14 12:08:39,915 DEBUG (org.springframework.beans.factory.support.DefaultListableBeanFactory:529) - Eagerly caching bean &apos;org.springframework.context.event.internalEventListenerProcessor&apos; to allow for resolving potential circular references
2018-12-14 12:08:39,915 DEBUG (org.springframework.beans.factory.support.DefaultListableBeanFactory:529) - Eagerly caching bean &apos;org.springframework.context.event.internalEventListenerProcessor&apos; to allow for resolving potential circular references
2018-12-14 12:08:39,916 DEBUG (org.springframework.beans.factory.support.DefaultListableBeanFactory:250) - Returning cached instance of singleton bean &apos;managerTx&apos;
2018-12-14 12:08:39,916 DEBUG (org.springframework.beans.factory.support.DefaultListableBeanFactory:250) - Returning cached instance of singleton bean &apos;managerTx&apos;
2018-12-14 12:08:39,917 DEBUG (org.springframework.beans.factory.support.DefaultListableBeanFactory:250) - Returning cached instance of singleton bean &apos;managerTx&apos;
2018-12-14 12:08:39,917 DEBUG (org.springframework.beans.factory.support.DefaultListableBeanFactory:250) - Returning cached instance of singleton bean &apos;managerTx&apos;
2018-12-14 12:08:39,918 DEBUG (org.springframework.beans.factory.support.DefaultListableBeanFactory:484) - Finished creating instance of bean &apos;org.springframework.context.event.internalEventListenerProcessor&apos;
2018-12-14 12:08:39,918 DEBUG (org.springframework.beans.factory.support.DefaultListableBeanFactory:484) - Finished creating instance of bean &apos;org.springframework.context.event.internalEventListenerProcessor&apos;
2018-12-14 12:08:39,918 DEBUG (org.springframework.beans.factory.support.DefaultListableBeanFactory:221) - Creating shared instance of singleton bean &apos;org.springframework.context.event.internalEventListenerFactory&apos;
2018-12-14 12:08:39,918 DEBUG (org.springframework.beans.factory.support.DefaultListableBeanFactory:221) - Creating shared instance of singleton bean &apos;org.springframework.context.event.internalEventListenerFactory&apos;
2018-12-14 12:08:39,918 DEBUG (org.springframework.beans.factory.support.DefaultListableBeanFactory:448) - Creating instance of bean &apos;org.springframework.context.event.internalEventListenerFactory&apos;
2018-12-14 12:08:39,918 DEBUG (org.springframework.beans.factory.support.DefaultListableBeanFactory:448) - Creating instance of bean &apos;org.springframework.context.event.internalEventListenerFactory&apos;
2018-12-14 12:08:39,918 DEBUG (org.springframework.beans.factory.support.DefaultListableBeanFactory:250) - Returning cached instance of singleton bean &apos;managerTx&apos;
2018-12-14 12:08:39,918 DEBUG (org.springframework.beans.factory.support.DefaultListableBeanFactory:250) - Returning cached instance of singleton bean &apos;managerTx&apos;
2018-12-14 12:08:39,918 DEBUG (org.springframework.beans.factory.support.DefaultListableBeanFactory:529) - Eagerly caching bean &apos;org.springframework.context.event.internalEventListenerFactory&apos; to allow for resolving potential circular references
2018-12-14 12:08:39,918 DEBUG (org.springframework.beans.factory.support.DefaultListableBeanFactory:529) - Eagerly caching bean &apos;org.springframework.context.event.internalEventListenerFactory&apos; to allow for resolving potential circular references
2018-12-14 12:08:39,920 DEBUG (org.springframework.beans.factory.support.DefaultListableBeanFactory:250) - Returning cached instance of singleton bean &apos;managerTx&apos;
2018-12-14 12:08:39,920 DEBUG (org.springframework.beans.factory.support.DefaultListableBeanFactory:250) - Returning cached instance of singleton bean &apos;managerTx&apos;
2018-12-14 12:08:39,920 DEBUG (org.springframework.beans.factory.support.DefaultListableBeanFactory:250) - Returning cached instance of singleton bean &apos;managerTx&apos;
2018-12-14 12:08:39,920 DEBUG (org.springframework.beans.factory.support.DefaultListableBeanFactory:250) - Returning cached instance of singleton bean &apos;managerTx&apos;
2018-12-14 12:08:39,921 DEBUG (org.springframework.beans.factory.support.DefaultListableBeanFactory:484) - Finished creating instance of bean &apos;org.springframework.context.event.internalEventListenerFactory&apos;
2018-12-14 12:08:39,921 DEBUG (org.springframework.beans.factory.support.DefaultListableBeanFactory:484) - Finished creating instance of bean &apos;org.springframework.context.event.internalEventListenerFactory&apos;
2018-12-14 12:08:39,921 DEBUG (org.springframework.beans.factory.support.DefaultListableBeanFactory:250) - Returning cached instance of singleton bean &apos;org.springframework.context.support.PropertySourcesPlaceholderConfigurer#0&apos;
2018-12-14 12:08:39,921 DEBUG (org.springframework.beans.factory.support.DefaultListableBeanFactory:250) - Returning cached instance of singleton bean &apos;org.springframework.context.support.PropertySourcesPlaceholderConfigurer#0&apos;
2018-12-14 12:08:39,921 DEBUG (org.springframework.beans.factory.support.DefaultListableBeanFactory:250) - Returning cached instance of singleton bean &apos;dataSource&apos;
2018-12-14 12:08:39,921 DEBUG (org.springframework.beans.factory.support.DefaultListableBeanFactory:250) - Returning cached instance of singleton bean &apos;dataSource&apos;
2018-12-14 12:08:39,921 DEBUG (org.springframework.beans.factory.support.DefaultListableBeanFactory:250) - Returning cached instance of singleton bean &apos;sessionFactory&apos;
2018-12-14 12:08:39,921 DEBUG (org.springframework.beans.factory.support.DefaultListableBeanFactory:250) - Returning cached instance of singleton bean &apos;sessionFactory&apos;
2018-12-14 12:08:39,922 DEBUG (org.springframework.beans.factory.support.DefaultListableBeanFactory:250) - Returning cached instance of singleton bean &apos;hibernateTemplate&apos;
2018-12-14 12:08:39,922 DEBUG (org.springframework.beans.factory.support.DefaultListableBeanFactory:250) - Returning cached instance of singleton bean &apos;hibernateTemplate&apos;
2018-12-14 12:08:39,922 DEBUG (org.springframework.beans.factory.support.DefaultListableBeanFactory:221) - Creating shared instance of singleton bean &apos;jdbcTemplate&apos;
2018-12-14 12:08:39,922 DEBUG (org.springframework.beans.factory.support.DefaultListableBeanFactory:221) - Creating shared instance of singleton bean &apos;jdbcTemplate&apos;
2018-12-14 12:08:39,922 DEBUG (org.springframework.beans.factory.support.DefaultListableBeanFactory:448) - Creating instance of bean &apos;jdbcTemplate&apos;
2018-12-14 12:08:39,922 DEBUG (org.springframework.beans.factory.support.DefaultListableBeanFactory:448) - Creating instance of bean &apos;jdbcTemplate&apos;
2018-12-14 12:08:39,922 DEBUG (org.springframework.beans.factory.support.DefaultListableBeanFactory:250) - Returning cached instance of singleton bean &apos;managerTx&apos;
2018-12-14 12:08:39,922 DEBUG (org.springframework.beans.factory.support.DefaultListableBeanFactory:250) - Returning cached instance of singleton bean &apos;managerTx&apos;
2018-12-14 12:08:39,934 DEBUG (org.springframework.beans.factory.support.DefaultListableBeanFactory:529) - Eagerly caching bean &apos;jdbcTemplate&apos; to allow for resolving potential circular references
2018-12-14 12:08:39,934 DEBUG (org.springframework.beans.factory.support.DefaultListableBeanFactory:529) - Eagerly caching bean &apos;jdbcTemplate&apos; to allow for resolving potential circular references
2018-12-14 12:08:39,939 DEBUG (org.springframework.beans.factory.support.DefaultListableBeanFactory:250) - Returning cached instance of singleton bean &apos;dataSource&apos;
2018-12-14 12:08:39,939 DEBUG (org.springframework.beans.factory.support.DefaultListableBeanFactory:250) - Returning cached instance of singleton bean &apos;dataSource&apos;
2018-12-14 12:08:39,940 DEBUG (org.springframework.beans.factory.support.DefaultListableBeanFactory:1620) - Invoking afterPropertiesSet() on bean with name &apos;jdbcTemplate&apos;
2018-12-14 12:08:39,940 DEBUG (org.springframework.beans.factory.support.DefaultListableBeanFactory:1620) - Invoking afterPropertiesSet() on bean with name &apos;jdbcTemplate&apos;
2018-12-14 12:08:39,940 DEBUG (org.springframework.beans.factory.support.DefaultListableBeanFactory:250) - Returning cached instance of singleton bean &apos;managerTx&apos;
2018-12-14 12:08:39,940 DEBUG (org.springframework.beans.factory.support.DefaultListableBeanFactory:250) - Returning cached instance of singleton bean &apos;managerTx&apos;
2018-12-14 12:08:39,940 DEBUG (org.springframework.beans.factory.support.DefaultListableBeanFactory:250) - Returning cached instance of singleton bean &apos;managerTx&apos;
2018-12-14 12:08:39,940 DEBUG (org.springframework.beans.factory.support.DefaultListableBeanFactory:250) - Returning cached instance of singleton bean &apos;managerTx&apos;
2018-12-14 12:08:39,968 DEBUG (org.springframework.beans.factory.support.DefaultListableBeanFactory:484) - Finished creating instance of bean &apos;jdbcTemplate&apos;
2018-12-14 12:08:39,968 DEBUG (org.springframework.beans.factory.support.DefaultListableBeanFactory:484) - Finished creating instance of bean &apos;jdbcTemplate&apos;
2018-12-14 12:08:39,969 DEBUG (org.springframework.beans.factory.support.DefaultListableBeanFactory:221) - Creating shared instance of singleton bean &apos;transactionManager&apos;
2018-12-14 12:08:39,969 DEBUG (org.springframework.beans.factory.support.DefaultListableBeanFactory:221) - Creating shared instance of singleton bean &apos;transactionManager&apos;
2018-12-14 12:08:39,969 DEBUG (org.springframework.beans.factory.support.DefaultListableBeanFactory:448) - Creating instance of bean &apos;transactionManager&apos;
2018-12-14 12:08:39,969 DEBUG (org.springframework.beans.factory.support.DefaultListableBeanFactory:448) - Creating instance of bean &apos;transactionManager&apos;
2018-12-14 12:08:39,969 DEBUG (org.springframework.beans.factory.support.DefaultListableBeanFactory:250) - Returning cached instance of singleton bean &apos;managerTx&apos;
2018-12-14 12:08:39,969 DEBUG (org.springframework.beans.factory.support.DefaultListableBeanFactory:250) - Returning cached instance of singleton bean &apos;managerTx&apos;
2018-12-14 12:08:39,975 DEBUG (org.springframework.beans.factory.support.DefaultListableBeanFactory:529) - Eagerly caching bean &apos;transactionManager&apos; to allow for resolving potential circular references
2018-12-14 12:08:39,975 DEBUG (org.springframework.beans.factory.support.DefaultListableBeanFactory:529) - Eagerly caching bean &apos;transactionManager&apos; to allow for resolving potential circular references
2018-12-14 12:08:39,977 DEBUG (org.springframework.beans.factory.support.DefaultListableBeanFactory:250) - Returning cached instance of singleton bean &apos;sessionFactory&apos;
2018-12-14 12:08:39,977 DEBUG (org.springframework.beans.factory.support.DefaultListableBeanFactory:250) - Returning cached instance of singleton bean &apos;sessionFactory&apos;
2018-12-14 12:08:39,978 DEBUG (org.springframework.beans.factory.support.DefaultListableBeanFactory:1620) - Invoking afterPropertiesSet() on bean with name &apos;transactionManager&apos;
2018-12-14 12:08:39,978 DEBUG (org.springframework.beans.factory.support.DefaultListableBeanFactory:1620) - Invoking afterPropertiesSet() on bean with name &apos;transactionManager&apos;
2018-12-14 12:08:39,982  INFO (org.springframework.orm.hibernate4.HibernateTransactionManager:360) - Using DataSource [org.apache.commons.dbcp.BasicDataSource@2f9a01c1] of Hibernate SessionFactory for HibernateTransactionManager
2018-12-14 12:08:39,982  INFO (org.springframework.orm.hibernate4.HibernateTransactionManager:360) - Using DataSource [org.apache.commons.dbcp.BasicDataSource@2f9a01c1] of Hibernate SessionFactory for HibernateTransactionManager
2018-12-14 12:08:39,982 DEBUG (org.springframework.beans.factory.support.DefaultListableBeanFactory:250) - Returning cached instance of singleton bean &apos;managerTx&apos;
2018-12-14 12:08:39,982 DEBUG (org.springframework.beans.factory.support.DefaultListableBeanFactory:250) - Returning cached instance of singleton bean &apos;managerTx&apos;
2018-12-14 12:08:39,982 DEBUG (org.springframework.beans.factory.support.DefaultListableBeanFactory:250) - Returning cached instance of singleton bean &apos;managerTx&apos;
2018-12-14 12:08:39,982 DEBUG (org.springframework.beans.factory.support.DefaultListableBeanFactory:250) - Returning cached instance of singleton bean &apos;managerTx&apos;
2018-12-14 12:08:39,985 DEBUG (org.springframework.beans.factory.support.DefaultListableBeanFactory:484) - Finished creating instance of bean &apos;transactionManager&apos;
2018-12-14 12:08:39,985 DEBUG (org.springframework.beans.factory.support.DefaultListableBeanFactory:484) - Finished creating instance of bean &apos;transactionManager&apos;
2018-12-14 12:08:39,986 DEBUG (org.springframework.beans.factory.support.DefaultListableBeanFactory:221) - Creating shared instance of singleton bean &apos;txAdvice&apos;
2018-12-14 12:08:39,986 DEBUG (org.springframework.beans.factory.support.DefaultListableBeanFactory:221) - Creating shared instance of singleton bean &apos;txAdvice&apos;
2018-12-14 12:08:39,986 DEBUG (org.springframework.beans.factory.support.DefaultListableBeanFactory:448) - Creating instance of bean &apos;txAdvice&apos;
2018-12-14 12:08:39,986 DEBUG (org.springframework.beans.factory.support.DefaultListableBeanFactory:448) - Creating instance of bean &apos;txAdvice&apos;
2018-12-14 12:08:39,987 DEBUG (org.springframework.beans.factory.support.DefaultListableBeanFactory:529) - Eagerly caching bean &apos;txAdvice&apos; to allow for resolving potential circular references
2018-12-14 12:08:39,987 DEBUG (org.springframework.beans.factory.support.DefaultListableBeanFactory:529) - Eagerly caching bean &apos;txAdvice&apos; to allow for resolving potential circular references
2018-12-14 12:08:39,989 DEBUG (org.springframework.beans.factory.support.DefaultListableBeanFactory:250) - Returning cached instance of singleton bean &apos;transactionManager&apos;
2018-12-14 12:08:39,989 DEBUG (org.springframework.beans.factory.support.DefaultListableBeanFactory:250) - Returning cached instance of singleton bean &apos;transactionManager&apos;
2018-12-14 12:08:39,989 DEBUG (org.springframework.beans.factory.support.DefaultListableBeanFactory:448) - Creating instance of bean &apos;(inner bean)#51a06cbe&apos;
2018-12-14 12:08:39,989 DEBUG (org.springframework.beans.factory.support.DefaultListableBeanFactory:448) - Creating instance of bean &apos;(inner bean)#51a06cbe&apos;
2018-12-14 12:08:39,990 DEBUG (org.springframework.beans.factory.support.DefaultListableBeanFactory:250) - Returning cached instance of singleton bean &apos;managerTx&apos;
2018-12-14 12:08:39,990 DEBUG (org.springframework.beans.factory.support.DefaultListableBeanFactory:250) - Returning cached instance of singleton bean &apos;managerTx&apos;
2018-12-14 12:08:39,992 DEBUG (org.springframework.transaction.interceptor.NameMatchTransactionAttributeSource:96) - Adding transactional method [*] with attribute [PROPAGATION_REQUIRED,ISOLATION_DEFAULT,readOnly]
2018-12-14 12:08:39,992 DEBUG (org.springframework.transaction.interceptor.NameMatchTransactionAttributeSource:96) - Adding transactional method [*] with attribute [PROPAGATION_REQUIRED,ISOLATION_DEFAULT,readOnly]
2018-12-14 12:08:39,992 DEBUG (org.springframework.transaction.interceptor.NameMatchTransactionAttributeSource:96) - Adding transactional method [create*] with attribute [PROPAGATION_REQUIRED,ISOLATION_DEFAULT]
2018-12-14 12:08:39,992 DEBUG (org.springframework.transaction.interceptor.NameMatchTransactionAttributeSource:96) - Adding transactional method [create*] with attribute [PROPAGATION_REQUIRED,ISOLATION_DEFAULT]
2018-12-14 12:08:39,993 DEBUG (org.springframework.transaction.interceptor.NameMatchTransactionAttributeSource:96) - Adding transactional method [save*] with attribute [PROPAGATION_REQUIRED,ISOLATION_DEFAULT]
2018-12-14 12:08:39,993 DEBUG (org.springframework.transaction.interceptor.NameMatchTransactionAttributeSource:96) - Adding transactional method [save*] with attribute [PROPAGATION_REQUIRED,ISOLATION_DEFAULT]
2018-12-14 12:08:39,993 DEBUG (org.springframework.transaction.interceptor.NameMatchTransactionAttributeSource:96) - Adding transactional method [reg*] with attribute [PROPAGATION_REQUIRED,ISOLATION_DEFAULT]
2018-12-14 12:08:39,993 DEBUG (org.springframework.transaction.interceptor.NameMatchTransactionAttributeSource:96) - Adding transactional method [reg*] with attribute [PROPAGATION_REQUIRED,ISOLATION_DEFAULT]
2018-12-14 12:08:39,993 DEBUG (org.springframework.transaction.interceptor.NameMatchTransactionAttributeSource:96) - Adding transactional method [update*] with attribute [PROPAGATION_REQUIRED,ISOLATION_DEFAULT]
2018-12-14 12:08:39,993 DEBUG (org.springframework.transaction.interceptor.NameMatchTransactionAttributeSource:96) - Adding transactional method [update*] with attribute [PROPAGATION_REQUIRED,ISOLATION_DEFAULT]
2018-12-14 12:08:39,993 DEBUG (org.springframework.transaction.interceptor.NameMatchTransactionAttributeSource:96) - Adding transactional method [delete*] with attribute [PROPAGATION_REQUIRED,ISOLATION_DEFAULT]
2018-12-14 12:08:39,993 DEBUG (org.springframework.transaction.interceptor.NameMatchTransactionAttributeSource:96) - Adding transactional method [delete*] with attribute [PROPAGATION_REQUIRED,ISOLATION_DEFAULT]
2018-12-14 12:08:39,993 DEBUG (org.springframework.beans.factory.support.DefaultListableBeanFactory:250) - Returning cached instance of singleton bean &apos;managerTx&apos;
2018-12-14 12:08:39,993 DEBUG (org.springframework.beans.factory.support.DefaultListableBeanFactory:250) - Returning cached instance of singleton bean &apos;managerTx&apos;
2018-12-14 12:08:39,994 DEBUG (org.springframework.beans.factory.support.DefaultListableBeanFactory:250) - Returning cached instance of singleton bean &apos;managerTx&apos;
2018-12-14 12:08:39,994 DEBUG (org.springframework.beans.factory.support.DefaultListableBeanFactory:250) - Returning cached instance of singleton bean &apos;managerTx&apos;
2018-12-14 12:08:39,995 DEBUG (org.springframework.beans.factory.support.DefaultListableBeanFactory:484) - Finished creating instance of bean &apos;(inner bean)#51a06cbe&apos;
2018-12-14 12:08:39,995 DEBUG (org.springframework.beans.factory.support.DefaultListableBeanFactory:484) - Finished creating instance of bean &apos;(inner bean)#51a06cbe&apos;
2018-12-14 12:08:39,996 DEBUG (org.springframework.beans.factory.support.DefaultListableBeanFactory:1620) - Invoking afterPropertiesSet() on bean with name &apos;txAdvice&apos;
2018-12-14 12:08:39,996 DEBUG (org.springframework.beans.factory.support.DefaultListableBeanFactory:1620) - Invoking afterPropertiesSet() on bean with name &apos;txAdvice&apos;
2018-12-14 12:08:39,996 DEBUG (org.springframework.beans.factory.support.DefaultListableBeanFactory:484) - Finished creating instance of bean &apos;txAdvice&apos;
2018-12-14 12:08:39,996 DEBUG (org.springframework.beans.factory.support.DefaultListableBeanFactory:484) - Finished creating instance of bean &apos;txAdvice&apos;
2018-12-14 12:08:39,996 DEBUG (org.springframework.beans.factory.support.DefaultListableBeanFactory:250) - Returning cached instance of singleton bean &apos;org.springframework.aop.config.internalAutoProxyCreator&apos;
2018-12-14 12:08:39,996 DEBUG (org.springframework.beans.factory.support.DefaultListableBeanFactory:250) - Returning cached instance of singleton bean &apos;org.springframework.aop.config.internalAutoProxyCreator&apos;
2018-12-14 12:08:39,996 DEBUG (org.springframework.beans.factory.support.DefaultListableBeanFactory:250) - Returning cached instance of singleton bean &apos;managerTx&apos;
2018-12-14 12:08:39,996 DEBUG (org.springframework.beans.factory.support.DefaultListableBeanFactory:250) - Returning cached instance of singleton bean &apos;managerTx&apos;
2018-12-14 12:08:39,996 DEBUG (org.springframework.beans.factory.support.DefaultListableBeanFactory:250) - Returning cached instance of singleton bean &apos;org.springframework.context.annotation.ConfigurationClassPostProcessor.importAwareProcessor&apos;
2018-12-14 12:08:39,996 DEBUG (org.springframework.beans.factory.support.DefaultListableBeanFactory:250) - Returning cached instance of singleton bean &apos;org.springframework.context.annotation.ConfigurationClassPostProcessor.importAwareProcessor&apos;
2018-12-14 12:08:39,996 DEBUG (org.springframework.beans.factory.support.DefaultListableBeanFactory:250) - Returning cached instance of singleton bean &apos;org.springframework.context.annotation.ConfigurationClassPostProcessor.enhancedConfigurationProcessor&apos;
2018-12-14 12:08:39,996 DEBUG (org.springframework.beans.factory.support.DefaultListableBeanFactory:250) - Returning cached instance of singleton bean &apos;org.springframework.context.annotation.ConfigurationClassPostProcessor.enhancedConfigurationProcessor&apos;
2018-12-14 12:08:39,996 DEBUG (org.springframework.beans.factory.support.DefaultListableBeanFactory:250) - Returning cached instance of singleton bean &apos;org.springframework.context.event.internalEventListenerFactory&apos;
2018-12-14 12:08:39,996 DEBUG (org.springframework.beans.factory.support.DefaultListableBeanFactory:250) - Returning cached instance of singleton bean &apos;org.springframework.context.event.internalEventListenerFactory&apos;
2018-12-14 12:08:40,011 DEBUG (org.springframework.context.support.ClassPathXmlApplicationContext:765) - Unable to locate LifecycleProcessor with name &apos;lifecycleProcessor&apos;: using default [org.springframework.context.support.DefaultLifecycleProcessor@3a80515c]
2018-12-14 12:08:40,011 DEBUG (org.springframework.context.support.ClassPathXmlApplicationContext:765) - Unable to locate LifecycleProcessor with name &apos;lifecycleProcessor&apos;: using default [org.springframework.context.support.DefaultLifecycleProcessor@3a80515c]
2018-12-14 12:08:40,012 DEBUG (org.springframework.beans.factory.support.DefaultListableBeanFactory:250) - Returning cached instance of singleton bean &apos;lifecycleProcessor&apos;
2018-12-14 12:08:40,012 DEBUG (org.springframework.beans.factory.support.DefaultListableBeanFactory:250) - Returning cached instance of singleton bean &apos;lifecycleProcessor&apos;
2018-12-14 12:08:40,014 DEBUG (org.springframework.core.env.PropertySourcesPropertyResolver:81) - Searching for key &apos;spring.liveBeansView.mbeanDomain&apos; in [systemProperties]
2018-12-14 12:08:40,014 DEBUG (org.springframework.core.env.PropertySourcesPropertyResolver:81) - Searching for key &apos;spring.liveBeansView.mbeanDomain&apos; in [systemProperties]
2018-12-14 12:08:40,014 DEBUG (org.springframework.core.env.PropertySourcesPropertyResolver:81) - Searching for key &apos;spring.liveBeansView.mbeanDomain&apos; in [systemEnvironment]
2018-12-14 12:08:40,014 DEBUG (org.springframework.core.env.PropertySourcesPropertyResolver:81) - Searching for key &apos;spring.liveBeansView.mbeanDomain&apos; in [systemEnvironment]
2018-12-14 12:08:40,014 DEBUG (org.springframework.core.env.PropertySourcesPropertyResolver:103) - Could not find key &apos;spring.liveBeansView.mbeanDomain&apos; in any property source. Returning [null]
2018-12-14 12:08:40,014 DEBUG (org.springframework.core.env.PropertySourcesPropertyResolver:103) - Could not find key &apos;spring.liveBeansView.mbeanDomain&apos; in any property source. Returning [null]
2018-12-14 12:08:40,016 DEBUG (org.springframework.beans.factory.support.DefaultListableBeanFactory:250) - Returning cached instance of singleton bean &apos;transactionManager&apos;
2018-12-14 12:08:40,016 DEBUG (org.springframework.beans.factory.support.DefaultListableBeanFactory:250) - Returning cached instance of singleton bean &apos;transactionManager&apos;
2018-12-14 12:08:40,016 DEBUG (org.unitils.database.transaction.impl.DefaultUnitilsTransactionManager:116) - Starting transaction
2018-12-14 12:08:40,016 DEBUG (org.unitils.database.transaction.impl.DefaultUnitilsTransactionManager:116) - Starting transaction
2018-12-14 12:08:40,016 DEBUG (org.springframework.beans.factory.support.DefaultListableBeanFactory:250) - Returning cached instance of singleton bean &apos;transactionManager&apos;
2018-12-14 12:08:40,016 DEBUG (org.springframework.beans.factory.support.DefaultListableBeanFactory:250) - Returning cached instance of singleton bean &apos;transactionManager&apos;
2018-12-14 12:08:40,021 DEBUG (org.springframework.orm.hibernate4.HibernateTransactionManager:367) - Creating new transaction with name [null]: PROPAGATION_REQUIRED,ISOLATION_DEFAULT
2018-12-14 12:08:40,021 DEBUG (org.springframework.orm.hibernate4.HibernateTransactionManager:367) - Creating new transaction with name [null]: PROPAGATION_REQUIRED,ISOLATION_DEFAULT
2018-12-14 12:08:40,061 DEBUG (org.springframework.orm.hibernate4.HibernateTransactionManager:438) - Opened new Session [SessionImpl(PersistenceContext[entityKeys=[],collectionKeys=[]];ActionQueue[insertions=[] updates=[] deletions=[] collectionCreations=[] collectionRemovals=[] collectionUpdates=[] unresolvedInsertDependencies=UnresolvedEntityInsertActions[]])] for Hibernate transaction
2018-12-14 12:08:40,061 DEBUG (org.springframework.orm.hibernate4.HibernateTransactionManager:438) - Opened new Session [SessionImpl(PersistenceContext[entityKeys=[],collectionKeys=[]];ActionQueue[insertions=[] updates=[] deletions=[] collectionCreations=[] collectionRemovals=[] collectionUpdates=[] unresolvedInsertDependencies=UnresolvedEntityInsertActions[]])] for Hibernate transaction
2018-12-14 12:08:40,063 DEBUG (org.springframework.orm.hibernate4.HibernateTransactionManager:448) - Preparing JDBC Connection of Hibernate Session [SessionImpl(PersistenceContext[entityKeys=[],collectionKeys=[]];ActionQueue[insertions=[] updates=[] deletions=[] collectionCreations=[] collectionRemovals=[] collectionUpdates=[] unresolvedInsertDependencies=UnresolvedEntityInsertActions[]])]
2018-12-14 12:08:40,063 DEBUG (org.springframework.orm.hibernate4.HibernateTransactionManager:448) - Preparing JDBC Connection of Hibernate Session [SessionImpl(PersistenceContext[entityKeys=[],collectionKeys=[]];ActionQueue[insertions=[] updates=[] deletions=[] collectionCreations=[] collectionRemovals=[] collectionUpdates=[] unresolvedInsertDependencies=UnresolvedEntityInsertActions[]])]
2018-12-14 12:08:40,063 DEBUG (org.hibernate.engine.jdbc.internal.LogicalConnectionImpl:212) - Obtaining JDBC connection
2018-12-14 12:08:40,063 DEBUG (org.hibernate.engine.jdbc.internal.LogicalConnectionImpl:218) - Obtained JDBC connection
2018-12-14 12:08:40,068 DEBUG (org.hibernate.engine.transaction.spi.AbstractTransactionImpl:158) - begin
2018-12-14 12:08:40,068 DEBUG (org.hibernate.engine.transaction.internal.jdbc.JdbcTransaction:69) - initial autocommit status: true
2018-12-14 12:08:40,068 DEBUG (org.hibernate.engine.transaction.internal.jdbc.JdbcTransaction:71) - disabling autocommit
2018-12-14 12:08:40,070 DEBUG (org.springframework.orm.hibernate4.HibernateTransactionManager:516) - Exposing Hibernate transaction as JDBC transaction [jdbc:mysql://localhost:3306/spring4_x_chapter20?useUnicode=true&amp;characterEncoding=UTF-8, UserName=root@localhost, MySQL Connector Java]
2018-12-14 12:08:40,070 DEBUG (org.springframework.orm.hibernate4.HibernateTransactionManager:516) - Exposing Hibernate transaction as JDBC transaction [jdbc:mysql://localhost:3306/spring4_x_chapter20?useUnicode=true&amp;characterEncoding=UTF-8, UserName=root@localhost, MySQL Connector Java]
</system-out>
  </testcase>
  <testcase classname="com.smart.dao.UserDaoTest" name="findUserByUserName" time="0.033">
    <skipped/>
  </testcase>
</testsuite>