<?xml version="1.0" encoding="UTF-8"?>
<!-- Generated by org.testng.reporters.JUnitReportReporter -->
<testsuite hostname="DESKTOP-HM7HN8P" name="com.smart.service.UserServiceTest" tests="3" failures="0" timestamp="3 Oct 2018 12:11:24 GMT" time="1.073" errors="0">
  <testcase name="testAddLoginLog" time="0.362" classname="com.smart.service.UserServiceTest"/>
  <testcase name="testHasMatchUser" time="0.308" classname="com.smart.service.UserServiceTest"/>
  <testcase name="testFindUserByUserName" time="0.403" classname="com.smart.service.UserServiceTest"/>
</testsuite> <!-- com.smart.service.UserServiceTest -->
