<?xml version="1.0" encoding="UTF-8"?>
<!-- Generated by org.testng.reporters.JUnitReportReporter -->
<testsuite hostname="DESKTOP-HM7HN8P" name="com.smart.advisor.DynamicAdvisorTest" tests="1" failures="0" timestamp="6 Nov 2018 10:02:45 GMT" time="0.541" errors="0">
  <testcase name="dynamic" time="0.541" classname="com.smart.advisor.DynamicAdvisorTest"/>
</testsuite> <!-- com.smart.advisor.DynamicAdvisorTest -->
