<?xml version="1.0" encoding="UTF-8"?>
<!-- Generated by org.testng.reporters.JUnitReportReporter -->
<testsuite hostname="DESKTOP-HM7HN8P" name="com.smart.aop.AopAwareTest" tests="1" failures="0" timestamp="12 Nov 2018 12:06:49 GMT" time="0.568" errors="0">
  <testcase name="autoProxy" time="0.568" classname="com.smart.aop.AopAwareTest"/>
</testsuite> <!-- com.smart.aop.AopAwareTest -->
