<?xml version="1.0" encoding="UTF-8"?>
<!-- Generated by org.testng.reporters.JUnitReportReporter -->
<testsuite hostname="DESKTOP-HM7HN8P" name="com.smart.introduce.IntroduceTest" tests="1" failures="0" timestamp="6 Nov 2018 04:14:07 GMT" time="0.186" errors="0">
  <testcase name="introduce" time="0.186" classname="com.smart.introduce.IntroduceTest"/>
</testsuite> <!-- com.smart.introduce.IntroduceTest -->
