<?xml version="1.0" encoding="UTF-8"?>
<!-- Generated by org.testng.reporters.JUnitReportReporter -->
<testsuite hostname="DESKTOP-HM7HN8P" name="com.smart.advice.BeforeAdviceTest" tests="1" failures="0" timestamp="6 Nov 2018 04:14:07 GMT" time="0.651" errors="0">
  <testcase name="before" time="0.651" classname="com.smart.advice.BeforeAdviceTest"/>
</testsuite> <!-- com.smart.advice.BeforeAdviceTest -->
