<?xml version="1.0" encoding="UTF-8"?>
<!-- Generated by org.testng.reporters.JUnitReportReporter -->
<testsuite hostname="DESKTOP-HM7HN8P" name="com.smart.advisor.ComposableAdvisorTest" tests="1" failures="0" timestamp="6 Nov 2018 10:58:13 GMT" time="0.571" errors="0">
  <testcase name="cat" time="0.571" classname="com.smart.advisor.ComposableAdvisorTest"/>
</testsuite> <!-- com.smart.advisor.ComposableAdvisorTest -->
