<?xml version="1.0" encoding="UTF-8"?>
<!-- Generated by org.testng.reporters.JUnitReportReporter -->
<testsuite hostname="DESKTOP-HM7HN8P" name="com.smart.advisor.AutoProxyTest" tests="1" failures="0" timestamp="12 Nov 2018 06:15:37 GMT" time="0.551" errors="0">
  <testcase name="Default_auto_test" time="0.551" classname="com.smart.advisor.AutoProxyTest"/>
</testsuite> <!-- com.smart.advisor.AutoProxyTest -->
