<?xml version="1.0" encoding="UTF-8"?>
<!-- Generated by org.testng.reporters.JUnitReportReporter -->
<testsuite hostname="DESKTOP-HM7HN8P" name="com.smart.proxy.ForumServiceTest" tests="1" failures="0" timestamp="6 Nov 2018 04:14:07 GMT" time="0.076" errors="0">
  <testcase name="proxy" time="0.076" classname="com.smart.proxy.ForumServiceTest"/>
</testsuite> <!-- com.smart.proxy.ForumServiceTest -->
