<?xml version="1.0" encoding="UTF-8"?>
<!-- Generated by org.testng.reporters.JUnitReportReporter -->
<testsuite hostname="DESKTOP-HM7HN8P" name="com.smart.advisor.ControlFlowPointcutTest" tests="1" failures="0" timestamp="6 Nov 2018 10:29:50 GMT" time="0.562" errors="0">
  <testcase name="cfpt" time="0.562" classname="com.smart.advisor.ControlFlowPointcutTest"/>
</testsuite> <!-- com.smart.advisor.ControlFlowPointcutTest -->
