<?xml version="1.0" encoding="UTF-8"?>
<!-- Generated by org.testng.reporters.JUnitReportReporter -->
<testsuite hostname="DESKTOP-HM7HN8P" name="com.smart.aspectJ.fun.PointcunFunTest" tests="1" failures="0" timestamp="13 Nov 2018 12:30:14 GMT" time="0.494" errors="0">
  <testcase name="pointcut" time="0.494" classname="com.smart.aspectJ.fun.PointcunFunTest"/>
</testsuite> <!-- com.smart.aspectJ.fun.PointcunFunTest -->
