<?xml version="1.0" encoding="UTF-8"?>
<!-- Generated by org.testng.reporters.JUnitReportReporter -->
<testsuite hostname="DESKTOP-HM7HN8P" name="com.smart.aspectJ.basic.DeclaredParentsTest" tests="1" failures="0" timestamp="13 Nov 2018 11:23:28 GMT" time="0.502" errors="0">
  <testcase name="declareParent" time="0.502" classname="com.smart.aspectJ.basic.DeclaredParentsTest"/>
</testsuite> <!-- com.smart.aspectJ.basic.DeclaredParentsTest -->
