<?xml version="1.0" encoding="UTF-8"?>
<!-- Generated by org.testng.reporters.JUnitReportReporter -->
<testsuite hostname="DESKTOP-HM7HN8P" name="com.smart.aspectJ.example.AspectJProxyTest" tests="1" failures="0" timestamp="13 Nov 2018 10:55:08 GMT" time="0.370" errors="0">
  <testcase name="proxy" time="0.370" classname="com.smart.aspectJ.example.AspectJProxyTest"/>
</testsuite> <!-- com.smart.aspectJ.example.AspectJProxyTest -->
