<?xml version="1.0" encoding="UTF-8"?>
<!-- Generated by org.testng.reporters.JUnitReportReporter -->
<testsuite hostname="DESKTOP-HM7HN8P" name="com.smart.aspectJ.anno.ToolTest" tests="1" failures="0" timestamp="13 Nov 2018 10:55:08 GMT" time="0.002" errors="0">
  <testcase name="tool" time="0.002" classname="com.smart.aspectJ.anno.ToolTest"/>
</testsuite> <!-- com.smart.aspectJ.anno.ToolTest -->
