<?xml version="1.0" encoding="UTF-8"?>
<!-- Generated by org.testng.reporters.JUnitReportReporter -->
<testsuite hostname="DESKTOP-HM7HN8P" name="com.smart.schema.schemaTest" tests="1" failures="0" timestamp="16 Nov 2018 05:15:36 GMT" time="0.728" errors="0">
  <testcase name="schematest" time="0.728" classname="com.smart.schema.schemaTest"/>
</testsuite> <!-- com.smart.schema.schemaTest -->
