<?xml version="1.0" encoding="UTF-8" ?>
<testsuite tests="3" failures="2" name="TestSuite" time="4.415" errors="0" skipped="0">
  <properties>
    <property name="jboss.i18n.generate-proxies" value="true"/>
    <property name="java.runtime.name" value="Java(TM) SE Runtime Environment"/>
    <property name="sun.boot.library.path" value="D:\JDK1.8\jre\bin"/>
    <property name="java.vm.version" value="25.121-b13"/>
    <property name="java.vm.vendor" value="Oracle Corporation"/>
    <property name="java.vendor.url" value="http://java.oracle.com/"/>
    <property name="path.separator" value=";"/>
    <property name="java.vm.name" value="Java HotSpot(TM) 64-Bit Server VM"/>
    <property name="file.encoding.pkg" value="sun.io"/>
    <property name="user.script" value=""/>
    <property name="user.country" value="CN"/>
    <property name="sun.java.launcher" value="SUN_STANDARD"/>
    <property name="sun.os.patch.level" value=""/>
    <property name="java.vm.specification.name" value="Java Virtual Machine Specification"/>
    <property name="user.dir" value="E:\work_java\chapter18"/>
    <property name="java.runtime.version" value="1.8.0_121-b13"/>
    <property name="java.awt.graphicsenv" value="sun.awt.Win32GraphicsEnvironment"/>
    <property name="basedir" value="E:\work_java\chapter18"/>
    <property name="java.endorsed.dirs" value="D:\JDK1.8\jre\lib\endorsed"/>
    <property name="os.arch" value="amd64"/>
    <property name="surefire.real.class.path" value="E:\work_java\chapter18\target\surefire\surefirebooter3221345583771230830.jar"/>
    <property name="java.io.tmpdir" value="C:\Users\DEll\AppData\Local\Temp\"/>
    <property name="line.separator" value="
"/>
    <property name="java.vm.specification.vendor" value="Oracle Corporation"/>
    <property name="user.variant" value=""/>
    <property name="os.name" value="Windows 10"/>
    <property name="sun.jnu.encoding" value="GBK"/>
    <property name="java.library.path" value="D:\JDK1.8\jre\bin;C:\WINDOWS\Sun\Java\bin;C:\WINDOWS\system32;C:\WINDOWS;C:/Program Files/Java/jre1.8.0_144/bin/server;C:/Program Files/Java/jre1.8.0_144/bin;C:/Program Files/Java/jre1.8.0_144/lib/amd64;;C:\Program Files (x86)\Common Files\Oracle\Java\javapath;C:\WINDOWS\system32;C:\WINDOWS;C:\WINDOWS\System32\Wbem;C:\WINDOWS\System32\WindowsPowerShell\v1.0\;C:\Program Files (x86)\Common Files\Thunder Network\KanKan\Codecs;D:\putty\;D:\miktex\miktex\bin\x64\;D:\Git\cmd;C:\WINDOWS\system32;C:\WINDOWS;C:\WINDOWS\System32\Wbem;C:\WINDOWS\System32\WindowsPowerShell\v1.0\;C:\WINDOWS\System32\OpenSSH\;C:\Program Files\dotnet\;C:\Program Files\MySQL\MySQL Server 5.7\bin\;D:\jee-photon\eclipse;D:\masterSpring\apache-maven-3.3.9-bin\bin;D:\JDK1.8\bin;D:\vc\Tools\WinNT;D:\vc\MSDev98\Bin;D:\vc\Tools;D:\VC98\bin;C:\Program Files\Intel\WiFi\bin\;C:\Program Files\Common Files\Intel\WirelessCommon\;F:\AppServ\Apache24\bin;F:\AppServ\php5;F:\AppServ\MySQL\bin;C:\Users\DEll\AppData\Local\Microsoft\WindowsApps;D:\JDK1.8\bin;C:\Users\DEll\AppData\Local\GitHubDesktop\bin;D:\Microsoft VS Code\bin;C:\Users\DEll\AppData\Local\Microsoft\WindowsApps;D:\Docker Toolbox;C:\Program Files\MySQL\MySQL Server 5.7\bin\;D:\jee-photon\eclipse;D:\masterSpring\apache-maven-3.3.9-bin\bin;;C:\WINDOWS\System32;;."/>
    <property name="surefire.test.class.path" value="E:\work_java\chapter18\target\test-classes;E:\work_java\chapter18\target\classes;C:\Users\DEll\.m2\repository\org\springframework\spring-orm\4.2.2.RELEASE\spring-orm-4.2.2.RELEASE.jar;C:\Users\DEll\.m2\repository\org\springframework\spring-core\4.2.2.RELEASE\spring-core-4.2.2.RELEASE.jar;C:\Users\DEll\.m2\repository\org\springframework\spring-tx\4.2.2.RELEASE\spring-tx-4.2.2.RELEASE.jar;C:\Users\DEll\.m2\repository\org\springframework\spring-test\4.2.2.RELEASE\spring-test-4.2.2.RELEASE.jar;C:\Users\DEll\.m2\repository\org\springframework\spring-webmvc\4.2.2.RELEASE\spring-webmvc-4.2.2.RELEASE.jar;C:\Users\DEll\.m2\repository\org\springframework\spring-expression\4.2.2.RELEASE\spring-expression-4.2.2.RELEASE.jar;C:\Users\DEll\.m2\repository\org\springframework\spring-web\4.2.2.RELEASE\spring-web-4.2.2.RELEASE.jar;C:\Users\DEll\.m2\repository\org\springframework\spring-context\4.2.2.RELEASE\spring-context-4.2.2.RELEASE.jar;C:\Users\DEll\.m2\repository\org\springframework\spring-aop\4.2.2.RELEASE\spring-aop-4.2.2.RELEASE.jar;C:\Users\DEll\.m2\repository\org\springframework\spring-context-support\4.2.2.RELEASE\spring-context-support-4.2.2.RELEASE.jar;C:\Users\DEll\.m2\repository\org\springframework\spring-beans\4.2.2.RELEASE\spring-beans-4.2.2.RELEASE.jar;C:\Users\DEll\.m2\repository\org\springframework\spring-jdbc\4.2.2.RELEASE\spring-jdbc-4.2.2.RELEASE.jar;C:\Users\DEll\.m2\repository\commons-lang\commons-lang\2.2\commons-lang-2.2.jar;C:\Users\DEll\.m2\repository\commons-fileupload\commons-fileupload\1.3.1\commons-fileupload-1.3.1.jar;C:\Users\DEll\.m2\repository\commons-io\commons-io\2.2\commons-io-2.2.jar;C:\Users\DEll\.m2\repository\commons-dbcp\commons-dbcp\1.4\commons-dbcp-1.4.jar;C:\Users\DEll\.m2\repository\commons-pool\commons-pool\1.5.4\commons-pool-1.5.4.jar;C:\Users\DEll\.m2\repository\javax\persistence\persistence-api\1.0\persistence-api-1.0.jar;C:\Users\DEll\.m2\repository\org\hibernate\hibernate-core\4.2.0.Final\hibernate-core-4.2.0.Final.jar;C:\Users\DEll\.m2\repository\antlr\antlr\2.7.7\antlr-2.7.7.jar;C:\Users\DEll\.m2\repository\org\jboss\logging\jboss-logging\3.1.0.GA\jboss-logging-3.1.0.GA.jar;C:\Users\DEll\.m2\repository\org\jboss\spec\javax\transaction\jboss-transaction-api_1.1_spec\1.0.0.Final\jboss-transaction-api_1.1_spec-1.0.0.Final.jar;C:\Users\DEll\.m2\repository\dom4j\dom4j\1.6.1\dom4j-1.6.1.jar;C:\Users\DEll\.m2\repository\org\javassist\javassist\3.15.0-GA\javassist-3.15.0-GA.jar;C:\Users\DEll\.m2\repository\org\hibernate\common\hibernate-commons-annotations\4.0.1.Final\hibernate-commons-annotations-4.0.1.Final.jar;C:\Users\DEll\.m2\repository\org\hibernate\hibernate-ehcache\4.2.0.Final\hibernate-ehcache-4.2.0.Final.jar;C:\Users\DEll\.m2\repository\net\sf\ehcache\ehcache-core\2.4.3\ehcache-core-2.4.3.jar;C:\Users\DEll\.m2\repository\org\hibernate\javax\persistence\hibernate-jpa-2.0-api\1.0.1.Final\hibernate-jpa-2.0-api-1.0.1.Final.jar;C:\Users\DEll\.m2\repository\javax\servlet\servlet-api\3.0-alpha-1\servlet-api-3.0-alpha-1.jar;C:\Users\DEll\.m2\repository\javax\servlet\javax.servlet-api\3.1.0\javax.servlet-api-3.1.0.jar;C:\Users\DEll\.m2\repository\mysql\mysql-connector-java\5.1.29\mysql-connector-java-5.1.29.jar;C:\Users\DEll\.m2\repository\commons-beanutils\commons-beanutils\1.9.1\commons-beanutils-1.9.1.jar;C:\Users\DEll\.m2\repository\commons-logging\commons-logging\1.1.1\commons-logging-1.1.1.jar;C:\Users\DEll\.m2\repository\commons-collections\commons-collections\3.2.1\commons-collections-3.2.1.jar;C:\Users\DEll\.m2\repository\org\slf4j\slf4j-api\1.7.5\slf4j-api-1.7.5.jar;C:\Users\DEll\.m2\repository\org\slf4j\slf4j-log4j12\1.7.5\slf4j-log4j12-1.7.5.jar;C:\Users\DEll\.m2\repository\log4j\log4j\1.2.17\log4j-1.2.17.jar;C:\Users\DEll\.m2\repository\org\mockito\mockito-all\1.10.19\mockito-all-1.10.19.jar;C:\Users\DEll\.m2\repository\org\testng\testng\6.8.7\testng-6.8.7.jar;C:\Users\DEll\.m2\repository\junit\junit\4.10\junit-4.10.jar;C:\Users\DEll\.m2\repository\org\hamcrest\hamcrest-core\1.1\hamcrest-core-1.1.jar;C:\Users\DEll\.m2\repository\org\beanshell\bsh\2.0b4\bsh-2.0b4.jar;C:\Users\DEll\.m2\repository\com\beust\jcommander\1.27\jcommander-1.27.jar;C:\Users\DEll\.m2\repository\org\yaml\snakeyaml\1.12\snakeyaml-1.12.jar;C:\Users\DEll\.m2\repository\org\unitils\unitils-core\3.4.2\unitils-core-3.4.2.jar;C:\Users\DEll\.m2\repository\ognl\ognl\2.6.9\ognl-2.6.9.jar;C:\Users\DEll\.m2\repository\org\unitils\unitils-testng\3.4.2\unitils-testng-3.4.2.jar;C:\Users\DEll\.m2\repository\org\testng\testng\5.8\testng-5.8-jdk15.jar;C:\Users\DEll\.m2\repository\org\unitils\unitils-spring\3.4.2\unitils-spring-3.4.2.jar;C:\Users\DEll\.m2\repository\org\unitils\unitils-orm\3.4.2\unitils-orm-3.4.2.jar;C:\Users\DEll\.m2\repository\org\unitils\unitils-database\3.4.2\unitils-database-3.4.2.jar;C:\Users\DEll\.m2\repository\org\unitils\unitils-dbmaintainer\3.4.2\unitils-dbmaintainer-3.4.2.jar;C:\Users\DEll\.m2\repository\org\hibernate\hibernate\3.2.5.ga\hibernate-3.2.5.ga.jar;C:\Users\DEll\.m2\repository\net\sf\ehcache\ehcache\1.2.3\ehcache-1.2.3.jar;C:\Users\DEll\.m2\repository\asm\asm-attrs\1.5.3\asm-attrs-1.5.3.jar;C:\Users\DEll\.m2\repository\cglib\cglib\2.1_3\cglib-2.1_3.jar;C:\Users\DEll\.m2\repository\asm\asm\1.5.3\asm-1.5.3.jar;C:\Users\DEll\.m2\repository\org\slf4j\slf4j-nop\1.6.4\slf4j-nop-1.6.4.jar;C:\Users\DEll\.m2\repository\org\unitils\unitils-dbunit\3.4.2\unitils-dbunit-3.4.2.jar;C:\Users\DEll\.m2\repository\xmlunit\xmlunit\1.2\xmlunit-1.2.jar;C:\Users\DEll\.m2\repository\org\aspectj\aspectjrt\1.8.1\aspectjrt-1.8.1.jar;C:\Users\DEll\.m2\repository\org\aspectj\aspectjweaver\1.8.1\aspectjweaver-1.8.1.jar;C:\Users\DEll\.m2\repository\aopalliance\aopalliance\1.0\aopalliance-1.0.jar;C:\Users\DEll\.m2\repository\org\apache\poi\poi\3.9\poi-3.9.jar;C:\Users\DEll\.m2\repository\commons-codec\commons-codec\1.5\commons-codec-1.5.jar;C:\Users\DEll\.m2\repository\javassist\javassist\3.6.0.GA\javassist-3.6.0.GA.jar;C:\Users\DEll\.m2\repository\org\seleniumhq\selenium\selenium-chrome-driver\2.41.0\selenium-chrome-driver-2.41.0.jar;C:\Users\DEll\.m2\repository\org\seleniumhq\selenium\selenium-remote-driver\2.41.0\selenium-remote-driver-2.41.0.jar;C:\Users\DEll\.m2\repository\cglib\cglib-nodep\2.1_3\cglib-nodep-2.1_3.jar;C:\Users\DEll\.m2\repository\net\java\dev\jna\jna\3.4.0\jna-3.4.0.jar;C:\Users\DEll\.m2\repository\net\java\dev\jna\platform\3.4.0\platform-3.4.0.jar;C:\Users\DEll\.m2\repository\org\seleniumhq\selenium\selenium-firefox-driver\2.41.0\selenium-firefox-driver-2.41.0.jar;C:\Users\DEll\.m2\repository\org\apache\commons\commons-exec\1.1\commons-exec-1.1.jar;C:\Users\DEll\.m2\repository\com\opera\operadriver\0.8.1\operadriver-0.8.1.jar;C:\Users\DEll\.m2\repository\com\opera\operalaunchers\0.3\operalaunchers-0.3.jar;C:\Users\DEll\.m2\repository\com\google\protobuf\protobuf-java\2.4.1\protobuf-java-2.4.1.jar;C:\Users\DEll\.m2\repository\com\google\guava\guava\10.0.1\guava-10.0.1.jar;C:\Users\DEll\.m2\repository\com\google\code\findbugs\jsr305\1.3.9\jsr305-1.3.9.jar;C:\Users\DEll\.m2\repository\commons-jxpath\commons-jxpath\1.3\commons-jxpath-1.3.jar;C:\Users\DEll\.m2\repository\org\dbunit\dbunit\2.5.1\dbunit-2.5.1.jar;C:\Users\DEll\.m2\repository\org\apache\poi\poi-ooxml\3.11\poi-ooxml-3.11.jar;C:\Users\DEll\.m2\repository\org\apache\poi\poi-ooxml-schemas\3.11\poi-ooxml-schemas-3.11.jar;C:\Users\DEll\.m2\repository\org\apache\xmlbeans\xmlbeans\2.6.0\xmlbeans-2.6.0.jar;C:\Users\DEll\.m2\repository\stax\stax-api\1.0.1\stax-api-1.0.1.jar;C:\Users\DEll\.m2\repository\org\seleniumhq\selenium\selenium-api\2.41.0\selenium-api-2.41.0.jar;C:\Users\DEll\.m2\repository\org\json\json\20080701\json-20080701.jar;C:\Users\DEll\.m2\repository\org\seleniumhq\selenium\selenium-htmlunit-driver\2.41.0\selenium-htmlunit-driver-2.41.0.jar;C:\Users\DEll\.m2\repository\net\sourceforge\htmlunit\htmlunit\2.13\htmlunit-2.13.jar;C:\Users\DEll\.m2\repository\xalan\xalan\2.7.1\xalan-2.7.1.jar;C:\Users\DEll\.m2\repository\xalan\serializer\2.7.1\serializer-2.7.1.jar;C:\Users\DEll\.m2\repository\org\apache\commons\commons-lang3\3.1\commons-lang3-3.1.jar;C:\Users\DEll\.m2\repository\org\apache\httpcomponents\httpmime\4.3.1\httpmime-4.3.1.jar;C:\Users\DEll\.m2\repository\net\sourceforge\htmlunit\htmlunit-core-js\2.13\htmlunit-core-js-2.13.jar;C:\Users\DEll\.m2\repository\xerces\xercesImpl\2.11.0\xercesImpl-2.11.0.jar;C:\Users\DEll\.m2\repository\xml-apis\xml-apis\1.4.01\xml-apis-1.4.01.jar;C:\Users\DEll\.m2\repository\net\sourceforge\nekohtml\nekohtml\1.9.19\nekohtml-1.9.19.jar;C:\Users\DEll\.m2\repository\net\sourceforge\cssparser\cssparser\0.9.11\cssparser-0.9.11.jar;C:\Users\DEll\.m2\repository\org\w3c\css\sac\1.3\sac-1.3.jar;C:\Users\DEll\.m2\repository\org\eclipse\jetty\jetty-websocket\8.1.12.v20130726\jetty-websocket-8.1.12.v20130726.jar;C:\Users\DEll\.m2\repository\org\eclipse\jetty\jetty-util\8.1.12.v20130726\jetty-util-8.1.12.v20130726.jar;C:\Users\DEll\.m2\repository\org\eclipse\jetty\jetty-io\8.1.12.v20130726\jetty-io-8.1.12.v20130726.jar;C:\Users\DEll\.m2\repository\org\eclipse\jetty\jetty-http\8.1.12.v20130726\jetty-http-8.1.12.v20130726.jar;C:\Users\DEll\.m2\repository\org\apache\httpcomponents\httpclient\4.3.1\httpclient-4.3.1.jar;C:\Users\DEll\.m2\repository\org\apache\httpcomponents\httpcore\4.3\httpcore-4.3.jar;C:\Users\DEll\.m2\repository\org\hamcrest\hamcrest-all\1.3\hamcrest-all-1.3.jar;"/>
    <property name="java.specification.name" value="Java Platform API Specification"/>
    <property name="java.class.version" value="52.0"/>
    <property name="sun.management.compiler" value="HotSpot 64-Bit Tiered Compilers"/>
    <property name="os.version" value="10.0"/>
    <property name="user.home" value="C:\Users\DEll"/>
    <property name="user.timezone" value="Asia/Shanghai"/>
    <property name="java.awt.printerjob" value="sun.awt.windows.WPrinterJob"/>
    <property name="java.specification.version" value="1.8"/>
    <property name="file.encoding" value="UTF-8"/>
    <property name="user.name" value="DEll"/>
    <property name="java.class.path" value="E:\work_java\chapter18\target\test-classes;E:\work_java\chapter18\target\classes;C:\Users\DEll\.m2\repository\org\springframework\spring-orm\4.2.2.RELEASE\spring-orm-4.2.2.RELEASE.jar;C:\Users\DEll\.m2\repository\org\springframework\spring-core\4.2.2.RELEASE\spring-core-4.2.2.RELEASE.jar;C:\Users\DEll\.m2\repository\org\springframework\spring-tx\4.2.2.RELEASE\spring-tx-4.2.2.RELEASE.jar;C:\Users\DEll\.m2\repository\org\springframework\spring-test\4.2.2.RELEASE\spring-test-4.2.2.RELEASE.jar;C:\Users\DEll\.m2\repository\org\springframework\spring-webmvc\4.2.2.RELEASE\spring-webmvc-4.2.2.RELEASE.jar;C:\Users\DEll\.m2\repository\org\springframework\spring-expression\4.2.2.RELEASE\spring-expression-4.2.2.RELEASE.jar;C:\Users\DEll\.m2\repository\org\springframework\spring-web\4.2.2.RELEASE\spring-web-4.2.2.RELEASE.jar;C:\Users\DEll\.m2\repository\org\springframework\spring-context\4.2.2.RELEASE\spring-context-4.2.2.RELEASE.jar;C:\Users\DEll\.m2\repository\org\springframework\spring-aop\4.2.2.RELEASE\spring-aop-4.2.2.RELEASE.jar;C:\Users\DEll\.m2\repository\org\springframework\spring-context-support\4.2.2.RELEASE\spring-context-support-4.2.2.RELEASE.jar;C:\Users\DEll\.m2\repository\org\springframework\spring-beans\4.2.2.RELEASE\spring-beans-4.2.2.RELEASE.jar;C:\Users\DEll\.m2\repository\org\springframework\spring-jdbc\4.2.2.RELEASE\spring-jdbc-4.2.2.RELEASE.jar;C:\Users\DEll\.m2\repository\commons-lang\commons-lang\2.2\commons-lang-2.2.jar;C:\Users\DEll\.m2\repository\commons-fileupload\commons-fileupload\1.3.1\commons-fileupload-1.3.1.jar;C:\Users\DEll\.m2\repository\commons-io\commons-io\2.2\commons-io-2.2.jar;C:\Users\DEll\.m2\repository\commons-dbcp\commons-dbcp\1.4\commons-dbcp-1.4.jar;C:\Users\DEll\.m2\repository\commons-pool\commons-pool\1.5.4\commons-pool-1.5.4.jar;C:\Users\DEll\.m2\repository\javax\persistence\persistence-api\1.0\persistence-api-1.0.jar;C:\Users\DEll\.m2\repository\org\hibernate\hibernate-core\4.2.0.Final\hibernate-core-4.2.0.Final.jar;C:\Users\DEll\.m2\repository\antlr\antlr\2.7.7\antlr-2.7.7.jar;C:\Users\DEll\.m2\repository\org\jboss\logging\jboss-logging\3.1.0.GA\jboss-logging-3.1.0.GA.jar;C:\Users\DEll\.m2\repository\org\jboss\spec\javax\transaction\jboss-transaction-api_1.1_spec\1.0.0.Final\jboss-transaction-api_1.1_spec-1.0.0.Final.jar;C:\Users\DEll\.m2\repository\dom4j\dom4j\1.6.1\dom4j-1.6.1.jar;C:\Users\DEll\.m2\repository\org\javassist\javassist\3.15.0-GA\javassist-3.15.0-GA.jar;C:\Users\DEll\.m2\repository\org\hibernate\common\hibernate-commons-annotations\4.0.1.Final\hibernate-commons-annotations-4.0.1.Final.jar;C:\Users\DEll\.m2\repository\org\hibernate\hibernate-ehcache\4.2.0.Final\hibernate-ehcache-4.2.0.Final.jar;C:\Users\DEll\.m2\repository\net\sf\ehcache\ehcache-core\2.4.3\ehcache-core-2.4.3.jar;C:\Users\DEll\.m2\repository\org\hibernate\javax\persistence\hibernate-jpa-2.0-api\1.0.1.Final\hibernate-jpa-2.0-api-1.0.1.Final.jar;C:\Users\DEll\.m2\repository\javax\servlet\servlet-api\3.0-alpha-1\servlet-api-3.0-alpha-1.jar;C:\Users\DEll\.m2\repository\javax\servlet\javax.servlet-api\3.1.0\javax.servlet-api-3.1.0.jar;C:\Users\DEll\.m2\repository\mysql\mysql-connector-java\5.1.29\mysql-connector-java-5.1.29.jar;C:\Users\DEll\.m2\repository\commons-beanutils\commons-beanutils\1.9.1\commons-beanutils-1.9.1.jar;C:\Users\DEll\.m2\repository\commons-logging\commons-logging\1.1.1\commons-logging-1.1.1.jar;C:\Users\DEll\.m2\repository\commons-collections\commons-collections\3.2.1\commons-collections-3.2.1.jar;C:\Users\DEll\.m2\repository\org\slf4j\slf4j-api\1.7.5\slf4j-api-1.7.5.jar;C:\Users\DEll\.m2\repository\org\slf4j\slf4j-log4j12\1.7.5\slf4j-log4j12-1.7.5.jar;C:\Users\DEll\.m2\repository\log4j\log4j\1.2.17\log4j-1.2.17.jar;C:\Users\DEll\.m2\repository\org\mockito\mockito-all\1.10.19\mockito-all-1.10.19.jar;C:\Users\DEll\.m2\repository\org\testng\testng\6.8.7\testng-6.8.7.jar;C:\Users\DEll\.m2\repository\junit\junit\4.10\junit-4.10.jar;C:\Users\DEll\.m2\repository\org\hamcrest\hamcrest-core\1.1\hamcrest-core-1.1.jar;C:\Users\DEll\.m2\repository\org\beanshell\bsh\2.0b4\bsh-2.0b4.jar;C:\Users\DEll\.m2\repository\com\beust\jcommander\1.27\jcommander-1.27.jar;C:\Users\DEll\.m2\repository\org\yaml\snakeyaml\1.12\snakeyaml-1.12.jar;C:\Users\DEll\.m2\repository\org\unitils\unitils-core\3.4.2\unitils-core-3.4.2.jar;C:\Users\DEll\.m2\repository\ognl\ognl\2.6.9\ognl-2.6.9.jar;C:\Users\DEll\.m2\repository\org\unitils\unitils-testng\3.4.2\unitils-testng-3.4.2.jar;C:\Users\DEll\.m2\repository\org\testng\testng\5.8\testng-5.8-jdk15.jar;C:\Users\DEll\.m2\repository\org\unitils\unitils-spring\3.4.2\unitils-spring-3.4.2.jar;C:\Users\DEll\.m2\repository\org\unitils\unitils-orm\3.4.2\unitils-orm-3.4.2.jar;C:\Users\DEll\.m2\repository\org\unitils\unitils-database\3.4.2\unitils-database-3.4.2.jar;C:\Users\DEll\.m2\repository\org\unitils\unitils-dbmaintainer\3.4.2\unitils-dbmaintainer-3.4.2.jar;C:\Users\DEll\.m2\repository\org\hibernate\hibernate\3.2.5.ga\hibernate-3.2.5.ga.jar;C:\Users\DEll\.m2\repository\net\sf\ehcache\ehcache\1.2.3\ehcache-1.2.3.jar;C:\Users\DEll\.m2\repository\asm\asm-attrs\1.5.3\asm-attrs-1.5.3.jar;C:\Users\DEll\.m2\repository\cglib\cglib\2.1_3\cglib-2.1_3.jar;C:\Users\DEll\.m2\repository\asm\asm\1.5.3\asm-1.5.3.jar;C:\Users\DEll\.m2\repository\org\slf4j\slf4j-nop\1.6.4\slf4j-nop-1.6.4.jar;C:\Users\DEll\.m2\repository\org\unitils\unitils-dbunit\3.4.2\unitils-dbunit-3.4.2.jar;C:\Users\DEll\.m2\repository\xmlunit\xmlunit\1.2\xmlunit-1.2.jar;C:\Users\DEll\.m2\repository\org\aspectj\aspectjrt\1.8.1\aspectjrt-1.8.1.jar;C:\Users\DEll\.m2\repository\org\aspectj\aspectjweaver\1.8.1\aspectjweaver-1.8.1.jar;C:\Users\DEll\.m2\repository\aopalliance\aopalliance\1.0\aopalliance-1.0.jar;C:\Users\DEll\.m2\repository\org\apache\poi\poi\3.9\poi-3.9.jar;C:\Users\DEll\.m2\repository\commons-codec\commons-codec\1.5\commons-codec-1.5.jar;C:\Users\DEll\.m2\repository\javassist\javassist\3.6.0.GA\javassist-3.6.0.GA.jar;C:\Users\DEll\.m2\repository\org\seleniumhq\selenium\selenium-chrome-driver\2.41.0\selenium-chrome-driver-2.41.0.jar;C:\Users\DEll\.m2\repository\org\seleniumhq\selenium\selenium-remote-driver\2.41.0\selenium-remote-driver-2.41.0.jar;C:\Users\DEll\.m2\repository\cglib\cglib-nodep\2.1_3\cglib-nodep-2.1_3.jar;C:\Users\DEll\.m2\repository\net\java\dev\jna\jna\3.4.0\jna-3.4.0.jar;C:\Users\DEll\.m2\repository\net\java\dev\jna\platform\3.4.0\platform-3.4.0.jar;C:\Users\DEll\.m2\repository\org\seleniumhq\selenium\selenium-firefox-driver\2.41.0\selenium-firefox-driver-2.41.0.jar;C:\Users\DEll\.m2\repository\org\apache\commons\commons-exec\1.1\commons-exec-1.1.jar;C:\Users\DEll\.m2\repository\com\opera\operadriver\0.8.1\operadriver-0.8.1.jar;C:\Users\DEll\.m2\repository\com\opera\operalaunchers\0.3\operalaunchers-0.3.jar;C:\Users\DEll\.m2\repository\com\google\protobuf\protobuf-java\2.4.1\protobuf-java-2.4.1.jar;C:\Users\DEll\.m2\repository\com\google\guava\guava\10.0.1\guava-10.0.1.jar;C:\Users\DEll\.m2\repository\com\google\code\findbugs\jsr305\1.3.9\jsr305-1.3.9.jar;C:\Users\DEll\.m2\repository\commons-jxpath\commons-jxpath\1.3\commons-jxpath-1.3.jar;C:\Users\DEll\.m2\repository\org\dbunit\dbunit\2.5.1\dbunit-2.5.1.jar;C:\Users\DEll\.m2\repository\org\apache\poi\poi-ooxml\3.11\poi-ooxml-3.11.jar;C:\Users\DEll\.m2\repository\org\apache\poi\poi-ooxml-schemas\3.11\poi-ooxml-schemas-3.11.jar;C:\Users\DEll\.m2\repository\org\apache\xmlbeans\xmlbeans\2.6.0\xmlbeans-2.6.0.jar;C:\Users\DEll\.m2\repository\stax\stax-api\1.0.1\stax-api-1.0.1.jar;C:\Users\DEll\.m2\repository\org\seleniumhq\selenium\selenium-api\2.41.0\selenium-api-2.41.0.jar;C:\Users\DEll\.m2\repository\org\json\json\20080701\json-20080701.jar;C:\Users\DEll\.m2\repository\org\seleniumhq\selenium\selenium-htmlunit-driver\2.41.0\selenium-htmlunit-driver-2.41.0.jar;C:\Users\DEll\.m2\repository\net\sourceforge\htmlunit\htmlunit\2.13\htmlunit-2.13.jar;C:\Users\DEll\.m2\repository\xalan\xalan\2.7.1\xalan-2.7.1.jar;C:\Users\DEll\.m2\repository\xalan\serializer\2.7.1\serializer-2.7.1.jar;C:\Users\DEll\.m2\repository\org\apache\commons\commons-lang3\3.1\commons-lang3-3.1.jar;C:\Users\DEll\.m2\repository\org\apache\httpcomponents\httpmime\4.3.1\httpmime-4.3.1.jar;C:\Users\DEll\.m2\repository\net\sourceforge\htmlunit\htmlunit-core-js\2.13\htmlunit-core-js-2.13.jar;C:\Users\DEll\.m2\repository\xerces\xercesImpl\2.11.0\xercesImpl-2.11.0.jar;C:\Users\DEll\.m2\repository\xml-apis\xml-apis\1.4.01\xml-apis-1.4.01.jar;C:\Users\DEll\.m2\repository\net\sourceforge\nekohtml\nekohtml\1.9.19\nekohtml-1.9.19.jar;C:\Users\DEll\.m2\repository\net\sourceforge\cssparser\cssparser\0.9.11\cssparser-0.9.11.jar;C:\Users\DEll\.m2\repository\org\w3c\css\sac\1.3\sac-1.3.jar;C:\Users\DEll\.m2\repository\org\eclipse\jetty\jetty-websocket\8.1.12.v20130726\jetty-websocket-8.1.12.v20130726.jar;C:\Users\DEll\.m2\repository\org\eclipse\jetty\jetty-util\8.1.12.v20130726\jetty-util-8.1.12.v20130726.jar;C:\Users\DEll\.m2\repository\org\eclipse\jetty\jetty-io\8.1.12.v20130726\jetty-io-8.1.12.v20130726.jar;C:\Users\DEll\.m2\repository\org\eclipse\jetty\jetty-http\8.1.12.v20130726\jetty-http-8.1.12.v20130726.jar;C:\Users\DEll\.m2\repository\org\apache\httpcomponents\httpclient\4.3.1\httpclient-4.3.1.jar;C:\Users\DEll\.m2\repository\org\apache\httpcomponents\httpcore\4.3\httpcore-4.3.jar;C:\Users\DEll\.m2\repository\org\hamcrest\hamcrest-all\1.3\hamcrest-all-1.3.jar;"/>
    <property name="java.vm.specification.version" value="1.8"/>
    <property name="sun.arch.data.model" value="64"/>
    <property name="java.home" value="D:\JDK1.8\jre"/>
    <property name="sun.java.command" value="E:\work_java\chapter18\target\surefire\surefirebooter3221345583771230830.jar E:\work_java\chapter18\target\surefire\surefire1666959931098983770tmp E:\work_java\chapter18\target\surefire\surefire1310798541596866369tmp"/>
    <property name="java.specification.vendor" value="Oracle Corporation"/>
    <property name="user.language" value="zh"/>
    <property name="awt.toolkit" value="sun.awt.windows.WToolkit"/>
    <property name="java.vm.info" value="mixed mode"/>
    <property name="java.version" value="1.8.0_121"/>
    <property name="java.ext.dirs" value="D:\JDK1.8\jre\lib\ext;C:\WINDOWS\Sun\Java\lib\ext"/>
    <property name="sun.boot.class.path" value="D:\JDK1.8\jre\lib\resources.jar;D:\JDK1.8\jre\lib\rt.jar;D:\JDK1.8\jre\lib\sunrsasign.jar;D:\JDK1.8\jre\lib\jsse.jar;D:\JDK1.8\jre\lib\jce.jar;D:\JDK1.8\jre\lib\charsets.jar;D:\JDK1.8\jre\lib\jfr.jar;D:\JDK1.8\jre\classes"/>
    <property name="java.vendor" value="Oracle Corporation"/>
    <property name="localRepository" value="C:\Users\DEll\.m2\repository"/>
    <property name="file.separator" value="\"/>
    <property name="java.vendor.url.bug" value="http://bugreport.sun.com/bugreport/"/>
    <property name="sun.cpu.endian" value="little"/>
    <property name="sun.io.unicode.encoding" value="UnicodeLittle"/>
    <property name="sun.desktop" value="windows"/>
    <property name="sun.cpu.isalist" value="amd64"/>
  </properties>
  <testcase classname="com.smart.dao.BoardDaoTest" name="addBoard" time="0.405"/>
  <testcase classname="com.smart.dao.BoardDaoTest" name="removeBoard" time="0.018">
    <failure message="attempt to create delete event with null entity" type="java.lang.IllegalArgumentException">java.lang.IllegalArgumentException: attempt to create delete event with null entity
	at org.hibernate.event.spi.DeleteEvent.&lt;init&gt;(DeleteEvent.java:45)
	at org.hibernate.internal.SessionImpl.delete(SessionImpl.java:935)
	at org.springframework.orm.hibernate4.HibernateTemplate$24.doInHibernate(HibernateTemplate.java:794)
	at org.springframework.orm.hibernate4.HibernateTemplate.doExecute(HibernateTemplate.java:341)
	at org.springframework.orm.hibernate4.HibernateTemplate.executeWithNativeSession(HibernateTemplate.java:309)
	at org.springframework.orm.hibernate4.HibernateTemplate.delete(HibernateTemplate.java:787)
	at org.springframework.orm.hibernate4.HibernateTemplate.delete(HibernateTemplate.java:782)
	at com.smart.dao.BaseDao.remove(BaseDao.java:55)
	at com.smart.dao.BoardDaoTest.removeBoard(BoardDaoTest.java:50)
</failure>
    <system-out>2018-12-12 13:05:23,139 DEBUG (org.springframework.core.env.StandardEnvironment:109) - Adding [systemProperties] PropertySource with lowest search precedence
2018-12-12 13:05:23,139 DEBUG (org.springframework.core.env.StandardEnvironment:109) - Adding [systemProperties] PropertySource with lowest search precedence
2018-12-12 13:05:23,140 DEBUG (org.springframework.core.env.StandardEnvironment:109) - Adding [systemEnvironment] PropertySource with lowest search precedence
2018-12-12 13:05:23,140 DEBUG (org.springframework.core.env.StandardEnvironment:109) - Adding [systemEnvironment] PropertySource with lowest search precedence
2018-12-12 13:05:23,140 DEBUG (org.springframework.core.env.StandardEnvironment:127) - Initialized StandardEnvironment with PropertySources [systemProperties,systemEnvironment]
2018-12-12 13:05:23,140 DEBUG (org.springframework.core.env.StandardEnvironment:127) - Initialized StandardEnvironment with PropertySources [systemProperties,systemEnvironment]
2018-12-12 13:05:23,140  INFO (org.springframework.context.support.ClassPathXmlApplicationContext:574) - Refreshing org.springframework.context.support.ClassPathXmlApplicationContext@3abfe845: startup date [Wed Dec 12 13:05:23 CST 2018]; root of context hierarchy
2018-12-12 13:05:23,140  INFO (org.springframework.context.support.ClassPathXmlApplicationContext:574) - Refreshing org.springframework.context.support.ClassPathXmlApplicationContext@3abfe845: startup date [Wed Dec 12 13:05:23 CST 2018]; root of context hierarchy
2018-12-12 13:05:23,141 DEBUG (org.springframework.core.env.StandardEnvironment:109) - Adding [systemProperties] PropertySource with lowest search precedence
2018-12-12 13:05:23,141 DEBUG (org.springframework.core.env.StandardEnvironment:109) - Adding [systemProperties] PropertySource with lowest search precedence
2018-12-12 13:05:23,142 DEBUG (org.springframework.core.env.StandardEnvironment:109) - Adding [systemEnvironment] PropertySource with lowest search precedence
2018-12-12 13:05:23,142 DEBUG (org.springframework.core.env.StandardEnvironment:109) - Adding [systemEnvironment] PropertySource with lowest search precedence
2018-12-12 13:05:23,142 DEBUG (org.springframework.core.env.StandardEnvironment:127) - Initialized StandardEnvironment with PropertySources [systemProperties,systemEnvironment]
2018-12-12 13:05:23,142 DEBUG (org.springframework.core.env.StandardEnvironment:127) - Initialized StandardEnvironment with PropertySources [systemProperties,systemEnvironment]
2018-12-12 13:05:23,142  INFO (org.springframework.beans.factory.xml.XmlBeanDefinitionReader:317) - Loading XML bean definitions from class path resource [xiaochun-dao.xml]
2018-12-12 13:05:23,142  INFO (org.springframework.beans.factory.xml.XmlBeanDefinitionReader:317) - Loading XML bean definitions from class path resource [xiaochun-dao.xml]
2018-12-12 13:05:23,145 DEBUG (org.springframework.beans.factory.xml.DefaultDocumentLoader:73) - Using JAXP provider [org.apache.xerces.jaxp.DocumentBuilderFactoryImpl]
2018-12-12 13:05:23,145 DEBUG (org.springframework.beans.factory.xml.DefaultDocumentLoader:73) - Using JAXP provider [org.apache.xerces.jaxp.DocumentBuilderFactoryImpl]
2018-12-12 13:05:23,147 DEBUG (org.springframework.beans.factory.xml.PluggableSchemaResolver:141) - Loading schema mappings from [META-INF/spring.schemas]
2018-12-12 13:05:23,147 DEBUG (org.springframework.beans.factory.xml.PluggableSchemaResolver:141) - Loading schema mappings from [META-INF/spring.schemas]
2018-12-12 13:05:23,149 DEBUG (org.springframework.beans.factory.xml.PluggableSchemaResolver:147) - Loaded schema mappings: {http://www.springframework.org/schema/tx/spring-tx-2.5.xsd=org/springframework/transaction/config/spring-tx-2.5.xsd, http://www.springframework.org/schema/cache/spring-cache-4.2.xsd=org/springframework/cache/config/spring-cache-4.2.xsd, http://www.springframework.org/schema/aop/spring-aop-4.1.xsd=org/springframework/aop/config/spring-aop-4.1.xsd, http://www.springframework.org/schema/context/spring-context-3.1.xsd=org/springframework/context/config/spring-context-3.1.xsd, http://www.springframework.org/schema/jdbc/spring-jdbc-4.1.xsd=org/springframework/jdbc/config/spring-jdbc-4.1.xsd, http://www.springframework.org/schema/util/spring-util-3.0.xsd=org/springframework/beans/factory/xml/spring-util-3.0.xsd, http://www.springframework.org/schema/mvc/spring-mvc-4.1.xsd=org/springframework/web/servlet/config/spring-mvc-4.1.xsd, http://www.springframework.org/schema/tool/spring-tool.xsd=org/springframework/beans/factory/xml/spring-tool-4.2.xsd, http://www.springframework.org/schema/aop/spring-aop-3.2.xsd=org/springframework/aop/config/spring-aop-3.2.xsd, http://www.springframework.org/schema/lang/spring-lang-4.1.xsd=org/springframework/scripting/config/spring-lang-4.1.xsd, http://www.springframework.org/schema/context/spring-context-4.0.xsd=org/springframework/context/config/spring-context-4.0.xsd, http://www.springframework.org/schema/mvc/spring-mvc-3.2.xsd=org/springframework/web/servlet/config/spring-mvc-3.2.xsd, http://www.springframework.org/schema/beans/spring-beans-4.2.xsd=org/springframework/beans/factory/xml/spring-beans-4.2.xsd, http://www.springframework.org/schema/tool/spring-tool-4.1.xsd=org/springframework/beans/factory/xml/spring-tool-4.1.xsd, http://www.springframework.org/schema/lang/spring-lang-3.2.xsd=org/springframework/scripting/config/spring-lang-3.2.xsd, http://www.springframework.org/schema/cache/spring-cache-3.2.xsd=org/springframework/cache/config/spring-cache-3.2.xsd, http://www.springframework.org/schema/jee/spring-jee-4.1.xsd=org/springframework/ejb/config/spring-jee-4.1.xsd, http://www.springframework.org/schema/jdbc/spring-jdbc-3.1.xsd=org/springframework/jdbc/config/spring-jdbc-3.1.xsd, http://www.springframework.org/schema/util/spring-util-2.0.xsd=org/springframework/beans/factory/xml/spring-util-2.0.xsd, http://www.springframework.org/schema/task/spring-task-4.2.xsd=org/springframework/scheduling/config/spring-task-4.2.xsd, http://www.springframework.org/schema/tool/spring-tool-3.2.xsd=org/springframework/beans/factory/xml/spring-tool-3.2.xsd, http://www.springframework.org/schema/context/spring-context.xsd=org/springframework/context/config/spring-context-4.2.xsd, http://www.springframework.org/schema/tx/spring-tx-4.2.xsd=org/springframework/transaction/config/spring-tx-4.2.xsd, http://www.springframework.org/schema/cache/spring-cache-4.1.xsd=org/springframework/cache/config/spring-cache-4.1.xsd, http://www.springframework.org/schema/aop/spring-aop-4.0.xsd=org/springframework/aop/config/spring-aop-4.0.xsd, http://www.springframework.org/schema/jee/spring-jee-3.2.xsd=org/springframework/ejb/config/spring-jee-3.2.xsd, http://www.springframework.org/schema/context/spring-context-3.0.xsd=org/springframework/context/config/spring-context-3.0.xsd, http://www.springframework.org/schema/jdbc/spring-jdbc-4.0.xsd=org/springframework/jdbc/config/spring-jdbc-4.0.xsd, http://www.springframework.org/schema/util/spring-util-2.5.xsd=org/springframework/beans/factory/xml/spring-util-2.5.xsd, http://www.springframework.org/schema/mvc/spring-mvc-4.0.xsd=org/springframework/web/servlet/config/spring-mvc-4.0.xsd, http://www.springframework.org/schema/beans/spring-beans-3.2.xsd=org/springframework/beans/factory/xml/spring-beans-3.2.xsd, http://www.springframework.org/schema/aop/spring-aop-3.1.xsd=org/springframework/aop/config/spring-aop-3.1.xsd, http://www.springframework.org/schema/lang/spring-lang-4.0.xsd=org/springframework/scripting/config/spring-lang-4.0.xsd, http://www.springframework.org/schema/mvc/spring-mvc.xsd=org/springframework/web/servlet/config/spring-mvc-4.2.xsd, http://www.springframework.org/schema/mvc/spring-mvc-3.1.xsd=org/springframework/web/servlet/config/spring-mvc-3.1.xsd, http://www.springframework.org/schema/beans/spring-beans-4.1.xsd=org/springframework/beans/factory/xml/spring-beans-4.1.xsd, http://www.springframework.org/schema/tool/spring-tool-4.0.xsd=org/springframework/beans/factory/xml/spring-tool-4.0.xsd, http://www.springframework.org/schema/lang/spring-lang-3.1.xsd=org/springframework/scripting/config/spring-lang-3.1.xsd, http://www.springframework.org/schema/tx/spring-tx-3.2.xsd=org/springframework/transaction/config/spring-tx-3.2.xsd, http://www.springframework.org/schema/cache/spring-cache-3.1.xsd=org/springframework/cache/config/spring-cache-3.1.xsd, http://www.springframework.org/schema/jee/spring-jee-4.0.xsd=org/springframework/ejb/config/spring-jee-4.0.xsd, http://www.springframework.org/schema/jdbc/spring-jdbc-3.0.xsd=org/springframework/jdbc/config/spring-jdbc-3.0.xsd, http://www.springframework.org/schema/task/spring-task-4.1.xsd=org/springframework/scheduling/config/spring-task-4.1.xsd, http://www.springframework.org/schema/jdbc/spring-jdbc.xsd=org/springframework/jdbc/config/spring-jdbc-4.2.xsd, http://www.springframework.org/schema/tool/spring-tool-3.1.xsd=org/springframework/beans/factory/xml/spring-tool-3.1.xsd, http://www.springframework.org/schema/tx/spring-tx-4.1.xsd=org/springframework/transaction/config/spring-tx-4.1.xsd, http://www.springframework.org/schema/cache/spring-cache-4.0.xsd=org/springframework/cache/config/spring-cache-4.0.xsd, http://www.springframework.org/schema/jee/spring-jee-3.1.xsd=org/springframework/ejb/config/spring-jee-3.1.xsd, http://www.springframework.org/schema/util/spring-util-4.2.xsd=org/springframework/beans/factory/xml/spring-util-4.2.xsd, http://www.springframework.org/schema/task/spring-task-3.2.xsd=org/springframework/scheduling/config/spring-task-3.2.xsd, http://www.springframework.org/schema/beans/spring-beans-3.1.xsd=org/springframework/beans/factory/xml/spring-beans-3.1.xsd, http://www.springframework.org/schema/util/spring-util.xsd=org/springframework/beans/factory/xml/spring-util-4.2.xsd, http://www.springframework.org/schema/aop/spring-aop-3.0.xsd=org/springframework/aop/config/spring-aop-3.0.xsd, http://www.springframework.org/schema/mvc/spring-mvc-3.0.xsd=org/springframework/web/servlet/config/spring-mvc-3.0.xsd, http://www.springframework.org/schema/beans/spring-beans-4.0.xsd=org/springframework/beans/factory/xml/spring-beans-4.0.xsd, http://www.springframework.org/schema/beans/spring-beans.xsd=org/springframework/beans/factory/xml/spring-beans-4.2.xsd, http://www.springframework.org/schema/lang/spring-lang-3.0.xsd=org/springframework/scripting/config/spring-lang-3.0.xsd, http://www.springframework.org/schema/tx/spring-tx-3.1.xsd=org/springframework/transaction/config/spring-tx-3.1.xsd, http://www.springframework.org/schema/context/spring-context-2.5.xsd=org/springframework/context/config/spring-context-2.5.xsd, http://www.springframework.org/schema/task/spring-task-4.0.xsd=org/springframework/scheduling/config/spring-task-4.0.xsd, http://www.springframework.org/schema/tool/spring-tool-3.0.xsd=org/springframework/beans/factory/xml/spring-tool-3.0.xsd, http://www.springframework.org/schema/tx/spring-tx-4.0.xsd=org/springframework/transaction/config/spring-tx-4.0.xsd, http://www.springframework.org/schema/aop/spring-aop-2.0.xsd=org/springframework/aop/config/spring-aop-2.0.xsd, http://www.springframework.org/schema/jee/spring-jee-3.0.xsd=org/springframework/ejb/config/spring-jee-3.0.xsd, http://www.springframework.org/schema/util/spring-util-4.1.xsd=org/springframework/beans/factory/xml/spring-util-4.1.xsd, http://www.springframework.org/schema/task/spring-task-3.1.xsd=org/springframework/scheduling/config/spring-task-3.1.xsd, http://www.springframework.org/schema/beans/spring-beans-3.0.xsd=org/springframework/beans/factory/xml/spring-beans-3.0.xsd, http://www.springframework.org/schema/jee/spring-jee.xsd=org/springframework/ejb/config/spring-jee-4.2.xsd, http://www.springframework.org/schema/aop/spring-aop-2.5.xsd=org/springframework/aop/config/spring-aop-2.5.xsd, http://www.springframework.org/schema/lang/spring-lang-2.0.xsd=org/springframework/scripting/config/spring-lang-2.0.xsd, http://www.springframework.org/schema/util/spring-util-3.2.xsd=org/springframework/beans/factory/xml/spring-util-3.2.xsd, http://www.springframework.org/schema/task/spring-task.xsd=org/springframework/scheduling/config/spring-task-4.2.xsd, http://www.springframework.org/schema/tool/spring-tool-2.0.xsd=org/springframework/beans/factory/xml/spring-tool-2.0.xsd, http://www.springframework.org/schema/tx/spring-tx-3.0.xsd=org/springframework/transaction/config/spring-tx-3.0.xsd, http://www.springframework.org/schema/lang/spring-lang-2.5.xsd=org/springframework/scripting/config/spring-lang-2.5.xsd, http://www.springframework.org/schema/context/spring-context-4.2.xsd=org/springframework/context/config/spring-context-4.2.xsd, http://www.springframework.org/schema/jee/spring-jee-2.0.xsd=org/springframework/ejb/config/spring-jee-2.0.xsd, http://www.springframework.org/schema/tool/spring-tool-2.5.xsd=org/springframework/beans/factory/xml/spring-tool-2.5.xsd, http://www.springframework.org/schema/jee/spring-jee-2.5.xsd=org/springframework/ejb/config/spring-jee-2.5.xsd, http://www.springframework.org/schema/util/spring-util-4.0.xsd=org/springframework/beans/factory/xml/spring-util-4.0.xsd, http://www.springframework.org/schema/task/spring-task-3.0.xsd=org/springframework/scheduling/config/spring-task-3.0.xsd, http://www.springframework.org/schema/aop/spring-aop-4.2.xsd=org/springframework/aop/config/spring-aop-4.2.xsd, http://www.springframework.org/schema/lang/spring-lang.xsd=org/springframework/scripting/config/spring-lang-4.2.xsd, http://www.springframework.org/schema/context/spring-context-3.2.xsd=org/springframework/context/config/spring-context-3.2.xsd, http://www.springframework.org/schema/jdbc/spring-jdbc-4.2.xsd=org/springframework/jdbc/config/spring-jdbc-4.2.xsd, http://www.springframework.org/schema/util/spring-util-3.1.xsd=org/springframework/beans/factory/xml/spring-util-3.1.xsd, http://www.springframework.org/schema/mvc/spring-mvc-4.2.xsd=org/springframework/web/servlet/config/spring-mvc-4.2.xsd, http://www.springframework.org/schema/beans/spring-beans-2.0.xsd=org/springframework/beans/factory/xml/spring-beans-2.0.xsd, http://www.springframework.org/schema/cache/spring-cache.xsd=org/springframework/cache/config/spring-cache-4.2.xsd, http://www.springframework.org/schema/tx/spring-tx.xsd=org/springframework/transaction/config/spring-tx-4.2.xsd, http://www.springframework.org/schema/lang/spring-lang-4.2.xsd=org/springframework/scripting/config/spring-lang-4.2.xsd, http://www.springframework.org/schema/context/spring-context-4.1.xsd=org/springframework/context/config/spring-context-4.1.xsd, http://www.springframework.org/schema/beans/spring-beans-2.5.xsd=org/springframework/beans/factory/xml/spring-beans-2.5.xsd, http://www.springframework.org/schema/tool/spring-tool-4.2.xsd=org/springframework/beans/factory/xml/spring-tool-4.2.xsd, http://www.springframework.org/schema/tx/spring-tx-2.0.xsd=org/springframework/transaction/config/spring-tx-2.0.xsd, http://www.springframework.org/schema/jee/spring-jee-4.2.xsd=org/springframework/ejb/config/spring-jee-4.2.xsd, http://www.springframework.org/schema/jdbc/spring-jdbc-3.2.xsd=org/springframework/jdbc/config/spring-jdbc-3.2.xsd, http://www.springframework.org/schema/aop/spring-aop.xsd=org/springframework/aop/config/spring-aop-4.2.xsd}
2018-12-12 13:05:23,149 DEBUG (org.springframework.beans.factory.xml.PluggableSchemaResolver:147) - Loaded schema mappings: {http://www.springframework.org/schema/tx/spring-tx-2.5.xsd=org/springframework/transaction/config/spring-tx-2.5.xsd, http://www.springframework.org/schema/cache/spring-cache-4.2.xsd=org/springframework/cache/config/spring-cache-4.2.xsd, http://www.springframework.org/schema/aop/spring-aop-4.1.xsd=org/springframework/aop/config/spring-aop-4.1.xsd, http://www.springframework.org/schema/context/spring-context-3.1.xsd=org/springframework/context/config/spring-context-3.1.xsd, http://www.springframework.org/schema/jdbc/spring-jdbc-4.1.xsd=org/springframework/jdbc/config/spring-jdbc-4.1.xsd, http://www.springframework.org/schema/util/spring-util-3.0.xsd=org/springframework/beans/factory/xml/spring-util-3.0.xsd, http://www.springframework.org/schema/mvc/spring-mvc-4.1.xsd=org/springframework/web/servlet/config/spring-mvc-4.1.xsd, http://www.springframework.org/schema/tool/spring-tool.xsd=org/springframework/beans/factory/xml/spring-tool-4.2.xsd, http://www.springframework.org/schema/aop/spring-aop-3.2.xsd=org/springframework/aop/config/spring-aop-3.2.xsd, http://www.springframework.org/schema/lang/spring-lang-4.1.xsd=org/springframework/scripting/config/spring-lang-4.1.xsd, http://www.springframework.org/schema/context/spring-context-4.0.xsd=org/springframework/context/config/spring-context-4.0.xsd, http://www.springframework.org/schema/mvc/spring-mvc-3.2.xsd=org/springframework/web/servlet/config/spring-mvc-3.2.xsd, http://www.springframework.org/schema/beans/spring-beans-4.2.xsd=org/springframework/beans/factory/xml/spring-beans-4.2.xsd, http://www.springframework.org/schema/tool/spring-tool-4.1.xsd=org/springframework/beans/factory/xml/spring-tool-4.1.xsd, http://www.springframework.org/schema/lang/spring-lang-3.2.xsd=org/springframework/scripting/config/spring-lang-3.2.xsd, http://www.springframework.org/schema/cache/spring-cache-3.2.xsd=org/springframework/cache/config/spring-cache-3.2.xsd, http://www.springframework.org/schema/jee/spring-jee-4.1.xsd=org/springframework/ejb/config/spring-jee-4.1.xsd, http://www.springframework.org/schema/jdbc/spring-jdbc-3.1.xsd=org/springframework/jdbc/config/spring-jdbc-3.1.xsd, http://www.springframework.org/schema/util/spring-util-2.0.xsd=org/springframework/beans/factory/xml/spring-util-2.0.xsd, http://www.springframework.org/schema/task/spring-task-4.2.xsd=org/springframework/scheduling/config/spring-task-4.2.xsd, http://www.springframework.org/schema/tool/spring-tool-3.2.xsd=org/springframework/beans/factory/xml/spring-tool-3.2.xsd, http://www.springframework.org/schema/context/spring-context.xsd=org/springframework/context/config/spring-context-4.2.xsd, http://www.springframework.org/schema/tx/spring-tx-4.2.xsd=org/springframework/transaction/config/spring-tx-4.2.xsd, http://www.springframework.org/schema/cache/spring-cache-4.1.xsd=org/springframework/cache/config/spring-cache-4.1.xsd, http://www.springframework.org/schema/aop/spring-aop-4.0.xsd=org/springframework/aop/config/spring-aop-4.0.xsd, http://www.springframework.org/schema/jee/spring-jee-3.2.xsd=org/springframework/ejb/config/spring-jee-3.2.xsd, http://www.springframework.org/schema/context/spring-context-3.0.xsd=org/springframework/context/config/spring-context-3.0.xsd, http://www.springframework.org/schema/jdbc/spring-jdbc-4.0.xsd=org/springframework/jdbc/config/spring-jdbc-4.0.xsd, http://www.springframework.org/schema/util/spring-util-2.5.xsd=org/springframework/beans/factory/xml/spring-util-2.5.xsd, http://www.springframework.org/schema/mvc/spring-mvc-4.0.xsd=org/springframework/web/servlet/config/spring-mvc-4.0.xsd, http://www.springframework.org/schema/beans/spring-beans-3.2.xsd=org/springframework/beans/factory/xml/spring-beans-3.2.xsd, http://www.springframework.org/schema/aop/spring-aop-3.1.xsd=org/springframework/aop/config/spring-aop-3.1.xsd, http://www.springframework.org/schema/lang/spring-lang-4.0.xsd=org/springframework/scripting/config/spring-lang-4.0.xsd, http://www.springframework.org/schema/mvc/spring-mvc.xsd=org/springframework/web/servlet/config/spring-mvc-4.2.xsd, http://www.springframework.org/schema/mvc/spring-mvc-3.1.xsd=org/springframework/web/servlet/config/spring-mvc-3.1.xsd, http://www.springframework.org/schema/beans/spring-beans-4.1.xsd=org/springframework/beans/factory/xml/spring-beans-4.1.xsd, http://www.springframework.org/schema/tool/spring-tool-4.0.xsd=org/springframework/beans/factory/xml/spring-tool-4.0.xsd, http://www.springframework.org/schema/lang/spring-lang-3.1.xsd=org/springframework/scripting/config/spring-lang-3.1.xsd, http://www.springframework.org/schema/tx/spring-tx-3.2.xsd=org/springframework/transaction/config/spring-tx-3.2.xsd, http://www.springframework.org/schema/cache/spring-cache-3.1.xsd=org/springframework/cache/config/spring-cache-3.1.xsd, http://www.springframework.org/schema/jee/spring-jee-4.0.xsd=org/springframework/ejb/config/spring-jee-4.0.xsd, http://www.springframework.org/schema/jdbc/spring-jdbc-3.0.xsd=org/springframework/jdbc/config/spring-jdbc-3.0.xsd, http://www.springframework.org/schema/task/spring-task-4.1.xsd=org/springframework/scheduling/config/spring-task-4.1.xsd, http://www.springframework.org/schema/jdbc/spring-jdbc.xsd=org/springframework/jdbc/config/spring-jdbc-4.2.xsd, http://www.springframework.org/schema/tool/spring-tool-3.1.xsd=org/springframework/beans/factory/xml/spring-tool-3.1.xsd, http://www.springframework.org/schema/tx/spring-tx-4.1.xsd=org/springframework/transaction/config/spring-tx-4.1.xsd, http://www.springframework.org/schema/cache/spring-cache-4.0.xsd=org/springframework/cache/config/spring-cache-4.0.xsd, http://www.springframework.org/schema/jee/spring-jee-3.1.xsd=org/springframework/ejb/config/spring-jee-3.1.xsd, http://www.springframework.org/schema/util/spring-util-4.2.xsd=org/springframework/beans/factory/xml/spring-util-4.2.xsd, http://www.springframework.org/schema/task/spring-task-3.2.xsd=org/springframework/scheduling/config/spring-task-3.2.xsd, http://www.springframework.org/schema/beans/spring-beans-3.1.xsd=org/springframework/beans/factory/xml/spring-beans-3.1.xsd, http://www.springframework.org/schema/util/spring-util.xsd=org/springframework/beans/factory/xml/spring-util-4.2.xsd, http://www.springframework.org/schema/aop/spring-aop-3.0.xsd=org/springframework/aop/config/spring-aop-3.0.xsd, http://www.springframework.org/schema/mvc/spring-mvc-3.0.xsd=org/springframework/web/servlet/config/spring-mvc-3.0.xsd, http://www.springframework.org/schema/beans/spring-beans-4.0.xsd=org/springframework/beans/factory/xml/spring-beans-4.0.xsd, http://www.springframework.org/schema/beans/spring-beans.xsd=org/springframework/beans/factory/xml/spring-beans-4.2.xsd, http://www.springframework.org/schema/lang/spring-lang-3.0.xsd=org/springframework/scripting/config/spring-lang-3.0.xsd, http://www.springframework.org/schema/tx/spring-tx-3.1.xsd=org/springframework/transaction/config/spring-tx-3.1.xsd, http://www.springframework.org/schema/context/spring-context-2.5.xsd=org/springframework/context/config/spring-context-2.5.xsd, http://www.springframework.org/schema/task/spring-task-4.0.xsd=org/springframework/scheduling/config/spring-task-4.0.xsd, http://www.springframework.org/schema/tool/spring-tool-3.0.xsd=org/springframework/beans/factory/xml/spring-tool-3.0.xsd, http://www.springframework.org/schema/tx/spring-tx-4.0.xsd=org/springframework/transaction/config/spring-tx-4.0.xsd, http://www.springframework.org/schema/aop/spring-aop-2.0.xsd=org/springframework/aop/config/spring-aop-2.0.xsd, http://www.springframework.org/schema/jee/spring-jee-3.0.xsd=org/springframework/ejb/config/spring-jee-3.0.xsd, http://www.springframework.org/schema/util/spring-util-4.1.xsd=org/springframework/beans/factory/xml/spring-util-4.1.xsd, http://www.springframework.org/schema/task/spring-task-3.1.xsd=org/springframework/scheduling/config/spring-task-3.1.xsd, http://www.springframework.org/schema/beans/spring-beans-3.0.xsd=org/springframework/beans/factory/xml/spring-beans-3.0.xsd, http://www.springframework.org/schema/jee/spring-jee.xsd=org/springframework/ejb/config/spring-jee-4.2.xsd, http://www.springframework.org/schema/aop/spring-aop-2.5.xsd=org/springframework/aop/config/spring-aop-2.5.xsd, http://www.springframework.org/schema/lang/spring-lang-2.0.xsd=org/springframework/scripting/config/spring-lang-2.0.xsd, http://www.springframework.org/schema/util/spring-util-3.2.xsd=org/springframework/beans/factory/xml/spring-util-3.2.xsd, http://www.springframework.org/schema/task/spring-task.xsd=org/springframework/scheduling/config/spring-task-4.2.xsd, http://www.springframework.org/schema/tool/spring-tool-2.0.xsd=org/springframework/beans/factory/xml/spring-tool-2.0.xsd, http://www.springframework.org/schema/tx/spring-tx-3.0.xsd=org/springframework/transaction/config/spring-tx-3.0.xsd, http://www.springframework.org/schema/lang/spring-lang-2.5.xsd=org/springframework/scripting/config/spring-lang-2.5.xsd, http://www.springframework.org/schema/context/spring-context-4.2.xsd=org/springframework/context/config/spring-context-4.2.xsd, http://www.springframework.org/schema/jee/spring-jee-2.0.xsd=org/springframework/ejb/config/spring-jee-2.0.xsd, http://www.springframework.org/schema/tool/spring-tool-2.5.xsd=org/springframework/beans/factory/xml/spring-tool-2.5.xsd, http://www.springframework.org/schema/jee/spring-jee-2.5.xsd=org/springframework/ejb/config/spring-jee-2.5.xsd, http://www.springframework.org/schema/util/spring-util-4.0.xsd=org/springframework/beans/factory/xml/spring-util-4.0.xsd, http://www.springframework.org/schema/task/spring-task-3.0.xsd=org/springframework/scheduling/config/spring-task-3.0.xsd, http://www.springframework.org/schema/aop/spring-aop-4.2.xsd=org/springframework/aop/config/spring-aop-4.2.xsd, http://www.springframework.org/schema/lang/spring-lang.xsd=org/springframework/scripting/config/spring-lang-4.2.xsd, http://www.springframework.org/schema/context/spring-context-3.2.xsd=org/springframework/context/config/spring-context-3.2.xsd, http://www.springframework.org/schema/jdbc/spring-jdbc-4.2.xsd=org/springframework/jdbc/config/spring-jdbc-4.2.xsd, http://www.springframework.org/schema/util/spring-util-3.1.xsd=org/springframework/beans/factory/xml/spring-util-3.1.xsd, http://www.springframework.org/schema/mvc/spring-mvc-4.2.xsd=org/springframework/web/servlet/config/spring-mvc-4.2.xsd, http://www.springframework.org/schema/beans/spring-beans-2.0.xsd=org/springframework/beans/factory/xml/spring-beans-2.0.xsd, http://www.springframework.org/schema/cache/spring-cache.xsd=org/springframework/cache/config/spring-cache-4.2.xsd, http://www.springframework.org/schema/tx/spring-tx.xsd=org/springframework/transaction/config/spring-tx-4.2.xsd, http://www.springframework.org/schema/lang/spring-lang-4.2.xsd=org/springframework/scripting/config/spring-lang-4.2.xsd, http://www.springframework.org/schema/context/spring-context-4.1.xsd=org/springframework/context/config/spring-context-4.1.xsd, http://www.springframework.org/schema/beans/spring-beans-2.5.xsd=org/springframework/beans/factory/xml/spring-beans-2.5.xsd, http://www.springframework.org/schema/tool/spring-tool-4.2.xsd=org/springframework/beans/factory/xml/spring-tool-4.2.xsd, http://www.springframework.org/schema/tx/spring-tx-2.0.xsd=org/springframework/transaction/config/spring-tx-2.0.xsd, http://www.springframework.org/schema/jee/spring-jee-4.2.xsd=org/springframework/ejb/config/spring-jee-4.2.xsd, http://www.springframework.org/schema/jdbc/spring-jdbc-3.2.xsd=org/springframework/jdbc/config/spring-jdbc-3.2.xsd, http://www.springframework.org/schema/aop/spring-aop.xsd=org/springframework/aop/config/spring-aop-4.2.xsd}
2018-12-12 13:05:23,151 DEBUG (org.springframework.beans.factory.xml.PluggableSchemaResolver:119) - Found XML schema [http://www.springframework.org/schema/beans/spring-beans-4.0.xsd] in classpath: org/springframework/beans/factory/xml/spring-beans-4.0.xsd
2018-12-12 13:05:23,151 DEBUG (org.springframework.beans.factory.xml.PluggableSchemaResolver:119) - Found XML schema [http://www.springframework.org/schema/beans/spring-beans-4.0.xsd] in classpath: org/springframework/beans/factory/xml/spring-beans-4.0.xsd
2018-12-12 13:05:23,164 DEBUG (org.springframework.beans.factory.xml.PluggableSchemaResolver:119) - Found XML schema [http://www.springframework.org/schema/context/spring-context-4.0.xsd] in classpath: org/springframework/context/config/spring-context-4.0.xsd
2018-12-12 13:05:23,164 DEBUG (org.springframework.beans.factory.xml.PluggableSchemaResolver:119) - Found XML schema [http://www.springframework.org/schema/context/spring-context-4.0.xsd] in classpath: org/springframework/context/config/spring-context-4.0.xsd
2018-12-12 13:05:23,169 DEBUG (org.springframework.beans.factory.xml.PluggableSchemaResolver:119) - Found XML schema [http://www.springframework.org/schema/tool/spring-tool-4.0.xsd] in classpath: org/springframework/beans/factory/xml/spring-tool-4.0.xsd
2018-12-12 13:05:23,169 DEBUG (org.springframework.beans.factory.xml.PluggableSchemaResolver:119) - Found XML schema [http://www.springframework.org/schema/tool/spring-tool-4.0.xsd] in classpath: org/springframework/beans/factory/xml/spring-tool-4.0.xsd
2018-12-12 13:05:23,175 DEBUG (org.springframework.beans.factory.xml.PluggableSchemaResolver:119) - Found XML schema [http://www.springframework.org/schema/tx/spring-tx-4.0.xsd] in classpath: org/springframework/transaction/config/spring-tx-4.0.xsd
2018-12-12 13:05:23,175 DEBUG (org.springframework.beans.factory.xml.PluggableSchemaResolver:119) - Found XML schema [http://www.springframework.org/schema/tx/spring-tx-4.0.xsd] in classpath: org/springframework/transaction/config/spring-tx-4.0.xsd
2018-12-12 13:05:23,179 DEBUG (org.springframework.beans.factory.xml.PluggableSchemaResolver:119) - Found XML schema [http://www.springframework.org/schema/aop/spring-aop-4.0.xsd] in classpath: org/springframework/aop/config/spring-aop-4.0.xsd
2018-12-12 13:05:23,179 DEBUG (org.springframework.beans.factory.xml.PluggableSchemaResolver:119) - Found XML schema [http://www.springframework.org/schema/aop/spring-aop-4.0.xsd] in classpath: org/springframework/aop/config/spring-aop-4.0.xsd
2018-12-12 13:05:23,183 DEBUG (org.springframework.beans.factory.xml.DefaultBeanDefinitionDocumentReader:92) - Loading bean definitions
2018-12-12 13:05:23,183 DEBUG (org.springframework.beans.factory.xml.DefaultBeanDefinitionDocumentReader:92) - Loading bean definitions
2018-12-12 13:05:23,186 DEBUG (org.springframework.beans.factory.xml.DefaultNamespaceHandlerResolver:157) - Loaded NamespaceHandler mappings: {http://www.springframework.org/schema/p=org.springframework.beans.factory.xml.SimplePropertyNamespaceHandler, http://www.springframework.org/schema/mvc=org.springframework.web.servlet.config.MvcNamespaceHandler, http://www.springframework.org/schema/util=org.springframework.beans.factory.xml.UtilNamespaceHandler, http://www.springframework.org/schema/jee=org.springframework.ejb.config.JeeNamespaceHandler, http://www.springframework.org/schema/aop=org.springframework.aop.config.AopNamespaceHandler, http://www.springframework.org/schema/jdbc=org.springframework.jdbc.config.JdbcNamespaceHandler, http://www.springframework.org/schema/cache=org.springframework.cache.config.CacheNamespaceHandler, http://www.springframework.org/schema/c=org.springframework.beans.factory.xml.SimpleConstructorNamespaceHandler, http://www.springframework.org/schema/tx=org.springframework.transaction.config.TxNamespaceHandler, http://www.springframework.org/schema/task=org.springframework.scheduling.config.TaskNamespaceHandler, http://www.springframework.org/schema/lang=org.springframework.scripting.config.LangNamespaceHandler, http://www.springframework.org/schema/context=org.springframework.context.config.ContextNamespaceHandler}
2018-12-12 13:05:23,186 DEBUG (org.springframework.beans.factory.xml.DefaultNamespaceHandlerResolver:157) - Loaded NamespaceHandler mappings: {http://www.springframework.org/schema/p=org.springframework.beans.factory.xml.SimplePropertyNamespaceHandler, http://www.springframework.org/schema/mvc=org.springframework.web.servlet.config.MvcNamespaceHandler, http://www.springframework.org/schema/util=org.springframework.beans.factory.xml.UtilNamespaceHandler, http://www.springframework.org/schema/jee=org.springframework.ejb.config.JeeNamespaceHandler, http://www.springframework.org/schema/aop=org.springframework.aop.config.AopNamespaceHandler, http://www.springframework.org/schema/jdbc=org.springframework.jdbc.config.JdbcNamespaceHandler, http://www.springframework.org/schema/cache=org.springframework.cache.config.CacheNamespaceHandler, http://www.springframework.org/schema/c=org.springframework.beans.factory.xml.SimpleConstructorNamespaceHandler, http://www.springframework.org/schema/tx=org.springframework.transaction.config.TxNamespaceHandler, http://www.springframework.org/schema/task=org.springframework.scheduling.config.TaskNamespaceHandler, http://www.springframework.org/schema/lang=org.springframework.scripting.config.LangNamespaceHandler, http://www.springframework.org/schema/context=org.springframework.context.config.ContextNamespaceHandler}
2018-12-12 13:05:23,187 DEBUG (org.springframework.core.env.StandardEnvironment:109) - Adding [systemProperties] PropertySource with lowest search precedence
2018-12-12 13:05:23,187 DEBUG (org.springframework.core.env.StandardEnvironment:109) - Adding [systemProperties] PropertySource with lowest search precedence
2018-12-12 13:05:23,188 DEBUG (org.springframework.core.env.StandardEnvironment:109) - Adding [systemEnvironment] PropertySource with lowest search precedence
2018-12-12 13:05:23,188 DEBUG (org.springframework.core.env.StandardEnvironment:109) - Adding [systemEnvironment] PropertySource with lowest search precedence
2018-12-12 13:05:23,188 DEBUG (org.springframework.core.env.StandardEnvironment:127) - Initialized StandardEnvironment with PropertySources [systemProperties,systemEnvironment]
2018-12-12 13:05:23,188 DEBUG (org.springframework.core.env.StandardEnvironment:127) - Initialized StandardEnvironment with PropertySources [systemProperties,systemEnvironment]
2018-12-12 13:05:23,189 DEBUG (org.springframework.core.io.support.PathMatchingResourcePatternResolver:631) - Looking for matching resources in directory tree [E:\work_java\chapter18\target\test-classes\com\smart\dao]
2018-12-12 13:05:23,189 DEBUG (org.springframework.core.io.support.PathMatchingResourcePatternResolver:631) - Looking for matching resources in directory tree [E:\work_java\chapter18\target\test-classes\com\smart\dao]
2018-12-12 13:05:23,190 DEBUG (org.springframework.core.io.support.PathMatchingResourcePatternResolver:693) - Searching directory [E:\work_java\chapter18\target\test-classes\com\smart\dao] for files matching pattern [E:/work_java/chapter18/target/test-classes/com/smart/dao/**/*.class]
2018-12-12 13:05:23,190 DEBUG (org.springframework.core.io.support.PathMatchingResourcePatternResolver:693) - Searching directory [E:\work_java\chapter18\target\test-classes\com\smart\dao] for files matching pattern [E:/work_java/chapter18/target/test-classes/com/smart/dao/**/*.class]
2018-12-12 13:05:23,191 DEBUG (org.springframework.core.io.support.PathMatchingResourcePatternResolver:631) - Looking for matching resources in directory tree [E:\work_java\chapter18\target\classes\com\smart\dao]
2018-12-12 13:05:23,191 DEBUG (org.springframework.core.io.support.PathMatchingResourcePatternResolver:631) - Looking for matching resources in directory tree [E:\work_java\chapter18\target\classes\com\smart\dao]
2018-12-12 13:05:23,191 DEBUG (org.springframework.core.io.support.PathMatchingResourcePatternResolver:693) - Searching directory [E:\work_java\chapter18\target\classes\com\smart\dao] for files matching pattern [E:/work_java/chapter18/target/classes/com/smart/dao/**/*.class]
2018-12-12 13:05:23,191 DEBUG (org.springframework.core.io.support.PathMatchingResourcePatternResolver:693) - Searching directory [E:\work_java\chapter18\target\classes\com\smart\dao] for files matching pattern [E:/work_java/chapter18/target/classes/com/smart/dao/**/*.class]
2018-12-12 13:05:23,193 DEBUG (org.springframework.core.io.support.PathMatchingResourcePatternResolver:424) - Resolved location pattern [classpath*:com/smart/dao/**/*.class] to resources [file [E:\work_java\chapter18\target\test-classes\com\smart\dao\BaseDaoTest.class], file [E:\work_java\chapter18\target\test-classes\com\smart\dao\BoardDaoTest.class], file [E:\work_java\chapter18\target\classes\com\smart\dao\BaseDao.class], file [E:\work_java\chapter18\target\classes\com\smart\dao\BoardDao.class], file [E:\work_java\chapter18\target\classes\com\smart\dao\LoginLogDao.class], file [E:\work_java\chapter18\target\classes\com\smart\dao\Page.class], file [E:\work_java\chapter18\target\classes\com\smart\dao\PostDao.class], file [E:\work_java\chapter18\target\classes\com\smart\dao\TopicDao.class], file [E:\work_java\chapter18\target\classes\com\smart\dao\UserDao.class]]
2018-12-12 13:05:23,193 DEBUG (org.springframework.core.io.support.PathMatchingResourcePatternResolver:424) - Resolved location pattern [classpath*:com/smart/dao/**/*.class] to resources [file [E:\work_java\chapter18\target\test-classes\com\smart\dao\BaseDaoTest.class], file [E:\work_java\chapter18\target\test-classes\com\smart\dao\BoardDaoTest.class], file [E:\work_java\chapter18\target\classes\com\smart\dao\BaseDao.class], file [E:\work_java\chapter18\target\classes\com\smart\dao\BoardDao.class], file [E:\work_java\chapter18\target\classes\com\smart\dao\LoginLogDao.class], file [E:\work_java\chapter18\target\classes\com\smart\dao\Page.class], file [E:\work_java\chapter18\target\classes\com\smart\dao\PostDao.class], file [E:\work_java\chapter18\target\classes\com\smart\dao\TopicDao.class], file [E:\work_java\chapter18\target\classes\com\smart\dao\UserDao.class]]
2018-12-12 13:05:23,196 DEBUG (org.springframework.context.annotation.ClassPathBeanDefinitionScanner:286) - Identified candidate component class: file [E:\work_java\chapter18\target\classes\com\smart\dao\BoardDao.class]
2018-12-12 13:05:23,196 DEBUG (org.springframework.context.annotation.ClassPathBeanDefinitionScanner:286) - Identified candidate component class: file [E:\work_java\chapter18\target\classes\com\smart\dao\BoardDao.class]
2018-12-12 13:05:23,197 DEBUG (org.springframework.context.annotation.ClassPathBeanDefinitionScanner:286) - Identified candidate component class: file [E:\work_java\chapter18\target\classes\com\smart\dao\LoginLogDao.class]
2018-12-12 13:05:23,197 DEBUG (org.springframework.context.annotation.ClassPathBeanDefinitionScanner:286) - Identified candidate component class: file [E:\work_java\chapter18\target\classes\com\smart\dao\LoginLogDao.class]
2018-12-12 13:05:23,198 DEBUG (org.springframework.context.annotation.ClassPathBeanDefinitionScanner:286) - Identified candidate component class: file [E:\work_java\chapter18\target\classes\com\smart\dao\PostDao.class]
2018-12-12 13:05:23,198 DEBUG (org.springframework.context.annotation.ClassPathBeanDefinitionScanner:286) - Identified candidate component class: file [E:\work_java\chapter18\target\classes\com\smart\dao\PostDao.class]
2018-12-12 13:05:23,199 DEBUG (org.springframework.context.annotation.ClassPathBeanDefinitionScanner:286) - Identified candidate component class: file [E:\work_java\chapter18\target\classes\com\smart\dao\TopicDao.class]
2018-12-12 13:05:23,199 DEBUG (org.springframework.context.annotation.ClassPathBeanDefinitionScanner:286) - Identified candidate component class: file [E:\work_java\chapter18\target\classes\com\smart\dao\TopicDao.class]
2018-12-12 13:05:23,200 DEBUG (org.springframework.context.annotation.ClassPathBeanDefinitionScanner:286) - Identified candidate component class: file [E:\work_java\chapter18\target\classes\com\smart\dao\UserDao.class]
2018-12-12 13:05:23,200 DEBUG (org.springframework.context.annotation.ClassPathBeanDefinitionScanner:286) - Identified candidate component class: file [E:\work_java\chapter18\target\classes\com\smart\dao\UserDao.class]
2018-12-12 13:05:23,204 DEBUG (org.springframework.beans.factory.xml.XmlBeanDefinitionReader:224) - Loaded 20 bean definitions from location pattern [classpath:/xiaochun-dao.xml]
2018-12-12 13:05:23,204 DEBUG (org.springframework.beans.factory.xml.XmlBeanDefinitionReader:224) - Loaded 20 bean definitions from location pattern [classpath:/xiaochun-dao.xml]
2018-12-12 13:05:23,204 DEBUG (org.springframework.context.support.ClassPathXmlApplicationContext:608) - Bean factory for org.springframework.context.support.ClassPathXmlApplicationContext@3abfe845: org.springframework.beans.factory.support.DefaultListableBeanFactory@c2e3264: defining beans [boardDao,loginLogDao,postDao,topicDao,userDao,org.springframework.context.annotation.internalConfigurationAnnotationProcessor,org.springframework.context.annotation.internalAutowiredAnnotationProcessor,org.springframework.context.annotation.internalRequiredAnnotationProcessor,org.springframework.context.annotation.internalCommonAnnotationProcessor,org.springframework.context.annotation.internalPersistenceAnnotationProcessor,org.springframework.context.event.internalEventListenerProcessor,org.springframework.context.event.internalEventListenerFactory,org.springframework.context.support.PropertySourcesPlaceholderConfigurer#0,dataSource,sessionFactory,hibernateTemplate,transactionManager,txAdvice,org.springframework.aop.config.internalAutoProxyCreator,managerTx]; root of factory hierarchy
2018-12-12 13:05:23,204 DEBUG (org.springframework.context.support.ClassPathXmlApplicationContext:608) - Bean factory for org.springframework.context.support.ClassPathXmlApplicationContext@3abfe845: org.springframework.beans.factory.support.DefaultListableBeanFactory@c2e3264: defining beans [boardDao,loginLogDao,postDao,topicDao,userDao,org.springframework.context.annotation.internalConfigurationAnnotationProcessor,org.springframework.context.annotation.internalAutowiredAnnotationProcessor,org.springframework.context.annotation.internalRequiredAnnotationProcessor,org.springframework.context.annotation.internalCommonAnnotationProcessor,org.springframework.context.annotation.internalPersistenceAnnotationProcessor,org.springframework.context.event.internalEventListenerProcessor,org.springframework.context.event.internalEventListenerFactory,org.springframework.context.support.PropertySourcesPlaceholderConfigurer#0,dataSource,sessionFactory,hibernateTemplate,transactionManager,txAdvice,org.springframework.aop.config.internalAutoProxyCreator,managerTx]; root of factory hierarchy
2018-12-12 13:05:23,206 DEBUG (org.springframework.beans.factory.support.DefaultListableBeanFactory:221) - Creating shared instance of singleton bean &apos;org.springframework.context.annotation.internalConfigurationAnnotationProcessor&apos;
2018-12-12 13:05:23,206 DEBUG (org.springframework.beans.factory.support.DefaultListableBeanFactory:221) - Creating shared instance of singleton bean &apos;org.springframework.context.annotation.internalConfigurationAnnotationProcessor&apos;
2018-12-12 13:05:23,206 DEBUG (org.springframework.beans.factory.support.DefaultListableBeanFactory:448) - Creating instance of bean &apos;org.springframework.context.annotation.internalConfigurationAnnotationProcessor&apos;
2018-12-12 13:05:23,206 DEBUG (org.springframework.beans.factory.support.DefaultListableBeanFactory:448) - Creating instance of bean &apos;org.springframework.context.annotation.internalConfigurationAnnotationProcessor&apos;
2018-12-12 13:05:23,206 DEBUG (org.springframework.beans.factory.support.DefaultListableBeanFactory:529) - Eagerly caching bean &apos;org.springframework.context.annotation.internalConfigurationAnnotationProcessor&apos; to allow for resolving potential circular references
2018-12-12 13:05:23,206 DEBUG (org.springframework.beans.factory.support.DefaultListableBeanFactory:529) - Eagerly caching bean &apos;org.springframework.context.annotation.internalConfigurationAnnotationProcessor&apos; to allow for resolving potential circular references
2018-12-12 13:05:23,207 DEBUG (org.springframework.beans.factory.support.DefaultListableBeanFactory:484) - Finished creating instance of bean &apos;org.springframework.context.annotation.internalConfigurationAnnotationProcessor&apos;
2018-12-12 13:05:23,207 DEBUG (org.springframework.beans.factory.support.DefaultListableBeanFactory:484) - Finished creating instance of bean &apos;org.springframework.context.annotation.internalConfigurationAnnotationProcessor&apos;
2018-12-12 13:05:23,223 DEBUG (org.springframework.beans.factory.support.DefaultListableBeanFactory:221) - Creating shared instance of singleton bean &apos;org.springframework.context.support.PropertySourcesPlaceholderConfigurer#0&apos;
2018-12-12 13:05:23,223 DEBUG (org.springframework.beans.factory.support.DefaultListableBeanFactory:221) - Creating shared instance of singleton bean &apos;org.springframework.context.support.PropertySourcesPlaceholderConfigurer#0&apos;
2018-12-12 13:05:23,223 DEBUG (org.springframework.beans.factory.support.DefaultListableBeanFactory:448) - Creating instance of bean &apos;org.springframework.context.support.PropertySourcesPlaceholderConfigurer#0&apos;
2018-12-12 13:05:23,223 DEBUG (org.springframework.beans.factory.support.DefaultListableBeanFactory:448) - Creating instance of bean &apos;org.springframework.context.support.PropertySourcesPlaceholderConfigurer#0&apos;
2018-12-12 13:05:23,224 DEBUG (org.springframework.beans.factory.support.DefaultListableBeanFactory:529) - Eagerly caching bean &apos;org.springframework.context.support.PropertySourcesPlaceholderConfigurer#0&apos; to allow for resolving potential circular references
2018-12-12 13:05:23,224 DEBUG (org.springframework.beans.factory.support.DefaultListableBeanFactory:529) - Eagerly caching bean &apos;org.springframework.context.support.PropertySourcesPlaceholderConfigurer#0&apos; to allow for resolving potential circular references
2018-12-12 13:05:23,225 DEBUG (org.springframework.beans.factory.support.DefaultListableBeanFactory:484) - Finished creating instance of bean &apos;org.springframework.context.support.PropertySourcesPlaceholderConfigurer#0&apos;
2018-12-12 13:05:23,225 DEBUG (org.springframework.beans.factory.support.DefaultListableBeanFactory:484) - Finished creating instance of bean &apos;org.springframework.context.support.PropertySourcesPlaceholderConfigurer#0&apos;
2018-12-12 13:05:23,225 DEBUG (org.springframework.core.env.MutablePropertySources:109) - Adding [environmentProperties] PropertySource with lowest search precedence
2018-12-12 13:05:23,225 DEBUG (org.springframework.core.env.MutablePropertySources:109) - Adding [environmentProperties] PropertySource with lowest search precedence
2018-12-12 13:05:23,225  INFO (org.springframework.context.support.PropertySourcesPlaceholderConfigurer:172) - Loading properties file from class path resource [jdbc.properties]
2018-12-12 13:05:23,225  INFO (org.springframework.context.support.PropertySourcesPlaceholderConfigurer:172) - Loading properties file from class path resource [jdbc.properties]
2018-12-12 13:05:23,226 DEBUG (org.springframework.core.env.MutablePropertySources:109) - Adding [localProperties] PropertySource with lowest search precedence
2018-12-12 13:05:23,226 DEBUG (org.springframework.core.env.MutablePropertySources:109) - Adding [localProperties] PropertySource with lowest search precedence
2018-12-12 13:05:23,227 DEBUG (org.springframework.core.env.PropertySourcesPropertyResolver:81) - Searching for key &apos;jdbc.driverClassName&apos; in [environmentProperties]
2018-12-12 13:05:23,227 DEBUG (org.springframework.core.env.PropertySourcesPropertyResolver:81) - Searching for key &apos;jdbc.driverClassName&apos; in [environmentProperties]
2018-12-12 13:05:23,227 DEBUG (org.springframework.core.env.PropertySourcesPropertyResolver:81) - Searching for key &apos;jdbc.driverClassName&apos; in [systemProperties]
2018-12-12 13:05:23,227 DEBUG (org.springframework.core.env.PropertySourcesPropertyResolver:81) - Searching for key &apos;jdbc.driverClassName&apos; in [systemProperties]
2018-12-12 13:05:23,228 DEBUG (org.springframework.core.env.PropertySourcesPropertyResolver:81) - Searching for key &apos;jdbc.driverClassName&apos; in [systemEnvironment]
2018-12-12 13:05:23,228 DEBUG (org.springframework.core.env.PropertySourcesPropertyResolver:81) - Searching for key &apos;jdbc.driverClassName&apos; in [systemEnvironment]
2018-12-12 13:05:23,228 DEBUG (org.springframework.core.env.PropertySourcesPropertyResolver:103) - Could not find key &apos;jdbc.driverClassName&apos; in any property source. Returning [null]
2018-12-12 13:05:23,228 DEBUG (org.springframework.core.env.PropertySourcesPropertyResolver:103) - Could not find key &apos;jdbc.driverClassName&apos; in any property source. Returning [null]
2018-12-12 13:05:23,229 DEBUG (org.springframework.core.env.PropertySourcesPropertyResolver:81) - Searching for key &apos;jdbc.driverClassName&apos; in [localProperties]
2018-12-12 13:05:23,229 DEBUG (org.springframework.core.env.PropertySourcesPropertyResolver:81) - Searching for key &apos;jdbc.driverClassName&apos; in [localProperties]
2018-12-12 13:05:23,229 DEBUG (org.springframework.core.env.PropertySourcesPropertyResolver:90) - Found key &apos;jdbc.driverClassName&apos; in [localProperties] with type [String] and value &apos;com.mysql.jdbc.Driver&apos;
2018-12-12 13:05:23,229 DEBUG (org.springframework.core.env.PropertySourcesPropertyResolver:90) - Found key &apos;jdbc.driverClassName&apos; in [localProperties] with type [String] and value &apos;com.mysql.jdbc.Driver&apos;
2018-12-12 13:05:23,229 DEBUG (org.springframework.core.env.PropertySourcesPropertyResolver:81) - Searching for key &apos;jdbc.password&apos; in [environmentProperties]
2018-12-12 13:05:23,229 DEBUG (org.springframework.core.env.PropertySourcesPropertyResolver:81) - Searching for key &apos;jdbc.password&apos; in [environmentProperties]
2018-12-12 13:05:23,230 DEBUG (org.springframework.core.env.PropertySourcesPropertyResolver:81) - Searching for key &apos;jdbc.password&apos; in [systemProperties]
2018-12-12 13:05:23,230 DEBUG (org.springframework.core.env.PropertySourcesPropertyResolver:81) - Searching for key &apos;jdbc.password&apos; in [systemProperties]
2018-12-12 13:05:23,230 DEBUG (org.springframework.core.env.PropertySourcesPropertyResolver:81) - Searching for key &apos;jdbc.password&apos; in [systemEnvironment]
2018-12-12 13:05:23,230 DEBUG (org.springframework.core.env.PropertySourcesPropertyResolver:81) - Searching for key &apos;jdbc.password&apos; in [systemEnvironment]
2018-12-12 13:05:23,230 DEBUG (org.springframework.core.env.PropertySourcesPropertyResolver:103) - Could not find key &apos;jdbc.password&apos; in any property source. Returning [null]
2018-12-12 13:05:23,230 DEBUG (org.springframework.core.env.PropertySourcesPropertyResolver:103) - Could not find key &apos;jdbc.password&apos; in any property source. Returning [null]
2018-12-12 13:05:23,230 DEBUG (org.springframework.core.env.PropertySourcesPropertyResolver:81) - Searching for key &apos;jdbc.password&apos; in [localProperties]
2018-12-12 13:05:23,230 DEBUG (org.springframework.core.env.PropertySourcesPropertyResolver:81) - Searching for key &apos;jdbc.password&apos; in [localProperties]
2018-12-12 13:05:23,230 DEBUG (org.springframework.core.env.PropertySourcesPropertyResolver:90) - Found key &apos;jdbc.password&apos; in [localProperties] with type [String] and value &apos;rootroot&apos;
2018-12-12 13:05:23,230 DEBUG (org.springframework.core.env.PropertySourcesPropertyResolver:90) - Found key &apos;jdbc.password&apos; in [localProperties] with type [String] and value &apos;rootroot&apos;
2018-12-12 13:05:23,231 DEBUG (org.springframework.core.env.PropertySourcesPropertyResolver:81) - Searching for key &apos;jdbc.url&apos; in [environmentProperties]
2018-12-12 13:05:23,231 DEBUG (org.springframework.core.env.PropertySourcesPropertyResolver:81) - Searching for key &apos;jdbc.url&apos; in [environmentProperties]
2018-12-12 13:05:23,231 DEBUG (org.springframework.core.env.PropertySourcesPropertyResolver:81) - Searching for key &apos;jdbc.url&apos; in [systemProperties]
2018-12-12 13:05:23,231 DEBUG (org.springframework.core.env.PropertySourcesPropertyResolver:81) - Searching for key &apos;jdbc.url&apos; in [systemProperties]
2018-12-12 13:05:23,231 DEBUG (org.springframework.core.env.PropertySourcesPropertyResolver:81) - Searching for key &apos;jdbc.url&apos; in [systemEnvironment]
2018-12-12 13:05:23,231 DEBUG (org.springframework.core.env.PropertySourcesPropertyResolver:81) - Searching for key &apos;jdbc.url&apos; in [systemEnvironment]
2018-12-12 13:05:23,232 DEBUG (org.springframework.core.env.PropertySourcesPropertyResolver:103) - Could not find key &apos;jdbc.url&apos; in any property source. Returning [null]
2018-12-12 13:05:23,232 DEBUG (org.springframework.core.env.PropertySourcesPropertyResolver:103) - Could not find key &apos;jdbc.url&apos; in any property source. Returning [null]
2018-12-12 13:05:23,232 DEBUG (org.springframework.core.env.PropertySourcesPropertyResolver:81) - Searching for key &apos;jdbc.url&apos; in [localProperties]
2018-12-12 13:05:23,232 DEBUG (org.springframework.core.env.PropertySourcesPropertyResolver:81) - Searching for key &apos;jdbc.url&apos; in [localProperties]
2018-12-12 13:05:23,232 DEBUG (org.springframework.core.env.PropertySourcesPropertyResolver:90) - Found key &apos;jdbc.url&apos; in [localProperties] with type [String] and value &apos;jdbc:mysql://localhost/spring4chapter18?useUnicode=true&amp;characterEncoding=UTF-8&apos;
2018-12-12 13:05:23,232 DEBUG (org.springframework.core.env.PropertySourcesPropertyResolver:90) - Found key &apos;jdbc.url&apos; in [localProperties] with type [String] and value &apos;jdbc:mysql://localhost/spring4chapter18?useUnicode=true&amp;characterEncoding=UTF-8&apos;
2018-12-12 13:05:23,232 DEBUG (org.springframework.core.env.PropertySourcesPropertyResolver:81) - Searching for key &apos;jdbc.username&apos; in [environmentProperties]
2018-12-12 13:05:23,232 DEBUG (org.springframework.core.env.PropertySourcesPropertyResolver:81) - Searching for key &apos;jdbc.username&apos; in [environmentProperties]
2018-12-12 13:05:23,232 DEBUG (org.springframework.core.env.PropertySourcesPropertyResolver:81) - Searching for key &apos;jdbc.username&apos; in [systemProperties]
2018-12-12 13:05:23,232 DEBUG (org.springframework.core.env.PropertySourcesPropertyResolver:81) - Searching for key &apos;jdbc.username&apos; in [systemProperties]
2018-12-12 13:05:23,233 DEBUG (org.springframework.core.env.PropertySourcesPropertyResolver:81) - Searching for key &apos;jdbc.username&apos; in [systemEnvironment]
2018-12-12 13:05:23,233 DEBUG (org.springframework.core.env.PropertySourcesPropertyResolver:81) - Searching for key &apos;jdbc.username&apos; in [systemEnvironment]
2018-12-12 13:05:23,233 DEBUG (org.springframework.core.env.PropertySourcesPropertyResolver:103) - Could not find key &apos;jdbc.username&apos; in any property source. Returning [null]
2018-12-12 13:05:23,233 DEBUG (org.springframework.core.env.PropertySourcesPropertyResolver:103) - Could not find key &apos;jdbc.username&apos; in any property source. Returning [null]
2018-12-12 13:05:23,233 DEBUG (org.springframework.core.env.PropertySourcesPropertyResolver:81) - Searching for key &apos;jdbc.username&apos; in [localProperties]
2018-12-12 13:05:23,233 DEBUG (org.springframework.core.env.PropertySourcesPropertyResolver:81) - Searching for key &apos;jdbc.username&apos; in [localProperties]
2018-12-12 13:05:23,234 DEBUG (org.springframework.core.env.PropertySourcesPropertyResolver:90) - Found key &apos;jdbc.username&apos; in [localProperties] with type [String] and value &apos;root&apos;
2018-12-12 13:05:23,234 DEBUG (org.springframework.core.env.PropertySourcesPropertyResolver:90) - Found key &apos;jdbc.username&apos; in [localProperties] with type [String] and value &apos;root&apos;
2018-12-12 13:05:23,235 DEBUG (org.springframework.beans.factory.support.DefaultListableBeanFactory:221) - Creating shared instance of singleton bean &apos;org.springframework.context.annotation.internalAutowiredAnnotationProcessor&apos;
2018-12-12 13:05:23,235 DEBUG (org.springframework.beans.factory.support.DefaultListableBeanFactory:221) - Creating shared instance of singleton bean &apos;org.springframework.context.annotation.internalAutowiredAnnotationProcessor&apos;
2018-12-12 13:05:23,235 DEBUG (org.springframework.beans.factory.support.DefaultListableBeanFactory:448) - Creating instance of bean &apos;org.springframework.context.annotation.internalAutowiredAnnotationProcessor&apos;
2018-12-12 13:05:23,235 DEBUG (org.springframework.beans.factory.support.DefaultListableBeanFactory:448) - Creating instance of bean &apos;org.springframework.context.annotation.internalAutowiredAnnotationProcessor&apos;
2018-12-12 13:05:23,236 DEBUG (org.springframework.beans.factory.support.DefaultListableBeanFactory:529) - Eagerly caching bean &apos;org.springframework.context.annotation.internalAutowiredAnnotationProcessor&apos; to allow for resolving potential circular references
2018-12-12 13:05:23,236 DEBUG (org.springframework.beans.factory.support.DefaultListableBeanFactory:529) - Eagerly caching bean &apos;org.springframework.context.annotation.internalAutowiredAnnotationProcessor&apos; to allow for resolving potential circular references
2018-12-12 13:05:23,236 DEBUG (org.springframework.beans.factory.support.DefaultListableBeanFactory:484) - Finished creating instance of bean &apos;org.springframework.context.annotation.internalAutowiredAnnotationProcessor&apos;
2018-12-12 13:05:23,236 DEBUG (org.springframework.beans.factory.support.DefaultListableBeanFactory:484) - Finished creating instance of bean &apos;org.springframework.context.annotation.internalAutowiredAnnotationProcessor&apos;
2018-12-12 13:05:23,237 DEBUG (org.springframework.beans.factory.support.DefaultListableBeanFactory:221) - Creating shared instance of singleton bean &apos;org.springframework.context.annotation.internalRequiredAnnotationProcessor&apos;
2018-12-12 13:05:23,237 DEBUG (org.springframework.beans.factory.support.DefaultListableBeanFactory:221) - Creating shared instance of singleton bean &apos;org.springframework.context.annotation.internalRequiredAnnotationProcessor&apos;
2018-12-12 13:05:23,237 DEBUG (org.springframework.beans.factory.support.DefaultListableBeanFactory:448) - Creating instance of bean &apos;org.springframework.context.annotation.internalRequiredAnnotationProcessor&apos;
2018-12-12 13:05:23,237 DEBUG (org.springframework.beans.factory.support.DefaultListableBeanFactory:448) - Creating instance of bean &apos;org.springframework.context.annotation.internalRequiredAnnotationProcessor&apos;
2018-12-12 13:05:23,237 DEBUG (org.springframework.beans.factory.support.DefaultListableBeanFactory:529) - Eagerly caching bean &apos;org.springframework.context.annotation.internalRequiredAnnotationProcessor&apos; to allow for resolving potential circular references
2018-12-12 13:05:23,237 DEBUG (org.springframework.beans.factory.support.DefaultListableBeanFactory:529) - Eagerly caching bean &apos;org.springframework.context.annotation.internalRequiredAnnotationProcessor&apos; to allow for resolving potential circular references
2018-12-12 13:05:23,237 DEBUG (org.springframework.beans.factory.support.DefaultListableBeanFactory:484) - Finished creating instance of bean &apos;org.springframework.context.annotation.internalRequiredAnnotationProcessor&apos;
2018-12-12 13:05:23,237 DEBUG (org.springframework.beans.factory.support.DefaultListableBeanFactory:484) - Finished creating instance of bean &apos;org.springframework.context.annotation.internalRequiredAnnotationProcessor&apos;
2018-12-12 13:05:23,237 DEBUG (org.springframework.beans.factory.support.DefaultListableBeanFactory:221) - Creating shared instance of singleton bean &apos;org.springframework.context.annotation.internalCommonAnnotationProcessor&apos;
2018-12-12 13:05:23,237 DEBUG (org.springframework.beans.factory.support.DefaultListableBeanFactory:221) - Creating shared instance of singleton bean &apos;org.springframework.context.annotation.internalCommonAnnotationProcessor&apos;
2018-12-12 13:05:23,237 DEBUG (org.springframework.beans.factory.support.DefaultListableBeanFactory:448) - Creating instance of bean &apos;org.springframework.context.annotation.internalCommonAnnotationProcessor&apos;
2018-12-12 13:05:23,237 DEBUG (org.springframework.beans.factory.support.DefaultListableBeanFactory:448) - Creating instance of bean &apos;org.springframework.context.annotation.internalCommonAnnotationProcessor&apos;
2018-12-12 13:05:23,238 DEBUG (org.springframework.beans.factory.support.DefaultListableBeanFactory:529) - Eagerly caching bean &apos;org.springframework.context.annotation.internalCommonAnnotationProcessor&apos; to allow for resolving potential circular references
2018-12-12 13:05:23,238 DEBUG (org.springframework.beans.factory.support.DefaultListableBeanFactory:529) - Eagerly caching bean &apos;org.springframework.context.annotation.internalCommonAnnotationProcessor&apos; to allow for resolving potential circular references
2018-12-12 13:05:23,238 DEBUG (org.springframework.beans.factory.support.DefaultListableBeanFactory:484) - Finished creating instance of bean &apos;org.springframework.context.annotation.internalCommonAnnotationProcessor&apos;
2018-12-12 13:05:23,238 DEBUG (org.springframework.beans.factory.support.DefaultListableBeanFactory:484) - Finished creating instance of bean &apos;org.springframework.context.annotation.internalCommonAnnotationProcessor&apos;
2018-12-12 13:05:23,238 DEBUG (org.springframework.beans.factory.support.DefaultListableBeanFactory:221) - Creating shared instance of singleton bean &apos;org.springframework.context.annotation.internalPersistenceAnnotationProcessor&apos;
2018-12-12 13:05:23,238 DEBUG (org.springframework.beans.factory.support.DefaultListableBeanFactory:221) - Creating shared instance of singleton bean &apos;org.springframework.context.annotation.internalPersistenceAnnotationProcessor&apos;
2018-12-12 13:05:23,238 DEBUG (org.springframework.beans.factory.support.DefaultListableBeanFactory:448) - Creating instance of bean &apos;org.springframework.context.annotation.internalPersistenceAnnotationProcessor&apos;
2018-12-12 13:05:23,238 DEBUG (org.springframework.beans.factory.support.DefaultListableBeanFactory:448) - Creating instance of bean &apos;org.springframework.context.annotation.internalPersistenceAnnotationProcessor&apos;
2018-12-12 13:05:23,238 DEBUG (org.springframework.beans.factory.support.DefaultListableBeanFactory:529) - Eagerly caching bean &apos;org.springframework.context.annotation.internalPersistenceAnnotationProcessor&apos; to allow for resolving potential circular references
2018-12-12 13:05:23,238 DEBUG (org.springframework.beans.factory.support.DefaultListableBeanFactory:529) - Eagerly caching bean &apos;org.springframework.context.annotation.internalPersistenceAnnotationProcessor&apos; to allow for resolving potential circular references
2018-12-12 13:05:23,238 DEBUG (org.springframework.beans.factory.support.DefaultListableBeanFactory:484) - Finished creating instance of bean &apos;org.springframework.context.annotation.internalPersistenceAnnotationProcessor&apos;
2018-12-12 13:05:23,238 DEBUG (org.springframework.beans.factory.support.DefaultListableBeanFactory:484) - Finished creating instance of bean &apos;org.springframework.context.annotation.internalPersistenceAnnotationProcessor&apos;
2018-12-12 13:05:23,238 DEBUG (org.springframework.beans.factory.support.DefaultListableBeanFactory:221) - Creating shared instance of singleton bean &apos;org.springframework.context.annotation.ConfigurationClassPostProcessor.importAwareProcessor&apos;
2018-12-12 13:05:23,238 DEBUG (org.springframework.beans.factory.support.DefaultListableBeanFactory:221) - Creating shared instance of singleton bean &apos;org.springframework.context.annotation.ConfigurationClassPostProcessor.importAwareProcessor&apos;
2018-12-12 13:05:23,239 DEBUG (org.springframework.beans.factory.support.DefaultListableBeanFactory:448) - Creating instance of bean &apos;org.springframework.context.annotation.ConfigurationClassPostProcessor.importAwareProcessor&apos;
2018-12-12 13:05:23,239 DEBUG (org.springframework.beans.factory.support.DefaultListableBeanFactory:448) - Creating instance of bean &apos;org.springframework.context.annotation.ConfigurationClassPostProcessor.importAwareProcessor&apos;
2018-12-12 13:05:23,239 DEBUG (org.springframework.beans.factory.support.DefaultListableBeanFactory:529) - Eagerly caching bean &apos;org.springframework.context.annotation.ConfigurationClassPostProcessor.importAwareProcessor&apos; to allow for resolving potential circular references
2018-12-12 13:05:23,239 DEBUG (org.springframework.beans.factory.support.DefaultListableBeanFactory:529) - Eagerly caching bean &apos;org.springframework.context.annotation.ConfigurationClassPostProcessor.importAwareProcessor&apos; to allow for resolving potential circular references
2018-12-12 13:05:23,239 DEBUG (org.springframework.beans.factory.support.DefaultListableBeanFactory:484) - Finished creating instance of bean &apos;org.springframework.context.annotation.ConfigurationClassPostProcessor.importAwareProcessor&apos;
2018-12-12 13:05:23,239 DEBUG (org.springframework.beans.factory.support.DefaultListableBeanFactory:484) - Finished creating instance of bean &apos;org.springframework.context.annotation.ConfigurationClassPostProcessor.importAwareProcessor&apos;
2018-12-12 13:05:23,239 DEBUG (org.springframework.beans.factory.support.DefaultListableBeanFactory:221) - Creating shared instance of singleton bean &apos;org.springframework.context.annotation.ConfigurationClassPostProcessor.enhancedConfigurationProcessor&apos;
2018-12-12 13:05:23,239 DEBUG (org.springframework.beans.factory.support.DefaultListableBeanFactory:221) - Creating shared instance of singleton bean &apos;org.springframework.context.annotation.ConfigurationClassPostProcessor.enhancedConfigurationProcessor&apos;
2018-12-12 13:05:23,239 DEBUG (org.springframework.beans.factory.support.DefaultListableBeanFactory:448) - Creating instance of bean &apos;org.springframework.context.annotation.ConfigurationClassPostProcessor.enhancedConfigurationProcessor&apos;
2018-12-12 13:05:23,239 DEBUG (org.springframework.beans.factory.support.DefaultListableBeanFactory:448) - Creating instance of bean &apos;org.springframework.context.annotation.ConfigurationClassPostProcessor.enhancedConfigurationProcessor&apos;
2018-12-12 13:05:23,239 DEBUG (org.springframework.beans.factory.support.DefaultListableBeanFactory:529) - Eagerly caching bean &apos;org.springframework.context.annotation.ConfigurationClassPostProcessor.enhancedConfigurationProcessor&apos; to allow for resolving potential circular references
2018-12-12 13:05:23,239 DEBUG (org.springframework.beans.factory.support.DefaultListableBeanFactory:529) - Eagerly caching bean &apos;org.springframework.context.annotation.ConfigurationClassPostProcessor.enhancedConfigurationProcessor&apos; to allow for resolving potential circular references
2018-12-12 13:05:23,240 DEBUG (org.springframework.beans.factory.support.DefaultListableBeanFactory:484) - Finished creating instance of bean &apos;org.springframework.context.annotation.ConfigurationClassPostProcessor.enhancedConfigurationProcessor&apos;
2018-12-12 13:05:23,240 DEBUG (org.springframework.beans.factory.support.DefaultListableBeanFactory:484) - Finished creating instance of bean &apos;org.springframework.context.annotation.ConfigurationClassPostProcessor.enhancedConfigurationProcessor&apos;
2018-12-12 13:05:23,240 DEBUG (org.springframework.beans.factory.support.DefaultListableBeanFactory:221) - Creating shared instance of singleton bean &apos;org.springframework.aop.config.internalAutoProxyCreator&apos;
2018-12-12 13:05:23,240 DEBUG (org.springframework.beans.factory.support.DefaultListableBeanFactory:221) - Creating shared instance of singleton bean &apos;org.springframework.aop.config.internalAutoProxyCreator&apos;
2018-12-12 13:05:23,240 DEBUG (org.springframework.beans.factory.support.DefaultListableBeanFactory:448) - Creating instance of bean &apos;org.springframework.aop.config.internalAutoProxyCreator&apos;
2018-12-12 13:05:23,240 DEBUG (org.springframework.beans.factory.support.DefaultListableBeanFactory:448) - Creating instance of bean &apos;org.springframework.aop.config.internalAutoProxyCreator&apos;
2018-12-12 13:05:23,241 DEBUG (org.springframework.beans.factory.support.DefaultListableBeanFactory:529) - Eagerly caching bean &apos;org.springframework.aop.config.internalAutoProxyCreator&apos; to allow for resolving potential circular references
2018-12-12 13:05:23,241 DEBUG (org.springframework.beans.factory.support.DefaultListableBeanFactory:529) - Eagerly caching bean &apos;org.springframework.aop.config.internalAutoProxyCreator&apos; to allow for resolving potential circular references
2018-12-12 13:05:23,242 DEBUG (org.springframework.beans.factory.support.DefaultListableBeanFactory:484) - Finished creating instance of bean &apos;org.springframework.aop.config.internalAutoProxyCreator&apos;
2018-12-12 13:05:23,242 DEBUG (org.springframework.beans.factory.support.DefaultListableBeanFactory:484) - Finished creating instance of bean &apos;org.springframework.aop.config.internalAutoProxyCreator&apos;
2018-12-12 13:05:23,242 DEBUG (org.springframework.context.support.ClassPathXmlApplicationContext:714) - Unable to locate MessageSource with name &apos;messageSource&apos;: using default [org.springframework.context.support.DelegatingMessageSource@46a953cf]
2018-12-12 13:05:23,242 DEBUG (org.springframework.context.support.ClassPathXmlApplicationContext:714) - Unable to locate MessageSource with name &apos;messageSource&apos;: using default [org.springframework.context.support.DelegatingMessageSource@46a953cf]
2018-12-12 13:05:23,242 DEBUG (org.springframework.context.support.ClassPathXmlApplicationContext:738) - Unable to locate ApplicationEventMulticaster with name &apos;applicationEventMulticaster&apos;: using default [org.springframework.context.event.SimpleApplicationEventMulticaster@154bd49b]
2018-12-12 13:05:23,242 DEBUG (org.springframework.context.support.ClassPathXmlApplicationContext:738) - Unable to locate ApplicationEventMulticaster with name &apos;applicationEventMulticaster&apos;: using default [org.springframework.context.event.SimpleApplicationEventMulticaster@154bd49b]
2018-12-12 13:05:23,242 DEBUG (org.springframework.beans.factory.support.DefaultListableBeanFactory:741) - Pre-instantiating singletons in org.springframework.beans.factory.support.DefaultListableBeanFactory@c2e3264: defining beans [boardDao,loginLogDao,postDao,topicDao,userDao,org.springframework.context.annotation.internalConfigurationAnnotationProcessor,org.springframework.context.annotation.internalAutowiredAnnotationProcessor,org.springframework.context.annotation.internalRequiredAnnotationProcessor,org.springframework.context.annotation.internalCommonAnnotationProcessor,org.springframework.context.annotation.internalPersistenceAnnotationProcessor,org.springframework.context.event.internalEventListenerProcessor,org.springframework.context.event.internalEventListenerFactory,org.springframework.context.support.PropertySourcesPlaceholderConfigurer#0,dataSource,sessionFactory,hibernateTemplate,transactionManager,txAdvice,org.springframework.aop.config.internalAutoProxyCreator,managerTx,org.springframework.context.annotation.ConfigurationClassPostProcessor.importAwareProcessor,org.springframework.context.annotation.ConfigurationClassPostProcessor.enhancedConfigurationProcessor]; root of factory hierarchy
2018-12-12 13:05:23,242 DEBUG (org.springframework.beans.factory.support.DefaultListableBeanFactory:741) - Pre-instantiating singletons in org.springframework.beans.factory.support.DefaultListableBeanFactory@c2e3264: defining beans [boardDao,loginLogDao,postDao,topicDao,userDao,org.springframework.context.annotation.internalConfigurationAnnotationProcessor,org.springframework.context.annotation.internalAutowiredAnnotationProcessor,org.springframework.context.annotation.internalRequiredAnnotationProcessor,org.springframework.context.annotation.internalCommonAnnotationProcessor,org.springframework.context.annotation.internalPersistenceAnnotationProcessor,org.springframework.context.event.internalEventListenerProcessor,org.springframework.context.event.internalEventListenerFactory,org.springframework.context.support.PropertySourcesPlaceholderConfigurer#0,dataSource,sessionFactory,hibernateTemplate,transactionManager,txAdvice,org.springframework.aop.config.internalAutoProxyCreator,managerTx,org.springframework.context.annotation.ConfigurationClassPostProcessor.importAwareProcessor,org.springframework.context.annotation.ConfigurationClassPostProcessor.enhancedConfigurationProcessor]; root of factory hierarchy
2018-12-12 13:05:23,242 DEBUG (org.springframework.beans.factory.support.DefaultListableBeanFactory:221) - Creating shared instance of singleton bean &apos;boardDao&apos;
2018-12-12 13:05:23,242 DEBUG (org.springframework.beans.factory.support.DefaultListableBeanFactory:221) - Creating shared instance of singleton bean &apos;boardDao&apos;
2018-12-12 13:05:23,243 DEBUG (org.springframework.beans.factory.support.DefaultListableBeanFactory:448) - Creating instance of bean &apos;boardDao&apos;
2018-12-12 13:05:23,243 DEBUG (org.springframework.beans.factory.support.DefaultListableBeanFactory:448) - Creating instance of bean &apos;boardDao&apos;
2018-12-12 13:05:23,243 DEBUG (org.springframework.beans.factory.support.DefaultListableBeanFactory:221) - Creating shared instance of singleton bean &apos;managerTx&apos;
2018-12-12 13:05:23,243 DEBUG (org.springframework.beans.factory.support.DefaultListableBeanFactory:221) - Creating shared instance of singleton bean &apos;managerTx&apos;
2018-12-12 13:05:23,243 DEBUG (org.springframework.beans.factory.support.DefaultListableBeanFactory:448) - Creating instance of bean &apos;managerTx&apos;
2018-12-12 13:05:23,243 DEBUG (org.springframework.beans.factory.support.DefaultListableBeanFactory:448) - Creating instance of bean &apos;managerTx&apos;
2018-12-12 13:05:23,243 DEBUG (org.springframework.beans.factory.support.DefaultListableBeanFactory:529) - Eagerly caching bean &apos;managerTx&apos; to allow for resolving potential circular references
2018-12-12 13:05:23,243 DEBUG (org.springframework.beans.factory.support.DefaultListableBeanFactory:529) - Eagerly caching bean &apos;managerTx&apos; to allow for resolving potential circular references
2018-12-12 13:05:23,244 DEBUG (org.springframework.beans.factory.support.DefaultListableBeanFactory:448) - Creating instance of bean &apos;(inner bean)#3a01773b&apos;
2018-12-12 13:05:23,244 DEBUG (org.springframework.beans.factory.support.DefaultListableBeanFactory:448) - Creating instance of bean &apos;(inner bean)#3a01773b&apos;
2018-12-12 13:05:23,245 DEBUG (org.springframework.beans.factory.support.DefaultListableBeanFactory:484) - Finished creating instance of bean &apos;(inner bean)#3a01773b&apos;
2018-12-12 13:05:23,245 DEBUG (org.springframework.beans.factory.support.DefaultListableBeanFactory:484) - Finished creating instance of bean &apos;(inner bean)#3a01773b&apos;
2018-12-12 13:05:23,246 DEBUG (org.springframework.beans.factory.support.DefaultListableBeanFactory:484) - Finished creating instance of bean &apos;managerTx&apos;
2018-12-12 13:05:23,246 DEBUG (org.springframework.beans.factory.support.DefaultListableBeanFactory:484) - Finished creating instance of bean &apos;managerTx&apos;
2018-12-12 13:05:23,246 DEBUG (org.springframework.beans.factory.annotation.InjectionMetadata:72) - Registered injected element on class [com.smart.dao.BoardDao]: AutowiredMethodElement for public void com.smart.dao.BaseDao.setHibernateTemplate(org.springframework.orm.hibernate4.HibernateTemplate)
2018-12-12 13:05:23,246 DEBUG (org.springframework.beans.factory.annotation.InjectionMetadata:72) - Registered injected element on class [com.smart.dao.BoardDao]: AutowiredMethodElement for public void com.smart.dao.BaseDao.setHibernateTemplate(org.springframework.orm.hibernate4.HibernateTemplate)
2018-12-12 13:05:23,247 DEBUG (org.springframework.beans.factory.support.DefaultListableBeanFactory:529) - Eagerly caching bean &apos;boardDao&apos; to allow for resolving potential circular references
2018-12-12 13:05:23,247 DEBUG (org.springframework.beans.factory.support.DefaultListableBeanFactory:529) - Eagerly caching bean &apos;boardDao&apos; to allow for resolving potential circular references
2018-12-12 13:05:23,247 DEBUG (org.springframework.beans.factory.annotation.InjectionMetadata:86) - Processing injected element of bean &apos;boardDao&apos;: AutowiredMethodElement for public void com.smart.dao.BaseDao.setHibernateTemplate(org.springframework.orm.hibernate4.HibernateTemplate)
2018-12-12 13:05:23,247 DEBUG (org.springframework.beans.factory.annotation.InjectionMetadata:86) - Processing injected element of bean &apos;boardDao&apos;: AutowiredMethodElement for public void com.smart.dao.BaseDao.setHibernateTemplate(org.springframework.orm.hibernate4.HibernateTemplate)
2018-12-12 13:05:23,247 DEBUG (org.springframework.beans.factory.support.DefaultListableBeanFactory:250) - Returning cached instance of singleton bean &apos;managerTx&apos;
2018-12-12 13:05:23,247 DEBUG (org.springframework.beans.factory.support.DefaultListableBeanFactory:250) - Returning cached instance of singleton bean &apos;managerTx&apos;
2018-12-12 13:05:23,248 DEBUG (org.springframework.beans.factory.support.DefaultListableBeanFactory:221) - Creating shared instance of singleton bean &apos;hibernateTemplate&apos;
2018-12-12 13:05:23,248 DEBUG (org.springframework.beans.factory.support.DefaultListableBeanFactory:221) - Creating shared instance of singleton bean &apos;hibernateTemplate&apos;
2018-12-12 13:05:23,248 DEBUG (org.springframework.beans.factory.support.DefaultListableBeanFactory:448) - Creating instance of bean &apos;hibernateTemplate&apos;
2018-12-12 13:05:23,248 DEBUG (org.springframework.beans.factory.support.DefaultListableBeanFactory:448) - Creating instance of bean &apos;hibernateTemplate&apos;
2018-12-12 13:05:23,248 DEBUG (org.springframework.beans.factory.support.DefaultListableBeanFactory:250) - Returning cached instance of singleton bean &apos;managerTx&apos;
2018-12-12 13:05:23,248 DEBUG (org.springframework.beans.factory.support.DefaultListableBeanFactory:250) - Returning cached instance of singleton bean &apos;managerTx&apos;
2018-12-12 13:05:23,248 DEBUG (org.springframework.beans.factory.support.DefaultListableBeanFactory:529) - Eagerly caching bean &apos;hibernateTemplate&apos; to allow for resolving potential circular references
2018-12-12 13:05:23,248 DEBUG (org.springframework.beans.factory.support.DefaultListableBeanFactory:529) - Eagerly caching bean &apos;hibernateTemplate&apos; to allow for resolving potential circular references
2018-12-12 13:05:23,249 DEBUG (org.springframework.beans.factory.support.DefaultListableBeanFactory:221) - Creating shared instance of singleton bean &apos;sessionFactory&apos;
2018-12-12 13:05:23,249 DEBUG (org.springframework.beans.factory.support.DefaultListableBeanFactory:221) - Creating shared instance of singleton bean &apos;sessionFactory&apos;
2018-12-12 13:05:23,249 DEBUG (org.springframework.beans.factory.support.DefaultListableBeanFactory:448) - Creating instance of bean &apos;sessionFactory&apos;
2018-12-12 13:05:23,249 DEBUG (org.springframework.beans.factory.support.DefaultListableBeanFactory:448) - Creating instance of bean &apos;sessionFactory&apos;
2018-12-12 13:05:23,249 DEBUG (org.springframework.beans.factory.support.DefaultListableBeanFactory:250) - Returning cached instance of singleton bean &apos;managerTx&apos;
2018-12-12 13:05:23,249 DEBUG (org.springframework.beans.factory.support.DefaultListableBeanFactory:250) - Returning cached instance of singleton bean &apos;managerTx&apos;
2018-12-12 13:05:23,250 DEBUG (org.springframework.beans.factory.support.DefaultListableBeanFactory:529) - Eagerly caching bean &apos;sessionFactory&apos; to allow for resolving potential circular references
2018-12-12 13:05:23,250 DEBUG (org.springframework.beans.factory.support.DefaultListableBeanFactory:529) - Eagerly caching bean &apos;sessionFactory&apos; to allow for resolving potential circular references
2018-12-12 13:05:23,251 DEBUG (org.springframework.beans.factory.support.DefaultListableBeanFactory:221) - Creating shared instance of singleton bean &apos;dataSource&apos;
2018-12-12 13:05:23,251 DEBUG (org.springframework.beans.factory.support.DefaultListableBeanFactory:221) - Creating shared instance of singleton bean &apos;dataSource&apos;
2018-12-12 13:05:23,251 DEBUG (org.springframework.beans.factory.support.DefaultListableBeanFactory:448) - Creating instance of bean &apos;dataSource&apos;
2018-12-12 13:05:23,251 DEBUG (org.springframework.beans.factory.support.DefaultListableBeanFactory:448) - Creating instance of bean &apos;dataSource&apos;
2018-12-12 13:05:23,251 DEBUG (org.springframework.beans.factory.support.DefaultListableBeanFactory:250) - Returning cached instance of singleton bean &apos;managerTx&apos;
2018-12-12 13:05:23,251 DEBUG (org.springframework.beans.factory.support.DefaultListableBeanFactory:250) - Returning cached instance of singleton bean &apos;managerTx&apos;
2018-12-12 13:05:23,252 DEBUG (org.springframework.beans.factory.support.DefaultListableBeanFactory:529) - Eagerly caching bean &apos;dataSource&apos; to allow for resolving potential circular references
2018-12-12 13:05:23,252 DEBUG (org.springframework.beans.factory.support.DefaultListableBeanFactory:529) - Eagerly caching bean &apos;dataSource&apos; to allow for resolving potential circular references
2018-12-12 13:05:23,253 DEBUG (org.springframework.beans.factory.support.DefaultListableBeanFactory:250) - Returning cached instance of singleton bean &apos;managerTx&apos;
2018-12-12 13:05:23,253 DEBUG (org.springframework.beans.factory.support.DefaultListableBeanFactory:250) - Returning cached instance of singleton bean &apos;managerTx&apos;
2018-12-12 13:05:23,253 DEBUG (org.springframework.beans.factory.support.DefaultListableBeanFactory:250) - Returning cached instance of singleton bean &apos;managerTx&apos;
2018-12-12 13:05:23,253 DEBUG (org.springframework.beans.factory.support.DefaultListableBeanFactory:250) - Returning cached instance of singleton bean &apos;managerTx&apos;
2018-12-12 13:05:23,257 DEBUG (org.springframework.beans.factory.support.DefaultListableBeanFactory:484) - Finished creating instance of bean &apos;dataSource&apos;
2018-12-12 13:05:23,257 DEBUG (org.springframework.beans.factory.support.DefaultListableBeanFactory:484) - Finished creating instance of bean &apos;dataSource&apos;
2018-12-12 13:05:23,258 DEBUG (org.springframework.beans.factory.support.DefaultListableBeanFactory:1620) - Invoking afterPropertiesSet() on bean with name &apos;sessionFactory&apos;
2018-12-12 13:05:23,258 DEBUG (org.springframework.beans.factory.support.DefaultListableBeanFactory:1620) - Invoking afterPropertiesSet() on bean with name &apos;sessionFactory&apos;
2018-12-12 13:05:23,259 DEBUG (org.hibernate.type.BasicTypeRegistry:148) - Adding type registration boolean -&gt; org.hibernate.type.BooleanType@1b835480
2018-12-12 13:05:23,259 DEBUG (org.hibernate.type.BasicTypeRegistry:148) - Adding type registration boolean -&gt; org.hibernate.type.BooleanType@1b835480
2018-12-12 13:05:23,259 DEBUG (org.hibernate.type.BasicTypeRegistry:148) - Adding type registration java.lang.Boolean -&gt; org.hibernate.type.BooleanType@1b835480
2018-12-12 13:05:23,259 DEBUG (org.hibernate.type.BasicTypeRegistry:148) - Adding type registration numeric_boolean -&gt; org.hibernate.type.NumericBooleanType@16414e40
2018-12-12 13:05:23,259 DEBUG (org.hibernate.type.BasicTypeRegistry:148) - Adding type registration true_false -&gt; org.hibernate.type.TrueFalseType@53dbe163
2018-12-12 13:05:23,259 DEBUG (org.hibernate.type.BasicTypeRegistry:148) - Adding type registration yes_no -&gt; org.hibernate.type.YesNoType@4748a0f9
2018-12-12 13:05:23,260 DEBUG (org.hibernate.type.BasicTypeRegistry:148) - Adding type registration byte -&gt; org.hibernate.type.ByteType@176b3f44
2018-12-12 13:05:23,260 DEBUG (org.hibernate.type.BasicTypeRegistry:148) - Adding type registration byte -&gt; org.hibernate.type.ByteType@176b3f44
2018-12-12 13:05:23,260 DEBUG (org.hibernate.type.BasicTypeRegistry:148) - Adding type registration java.lang.Byte -&gt; org.hibernate.type.ByteType@176b3f44
2018-12-12 13:05:23,260 DEBUG (org.hibernate.type.BasicTypeRegistry:148) - Adding type registration character -&gt; org.hibernate.type.CharacterType@66ac5762
2018-12-12 13:05:23,260 DEBUG (org.hibernate.type.BasicTypeRegistry:148) - Adding type registration char -&gt; org.hibernate.type.CharacterType@66ac5762
2018-12-12 13:05:23,260 DEBUG (org.hibernate.type.BasicTypeRegistry:148) - Adding type registration java.lang.Character -&gt; org.hibernate.type.CharacterType@66ac5762
2018-12-12 13:05:23,261 DEBUG (org.hibernate.type.BasicTypeRegistry:148) - Adding type registration short -&gt; org.hibernate.type.ShortType@3a12c404
2018-12-12 13:05:23,261 DEBUG (org.hibernate.type.BasicTypeRegistry:148) - Adding type registration short -&gt; org.hibernate.type.ShortType@3a12c404
2018-12-12 13:05:23,261 DEBUG (org.hibernate.type.BasicTypeRegistry:148) - Adding type registration java.lang.Short -&gt; org.hibernate.type.ShortType@3a12c404
2018-12-12 13:05:23,261 DEBUG (org.hibernate.type.BasicTypeRegistry:148) - Adding type registration integer -&gt; org.hibernate.type.IntegerType@2c1156a7
2018-12-12 13:05:23,262 DEBUG (org.hibernate.type.BasicTypeRegistry:148) - Adding type registration int -&gt; org.hibernate.type.IntegerType@2c1156a7
2018-12-12 13:05:23,262 DEBUG (org.hibernate.type.BasicTypeRegistry:148) - Adding type registration java.lang.Integer -&gt; org.hibernate.type.IntegerType@2c1156a7
2018-12-12 13:05:23,262 DEBUG (org.hibernate.type.BasicTypeRegistry:148) - Adding type registration long -&gt; org.hibernate.type.LongType@71529963
2018-12-12 13:05:23,262 DEBUG (org.hibernate.type.BasicTypeRegistry:148) - Adding type registration long -&gt; org.hibernate.type.LongType@71529963
2018-12-12 13:05:23,262 DEBUG (org.hibernate.type.BasicTypeRegistry:148) - Adding type registration java.lang.Long -&gt; org.hibernate.type.LongType@71529963
2018-12-12 13:05:23,262 DEBUG (org.hibernate.type.BasicTypeRegistry:148) - Adding type registration float -&gt; org.hibernate.type.FloatType@5dcd8c7a
2018-12-12 13:05:23,263 DEBUG (org.hibernate.type.BasicTypeRegistry:148) - Adding type registration float -&gt; org.hibernate.type.FloatType@5dcd8c7a
2018-12-12 13:05:23,263 DEBUG (org.hibernate.type.BasicTypeRegistry:148) - Adding type registration java.lang.Float -&gt; org.hibernate.type.FloatType@5dcd8c7a
2018-12-12 13:05:23,263 DEBUG (org.hibernate.type.BasicTypeRegistry:148) - Adding type registration double -&gt; org.hibernate.type.DoubleType@8dbfffb
2018-12-12 13:05:23,263 DEBUG (org.hibernate.type.BasicTypeRegistry:148) - Adding type registration double -&gt; org.hibernate.type.DoubleType@8dbfffb
2018-12-12 13:05:23,263 DEBUG (org.hibernate.type.BasicTypeRegistry:148) - Adding type registration java.lang.Double -&gt; org.hibernate.type.DoubleType@8dbfffb
2018-12-12 13:05:23,264 DEBUG (org.hibernate.type.BasicTypeRegistry:148) - Adding type registration big_decimal -&gt; org.hibernate.type.BigDecimalType@2445445a
2018-12-12 13:05:23,264 DEBUG (org.hibernate.type.BasicTypeRegistry:148) - Adding type registration java.math.BigDecimal -&gt; org.hibernate.type.BigDecimalType@2445445a
2018-12-12 13:05:23,264 DEBUG (org.hibernate.type.BasicTypeRegistry:148) - Adding type registration big_integer -&gt; org.hibernate.type.BigIntegerType@22bac7bc
2018-12-12 13:05:23,264 DEBUG (org.hibernate.type.BasicTypeRegistry:148) - Adding type registration java.math.BigInteger -&gt; org.hibernate.type.BigIntegerType@22bac7bc
2018-12-12 13:05:23,264 DEBUG (org.hibernate.type.BasicTypeRegistry:148) - Adding type registration string -&gt; org.hibernate.type.StringType@79c7532f
2018-12-12 13:05:23,264 DEBUG (org.hibernate.type.BasicTypeRegistry:148) - Adding type registration java.lang.String -&gt; org.hibernate.type.StringType@79c7532f
2018-12-12 13:05:23,264 DEBUG (org.hibernate.type.BasicTypeRegistry:148) - Adding type registration nstring -&gt; org.hibernate.type.StringNVarcharType@e8df99a
2018-12-12 13:05:23,265 DEBUG (org.hibernate.type.BasicTypeRegistry:148) - Adding type registration ncharacter -&gt; org.hibernate.type.CharacterNCharType@530712d
2018-12-12 13:05:23,265 DEBUG (org.hibernate.type.BasicTypeRegistry:148) - Adding type registration url -&gt; org.hibernate.type.UrlType@55322aab
2018-12-12 13:05:23,265 DEBUG (org.hibernate.type.BasicTypeRegistry:148) - Adding type registration java.net.URL -&gt; org.hibernate.type.UrlType@55322aab
2018-12-12 13:05:23,265 DEBUG (org.hibernate.type.BasicTypeRegistry:148) - Adding type registration date -&gt; org.hibernate.type.DateType@16c63f5
2018-12-12 13:05:23,265 DEBUG (org.hibernate.type.BasicTypeRegistry:148) - Adding type registration java.sql.Date -&gt; org.hibernate.type.DateType@16c63f5
2018-12-12 13:05:23,265 DEBUG (org.hibernate.type.BasicTypeRegistry:148) - Adding type registration time -&gt; org.hibernate.type.TimeType@74eb909f
2018-12-12 13:05:23,266 DEBUG (org.hibernate.type.BasicTypeRegistry:148) - Adding type registration java.sql.Time -&gt; org.hibernate.type.TimeType@74eb909f
2018-12-12 13:05:23,266 DEBUG (org.hibernate.type.BasicTypeRegistry:148) - Adding type registration timestamp -&gt; org.hibernate.type.TimestampType@13d9b21f
2018-12-12 13:05:23,266 DEBUG (org.hibernate.type.BasicTypeRegistry:148) - Adding type registration java.sql.Timestamp -&gt; org.hibernate.type.TimestampType@13d9b21f
2018-12-12 13:05:23,266 DEBUG (org.hibernate.type.BasicTypeRegistry:148) - Adding type registration java.util.Date -&gt; org.hibernate.type.TimestampType@13d9b21f
2018-12-12 13:05:23,266 DEBUG (org.hibernate.type.BasicTypeRegistry:148) - Adding type registration dbtimestamp -&gt; org.hibernate.type.DbTimestampType@4d9ac0b4
2018-12-12 13:05:23,266 DEBUG (org.hibernate.type.BasicTypeRegistry:148) - Adding type registration calendar -&gt; org.hibernate.type.CalendarType@15dcfae7
2018-12-12 13:05:23,267 DEBUG (org.hibernate.type.BasicTypeRegistry:148) - Adding type registration java.util.Calendar -&gt; org.hibernate.type.CalendarType@15dcfae7
2018-12-12 13:05:23,267 DEBUG (org.hibernate.type.BasicTypeRegistry:148) - Adding type registration java.util.GregorianCalendar -&gt; org.hibernate.type.CalendarType@15dcfae7
2018-12-12 13:05:23,267 DEBUG (org.hibernate.type.BasicTypeRegistry:148) - Adding type registration calendar_date -&gt; org.hibernate.type.CalendarDateType@115667d
2018-12-12 13:05:23,267 DEBUG (org.hibernate.type.BasicTypeRegistry:148) - Adding type registration locale -&gt; org.hibernate.type.LocaleType@75f95314
2018-12-12 13:05:23,267 DEBUG (org.hibernate.type.BasicTypeRegistry:148) - Adding type registration java.util.Locale -&gt; org.hibernate.type.LocaleType@75f95314
2018-12-12 13:05:23,267 DEBUG (org.hibernate.type.BasicTypeRegistry:148) - Adding type registration currency -&gt; org.hibernate.type.CurrencyType@635572a7
2018-12-12 13:05:23,268 DEBUG (org.hibernate.type.BasicTypeRegistry:148) - Adding type registration java.util.Currency -&gt; org.hibernate.type.CurrencyType@635572a7
2018-12-12 13:05:23,268 DEBUG (org.hibernate.type.BasicTypeRegistry:148) - Adding type registration timezone -&gt; org.hibernate.type.TimeZoneType@495b0487
2018-12-12 13:05:23,268 DEBUG (org.hibernate.type.BasicTypeRegistry:148) - Adding type registration java.util.TimeZone -&gt; org.hibernate.type.TimeZoneType@495b0487
2018-12-12 13:05:23,269 DEBUG (org.hibernate.type.BasicTypeRegistry:148) - Adding type registration class -&gt; org.hibernate.type.ClassType@7203c7ff
2018-12-12 13:05:23,269 DEBUG (org.hibernate.type.BasicTypeRegistry:148) - Adding type registration java.lang.Class -&gt; org.hibernate.type.ClassType@7203c7ff
2018-12-12 13:05:23,269 DEBUG (org.hibernate.type.BasicTypeRegistry:148) - Adding type registration uuid-binary -&gt; org.hibernate.type.UUIDBinaryType@39fcbef6
2018-12-12 13:05:23,269 DEBUG (org.hibernate.type.BasicTypeRegistry:148) - Adding type registration java.util.UUID -&gt; org.hibernate.type.UUIDBinaryType@39fcbef6
2018-12-12 13:05:23,269 DEBUG (org.hibernate.type.BasicTypeRegistry:148) - Adding type registration uuid-char -&gt; org.hibernate.type.UUIDCharType@3d2ee678
2018-12-12 13:05:23,269 DEBUG (org.hibernate.type.BasicTypeRegistry:148) - Adding type registration pg-uuid -&gt; org.hibernate.type.PostgresUUIDType@49c6c24f
2018-12-12 13:05:23,270 DEBUG (org.hibernate.type.BasicTypeRegistry:148) - Adding type registration binary -&gt; org.hibernate.type.BinaryType@13d73fa
2018-12-12 13:05:23,270 DEBUG (org.hibernate.type.BasicTypeRegistry:148) - Adding type registration byte[] -&gt; org.hibernate.type.BinaryType@13d73fa
2018-12-12 13:05:23,270 DEBUG (org.hibernate.type.BasicTypeRegistry:148) - Adding type registration [B -&gt; org.hibernate.type.BinaryType@13d73fa
2018-12-12 13:05:23,270 DEBUG (org.hibernate.type.BasicTypeRegistry:148) - Adding type registration wrapper-binary -&gt; org.hibernate.type.WrapperBinaryType@53bd8fca
2018-12-12 13:05:23,270 DEBUG (org.hibernate.type.BasicTypeRegistry:148) - Adding type registration Byte[] -&gt; org.hibernate.type.WrapperBinaryType@53bd8fca
2018-12-12 13:05:23,271 DEBUG (org.hibernate.type.BasicTypeRegistry:148) - Adding type registration [Ljava.lang.Byte; -&gt; org.hibernate.type.WrapperBinaryType@53bd8fca
2018-12-12 13:05:23,271 DEBUG (org.hibernate.type.BasicTypeRegistry:148) - Adding type registration image -&gt; org.hibernate.type.ImageType@37c7595
2018-12-12 13:05:23,271 DEBUG (org.hibernate.type.BasicTypeRegistry:148) - Adding type registration characters -&gt; org.hibernate.type.CharArrayType@2d96543c
2018-12-12 13:05:23,271 DEBUG (org.hibernate.type.BasicTypeRegistry:148) - Adding type registration char[] -&gt; org.hibernate.type.CharArrayType@2d96543c
2018-12-12 13:05:23,272 DEBUG (org.hibernate.type.BasicTypeRegistry:148) - Adding type registration [C -&gt; org.hibernate.type.CharArrayType@2d96543c
2018-12-12 13:05:23,272 DEBUG (org.hibernate.type.BasicTypeRegistry:148) - Adding type registration wrapper-characters -&gt; org.hibernate.type.CharacterArrayType@68be8808
2018-12-12 13:05:23,272 DEBUG (org.hibernate.type.BasicTypeRegistry:148) - Adding type registration [Ljava.lang.Character; -&gt; org.hibernate.type.CharacterArrayType@68be8808
2018-12-12 13:05:23,273 DEBUG (org.hibernate.type.BasicTypeRegistry:148) - Adding type registration Character[] -&gt; org.hibernate.type.CharacterArrayType@68be8808
2018-12-12 13:05:23,273 DEBUG (org.hibernate.type.BasicTypeRegistry:148) - Adding type registration text -&gt; org.hibernate.type.TextType@ebaa6cb
2018-12-12 13:05:23,273 DEBUG (org.hibernate.type.BasicTypeRegistry:148) - Adding type registration ntext -&gt; org.hibernate.type.NTextType@604c5de8
2018-12-12 13:05:23,274 DEBUG (org.hibernate.type.BasicTypeRegistry:148) - Adding type registration blob -&gt; org.hibernate.type.BlobType@363042d7
2018-12-12 13:05:23,274 DEBUG (org.hibernate.type.BasicTypeRegistry:148) - Adding type registration java.sql.Blob -&gt; org.hibernate.type.BlobType@363042d7
2018-12-12 13:05:23,274 DEBUG (org.hibernate.type.BasicTypeRegistry:148) - Adding type registration materialized_blob -&gt; org.hibernate.type.MaterializedBlobType@56f0cc85
2018-12-12 13:05:23,274 DEBUG (org.hibernate.type.BasicTypeRegistry:148) - Adding type registration clob -&gt; org.hibernate.type.ClobType@1f6c9cd8
2018-12-12 13:05:23,275 DEBUG (org.hibernate.type.BasicTypeRegistry:148) - Adding type registration java.sql.Clob -&gt; org.hibernate.type.ClobType@1f6c9cd8
2018-12-12 13:05:23,275 DEBUG (org.hibernate.type.BasicTypeRegistry:148) - Adding type registration nclob -&gt; org.hibernate.type.NClobType@5f9678e1
2018-12-12 13:05:23,275 DEBUG (org.hibernate.type.BasicTypeRegistry:148) - Adding type registration java.sql.NClob -&gt; org.hibernate.type.NClobType@5f9678e1
2018-12-12 13:05:23,275 DEBUG (org.hibernate.type.BasicTypeRegistry:148) - Adding type registration materialized_clob -&gt; org.hibernate.type.MaterializedClobType@5a9d6f02
2018-12-12 13:05:23,276 DEBUG (org.hibernate.type.BasicTypeRegistry:148) - Adding type registration materialized_nclob -&gt; org.hibernate.type.MaterializedNClobType@5ccbeb64
2018-12-12 13:05:23,276 DEBUG (org.hibernate.type.BasicTypeRegistry:148) - Adding type registration serializable -&gt; org.hibernate.type.SerializableType@241e8ea6
2018-12-12 13:05:23,276 DEBUG (org.hibernate.type.BasicTypeRegistry:148) - Adding type registration object -&gt; org.hibernate.type.ObjectType@1338fb5
2018-12-12 13:05:23,276 DEBUG (org.hibernate.type.BasicTypeRegistry:148) - Adding type registration java.lang.Object -&gt; org.hibernate.type.ObjectType@1338fb5
2018-12-12 13:05:23,277 DEBUG (org.hibernate.type.BasicTypeRegistry:148) - Adding type registration imm_date -&gt; org.hibernate.type.AdaptedImmutableType@56f521c6
2018-12-12 13:05:23,277 DEBUG (org.hibernate.type.BasicTypeRegistry:148) - Adding type registration imm_time -&gt; org.hibernate.type.AdaptedImmutableType@680a66dd
2018-12-12 13:05:23,277 DEBUG (org.hibernate.type.BasicTypeRegistry:148) - Adding type registration imm_timestamp -&gt; org.hibernate.type.AdaptedImmutableType@2dd8239
2018-12-12 13:05:23,277 DEBUG (org.hibernate.type.BasicTypeRegistry:148) - Adding type registration imm_dbtimestamp -&gt; org.hibernate.type.AdaptedImmutableType@472698d
2018-12-12 13:05:23,278 DEBUG (org.hibernate.type.BasicTypeRegistry:148) - Adding type registration imm_calendar -&gt; org.hibernate.type.AdaptedImmutableType@7b7683d4
2018-12-12 13:05:23,278 DEBUG (org.hibernate.type.BasicTypeRegistry:148) - Adding type registration imm_calendar_date -&gt; org.hibernate.type.AdaptedImmutableType@40712ee9
2018-12-12 13:05:23,278 DEBUG (org.hibernate.type.BasicTypeRegistry:148) - Adding type registration imm_binary -&gt; org.hibernate.type.AdaptedImmutableType@2e53b094
2018-12-12 13:05:23,278 DEBUG (org.hibernate.type.BasicTypeRegistry:148) - Adding type registration imm_serializable -&gt; org.hibernate.type.AdaptedImmutableType@39fa8ad2
2018-12-12 13:05:23,278 DEBUG (org.hibernate.id.factory.internal.DefaultIdentifierGeneratorFactory:93) - Registering IdentifierGenerator strategy [uuid2] -&gt; [org.hibernate.id.UUIDGenerator]
2018-12-12 13:05:23,278 DEBUG (org.hibernate.id.factory.internal.DefaultIdentifierGeneratorFactory:93) - Registering IdentifierGenerator strategy [guid] -&gt; [org.hibernate.id.GUIDGenerator]
2018-12-12 13:05:23,279 DEBUG (org.hibernate.id.factory.internal.DefaultIdentifierGeneratorFactory:93) - Registering IdentifierGenerator strategy [uuid] -&gt; [org.hibernate.id.UUIDHexGenerator]
2018-12-12 13:05:23,279 DEBUG (org.hibernate.id.factory.internal.DefaultIdentifierGeneratorFactory:93) - Registering IdentifierGenerator strategy [uuid.hex] -&gt; [org.hibernate.id.UUIDHexGenerator]
2018-12-12 13:05:23,279 DEBUG (org.hibernate.id.factory.internal.DefaultIdentifierGeneratorFactory:93) - Registering IdentifierGenerator strategy [hilo] -&gt; [org.hibernate.id.TableHiLoGenerator]
2018-12-12 13:05:23,279 DEBUG (org.hibernate.id.factory.internal.DefaultIdentifierGeneratorFactory:93) - Registering IdentifierGenerator strategy [assigned] -&gt; [org.hibernate.id.Assigned]
2018-12-12 13:05:23,279 DEBUG (org.hibernate.id.factory.internal.DefaultIdentifierGeneratorFactory:93) - Registering IdentifierGenerator strategy [identity] -&gt; [org.hibernate.id.IdentityGenerator]
2018-12-12 13:05:23,280 DEBUG (org.hibernate.id.factory.internal.DefaultIdentifierGeneratorFactory:93) - Registering IdentifierGenerator strategy [select] -&gt; [org.hibernate.id.SelectGenerator]
2018-12-12 13:05:23,280 DEBUG (org.hibernate.id.factory.internal.DefaultIdentifierGeneratorFactory:93) - Registering IdentifierGenerator strategy [sequence] -&gt; [org.hibernate.id.SequenceGenerator]
2018-12-12 13:05:23,280 DEBUG (org.hibernate.id.factory.internal.DefaultIdentifierGeneratorFactory:93) - Registering IdentifierGenerator strategy [seqhilo] -&gt; [org.hibernate.id.SequenceHiLoGenerator]
2018-12-12 13:05:23,280 DEBUG (org.hibernate.id.factory.internal.DefaultIdentifierGeneratorFactory:93) - Registering IdentifierGenerator strategy [increment] -&gt; [org.hibernate.id.IncrementGenerator]
2018-12-12 13:05:23,280 DEBUG (org.hibernate.id.factory.internal.DefaultIdentifierGeneratorFactory:93) - Registering IdentifierGenerator strategy [foreign] -&gt; [org.hibernate.id.ForeignGenerator]
2018-12-12 13:05:23,280 DEBUG (org.hibernate.id.factory.internal.DefaultIdentifierGeneratorFactory:93) - Registering IdentifierGenerator strategy [sequence-identity] -&gt; [org.hibernate.id.SequenceIdentityGenerator]
2018-12-12 13:05:23,281 DEBUG (org.hibernate.id.factory.internal.DefaultIdentifierGeneratorFactory:93) - Registering IdentifierGenerator strategy [enhanced-sequence] -&gt; [org.hibernate.id.enhanced.SequenceStyleGenerator]
2018-12-12 13:05:23,281 DEBUG (org.hibernate.id.factory.internal.DefaultIdentifierGeneratorFactory:93) - Registering IdentifierGenerator strategy [enhanced-table] -&gt; [org.hibernate.id.enhanced.TableGenerator]
2018-12-12 13:05:23,281 DEBUG (org.springframework.core.io.support.PathMatchingResourcePatternResolver:631) - Looking for matching resources in directory tree [E:\work_java\chapter18\target\classes\com\smart\domain]
2018-12-12 13:05:23,281 DEBUG (org.springframework.core.io.support.PathMatchingResourcePatternResolver:631) - Looking for matching resources in directory tree [E:\work_java\chapter18\target\classes\com\smart\domain]
2018-12-12 13:05:23,281 DEBUG (org.springframework.core.io.support.PathMatchingResourcePatternResolver:693) - Searching directory [E:\work_java\chapter18\target\classes\com\smart\domain] for files matching pattern [E:/work_java/chapter18/target/classes/com/smart/domain/**/*.class]
2018-12-12 13:05:23,281 DEBUG (org.springframework.core.io.support.PathMatchingResourcePatternResolver:693) - Searching directory [E:\work_java\chapter18\target\classes\com\smart\domain] for files matching pattern [E:/work_java/chapter18/target/classes/com/smart/domain/**/*.class]
2018-12-12 13:05:23,282 DEBUG (org.springframework.core.io.support.PathMatchingResourcePatternResolver:424) - Resolved location pattern [classpath*:com/smart/domain/**/*.class] to resources [file [E:\work_java\chapter18\target\classes\com\smart\domain\BaseDomain.class], file [E:\work_java\chapter18\target\classes\com\smart\domain\Board.class], file [E:\work_java\chapter18\target\classes\com\smart\domain\LoginLog.class], file [E:\work_java\chapter18\target\classes\com\smart\domain\MainPost.class], file [E:\work_java\chapter18\target\classes\com\smart\domain\Post.class], file [E:\work_java\chapter18\target\classes\com\smart\domain\Topic.class], file [E:\work_java\chapter18\target\classes\com\smart\domain\User.class]]
2018-12-12 13:05:23,282 DEBUG (org.springframework.core.io.support.PathMatchingResourcePatternResolver:424) - Resolved location pattern [classpath*:com/smart/domain/**/*.class] to resources [file [E:\work_java\chapter18\target\classes\com\smart\domain\BaseDomain.class], file [E:\work_java\chapter18\target\classes\com\smart\domain\Board.class], file [E:\work_java\chapter18\target\classes\com\smart\domain\LoginLog.class], file [E:\work_java\chapter18\target\classes\com\smart\domain\MainPost.class], file [E:\work_java\chapter18\target\classes\com\smart\domain\Post.class], file [E:\work_java\chapter18\target\classes\com\smart\domain\Topic.class], file [E:\work_java\chapter18\target\classes\com\smart\domain\User.class]]
2018-12-12 13:05:23,285 DEBUG (org.hibernate.integrator.internal.IntegratorServiceImpl:59) - Adding Integrator [org.hibernate.cfg.beanvalidation.BeanValidationIntegrator].
2018-12-12 13:05:23,285 DEBUG (org.hibernate.cfg.Configuration:1735) - Preparing to build session factory with filters : {}
2018-12-12 13:05:23,285 DEBUG (org.hibernate.cfg.Configuration:3416) - Processing hbm.xml files
2018-12-12 13:05:23,286 DEBUG (org.hibernate.cfg.Configuration:3446) - Process annotated classes
2018-12-12 13:05:23,286 DEBUG (org.hibernate.cfg.AnnotationBinder:531) - Binding entity from annotated class: com.smart.domain.Board
2018-12-12 13:05:23,286 DEBUG (org.hibernate.cfg.Ejb3Column:196) - Binding column: Ejb3DiscriminatorColumn{logicalColumnName&apos;DTYPE&apos;, discriminatorTypeName=&apos;string&apos;}
2018-12-12 13:05:23,286 DEBUG (org.hibernate.cfg.annotations.EntityBinder:394) - Import with entity name Board
2018-12-12 13:05:23,286 DEBUG (org.hibernate.cfg.annotations.EntityBinder:564) - Bind entity com.smart.domain.Board on table t_board
2018-12-12 13:05:23,287 DEBUG (org.hibernate.cfg.Ejb3Column:196) - Binding column: Ejb3Column{table=org.hibernate.mapping.Table(t_board), mappingColumn=board_id, insertable=true, updatable=true, unique=false}
2018-12-12 13:05:23,287 DEBUG (org.hibernate.cfg.annotations.PropertyBinder:179) - MetadataSourceProcessor property boardId with lazy=false
2018-12-12 13:05:23,287 DEBUG (org.hibernate.cfg.annotations.SimpleValueBinder:331) - building SimpleValue for boardId
2018-12-12 13:05:23,288 DEBUG (org.hibernate.cfg.annotations.PropertyBinder:260) - Building property boardId
2018-12-12 13:05:23,288 DEBUG (org.hibernate.cfg.Ejb3Column:196) - Binding column: Ejb3Column{table=org.hibernate.mapping.Table(t_board), mappingColumn=board_desc, insertable=true, updatable=true, unique=false}
2018-12-12 13:05:23,288 DEBUG (org.hibernate.cfg.annotations.PropertyBinder:179) - MetadataSourceProcessor property boardDesc with lazy=false
2018-12-12 13:05:23,288 DEBUG (org.hibernate.cfg.annotations.SimpleValueBinder:331) - building SimpleValue for boardDesc
2018-12-12 13:05:23,289 DEBUG (org.hibernate.cfg.annotations.PropertyBinder:260) - Building property boardDesc
2018-12-12 13:05:23,289 DEBUG (org.hibernate.cfg.Ejb3Column:196) - Binding column: Ejb3Column{table=org.hibernate.mapping.Table(t_board), mappingColumn=board_name, insertable=true, updatable=true, unique=false}
2018-12-12 13:05:23,289 DEBUG (org.hibernate.cfg.annotations.PropertyBinder:179) - MetadataSourceProcessor property boardName with lazy=false
2018-12-12 13:05:23,289 DEBUG (org.hibernate.cfg.annotations.SimpleValueBinder:331) - building SimpleValue for boardName
2018-12-12 13:05:23,289 DEBUG (org.hibernate.cfg.annotations.PropertyBinder:260) - Building property boardName
2018-12-12 13:05:23,290 DEBUG (org.hibernate.cfg.Ejb3Column:196) - Binding column: Ejb3Column{table=org.hibernate.mapping.Table(t_board), mappingColumn=topic_num, insertable=true, updatable=true, unique=false}
2018-12-12 13:05:23,290 DEBUG (org.hibernate.cfg.annotations.PropertyBinder:179) - MetadataSourceProcessor property topicNum with lazy=false
2018-12-12 13:05:23,290 DEBUG (org.hibernate.cfg.annotations.SimpleValueBinder:331) - building SimpleValue for topicNum
2018-12-12 13:05:23,290 DEBUG (org.hibernate.cfg.annotations.PropertyBinder:260) - Building property topicNum
2018-12-12 13:05:23,290 DEBUG (org.hibernate.cfg.Ejb3Column:196) - Binding column: Ejb3Column{table=org.hibernate.mapping.Table(t_board), mappingColumn=null, insertable=true, updatable=true, unique=false}
2018-12-12 13:05:23,291 DEBUG (org.hibernate.cfg.Ejb3Column:196) - Binding column: Ejb3Column{table=org.hibernate.mapping.Table(t_board), mappingColumn=element, insertable=true, updatable=true, unique=false}
2018-12-12 13:05:23,291 DEBUG (org.hibernate.cfg.Ejb3Column:196) - Binding column: Ejb3Column{table=org.hibernate.mapping.Table(t_board), mappingColumn=users_KEY, insertable=true, updatable=true, unique=false}
2018-12-12 13:05:23,291 DEBUG (org.hibernate.cfg.Ejb3Column:196) - Binding column: Ejb3JoinColumn{logicalColumnName=&apos;users_KEY&apos;, referencedColumn=&apos;null&apos;, mappedBy=&apos;null&apos;}
2018-12-12 13:05:23,291 DEBUG (org.hibernate.cfg.Ejb3Column:196) - Binding column: Ejb3JoinColumn{logicalColumnName=&apos;null&apos;, referencedColumn=&apos;null&apos;, mappedBy=&apos;manBoards&apos;}
2018-12-12 13:05:23,292 DEBUG (org.hibernate.cfg.Ejb3Column:196) - Binding column: Ejb3JoinColumn{logicalColumnName=&apos;null&apos;, referencedColumn=&apos;null&apos;, mappedBy=&apos;manBoards&apos;}
2018-12-12 13:05:23,292 DEBUG (org.hibernate.cfg.annotations.CollectionBinder:400) - Collection role: com.smart.domain.Board.users
2018-12-12 13:05:23,292 DEBUG (org.hibernate.cfg.annotations.PropertyBinder:260) - Building property users
2018-12-12 13:05:23,292 DEBUG (org.hibernate.cfg.AnnotationBinder:531) - Binding entity from annotated class: com.smart.domain.LoginLog
2018-12-12 13:05:23,292 DEBUG (org.hibernate.cfg.Ejb3Column:196) - Binding column: Ejb3DiscriminatorColumn{logicalColumnName&apos;DTYPE&apos;, discriminatorTypeName=&apos;string&apos;}
2018-12-12 13:05:23,293 DEBUG (org.hibernate.cfg.annotations.EntityBinder:394) - Import with entity name LoginLog
2018-12-12 13:05:23,293 DEBUG (org.hibernate.cfg.annotations.EntityBinder:564) - Bind entity com.smart.domain.LoginLog on table t_login_log
2018-12-12 13:05:23,293 DEBUG (org.hibernate.cfg.Ejb3Column:196) - Binding column: Ejb3Column{table=org.hibernate.mapping.Table(t_login_log), mappingColumn=login_log_id, insertable=true, updatable=true, unique=false}
2018-12-12 13:05:23,294 DEBUG (org.hibernate.cfg.annotations.PropertyBinder:179) - MetadataSourceProcessor property loginLogId with lazy=false
2018-12-12 13:05:23,294 DEBUG (org.hibernate.cfg.annotations.SimpleValueBinder:331) - building SimpleValue for loginLogId
2018-12-12 13:05:23,294 DEBUG (org.hibernate.cfg.annotations.PropertyBinder:260) - Building property loginLogId
2018-12-12 13:05:23,294 DEBUG (org.hibernate.cfg.Ejb3Column:196) - Binding column: Ejb3Column{table=org.hibernate.mapping.Table(t_login_log), mappingColumn=ip, insertable=true, updatable=true, unique=false}
2018-12-12 13:05:23,295 DEBUG (org.hibernate.cfg.annotations.PropertyBinder:179) - MetadataSourceProcessor property ip with lazy=false
2018-12-12 13:05:23,295 DEBUG (org.hibernate.cfg.annotations.SimpleValueBinder:331) - building SimpleValue for ip
2018-12-12 13:05:23,295 DEBUG (org.hibernate.cfg.annotations.PropertyBinder:260) - Building property ip
2018-12-12 13:05:23,295 DEBUG (org.hibernate.cfg.Ejb3Column:196) - Binding column: Ejb3Column{table=org.hibernate.mapping.Table(t_login_log), mappingColumn=login_datetime, insertable=true, updatable=true, unique=false}
2018-12-12 13:05:23,295 DEBUG (org.hibernate.cfg.annotations.PropertyBinder:179) - MetadataSourceProcessor property loginDatetime with lazy=false
2018-12-12 13:05:23,296 DEBUG (org.hibernate.cfg.annotations.SimpleValueBinder:331) - building SimpleValue for loginDatetime
2018-12-12 13:05:23,296 DEBUG (org.hibernate.cfg.annotations.PropertyBinder:260) - Building property loginDatetime
2018-12-12 13:05:23,296 DEBUG (org.hibernate.cfg.Ejb3Column:196) - Binding column: Ejb3JoinColumn{logicalColumnName=&apos;user_id&apos;, referencedColumn=&apos;&apos;, mappedBy=&apos;&apos;}
2018-12-12 13:05:23,296 DEBUG (org.hibernate.cfg.Ejb3Column:196) - Binding column: Ejb3Column{table=org.hibernate.mapping.Table(t_login_log), mappingColumn=user, insertable=true, updatable=true, unique=false}
2018-12-12 13:05:23,296 DEBUG (org.hibernate.cfg.annotations.PropertyBinder:260) - Building property user
2018-12-12 13:05:23,297 DEBUG (org.hibernate.cfg.AnnotationBinder:531) - Binding entity from annotated class: com.smart.domain.Post
2018-12-12 13:05:23,297 DEBUG (org.hibernate.cfg.Ejb3Column:196) - Binding column: Ejb3DiscriminatorColumn{logicalColumnName&apos;post_type&apos;, discriminatorTypeName=&apos;string&apos;}
2018-12-12 13:05:23,297 DEBUG (org.hibernate.cfg.annotations.EntityBinder:394) - Import with entity name Post
2018-12-12 13:05:23,297 DEBUG (org.hibernate.cfg.annotations.EntityBinder:564) - Bind entity com.smart.domain.Post on table t_post
2018-12-12 13:05:23,298 DEBUG (org.hibernate.cfg.Ejb3Column:196) - Binding column: Ejb3Column{table=org.hibernate.mapping.Table(t_post), mappingColumn=post_id, insertable=true, updatable=true, unique=false}
2018-12-12 13:05:23,298 DEBUG (org.hibernate.cfg.annotations.PropertyBinder:179) - MetadataSourceProcessor property postId with lazy=false
2018-12-12 13:05:23,298 DEBUG (org.hibernate.cfg.annotations.SimpleValueBinder:331) - building SimpleValue for postId
2018-12-12 13:05:23,298 DEBUG (org.hibernate.cfg.annotations.PropertyBinder:260) - Building property postId
2018-12-12 13:05:23,299 DEBUG (org.hibernate.cfg.Ejb3Column:196) - Binding column: Ejb3Column{table=org.hibernate.mapping.Table(t_post), mappingColumn=board_id, insertable=true, updatable=true, unique=false}
2018-12-12 13:05:23,299 DEBUG (org.hibernate.cfg.annotations.PropertyBinder:179) - MetadataSourceProcessor property boardId with lazy=false
2018-12-12 13:05:23,299 DEBUG (org.hibernate.cfg.annotations.SimpleValueBinder:331) - building SimpleValue for boardId
2018-12-12 13:05:23,299 DEBUG (org.hibernate.cfg.annotations.PropertyBinder:260) - Building property boardId
2018-12-12 13:05:23,299 DEBUG (org.hibernate.cfg.Ejb3Column:196) - Binding column: Ejb3Column{table=org.hibernate.mapping.Table(t_post), mappingColumn=create_time, insertable=true, updatable=true, unique=false}
2018-12-12 13:05:23,300 DEBUG (org.hibernate.cfg.annotations.PropertyBinder:179) - MetadataSourceProcessor property createTime with lazy=false
2018-12-12 13:05:23,300 DEBUG (org.hibernate.cfg.annotations.SimpleValueBinder:331) - building SimpleValue for createTime
2018-12-12 13:05:23,300 DEBUG (org.hibernate.cfg.annotations.PropertyBinder:260) - Building property createTime
2018-12-12 13:05:23,300 DEBUG (org.hibernate.cfg.Ejb3Column:196) - Binding column: Ejb3Column{table=org.hibernate.mapping.Table(t_post), mappingColumn=post_text, insertable=true, updatable=true, unique=false}
2018-12-12 13:05:23,300 DEBUG (org.hibernate.cfg.annotations.PropertyBinder:179) - MetadataSourceProcessor property postText with lazy=false
2018-12-12 13:05:23,301 DEBUG (org.hibernate.cfg.annotations.SimpleValueBinder:331) - building SimpleValue for postText
2018-12-12 13:05:23,301 DEBUG (org.hibernate.cfg.annotations.PropertyBinder:260) - Building property postText
2018-12-12 13:05:23,301 DEBUG (org.hibernate.cfg.Ejb3Column:196) - Binding column: Ejb3Column{table=org.hibernate.mapping.Table(t_post), mappingColumn=post_title, insertable=true, updatable=true, unique=false}
2018-12-12 13:05:23,301 DEBUG (org.hibernate.cfg.annotations.PropertyBinder:179) - MetadataSourceProcessor property postTitle with lazy=false
2018-12-12 13:05:23,301 DEBUG (org.hibernate.cfg.annotations.SimpleValueBinder:331) - building SimpleValue for postTitle
2018-12-12 13:05:23,302 DEBUG (org.hibernate.cfg.annotations.PropertyBinder:260) - Building property postTitle
2018-12-12 13:05:23,302 DEBUG (net.sf.ehcache.util.UpdateChecker:68) - Checking for update...
2018-12-12 13:05:23,302 DEBUG (org.hibernate.cfg.Ejb3Column:196) - Binding column: Ejb3JoinColumn{logicalColumnName=&apos;topic_id&apos;, referencedColumn=&apos;&apos;, mappedBy=&apos;&apos;}
2018-12-12 13:05:23,302 DEBUG (org.hibernate.cfg.Ejb3Column:196) - Binding column: Ejb3Column{table=org.hibernate.mapping.Table(t_post), mappingColumn=topic, insertable=true, updatable=true, unique=false}
2018-12-12 13:05:23,302 DEBUG (org.hibernate.cfg.annotations.PropertyBinder:260) - Building property topic
2018-12-12 13:05:23,303 DEBUG (org.hibernate.cfg.Ejb3Column:196) - Binding column: Ejb3JoinColumn{logicalColumnName=&apos;user_id&apos;, referencedColumn=&apos;&apos;, mappedBy=&apos;&apos;}
2018-12-12 13:05:23,303 DEBUG (org.hibernate.cfg.Ejb3Column:196) - Binding column: Ejb3Column{table=org.hibernate.mapping.Table(t_post), mappingColumn=user, insertable=true, updatable=true, unique=false}
2018-12-12 13:05:23,303 DEBUG (org.hibernate.cfg.annotations.PropertyBinder:260) - Building property user
2018-12-12 13:05:23,303 DEBUG (org.hibernate.cfg.AnnotationBinder:531) - Binding entity from annotated class: com.smart.domain.MainPost
2018-12-12 13:05:23,303  WARN (org.hibernate.cfg.AnnotationBinder:735) - HHH000133: Discriminator column has to be defined in the root entity, it will be ignored in subclass: com.smart.domain.MainPost
2018-12-12 13:05:23,304 DEBUG (org.hibernate.cfg.annotations.EntityBinder:394) - Import with entity name MainPost
2018-12-12 13:05:23,304 DEBUG (org.hibernate.cfg.AnnotationBinder:531) - Binding entity from annotated class: com.smart.domain.Topic
2018-12-12 13:05:23,305 DEBUG (org.hibernate.cfg.Ejb3Column:196) - Binding column: Ejb3DiscriminatorColumn{logicalColumnName&apos;DTYPE&apos;, discriminatorTypeName=&apos;string&apos;}
2018-12-12 13:05:23,305 DEBUG (org.hibernate.cfg.annotations.EntityBinder:394) - Import with entity name Topic
2018-12-12 13:05:23,306 DEBUG (org.hibernate.cfg.annotations.EntityBinder:564) - Bind entity com.smart.domain.Topic on table t_topic
2018-12-12 13:05:23,306 DEBUG (org.hibernate.cfg.Ejb3Column:196) - Binding column: Ejb3Column{table=org.hibernate.mapping.Table(t_topic), mappingColumn=topic_id, insertable=true, updatable=true, unique=false}
2018-12-12 13:05:23,306 DEBUG (org.hibernate.cfg.annotations.PropertyBinder:179) - MetadataSourceProcessor property topicId with lazy=false
2018-12-12 13:05:23,307 DEBUG (org.hibernate.cfg.annotations.SimpleValueBinder:331) - building SimpleValue for topicId
2018-12-12 13:05:23,307 DEBUG (org.hibernate.cfg.annotations.PropertyBinder:260) - Building property topicId
2018-12-12 13:05:23,307 DEBUG (org.hibernate.cfg.Ejb3Column:196) - Binding column: Ejb3JoinColumn{logicalColumnName=&apos;board_id&apos;, referencedColumn=&apos;&apos;, mappedBy=&apos;&apos;}
2018-12-12 13:05:23,307 DEBUG (org.hibernate.cfg.Ejb3Column:196) - Binding column: Ejb3Column{table=org.hibernate.mapping.Table(t_topic), mappingColumn=board, insertable=true, updatable=true, unique=false}
2018-12-12 13:05:23,308 DEBUG (org.hibernate.cfg.annotations.PropertyBinder:260) - Building property board
2018-12-12 13:05:23,308 DEBUG (org.hibernate.cfg.Ejb3Column:196) - Binding column: Ejb3Column{table=org.hibernate.mapping.Table(t_topic), mappingColumn=create_name, insertable=true, updatable=true, unique=false}
2018-12-12 13:05:23,308 DEBUG (org.hibernate.cfg.annotations.PropertyBinder:179) - MetadataSourceProcessor property createName with lazy=false
2018-12-12 13:05:23,309 DEBUG (org.hibernate.cfg.annotations.SimpleValueBinder:331) - building SimpleValue for createName
2018-12-12 13:05:23,309 DEBUG (org.hibernate.cfg.annotations.PropertyBinder:260) - Building property createName
2018-12-12 13:05:23,309 DEBUG (org.hibernate.cfg.Ejb3Column:196) - Binding column: Ejb3Column{table=org.hibernate.mapping.Table(t_topic), mappingColumn=digest, insertable=true, updatable=true, unique=false}
2018-12-12 13:05:23,310 DEBUG (org.hibernate.cfg.annotations.PropertyBinder:179) - MetadataSourceProcessor property digest with lazy=false
2018-12-12 13:05:23,310 DEBUG (org.hibernate.cfg.annotations.SimpleValueBinder:331) - building SimpleValue for digest
2018-12-12 13:05:23,310 DEBUG (org.hibernate.cfg.annotations.PropertyBinder:260) - Building property digest
2018-12-12 13:05:23,310 DEBUG (org.hibernate.cfg.Ejb3Column:196) - Binding column: Ejb3Column{table=org.hibernate.mapping.Table(t_topic), mappingColumn=last_post, insertable=true, updatable=true, unique=false}
2018-12-12 13:05:23,310 DEBUG (org.hibernate.cfg.annotations.PropertyBinder:179) - MetadataSourceProcessor property lastPost with lazy=false
2018-12-12 13:05:23,311 DEBUG (org.hibernate.cfg.annotations.SimpleValueBinder:331) - building SimpleValue for lastPost
2018-12-12 13:05:23,311 DEBUG (org.hibernate.cfg.annotations.PropertyBinder:260) - Building property lastPost
2018-12-12 13:05:23,311 DEBUG (org.hibernate.cfg.Ejb3Column:196) - Binding column: Ejb3Column{table=org.hibernate.mapping.Table(t_topic), mappingColumn=topic_replies, insertable=true, updatable=true, unique=false}
2018-12-12 13:05:23,311 DEBUG (org.hibernate.cfg.annotations.PropertyBinder:179) - MetadataSourceProcessor property topicReplies with lazy=false
2018-12-12 13:05:23,311 DEBUG (org.hibernate.cfg.annotations.SimpleValueBinder:331) - building SimpleValue for topicReplies
2018-12-12 13:05:23,311 DEBUG (org.hibernate.cfg.annotations.PropertyBinder:260) - Building property topicReplies
2018-12-12 13:05:23,312 DEBUG (org.hibernate.cfg.Ejb3Column:196) - Binding column: Ejb3Column{table=org.hibernate.mapping.Table(t_topic), mappingColumn=topic_title, insertable=true, updatable=true, unique=false}
2018-12-12 13:05:23,312 DEBUG (org.hibernate.cfg.annotations.PropertyBinder:179) - MetadataSourceProcessor property topicTitle with lazy=false
2018-12-12 13:05:23,312 DEBUG (org.hibernate.cfg.annotations.SimpleValueBinder:331) - building SimpleValue for topicTitle
2018-12-12 13:05:23,313 DEBUG (org.hibernate.cfg.annotations.PropertyBinder:260) - Building property topicTitle
2018-12-12 13:05:23,313 DEBUG (org.hibernate.cfg.Ejb3Column:196) - Binding column: Ejb3Column{table=org.hibernate.mapping.Table(t_topic), mappingColumn=topic_view, insertable=true, updatable=true, unique=false}
2018-12-12 13:05:23,313 DEBUG (org.hibernate.cfg.annotations.PropertyBinder:179) - MetadataSourceProcessor property topicView with lazy=false
2018-12-12 13:05:23,314 DEBUG (org.hibernate.cfg.annotations.SimpleValueBinder:331) - building SimpleValue for topicView
2018-12-12 13:05:23,314 DEBUG (org.hibernate.cfg.annotations.PropertyBinder:260) - Building property topicView
2018-12-12 13:05:23,314 DEBUG (org.hibernate.cfg.Ejb3Column:196) - Binding column: Ejb3JoinColumn{logicalColumnName=&apos;user_id&apos;, referencedColumn=&apos;&apos;, mappedBy=&apos;&apos;}
2018-12-12 13:05:23,315 DEBUG (org.hibernate.cfg.Ejb3Column:196) - Binding column: Ejb3Column{table=org.hibernate.mapping.Table(t_topic), mappingColumn=user, insertable=true, updatable=true, unique=false}
2018-12-12 13:05:23,315 DEBUG (org.hibernate.cfg.annotations.PropertyBinder:260) - Building property user
2018-12-12 13:05:23,315 DEBUG (org.hibernate.cfg.AnnotationBinder:531) - Binding entity from annotated class: com.smart.domain.User
2018-12-12 13:05:23,316 DEBUG (org.hibernate.cfg.Ejb3Column:196) - Binding column: Ejb3DiscriminatorColumn{logicalColumnName&apos;DTYPE&apos;, discriminatorTypeName=&apos;string&apos;}
2018-12-12 13:05:23,316 DEBUG (org.hibernate.cfg.annotations.EntityBinder:394) - Import with entity name User
2018-12-12 13:05:23,316 DEBUG (org.hibernate.cfg.annotations.EntityBinder:564) - Bind entity com.smart.domain.User on table t_user
2018-12-12 13:05:23,318 DEBUG (org.hibernate.cfg.Ejb3Column:196) - Binding column: Ejb3Column{table=org.hibernate.mapping.Table(t_user), mappingColumn=user_id, insertable=true, updatable=true, unique=false}
2018-12-12 13:05:23,318 DEBUG (org.hibernate.cfg.annotations.PropertyBinder:179) - MetadataSourceProcessor property userId with lazy=false
2018-12-12 13:05:23,318 DEBUG (org.hibernate.cfg.annotations.SimpleValueBinder:331) - building SimpleValue for userId
2018-12-12 13:05:23,318 DEBUG (org.hibernate.cfg.annotations.PropertyBinder:260) - Building property userId
2018-12-12 13:05:23,319 DEBUG (org.hibernate.cfg.Ejb3Column:196) - Binding column: Ejb3Column{table=org.hibernate.mapping.Table(t_user), mappingColumn=credit, insertable=true, updatable=true, unique=false}
2018-12-12 13:05:23,319 DEBUG (org.hibernate.cfg.annotations.PropertyBinder:179) - MetadataSourceProcessor property credit with lazy=false
2018-12-12 13:05:23,319 DEBUG (org.hibernate.cfg.annotations.SimpleValueBinder:331) - building SimpleValue for credit
2018-12-12 13:05:23,319 DEBUG (org.hibernate.cfg.annotations.PropertyBinder:260) - Building property credit
2018-12-12 13:05:23,320 DEBUG (org.hibernate.cfg.Ejb3Column:196) - Binding column: Ejb3Column{table=org.hibernate.mapping.Table(t_user), mappingColumn=last_ip, insertable=true, updatable=true, unique=false}
2018-12-12 13:05:23,320 DEBUG (org.hibernate.cfg.annotations.PropertyBinder:179) - MetadataSourceProcessor property lastIp with lazy=false
2018-12-12 13:05:23,320 DEBUG (org.hibernate.cfg.annotations.SimpleValueBinder:331) - building SimpleValue for lastIp
2018-12-12 13:05:23,320 DEBUG (org.hibernate.cfg.annotations.PropertyBinder:260) - Building property lastIp
2018-12-12 13:05:23,321 DEBUG (org.hibernate.cfg.Ejb3Column:196) - Binding column: Ejb3Column{table=org.hibernate.mapping.Table(t_user), mappingColumn=last_visit, insertable=true, updatable=true, unique=false}
2018-12-12 13:05:23,321 DEBUG (org.hibernate.cfg.annotations.PropertyBinder:179) - MetadataSourceProcessor property lastVisit with lazy=false
2018-12-12 13:05:23,321 DEBUG (org.hibernate.cfg.annotations.SimpleValueBinder:331) - building SimpleValue for lastVisit
2018-12-12 13:05:23,322 DEBUG (org.hibernate.cfg.annotations.PropertyBinder:260) - Building property lastVisit
2018-12-12 13:05:23,322 DEBUG (org.hibernate.cfg.Ejb3Column:196) - Binding column: Ejb3Column{table=org.hibernate.mapping.Table(t_user), mappingColumn=locked, insertable=true, updatable=true, unique=false}
2018-12-12 13:05:23,322 DEBUG (org.hibernate.cfg.annotations.PropertyBinder:179) - MetadataSourceProcessor property locked with lazy=false
2018-12-12 13:05:23,323 DEBUG (org.hibernate.cfg.annotations.SimpleValueBinder:331) - building SimpleValue for locked
2018-12-12 13:05:23,323 DEBUG (org.hibernate.cfg.annotations.PropertyBinder:260) - Building property locked
2018-12-12 13:05:23,323 DEBUG (org.hibernate.cfg.Ejb3Column:196) - Binding column: Ejb3Column{table=org.hibernate.mapping.Table(t_user), mappingColumn=null, insertable=true, updatable=true, unique=false}
2018-12-12 13:05:23,324 DEBUG (org.hibernate.cfg.Ejb3Column:196) - Binding column: Ejb3Column{table=org.hibernate.mapping.Table(t_user), mappingColumn=element, insertable=true, updatable=true, unique=false}
2018-12-12 13:05:23,324 DEBUG (org.hibernate.cfg.Ejb3Column:196) - Binding column: Ejb3Column{table=org.hibernate.mapping.Table(t_user), mappingColumn=manBoards_KEY, insertable=true, updatable=true, unique=false}
2018-12-12 13:05:23,324 DEBUG (org.hibernate.cfg.Ejb3Column:196) - Binding column: Ejb3JoinColumn{logicalColumnName=&apos;manBoards_KEY&apos;, referencedColumn=&apos;null&apos;, mappedBy=&apos;null&apos;}
2018-12-12 13:05:23,324 DEBUG (org.hibernate.cfg.Ejb3Column:196) - Binding column: Ejb3JoinColumn{logicalColumnName=&apos;user_id&apos;, referencedColumn=&apos;&apos;, mappedBy=&apos;&apos;}
2018-12-12 13:05:23,325 DEBUG (org.hibernate.cfg.Ejb3Column:196) - Binding column: Ejb3JoinColumn{logicalColumnName=&apos;board_id&apos;, referencedColumn=&apos;&apos;, mappedBy=&apos;&apos;}
2018-12-12 13:05:23,325 DEBUG (org.hibernate.cfg.annotations.CollectionBinder:400) - Collection role: com.smart.domain.User.manBoards
2018-12-12 13:05:23,325 DEBUG (org.hibernate.cfg.annotations.PropertyBinder:260) - Building property manBoards
2018-12-12 13:05:23,326 DEBUG (org.hibernate.cfg.Ejb3Column:196) - Binding column: Ejb3Column{table=org.hibernate.mapping.Table(t_user), mappingColumn=password, insertable=true, updatable=true, unique=false}
2018-12-12 13:05:23,326 DEBUG (org.hibernate.cfg.annotations.PropertyBinder:179) - MetadataSourceProcessor property password with lazy=false
2018-12-12 13:05:23,326 DEBUG (org.hibernate.cfg.annotations.SimpleValueBinder:331) - building SimpleValue for password
2018-12-12 13:05:23,328 DEBUG (org.hibernate.cfg.annotations.PropertyBinder:260) - Building property password
2018-12-12 13:05:23,328 DEBUG (org.hibernate.cfg.Ejb3Column:196) - Binding column: Ejb3Column{table=org.hibernate.mapping.Table(t_user), mappingColumn=user_name, insertable=true, updatable=true, unique=false}
2018-12-12 13:05:23,329 DEBUG (org.hibernate.cfg.annotations.PropertyBinder:179) - MetadataSourceProcessor property userName with lazy=false
2018-12-12 13:05:23,329 DEBUG (org.hibernate.cfg.annotations.SimpleValueBinder:331) - building SimpleValue for userName
2018-12-12 13:05:23,330 DEBUG (org.hibernate.cfg.annotations.PropertyBinder:260) - Building property userName
2018-12-12 13:05:23,330 DEBUG (org.hibernate.cfg.Ejb3Column:196) - Binding column: Ejb3Column{table=org.hibernate.mapping.Table(t_user), mappingColumn=user_type, insertable=true, updatable=true, unique=false}
2018-12-12 13:05:23,330 DEBUG (org.hibernate.cfg.annotations.PropertyBinder:179) - MetadataSourceProcessor property userType with lazy=false
2018-12-12 13:05:23,331 DEBUG (org.hibernate.cfg.annotations.SimpleValueBinder:331) - building SimpleValue for userType
2018-12-12 13:05:23,331 DEBUG (org.hibernate.cfg.annotations.PropertyBinder:260) - Building property userType
2018-12-12 13:05:23,331 DEBUG (org.hibernate.cfg.annotations.SimpleValueBinder:369) - Setting SimpleValue typeName for boardId
2018-12-12 13:05:23,331 DEBUG (org.hibernate.cfg.annotations.SimpleValueBinder:369) - Setting SimpleValue typeName for boardDesc
2018-12-12 13:05:23,332 DEBUG (org.hibernate.cfg.annotations.SimpleValueBinder:369) - Setting SimpleValue typeName for boardName
2018-12-12 13:05:23,332 DEBUG (org.hibernate.cfg.annotations.SimpleValueBinder:369) - Setting SimpleValue typeName for topicNum
2018-12-12 13:05:23,332 DEBUG (org.hibernate.cfg.annotations.SimpleValueBinder:369) - Setting SimpleValue typeName for loginLogId
2018-12-12 13:05:23,332 DEBUG (org.hibernate.cfg.annotations.SimpleValueBinder:369) - Setting SimpleValue typeName for ip
2018-12-12 13:05:23,333 DEBUG (org.hibernate.cfg.annotations.SimpleValueBinder:369) - Setting SimpleValue typeName for loginDatetime
2018-12-12 13:05:23,333 DEBUG (org.hibernate.cfg.annotations.SimpleValueBinder:369) - Setting SimpleValue typeName for postId
2018-12-12 13:05:23,333 DEBUG (org.hibernate.cfg.annotations.SimpleValueBinder:369) - Setting SimpleValue typeName for boardId
2018-12-12 13:05:23,333 DEBUG (org.hibernate.cfg.annotations.SimpleValueBinder:369) - Setting SimpleValue typeName for createTime
2018-12-12 13:05:23,334 DEBUG (org.hibernate.cfg.annotations.SimpleValueBinder:369) - Setting SimpleValue typeName for postText
2018-12-12 13:05:23,334 DEBUG (org.hibernate.cfg.annotations.SimpleValueBinder:369) - Setting SimpleValue typeName for postTitle
2018-12-12 13:05:23,334 DEBUG (org.hibernate.cfg.annotations.SimpleValueBinder:369) - Setting SimpleValue typeName for topicId
2018-12-12 13:05:23,335 DEBUG (org.hibernate.cfg.annotations.SimpleValueBinder:369) - Setting SimpleValue typeName for createName
2018-12-12 13:05:23,335 DEBUG (org.hibernate.cfg.annotations.SimpleValueBinder:369) - Setting SimpleValue typeName for digest
2018-12-12 13:05:23,335 DEBUG (org.hibernate.cfg.annotations.SimpleValueBinder:369) - Setting SimpleValue typeName for lastPost
2018-12-12 13:05:23,335 DEBUG (org.hibernate.cfg.annotations.SimpleValueBinder:369) - Setting SimpleValue typeName for topicReplies
2018-12-12 13:05:23,336 DEBUG (org.hibernate.cfg.annotations.SimpleValueBinder:369) - Setting SimpleValue typeName for topicTitle
2018-12-12 13:05:23,336 DEBUG (org.hibernate.cfg.annotations.SimpleValueBinder:369) - Setting SimpleValue typeName for topicView
2018-12-12 13:05:23,336 DEBUG (org.hibernate.cfg.annotations.SimpleValueBinder:369) - Setting SimpleValue typeName for userId
2018-12-12 13:05:23,336 DEBUG (org.hibernate.cfg.annotations.SimpleValueBinder:369) - Setting SimpleValue typeName for credit
2018-12-12 13:05:23,337 DEBUG (org.hibernate.cfg.annotations.SimpleValueBinder:369) - Setting SimpleValue typeName for lastIp
2018-12-12 13:05:23,337 DEBUG (org.hibernate.cfg.annotations.SimpleValueBinder:369) - Setting SimpleValue typeName for lastVisit
2018-12-12 13:05:23,337 DEBUG (org.hibernate.cfg.annotations.SimpleValueBinder:369) - Setting SimpleValue typeName for locked
2018-12-12 13:05:23,337 DEBUG (org.hibernate.cfg.annotations.SimpleValueBinder:369) - Setting SimpleValue typeName for password
2018-12-12 13:05:23,338 DEBUG (org.hibernate.cfg.annotations.SimpleValueBinder:369) - Setting SimpleValue typeName for userName
2018-12-12 13:05:23,338 DEBUG (org.hibernate.cfg.annotations.SimpleValueBinder:369) - Setting SimpleValue typeName for userType
2018-12-12 13:05:23,338 DEBUG (org.hibernate.cfg.Configuration:1406) - Processing fk mappings (*ToOne and JoinedSubclass)
2018-12-12 13:05:23,338 DEBUG (org.hibernate.cfg.Configuration:1585) - Processing extends queue
2018-12-12 13:05:23,339 DEBUG (org.hibernate.cfg.Configuration:1643) - Processing extends queue
2018-12-12 13:05:23,339 DEBUG (org.hibernate.cfg.Configuration:1588) - Processing collection mappings
2018-12-12 13:05:23,339 DEBUG (org.hibernate.cfg.CollectionSecondPass:64) - Second pass for collection: com.smart.domain.User.manBoards
2018-12-12 13:05:23,340 DEBUG (org.hibernate.cfg.annotations.CollectionBinder:1049) - Binding as ManyToMany: com.smart.domain.User.manBoards
2018-12-12 13:05:23,340 DEBUG (org.hibernate.cfg.CollectionSecondPass:80) - Mapped collection key: user_id, element: board_id
2018-12-12 13:05:23,340 DEBUG (org.hibernate.cfg.CollectionSecondPass:64) - Second pass for collection: com.smart.domain.Board.users
2018-12-12 13:05:23,341 DEBUG (org.hibernate.cfg.annotations.CollectionBinder:1049) - Binding as ManyToMany: com.smart.domain.Board.users
2018-12-12 13:05:23,341 DEBUG (org.hibernate.cfg.annotations.TableBinder:332) - Retrieving property com.smart.domain.User.manBoards
2018-12-12 13:05:23,341 DEBUG (org.hibernate.cfg.CollectionSecondPass:80) - Mapped collection key: board_id, element: user_id
2018-12-12 13:05:23,342 DEBUG (org.hibernate.cfg.Configuration:1598) - Processing native query and ResultSetMapping mappings
2018-12-12 13:05:23,342 DEBUG (org.hibernate.cfg.Configuration:1606) - Processing association property references
2018-12-12 13:05:23,342 DEBUG (org.hibernate.cfg.Configuration:1628) - Creating tables&apos; unique integer identifiers
2018-12-12 13:05:23,342 DEBUG (org.hibernate.cfg.Configuration:1629) - Processing foreign key constraints
2018-12-12 13:05:23,343 DEBUG (org.hibernate.cfg.Configuration:1700) - Resolving reference to class: com.smart.domain.Board
2018-12-12 13:05:23,343 DEBUG (org.hibernate.cfg.Configuration:1700) - Resolving reference to class: com.smart.domain.User
2018-12-12 13:05:23,343 DEBUG (org.hibernate.cfg.Configuration:1700) - Resolving reference to class: com.smart.domain.User
2018-12-12 13:05:23,343 DEBUG (org.hibernate.cfg.Configuration:1700) - Resolving reference to class: com.smart.domain.Topic
2018-12-12 13:05:23,344 DEBUG (org.hibernate.cfg.Configuration:1700) - Resolving reference to class: com.smart.domain.User
2018-12-12 13:05:23,344 DEBUG (org.hibernate.cfg.Configuration:1700) - Resolving reference to class: com.smart.domain.Board
2018-12-12 13:05:23,344 DEBUG (org.hibernate.cfg.Configuration:1700) - Resolving reference to class: com.smart.domain.User
2018-12-12 13:05:23,364 DEBUG (org.hibernate.engine.jdbc.internal.JdbcServicesImpl:121) - Database -&gt;
       name : MySQL
    version : 5.7.17-log
      major : 5
      minor : 7
2018-12-12 13:05:23,364 DEBUG (org.hibernate.engine.jdbc.internal.JdbcServicesImpl:127) - Driver -&gt;
       name : MySQL Connector Java
    version : mysql-connector-java-5.1.29 ( Revision: alexander.soklakov@oracle.com-20140120140810-s44574olh90i6i4l )
      major : 5
      minor : 1
2018-12-12 13:05:23,364 DEBUG (org.hibernate.engine.jdbc.internal.JdbcServicesImpl:133) - JDBC version : 4.0
2018-12-12 13:05:23,367  INFO (org.hibernate.dialect.Dialect:128) - HHH000400: Using dialect: org.hibernate.dialect.MySQLDialect
2018-12-12 13:05:23,367 DEBUG (org.hibernate.cfg.SettingsFactory:114) - Automatic flush during beforeCompletion(): disabled
2018-12-12 13:05:23,368 DEBUG (org.hibernate.cfg.SettingsFactory:120) - Automatic session close at end of transaction: disabled
2018-12-12 13:05:23,368 DEBUG (org.hibernate.cfg.SettingsFactory:131) - JDBC batch size: 15
2018-12-12 13:05:23,368 DEBUG (org.hibernate.cfg.SettingsFactory:137) - JDBC batch updates for versioned data: disabled
2018-12-12 13:05:23,368 DEBUG (org.hibernate.cfg.SettingsFactory:147) - Scrollable result sets: enabled
2018-12-12 13:05:23,368 DEBUG (org.hibernate.cfg.SettingsFactory:153) - Wrap result sets: disabled
2018-12-12 13:05:23,369 DEBUG (org.hibernate.cfg.SettingsFactory:159) - JDBC3 getGeneratedKeys(): enabled
2018-12-12 13:05:23,369 DEBUG (org.hibernate.cfg.SettingsFactory:171) - multi-tenancy strategy : NONE
2018-12-12 13:05:23,369 DEBUG (org.hibernate.cfg.SettingsFactory:177) - Connection release mode: auto
2018-12-12 13:05:23,369  INFO (org.hibernate.engine.transaction.internal.TransactionFactoryInitiator:68) - HHH000399: Using default transaction strategy (direct JDBC transactions)
2018-12-12 13:05:23,369 DEBUG (org.hibernate.cfg.SettingsFactory:199) - Using BatchFetchStyle : LEGACY
2018-12-12 13:05:23,369 DEBUG (org.hibernate.cfg.SettingsFactory:218) - Maximum outer join fetch depth: 2
2018-12-12 13:05:23,370 DEBUG (org.hibernate.cfg.SettingsFactory:224) - Default batch fetch size: 1
2018-12-12 13:05:23,370 DEBUG (org.hibernate.cfg.SettingsFactory:230) - Generate SQL with comments: disabled
2018-12-12 13:05:23,370 DEBUG (org.hibernate.cfg.SettingsFactory:236) - Order SQL updates by primary key: disabled
2018-12-12 13:05:23,370 DEBUG (org.hibernate.cfg.SettingsFactory:242) - Order SQL inserts for batching: disabled
2018-12-12 13:05:23,370 DEBUG (org.hibernate.cfg.SettingsFactory:250) - Default null ordering: none
2018-12-12 13:05:23,370 DEBUG (org.hibernate.cfg.SettingsFactory:541) - Query translator: org.hibernate.hql.internal.ast.ASTQueryTranslatorFactory
2018-12-12 13:05:23,371  INFO (org.hibernate.hql.internal.ast.ASTQueryTranslatorFactory:48) - HHH000397: Using ASTQueryTranslatorFactory
2018-12-12 13:05:23,371 DEBUG (org.hibernate.cfg.SettingsFactory:260) - Query language substitutions: {}
2018-12-12 13:05:23,371 DEBUG (org.hibernate.cfg.SettingsFactory:266) - JPA-QL strict compliance: disabled
2018-12-12 13:05:23,371 DEBUG (org.hibernate.cfg.SettingsFactory:274) - Second-level cache: enabled
2018-12-12 13:05:23,371 DEBUG (org.hibernate.cfg.SettingsFactory:280) - Query cache: disabled
2018-12-12 13:05:23,372 DEBUG (org.hibernate.cfg.SettingsFactory:481) - Cache region factory : org.hibernate.cache.ehcache.EhCacheRegionFactory
2018-12-12 13:05:23,372 DEBUG (org.hibernate.cfg.SettingsFactory:295) - Optimize cache for minimal puts: enabled
2018-12-12 13:05:23,372 DEBUG (org.hibernate.cfg.SettingsFactory:310) - Structured second-level cache entries: disabled
2018-12-12 13:05:23,372 DEBUG (org.hibernate.cfg.SettingsFactory:320) - Second-level cache direct-reference entries: disabled
2018-12-12 13:05:23,372 DEBUG (org.hibernate.cfg.SettingsFactory:328) - Statistics: disabled
2018-12-12 13:05:23,373 DEBUG (org.hibernate.cfg.SettingsFactory:334) - Deleted entity synthetic identifier rollback: disabled
2018-12-12 13:05:23,373 DEBUG (org.hibernate.cfg.SettingsFactory:358) - Default entity-mode: pojo
2018-12-12 13:05:23,373 DEBUG (org.hibernate.cfg.SettingsFactory:364) - Named query checking : enabled
2018-12-12 13:05:23,373 DEBUG (org.hibernate.cfg.SettingsFactory:370) - Check Nullability in Core (should be disabled when Bean Validation is on): enabled
2018-12-12 13:05:23,373 DEBUG (org.hibernate.cfg.SettingsFactory:388) - Allow initialization of lazy state outside session : : disabled
2018-12-12 13:05:23,373 DEBUG (org.hibernate.cfg.SettingsFactory:398) - JTA Track by Thread: enabled
2018-12-12 13:05:23,374 DEBUG (org.hibernate.internal.SessionFactoryImpl:225) - Building session factory
2018-12-12 13:05:23,374 DEBUG (net.sf.ehcache.config.ConfigurationFactory:130) - Configuring ehcache from ehcache.xml found in the classpath: file:/E:/work_java/chapter18/target/classes/ehcache.xml
2018-12-12 13:05:23,374 DEBUG (net.sf.ehcache.config.ConfigurationFactory:96) - Configuring ehcache from URL: file:/E:/work_java/chapter18/target/classes/ehcache.xml
2018-12-12 13:05:23,374 DEBUG (net.sf.ehcache.config.ConfigurationFactory:148) - Configuring ehcache from InputStream
2018-12-12 13:05:23,376 DEBUG (net.sf.ehcache.config.DiskStoreConfiguration:118) - Disk Store Path: C:\Users\DEll\AppData\Local\Temp\
2018-12-12 13:05:23,377 DEBUG (net.sf.ehcache.util.PropertyUtil:88) - propertiesString is null.
2018-12-12 13:05:23,382  WARN (net.sf.ehcache.CacheManager:611) - Creating a new instance of CacheManager using the diskStorePath &quot;C:\Users\DEll\AppData\Local\Temp\&quot; which is already used by an existing CacheManager.
The source of the configuration was net.sf.ehcache.config.generator.ConfigurationSource$DefaultConfigurationSource@3f049056.
The diskStore path for this CacheManager will be set to C:\Users\DEll\AppData\Local\Temp\\ehcache_auto_created_1544591123382.
To avoid this warning consider using the CacheManager factory methods to create a singleton CacheManager or specifying a separate ehcache configuration (ehcache.xml) for each CacheManager instance.
2018-12-12 13:05:23,383 DEBUG (net.sf.ehcache.config.ConfigurationHelper:184) - No CacheManagerEventListenerFactory class specified. Skipping...
2018-12-12 13:05:23,383 DEBUG (net.sf.ehcache.Cache:949) - No BootstrapCacheLoaderFactory class specified. Skipping...
2018-12-12 13:05:23,383 DEBUG (net.sf.ehcache.Cache:923) - CacheWriter factory not configured. Skipping...
2018-12-12 13:05:23,384 DEBUG (net.sf.ehcache.config.ConfigurationHelper:96) - No CacheExceptionHandlerFactory class specified. Skipping...
2018-12-12 13:05:23,384 DEBUG (net.sf.ehcache.Cache:949) - No BootstrapCacheLoaderFactory class specified. Skipping...
2018-12-12 13:05:23,384 DEBUG (net.sf.ehcache.Cache:923) - CacheWriter factory not configured. Skipping...
2018-12-12 13:05:23,384 DEBUG (net.sf.ehcache.config.ConfigurationHelper:96) - No CacheExceptionHandlerFactory class specified. Skipping...
2018-12-12 13:05:23,385 DEBUG (net.sf.ehcache.Cache:949) - No BootstrapCacheLoaderFactory class specified. Skipping...
2018-12-12 13:05:23,385 DEBUG (net.sf.ehcache.Cache:923) - CacheWriter factory not configured. Skipping...
2018-12-12 13:05:23,385 DEBUG (net.sf.ehcache.config.ConfigurationHelper:96) - No CacheExceptionHandlerFactory class specified. Skipping...
2018-12-12 13:05:23,386 DEBUG (net.sf.ehcache.store.compound.factories.DiskOverflowStorageFactory:95) - Deleting data file freqChangeRegion.data
2018-12-12 13:05:23,387 DEBUG (net.sf.ehcache.Cache:1183) - Initialised cache: freqChangeRegion
2018-12-12 13:05:23,387 DEBUG (net.sf.ehcache.config.ConfigurationHelper:331) - CacheDecoratorFactory not configured. Skipping for &apos;freqChangeRegion&apos;.
2018-12-12 13:05:23,387 DEBUG (net.sf.ehcache.config.ConfigurationHelper:360) - CacheDecoratorFactory not configured for defaultCache. Skipping for &apos;freqChangeRegion&apos;.
2018-12-12 13:05:23,387 DEBUG (net.sf.ehcache.Cache:1183) - Initialised cache: fixedRegion
2018-12-12 13:05:23,388 DEBUG (net.sf.ehcache.config.ConfigurationHelper:331) - CacheDecoratorFactory not configured. Skipping for &apos;fixedRegion&apos;.
2018-12-12 13:05:23,388 DEBUG (net.sf.ehcache.config.ConfigurationHelper:360) - CacheDecoratorFactory not configured for defaultCache. Skipping for &apos;fixedRegion&apos;.
2018-12-12 13:05:23,388 DEBUG (org.hibernate.internal.SessionFactoryImpl:277) - Session factory constructed with filter configurations : {}
2018-12-12 13:05:23,388 DEBUG (org.hibernate.internal.SessionFactoryImpl:278) - Instantiating session factory with properties: {java.runtime.name=Java(TM) SE Runtime Environment, sun.boot.library.path=D:\JDK1.8\jre\bin, java.vm.version=25.121-b13, java.vm.vendor=Oracle Corporation, java.vendor.url=http://java.oracle.com/, path.separator=;, hibernate.cache.use_query_cache=false, java.vm.name=Java HotSpot(TM) 64-Bit Server VM, file.encoding.pkg=sun.io, user.script=, user.country=CN, sun.java.launcher=SUN_STANDARD, sun.os.patch.level=, java.vm.specification.name=Java Virtual Machine Specification, user.dir=E:\work_java\chapter18, java.runtime.version=1.8.0_121-b13, java.awt.graphicsenv=sun.awt.Win32GraphicsEnvironment, basedir=E:\work_java\chapter18, hibernate.current_session_context_class=org.springframework.orm.hibernate4.SpringSessionContext, java.endorsed.dirs=D:\JDK1.8\jre\lib\endorsed, os.arch=amd64, surefire.real.class.path=E:\work_java\chapter18\target\surefire\surefirebooter3221345583771230830.jar, java.io.tmpdir=C:\Users\DEll\AppData\Local\Temp\, line.separator=
, java.vm.specification.vendor=Oracle Corporation, user.variant=, os.name=Windows 10, sun.jnu.encoding=GBK, java.library.path=D:\JDK1.8\jre\bin;C:\WINDOWS\Sun\Java\bin;C:\WINDOWS\system32;C:\WINDOWS;C:/Program Files/Java/jre1.8.0_144/bin/server;C:/Program Files/Java/jre1.8.0_144/bin;C:/Program Files/Java/jre1.8.0_144/lib/amd64;;C:\Program Files (x86)\Common Files\Oracle\Java\javapath;C:\WINDOWS\system32;C:\WINDOWS;C:\WINDOWS\System32\Wbem;C:\WINDOWS\System32\WindowsPowerShell\v1.0\;C:\Program Files (x86)\Common Files\Thunder Network\KanKan\Codecs;D:\putty\;D:\miktex\miktex\bin\x64\;D:\Git\cmd;C:\WINDOWS\system32;C:\WINDOWS;C:\WINDOWS\System32\Wbem;C:\WINDOWS\System32\WindowsPowerShell\v1.0\;C:\WINDOWS\System32\OpenSSH\;C:\Program Files\dotnet\;C:\Program Files\MySQL\MySQL Server 5.7\bin\;D:\jee-photon\eclipse;D:\masterSpring\apache-maven-3.3.9-bin\bin;D:\JDK1.8\bin;D:\vc\Tools\WinNT;D:\vc\MSDev98\Bin;D:\vc\Tools;D:\VC98\bin;C:\Program Files\Intel\WiFi\bin\;C:\Program Files\Common Files\Intel\WirelessCommon\;F:\AppServ\Apache24\bin;F:\AppServ\php5;F:\AppServ\MySQL\bin;C:\Users\DEll\AppData\Local\Microsoft\WindowsApps;D:\JDK1.8\bin;C:\Users\DEll\AppData\Local\GitHubDesktop\bin;D:\Microsoft VS Code\bin;C:\Users\DEll\AppData\Local\Microsoft\WindowsApps;D:\Docker Toolbox;C:\Program Files\MySQL\MySQL Server 5.7\bin\;D:\jee-photon\eclipse;D:\masterSpring\apache-maven-3.3.9-bin\bin;;C:\WINDOWS\System32;;., hibernate.connection.datasource=org.apache.commons.dbcp.BasicDataSource@6fd12c5, surefire.test.class.path=E:\work_java\chapter18\target\test-classes;E:\work_java\chapter18\target\classes;C:\Users\DEll\.m2\repository\org\springframework\spring-orm\4.2.2.RELEASE\spring-orm-4.2.2.RELEASE.jar;C:\Users\DEll\.m2\repository\org\springframework\spring-core\4.2.2.RELEASE\spring-core-4.2.2.RELEASE.jar;C:\Users\DEll\.m2\repository\org\springframework\spring-tx\4.2.2.RELEASE\spring-tx-4.2.2.RELEASE.jar;C:\Users\DEll\.m2\repository\org\springframework\spring-test\4.2.2.RELEASE\spring-test-4.2.2.RELEASE.jar;C:\Users\DEll\.m2\repository\org\springframework\spring-webmvc\4.2.2.RELEASE\spring-webmvc-4.2.2.RELEASE.jar;C:\Users\DEll\.m2\repository\org\springframework\spring-expression\4.2.2.RELEASE\spring-expression-4.2.2.RELEASE.jar;C:\Users\DEll\.m2\repository\org\springframework\spring-web\4.2.2.RELEASE\spring-web-4.2.2.RELEASE.jar;C:\Users\DEll\.m2\repository\org\springframework\spring-context\4.2.2.RELEASE\spring-context-4.2.2.RELEASE.jar;C:\Users\DEll\.m2\repository\org\springframework\spring-aop\4.2.2.RELEASE\spring-aop-4.2.2.RELEASE.jar;C:\Users\DEll\.m2\repository\org\springframework\spring-context-support\4.2.2.RELEASE\spring-context-support-4.2.2.RELEASE.jar;C:\Users\DEll\.m2\repository\org\springframework\spring-beans\4.2.2.RELEASE\spring-beans-4.2.2.RELEASE.jar;C:\Users\DEll\.m2\repository\org\springframework\spring-jdbc\4.2.2.RELEASE\spring-jdbc-4.2.2.RELEASE.jar;C:\Users\DEll\.m2\repository\commons-lang\commons-lang\2.2\commons-lang-2.2.jar;C:\Users\DEll\.m2\repository\commons-fileupload\commons-fileupload\1.3.1\commons-fileupload-1.3.1.jar;C:\Users\DEll\.m2\repository\commons-io\commons-io\2.2\commons-io-2.2.jar;C:\Users\DEll\.m2\repository\commons-dbcp\commons-dbcp\1.4\commons-dbcp-1.4.jar;C:\Users\DEll\.m2\repository\commons-pool\commons-pool\1.5.4\commons-pool-1.5.4.jar;C:\Users\DEll\.m2\repository\javax\persistence\persistence-api\1.0\persistence-api-1.0.jar;C:\Users\DEll\.m2\repository\org\hibernate\hibernate-core\4.2.0.Final\hibernate-core-4.2.0.Final.jar;C:\Users\DEll\.m2\repository\antlr\antlr\2.7.7\antlr-2.7.7.jar;C:\Users\DEll\.m2\repository\org\jboss\logging\jboss-logging\3.1.0.GA\jboss-logging-3.1.0.GA.jar;C:\Users\DEll\.m2\repository\org\jboss\spec\javax\transaction\jboss-transaction-api_1.1_spec\1.0.0.Final\jboss-transaction-api_1.1_spec-1.0.0.Final.jar;C:\Users\DEll\.m2\repository\dom4j\dom4j\1.6.1\dom4j-1.6.1.jar;C:\Users\DEll\.m2\repository\org\javassist\javassist\3.15.0-GA\javassist-3.15.0-GA.jar;C:\Users\DEll\.m2\repository\org\hibernate\common\hibernate-commons-annotations\4.0.1.Final\hibernate-commons-annotations-4.0.1.Final.jar;C:\Users\DEll\.m2\repository\org\hibernate\hibernate-ehcache\4.2.0.Final\hibernate-ehcache-4.2.0.Final.jar;C:\Users\DEll\.m2\repository\net\sf\ehcache\ehcache-core\2.4.3\ehcache-core-2.4.3.jar;C:\Users\DEll\.m2\repository\org\hibernate\javax\persistence\hibernate-jpa-2.0-api\1.0.1.Final\hibernate-jpa-2.0-api-1.0.1.Final.jar;C:\Users\DEll\.m2\repository\javax\servlet\servlet-api\3.0-alpha-1\servlet-api-3.0-alpha-1.jar;C:\Users\DEll\.m2\repository\javax\servlet\javax.servlet-api\3.1.0\javax.servlet-api-3.1.0.jar;C:\Users\DEll\.m2\repository\mysql\mysql-connector-java\5.1.29\mysql-connector-java-5.1.29.jar;C:\Users\DEll\.m2\repository\commons-beanutils\commons-beanutils\1.9.1\commons-beanutils-1.9.1.jar;C:\Users\DEll\.m2\repository\commons-logging\commons-logging\1.1.1\commons-logging-1.1.1.jar;C:\Users\DEll\.m2\repository\commons-collections\commons-collections\3.2.1\commons-collections-3.2.1.jar;C:\Users\DEll\.m2\repository\org\slf4j\slf4j-api\1.7.5\slf4j-api-1.7.5.jar;C:\Users\DEll\.m2\repository\org\slf4j\slf4j-log4j12\1.7.5\slf4j-log4j12-1.7.5.jar;C:\Users\DEll\.m2\repository\log4j\log4j\1.2.17\log4j-1.2.17.jar;C:\Users\DEll\.m2\repository\org\mockito\mockito-all\1.10.19\mockito-all-1.10.19.jar;C:\Users\DEll\.m2\repository\org\testng\testng\6.8.7\testng-6.8.7.jar;C:\Users\DEll\.m2\repository\junit\junit\4.10\junit-4.10.jar;C:\Users\DEll\.m2\repository\org\hamcrest\hamcrest-core\1.1\hamcrest-core-1.1.jar;C:\Users\DEll\.m2\repository\org\beanshell\bsh\2.0b4\bsh-2.0b4.jar;C:\Users\DEll\.m2\repository\com\beust\jcommander\1.27\jcommander-1.27.jar;C:\Users\DEll\.m2\repository\org\yaml\snakeyaml\1.12\snakeyaml-1.12.jar;C:\Users\DEll\.m2\repository\org\unitils\unitils-core\3.4.2\unitils-core-3.4.2.jar;C:\Users\DEll\.m2\repository\ognl\ognl\2.6.9\ognl-2.6.9.jar;C:\Users\DEll\.m2\repository\org\unitils\unitils-testng\3.4.2\unitils-testng-3.4.2.jar;C:\Users\DEll\.m2\repository\org\testng\testng\5.8\testng-5.8-jdk15.jar;C:\Users\DEll\.m2\repository\org\unitils\unitils-spring\3.4.2\unitils-spring-3.4.2.jar;C:\Users\DEll\.m2\repository\org\unitils\unitils-orm\3.4.2\unitils-orm-3.4.2.jar;C:\Users\DEll\.m2\repository\org\unitils\unitils-database\3.4.2\unitils-database-3.4.2.jar;C:\Users\DEll\.m2\repository\org\unitils\unitils-dbmaintainer\3.4.2\unitils-dbmaintainer-3.4.2.jar;C:\Users\DEll\.m2\repository\org\hibernate\hibernate\3.2.5.ga\hibernate-3.2.5.ga.jar;C:\Users\DEll\.m2\repository\net\sf\ehcache\ehcache\1.2.3\ehcache-1.2.3.jar;C:\Users\DEll\.m2\repository\asm\asm-attrs\1.5.3\asm-attrs-1.5.3.jar;C:\Users\DEll\.m2\repository\cglib\cglib\2.1_3\cglib-2.1_3.jar;C:\Users\DEll\.m2\repository\asm\asm\1.5.3\asm-1.5.3.jar;C:\Users\DEll\.m2\repository\org\slf4j\slf4j-nop\1.6.4\slf4j-nop-1.6.4.jar;C:\Users\DEll\.m2\repository\org\unitils\unitils-dbunit\3.4.2\unitils-dbunit-3.4.2.jar;C:\Users\DEll\.m2\repository\xmlunit\xmlunit\1.2\xmlunit-1.2.jar;C:\Users\DEll\.m2\repository\org\aspectj\aspectjrt\1.8.1\aspectjrt-1.8.1.jar;C:\Users\DEll\.m2\repository\org\aspectj\aspectjweaver\1.8.1\aspectjweaver-1.8.1.jar;C:\Users\DEll\.m2\repository\aopalliance\aopalliance\1.0\aopalliance-1.0.jar;C:\Users\DEll\.m2\repository\org\apache\poi\poi\3.9\poi-3.9.jar;C:\Users\DEll\.m2\repository\commons-codec\commons-codec\1.5\commons-codec-1.5.jar;C:\Users\DEll\.m2\repository\javassist\javassist\3.6.0.GA\javassist-3.6.0.GA.jar;C:\Users\DEll\.m2\repository\org\seleniumhq\selenium\selenium-chrome-driver\2.41.0\selenium-chrome-driver-2.41.0.jar;C:\Users\DEll\.m2\repository\org\seleniumhq\selenium\selenium-remote-driver\2.41.0\selenium-remote-driver-2.41.0.jar;C:\Users\DEll\.m2\repository\cglib\cglib-nodep\2.1_3\cglib-nodep-2.1_3.jar;C:\Users\DEll\.m2\repository\net\java\dev\jna\jna\3.4.0\jna-3.4.0.jar;C:\Users\DEll\.m2\repository\net\java\dev\jna\platform\3.4.0\platform-3.4.0.jar;C:\Users\DEll\.m2\repository\org\seleniumhq\selenium\selenium-firefox-driver\2.41.0\selenium-firefox-driver-2.41.0.jar;C:\Users\DEll\.m2\repository\org\apache\commons\commons-exec\1.1\commons-exec-1.1.jar;C:\Users\DEll\.m2\repository\com\opera\operadriver\0.8.1\operadriver-0.8.1.jar;C:\Users\DEll\.m2\repository\com\opera\operalaunchers\0.3\operalaunchers-0.3.jar;C:\Users\DEll\.m2\repository\com\google\protobuf\protobuf-java\2.4.1\protobuf-java-2.4.1.jar;C:\Users\DEll\.m2\repository\com\google\guava\guava\10.0.1\guava-10.0.1.jar;C:\Users\DEll\.m2\repository\com\google\code\findbugs\jsr305\1.3.9\jsr305-1.3.9.jar;C:\Users\DEll\.m2\repository\commons-jxpath\commons-jxpath\1.3\commons-jxpath-1.3.jar;C:\Users\DEll\.m2\repository\org\dbunit\dbunit\2.5.1\dbunit-2.5.1.jar;C:\Users\DEll\.m2\repository\org\apache\poi\poi-ooxml\3.11\poi-ooxml-3.11.jar;C:\Users\DEll\.m2\repository\org\apache\poi\poi-ooxml-schemas\3.11\poi-ooxml-schemas-3.11.jar;C:\Users\DEll\.m2\repository\org\apache\xmlbeans\xmlbeans\2.6.0\xmlbeans-2.6.0.jar;C:\Users\DEll\.m2\repository\stax\stax-api\1.0.1\stax-api-1.0.1.jar;C:\Users\DEll\.m2\repository\org\seleniumhq\selenium\selenium-api\2.41.0\selenium-api-2.41.0.jar;C:\Users\DEll\.m2\repository\org\json\json\20080701\json-20080701.jar;C:\Users\DEll\.m2\repository\org\seleniumhq\selenium\selenium-htmlunit-driver\2.41.0\selenium-htmlunit-driver-2.41.0.jar;C:\Users\DEll\.m2\repository\net\sourceforge\htmlunit\htmlunit\2.13\htmlunit-2.13.jar;C:\Users\DEll\.m2\repository\xalan\xalan\2.7.1\xalan-2.7.1.jar;C:\Users\DEll\.m2\repository\xalan\serializer\2.7.1\serializer-2.7.1.jar;C:\Users\DEll\.m2\repository\org\apache\commons\commons-lang3\3.1\commons-lang3-3.1.jar;C:\Users\DEll\.m2\repository\org\apache\httpcomponents\httpmime\4.3.1\httpmime-4.3.1.jar;C:\Users\DEll\.m2\repository\net\sourceforge\htmlunit\htmlunit-core-js\2.13\htmlunit-core-js-2.13.jar;C:\Users\DEll\.m2\repository\xerces\xercesImpl\2.11.0\xercesImpl-2.11.0.jar;C:\Users\DEll\.m2\repository\xml-apis\xml-apis\1.4.01\xml-apis-1.4.01.jar;C:\Users\DEll\.m2\repository\net\sourceforge\nekohtml\nekohtml\1.9.19\nekohtml-1.9.19.jar;C:\Users\DEll\.m2\repository\net\sourceforge\cssparser\cssparser\0.9.11\cssparser-0.9.11.jar;C:\Users\DEll\.m2\repository\org\w3c\css\sac\1.3\sac-1.3.jar;C:\Users\DEll\.m2\repository\org\eclipse\jetty\jetty-websocket\8.1.12.v20130726\jetty-websocket-8.1.12.v20130726.jar;C:\Users\DEll\.m2\repository\org\eclipse\jetty\jetty-util\8.1.12.v20130726\jetty-util-8.1.12.v20130726.jar;C:\Users\DEll\.m2\repository\org\eclipse\jetty\jetty-io\8.1.12.v20130726\jetty-io-8.1.12.v20130726.jar;C:\Users\DEll\.m2\repository\org\eclipse\jetty\jetty-http\8.1.12.v20130726\jetty-http-8.1.12.v20130726.jar;C:\Users\DEll\.m2\repository\org\apache\httpcomponents\httpclient\4.3.1\httpclient-4.3.1.jar;C:\Users\DEll\.m2\repository\org\apache\httpcomponents\httpcore\4.3\httpcore-4.3.jar;C:\Users\DEll\.m2\repository\org\hamcrest\hamcrest-all\1.3\hamcrest-all-1.3.jar;, java.specification.name=Java Platform API Specification, java.class.version=52.0, sun.management.compiler=HotSpot 64-Bit Tiered Compilers, os.version=10.0, user.home=C:\Users\DEll, user.timezone=Asia/Shanghai, java.awt.printerjob=sun.awt.windows.WPrinterJob, java.specification.version=1.8, file.encoding=UTF-8, user.name=DEll, java.class.path=E:\work_java\chapter18\target\test-classes;E:\work_java\chapter18\target\classes;C:\Users\DEll\.m2\repository\org\springframework\spring-orm\4.2.2.RELEASE\spring-orm-4.2.2.RELEASE.jar;C:\Users\DEll\.m2\repository\org\springframework\spring-core\4.2.2.RELEASE\spring-core-4.2.2.RELEASE.jar;C:\Users\DEll\.m2\repository\org\springframework\spring-tx\4.2.2.RELEASE\spring-tx-4.2.2.RELEASE.jar;C:\Users\DEll\.m2\repository\org\springframework\spring-test\4.2.2.RELEASE\spring-test-4.2.2.RELEASE.jar;C:\Users\DEll\.m2\repository\org\springframework\spring-webmvc\4.2.2.RELEASE\spring-webmvc-4.2.2.RELEASE.jar;C:\Users\DEll\.m2\repository\org\springframework\spring-expression\4.2.2.RELEASE\spring-expression-4.2.2.RELEASE.jar;C:\Users\DEll\.m2\repository\org\springframework\spring-web\4.2.2.RELEASE\spring-web-4.2.2.RELEASE.jar;C:\Users\DEll\.m2\repository\org\springframework\spring-context\4.2.2.RELEASE\spring-context-4.2.2.RELEASE.jar;C:\Users\DEll\.m2\repository\org\springframework\spring-aop\4.2.2.RELEASE\spring-aop-4.2.2.RELEASE.jar;C:\Users\DEll\.m2\repository\org\springframework\spring-context-support\4.2.2.RELEASE\spring-context-support-4.2.2.RELEASE.jar;C:\Users\DEll\.m2\repository\org\springframework\spring-beans\4.2.2.RELEASE\spring-beans-4.2.2.RELEASE.jar;C:\Users\DEll\.m2\repository\org\springframework\spring-jdbc\4.2.2.RELEASE\spring-jdbc-4.2.2.RELEASE.jar;C:\Users\DEll\.m2\repository\commons-lang\commons-lang\2.2\commons-lang-2.2.jar;C:\Users\DEll\.m2\repository\commons-fileupload\commons-fileupload\1.3.1\commons-fileupload-1.3.1.jar;C:\Users\DEll\.m2\repository\commons-io\commons-io\2.2\commons-io-2.2.jar;C:\Users\DEll\.m2\repository\commons-dbcp\commons-dbcp\1.4\commons-dbcp-1.4.jar;C:\Users\DEll\.m2\repository\commons-pool\commons-pool\1.5.4\commons-pool-1.5.4.jar;C:\Users\DEll\.m2\repository\javax\persistence\persistence-api\1.0\persistence-api-1.0.jar;C:\Users\DEll\.m2\repository\org\hibernate\hibernate-core\4.2.0.Final\hibernate-core-4.2.0.Final.jar;C:\Users\DEll\.m2\repository\antlr\antlr\2.7.7\antlr-2.7.7.jar;C:\Users\DEll\.m2\repository\org\jboss\logging\jboss-logging\3.1.0.GA\jboss-logging-3.1.0.GA.jar;C:\Users\DEll\.m2\repository\org\jboss\spec\javax\transaction\jboss-transaction-api_1.1_spec\1.0.0.Final\jboss-transaction-api_1.1_spec-1.0.0.Final.jar;C:\Users\DEll\.m2\repository\dom4j\dom4j\1.6.1\dom4j-1.6.1.jar;C:\Users\DEll\.m2\repository\org\javassist\javassist\3.15.0-GA\javassist-3.15.0-GA.jar;C:\Users\DEll\.m2\repository\org\hibernate\common\hibernate-commons-annotations\4.0.1.Final\hibernate-commons-annotations-4.0.1.Final.jar;C:\Users\DEll\.m2\repository\org\hibernate\hibernate-ehcache\4.2.0.Final\hibernate-ehcache-4.2.0.Final.jar;C:\Users\DEll\.m2\repository\net\sf\ehcache\ehcache-core\2.4.3\ehcache-core-2.4.3.jar;C:\Users\DEll\.m2\repository\org\hibernate\javax\persistence\hibernate-jpa-2.0-api\1.0.1.Final\hibernate-jpa-2.0-api-1.0.1.Final.jar;C:\Users\DEll\.m2\repository\javax\servlet\servlet-api\3.0-alpha-1\servlet-api-3.0-alpha-1.jar;C:\Users\DEll\.m2\repository\javax\servlet\javax.servlet-api\3.1.0\javax.servlet-api-3.1.0.jar;C:\Users\DEll\.m2\repository\mysql\mysql-connector-java\5.1.29\mysql-connector-java-5.1.29.jar;C:\Users\DEll\.m2\repository\commons-beanutils\commons-beanutils\1.9.1\commons-beanutils-1.9.1.jar;C:\Users\DEll\.m2\repository\commons-logging\commons-logging\1.1.1\commons-logging-1.1.1.jar;C:\Users\DEll\.m2\repository\commons-collections\commons-collections\3.2.1\commons-collections-3.2.1.jar;C:\Users\DEll\.m2\repository\org\slf4j\slf4j-api\1.7.5\slf4j-api-1.7.5.jar;C:\Users\DEll\.m2\repository\org\slf4j\slf4j-log4j12\1.7.5\slf4j-log4j12-1.7.5.jar;C:\Users\DEll\.m2\repository\log4j\log4j\1.2.17\log4j-1.2.17.jar;C:\Users\DEll\.m2\repository\org\mockito\mockito-all\1.10.19\mockito-all-1.10.19.jar;C:\Users\DEll\.m2\repository\org\testng\testng\6.8.7\testng-6.8.7.jar;C:\Users\DEll\.m2\repository\junit\junit\4.10\junit-4.10.jar;C:\Users\DEll\.m2\repository\org\hamcrest\hamcrest-core\1.1\hamcrest-core-1.1.jar;C:\Users\DEll\.m2\repository\org\beanshell\bsh\2.0b4\bsh-2.0b4.jar;C:\Users\DEll\.m2\repository\com\beust\jcommander\1.27\jcommander-1.27.jar;C:\Users\DEll\.m2\repository\org\yaml\snakeyaml\1.12\snakeyaml-1.12.jar;C:\Users\DEll\.m2\repository\org\unitils\unitils-core\3.4.2\unitils-core-3.4.2.jar;C:\Users\DEll\.m2\repository\ognl\ognl\2.6.9\ognl-2.6.9.jar;C:\Users\DEll\.m2\repository\org\unitils\unitils-testng\3.4.2\unitils-testng-3.4.2.jar;C:\Users\DEll\.m2\repository\org\testng\testng\5.8\testng-5.8-jdk15.jar;C:\Users\DEll\.m2\repository\org\unitils\unitils-spring\3.4.2\unitils-spring-3.4.2.jar;C:\Users\DEll\.m2\repository\org\unitils\unitils-orm\3.4.2\unitils-orm-3.4.2.jar;C:\Users\DEll\.m2\repository\org\unitils\unitils-database\3.4.2\unitils-database-3.4.2.jar;C:\Users\DEll\.m2\repository\org\unitils\unitils-dbmaintainer\3.4.2\unitils-dbmaintainer-3.4.2.jar;C:\Users\DEll\.m2\repository\org\hibernate\hibernate\3.2.5.ga\hibernate-3.2.5.ga.jar;C:\Users\DEll\.m2\repository\net\sf\ehcache\ehcache\1.2.3\ehcache-1.2.3.jar;C:\Users\DEll\.m2\repository\asm\asm-attrs\1.5.3\asm-attrs-1.5.3.jar;C:\Users\DEll\.m2\repository\cglib\cglib\2.1_3\cglib-2.1_3.jar;C:\Users\DEll\.m2\repository\asm\asm\1.5.3\asm-1.5.3.jar;C:\Users\DEll\.m2\repository\org\slf4j\slf4j-nop\1.6.4\slf4j-nop-1.6.4.jar;C:\Users\DEll\.m2\repository\org\unitils\unitils-dbunit\3.4.2\unitils-dbunit-3.4.2.jar;C:\Users\DEll\.m2\repository\xmlunit\xmlunit\1.2\xmlunit-1.2.jar;C:\Users\DEll\.m2\repository\org\aspectj\aspectjrt\1.8.1\aspectjrt-1.8.1.jar;C:\Users\DEll\.m2\repository\org\aspectj\aspectjweaver\1.8.1\aspectjweaver-1.8.1.jar;C:\Users\DEll\.m2\repository\aopalliance\aopalliance\1.0\aopalliance-1.0.jar;C:\Users\DEll\.m2\repository\org\apache\poi\poi\3.9\poi-3.9.jar;C:\Users\DEll\.m2\repository\commons-codec\commons-codec\1.5\commons-codec-1.5.jar;C:\Users\DEll\.m2\repository\javassist\javassist\3.6.0.GA\javassist-3.6.0.GA.jar;C:\Users\DEll\.m2\repository\org\seleniumhq\selenium\selenium-chrome-driver\2.41.0\selenium-chrome-driver-2.41.0.jar;C:\Users\DEll\.m2\repository\org\seleniumhq\selenium\selenium-remote-driver\2.41.0\selenium-remote-driver-2.41.0.jar;C:\Users\DEll\.m2\repository\cglib\cglib-nodep\2.1_3\cglib-nodep-2.1_3.jar;C:\Users\DEll\.m2\repository\net\java\dev\jna\jna\3.4.0\jna-3.4.0.jar;C:\Users\DEll\.m2\repository\net\java\dev\jna\platform\3.4.0\platform-3.4.0.jar;C:\Users\DEll\.m2\repository\org\seleniumhq\selenium\selenium-firefox-driver\2.41.0\selenium-firefox-driver-2.41.0.jar;C:\Users\DEll\.m2\repository\org\apache\commons\commons-exec\1.1\commons-exec-1.1.jar;C:\Users\DEll\.m2\repository\com\opera\operadriver\0.8.1\operadriver-0.8.1.jar;C:\Users\DEll\.m2\repository\com\opera\operalaunchers\0.3\operalaunchers-0.3.jar;C:\Users\DEll\.m2\repository\com\google\protobuf\protobuf-java\2.4.1\protobuf-java-2.4.1.jar;C:\Users\DEll\.m2\repository\com\google\guava\guava\10.0.1\guava-10.0.1.jar;C:\Users\DEll\.m2\repository\com\google\code\findbugs\jsr305\1.3.9\jsr305-1.3.9.jar;C:\Users\DEll\.m2\repository\commons-jxpath\commons-jxpath\1.3\commons-jxpath-1.3.jar;C:\Users\DEll\.m2\repository\org\dbunit\dbunit\2.5.1\dbunit-2.5.1.jar;C:\Users\DEll\.m2\repository\org\apache\poi\poi-ooxml\3.11\poi-ooxml-3.11.jar;C:\Users\DEll\.m2\repository\org\apache\poi\poi-ooxml-schemas\3.11\poi-ooxml-schemas-3.11.jar;C:\Users\DEll\.m2\repository\org\apache\xmlbeans\xmlbeans\2.6.0\xmlbeans-2.6.0.jar;C:\Users\DEll\.m2\repository\stax\stax-api\1.0.1\stax-api-1.0.1.jar;C:\Users\DEll\.m2\repository\org\seleniumhq\selenium\selenium-api\2.41.0\selenium-api-2.41.0.jar;C:\Users\DEll\.m2\repository\org\json\json\20080701\json-20080701.jar;C:\Users\DEll\.m2\repository\org\seleniumhq\selenium\selenium-htmlunit-driver\2.41.0\selenium-htmlunit-driver-2.41.0.jar;C:\Users\DEll\.m2\repository\net\sourceforge\htmlunit\htmlunit\2.13\htmlunit-2.13.jar;C:\Users\DEll\.m2\repository\xalan\xalan\2.7.1\xalan-2.7.1.jar;C:\Users\DEll\.m2\repository\xalan\serializer\2.7.1\serializer-2.7.1.jar;C:\Users\DEll\.m2\repository\org\apache\commons\commons-lang3\3.1\commons-lang3-3.1.jar;C:\Users\DEll\.m2\repository\org\apache\httpcomponents\httpmime\4.3.1\httpmime-4.3.1.jar;C:\Users\DEll\.m2\repository\net\sourceforge\htmlunit\htmlunit-core-js\2.13\htmlunit-core-js-2.13.jar;C:\Users\DEll\.m2\repository\xerces\xercesImpl\2.11.0\xercesImpl-2.11.0.jar;C:\Users\DEll\.m2\repository\xml-apis\xml-apis\1.4.01\xml-apis-1.4.01.jar;C:\Users\DEll\.m2\repository\net\sourceforge\nekohtml\nekohtml\1.9.19\nekohtml-1.9.19.jar;C:\Users\DEll\.m2\repository\net\sourceforge\cssparser\cssparser\0.9.11\cssparser-0.9.11.jar;C:\Users\DEll\.m2\repository\org\w3c\css\sac\1.3\sac-1.3.jar;C:\Users\DEll\.m2\repository\org\eclipse\jetty\jetty-websocket\8.1.12.v20130726\jetty-websocket-8.1.12.v20130726.jar;C:\Users\DEll\.m2\repository\org\eclipse\jetty\jetty-util\8.1.12.v20130726\jetty-util-8.1.12.v20130726.jar;C:\Users\DEll\.m2\repository\org\eclipse\jetty\jetty-io\8.1.12.v20130726\jetty-io-8.1.12.v20130726.jar;C:\Users\DEll\.m2\repository\org\eclipse\jetty\jetty-http\8.1.12.v20130726\jetty-http-8.1.12.v20130726.jar;C:\Users\DEll\.m2\repository\org\apache\httpcomponents\httpclient\4.3.1\httpclient-4.3.1.jar;C:\Users\DEll\.m2\repository\org\apache\httpcomponents\httpcore\4.3\httpcore-4.3.jar;C:\Users\DEll\.m2\repository\org\hamcrest\hamcrest-all\1.3\hamcrest-all-1.3.jar;, hibernate.bytecode.use_reflection_optimizer=false, hibernate.show_sql=true, hibernate.classLoader.application=sun.misc.Launcher$AppClassLoader@4aa298b7, java.vm.specification.version=1.8, sun.arch.data.model=64, java.home=D:\JDK1.8\jre, sun.java.command=E:\work_java\chapter18\target\surefire\surefirebooter3221345583771230830.jar E:\work_java\chapter18\target\surefire\surefire1666959931098983770tmp E:\work_java\chapter18\target\surefire\surefire1310798541596866369tmp, hibernate.dialect=org.hibernate.dialect.MySQLDialect, java.specification.vendor=Oracle Corporation, user.language=zh, awt.toolkit=sun.awt.windows.WToolkit, java.vm.info=mixed mode, java.version=1.8.0_121, java.ext.dirs=D:\JDK1.8\jre\lib\ext;C:\WINDOWS\Sun\Java\lib\ext, sun.boot.class.path=D:\JDK1.8\jre\lib\resources.jar;D:\JDK1.8\jre\lib\rt.jar;D:\JDK1.8\jre\lib\sunrsasign.jar;D:\JDK1.8\jre\lib\jsse.jar;D:\JDK1.8\jre\lib\jce.jar;D:\JDK1.8\jre\lib\charsets.jar;D:\JDK1.8\jre\lib\jfr.jar;D:\JDK1.8\jre\classes, java.vendor=Oracle Corporation, localRepository=C:\Users\DEll\.m2\repository, file.separator=\, hibernate.cache.region.factory_class=org.hibernate.cache.ehcache.EhCacheRegionFactory, java.vendor.url.bug=http://bugreport.sun.com/bugreport/, sun.cpu.endian=little, sun.io.unicode.encoding=UnicodeLittle, sun.desktop=windows, sun.cpu.isalist=amd64}
2018-12-12 13:05:23,389 DEBUG (org.hibernate.id.factory.internal.DefaultIdentifierGeneratorFactory:107) - Setting dialect [org.hibernate.dialect.MySQLDialect]
2018-12-12 13:05:23,390 DEBUG (org.hibernate.id.factory.internal.DefaultIdentifierGeneratorFactory:107) - Setting dialect [org.hibernate.dialect.MySQLDialect]
2018-12-12 13:05:23,390 DEBUG (org.hibernate.id.factory.internal.DefaultIdentifierGeneratorFactory:107) - Setting dialect [org.hibernate.dialect.MySQLDialect]
2018-12-12 13:05:23,390 DEBUG (org.hibernate.id.factory.internal.DefaultIdentifierGeneratorFactory:107) - Setting dialect [org.hibernate.dialect.MySQLDialect]
2018-12-12 13:05:23,390 DEBUG (org.hibernate.id.factory.internal.DefaultIdentifierGeneratorFactory:107) - Setting dialect [org.hibernate.dialect.MySQLDialect]
2018-12-12 13:05:23,390  WARN (org.hibernate.cache.ehcache.AbstractEhcacheRegionFactory:180) - HHH020003: Could not find a specific ehcache configuration for cache named [com.smart.domain.Board]; using defaults.
2018-12-12 13:05:23,391 DEBUG (net.sf.ehcache.Cache:1183) - Initialised cache: com.smart.domain.Board
2018-12-12 13:05:23,391 DEBUG (net.sf.ehcache.config.ConfigurationHelper:360) - CacheDecoratorFactory not configured for defaultCache. Skipping for &apos;com.smart.domain.Board&apos;.
2018-12-12 13:05:23,391 DEBUG (org.hibernate.cache.ehcache.AbstractEhcacheRegionFactory:183) - started EHCache region: com.smart.domain.Board
2018-12-12 13:05:23,392 DEBUG (org.hibernate.persister.entity.AbstractEntityPersister:3582) - Static SQL for entity: com.smart.domain.Board
2018-12-12 13:05:23,392 DEBUG (org.hibernate.persister.entity.AbstractEntityPersister:3587) -  Version select: select board_id from t_board where board_id =?
2018-12-12 13:05:23,393 DEBUG (org.hibernate.persister.entity.AbstractEntityPersister:3590) -  Snapshot select: select board_.board_id, board_.board_desc as board2_0_, board_.board_name as board3_0_, board_.topic_num as topic4_0_ from t_board board_ where board_.board_id=?
2018-12-12 13:05:23,393 DEBUG (org.hibernate.persister.entity.AbstractEntityPersister:3593) -  Insert 0: insert into t_board (board_desc, board_name, topic_num, board_id) values (?, ?, ?, ?)
2018-12-12 13:05:23,393 DEBUG (org.hibernate.persister.entity.AbstractEntityPersister:3594) -  Update 0: update t_board set board_desc=?, board_name=?, topic_num=? where board_id=?
2018-12-12 13:05:23,393 DEBUG (org.hibernate.persister.entity.AbstractEntityPersister:3595) -  Delete 0: delete from t_board where board_id=?
2018-12-12 13:05:23,393 DEBUG (org.hibernate.persister.entity.AbstractEntityPersister:3598) -  Identity insert: insert into t_board (board_desc, board_name, topic_num) values (?, ?, ?)
2018-12-12 13:05:23,394  WARN (org.hibernate.cache.ehcache.AbstractEhcacheRegionFactory:180) - HHH020003: Could not find a specific ehcache configuration for cache named [com.smart.domain.Topic]; using defaults.
2018-12-12 13:05:23,394 DEBUG (net.sf.ehcache.Cache:1183) - Initialised cache: com.smart.domain.Topic
2018-12-12 13:05:23,394 DEBUG (net.sf.ehcache.config.ConfigurationHelper:360) - CacheDecoratorFactory not configured for defaultCache. Skipping for &apos;com.smart.domain.Topic&apos;.
2018-12-12 13:05:23,394 DEBUG (org.hibernate.cache.ehcache.AbstractEhcacheRegionFactory:183) - started EHCache region: com.smart.domain.Topic
2018-12-12 13:05:23,396 DEBUG (org.hibernate.persister.entity.AbstractEntityPersister:3582) - Static SQL for entity: com.smart.domain.Topic
2018-12-12 13:05:23,396 DEBUG (org.hibernate.persister.entity.AbstractEntityPersister:3587) -  Version select: select topic_id from t_topic where topic_id =?
2018-12-12 13:05:23,396 DEBUG (org.hibernate.persister.entity.AbstractEntityPersister:3590) -  Snapshot select: select topic_.topic_id, topic_.board_id as board8_4_, topic_.create_name as create2_4_, topic_.digest as digest3_4_, topic_.last_post as last4_4_, topic_.topic_replies as topic5_4_, topic_.topic_title as topic6_4_, topic_.topic_view as topic7_4_, topic_.user_id as user9_4_ from t_topic topic_ where topic_.topic_id=?
2018-12-12 13:05:23,396 DEBUG (org.hibernate.persister.entity.AbstractEntityPersister:3593) -  Insert 0: insert into t_topic (board_id, create_name, digest, last_post, topic_replies, topic_title, topic_view, user_id, topic_id) values (?, ?, ?, ?, ?, ?, ?, ?, ?)
2018-12-12 13:05:23,396 DEBUG (org.hibernate.persister.entity.AbstractEntityPersister:3594) -  Update 0: update t_topic set board_id=?, create_name=?, digest=?, last_post=?, topic_replies=?, topic_title=?, topic_view=?, user_id=? where topic_id=?
2018-12-12 13:05:23,397 DEBUG (org.hibernate.persister.entity.AbstractEntityPersister:3595) -  Delete 0: delete from t_topic where topic_id=?
2018-12-12 13:05:23,397 DEBUG (org.hibernate.persister.entity.AbstractEntityPersister:3598) -  Identity insert: insert into t_topic (board_id, create_name, digest, last_post, topic_replies, topic_title, topic_view, user_id) values (?, ?, ?, ?, ?, ?, ?, ?)
2018-12-12 13:05:23,397  WARN (org.hibernate.cache.ehcache.AbstractEhcacheRegionFactory:180) - HHH020003: Could not find a specific ehcache configuration for cache named [com.smart.domain.User]; using defaults.
2018-12-12 13:05:23,397 DEBUG (net.sf.ehcache.Cache:1183) - Initialised cache: com.smart.domain.User
2018-12-12 13:05:23,398 DEBUG (net.sf.ehcache.config.ConfigurationHelper:360) - CacheDecoratorFactory not configured for defaultCache. Skipping for &apos;com.smart.domain.User&apos;.
2018-12-12 13:05:23,398 DEBUG (org.hibernate.cache.ehcache.AbstractEhcacheRegionFactory:183) - started EHCache region: com.smart.domain.User
2018-12-12 13:05:23,399 DEBUG (org.hibernate.persister.entity.AbstractEntityPersister:3582) - Static SQL for entity: com.smart.domain.User
2018-12-12 13:05:23,399 DEBUG (org.hibernate.persister.entity.AbstractEntityPersister:3587) -  Version select: select user_id from t_user where user_id =?
2018-12-12 13:05:23,399 DEBUG (org.hibernate.persister.entity.AbstractEntityPersister:3590) -  Snapshot select: select user_.user_id, user_.credit as credit2_5_, user_.last_ip as last3_5_, user_.last_visit as last4_5_, user_.locked as locked5_5_, user_.password as password6_5_, user_.user_name as user7_5_, user_.user_type as user8_5_ from t_user user_ where user_.user_id=?
2018-12-12 13:05:23,399 DEBUG (org.hibernate.persister.entity.AbstractEntityPersister:3593) -  Insert 0: insert into t_user (credit, last_ip, last_visit, locked, password, user_name, user_type, user_id) values (?, ?, ?, ?, ?, ?, ?, ?)
2018-12-12 13:05:23,400 DEBUG (org.hibernate.persister.entity.AbstractEntityPersister:3594) -  Update 0: update t_user set credit=?, last_ip=?, last_visit=?, locked=?, password=?, user_name=?, user_type=? where user_id=?
2018-12-12 13:05:23,400 DEBUG (org.hibernate.persister.entity.AbstractEntityPersister:3595) -  Delete 0: delete from t_user where user_id=?
2018-12-12 13:05:23,400 DEBUG (org.hibernate.persister.entity.AbstractEntityPersister:3598) -  Identity insert: insert into t_user (credit, last_ip, last_visit, locked, password, user_name, user_type) values (?, ?, ?, ?, ?, ?, ?)
2018-12-12 13:05:23,400  WARN (org.hibernate.cache.ehcache.AbstractEhcacheRegionFactory:180) - HHH020003: Could not find a specific ehcache configuration for cache named [com.smart.domain.LoginLog]; using defaults.
2018-12-12 13:05:23,400 DEBUG (net.sf.ehcache.Cache:1183) - Initialised cache: com.smart.domain.LoginLog
2018-12-12 13:05:23,401 DEBUG (net.sf.ehcache.config.ConfigurationHelper:360) - CacheDecoratorFactory not configured for defaultCache. Skipping for &apos;com.smart.domain.LoginLog&apos;.
2018-12-12 13:05:23,401 DEBUG (org.hibernate.cache.ehcache.AbstractEhcacheRegionFactory:183) - started EHCache region: com.smart.domain.LoginLog
2018-12-12 13:05:23,402 DEBUG (org.hibernate.persister.entity.AbstractEntityPersister:3582) - Static SQL for entity: com.smart.domain.LoginLog
2018-12-12 13:05:23,402 DEBUG (org.hibernate.persister.entity.AbstractEntityPersister:3587) -  Version select: select login_log_id from t_login_log where login_log_id =?
2018-12-12 13:05:23,402 DEBUG (org.hibernate.persister.entity.AbstractEntityPersister:3590) -  Snapshot select: select loginlog_.login_log_id, loginlog_.ip as ip2_2_, loginlog_.login_datetime as login3_2_, loginlog_.user_id as user4_2_ from t_login_log loginlog_ where loginlog_.login_log_id=?
2018-12-12 13:05:23,403 DEBUG (org.hibernate.persister.entity.AbstractEntityPersister:3593) -  Insert 0: insert into t_login_log (ip, login_datetime, user_id, login_log_id) values (?, ?, ?, ?)
2018-12-12 13:05:23,403 DEBUG (org.hibernate.persister.entity.AbstractEntityPersister:3594) -  Update 0: update t_login_log set ip=?, login_datetime=?, user_id=? where login_log_id=?
2018-12-12 13:05:23,403 DEBUG (org.hibernate.persister.entity.AbstractEntityPersister:3595) -  Delete 0: delete from t_login_log where login_log_id=?
2018-12-12 13:05:23,403 DEBUG (org.hibernate.persister.entity.AbstractEntityPersister:3598) -  Identity insert: insert into t_login_log (ip, login_datetime, user_id) values (?, ?, ?)
2018-12-12 13:05:23,403  WARN (org.hibernate.cache.ehcache.AbstractEhcacheRegionFactory:180) - HHH020003: Could not find a specific ehcache configuration for cache named [com.smart.domain.Post]; using defaults.
2018-12-12 13:05:23,404 DEBUG (net.sf.ehcache.Cache:1183) - Initialised cache: com.smart.domain.Post
2018-12-12 13:05:23,404 DEBUG (net.sf.ehcache.config.ConfigurationHelper:360) - CacheDecoratorFactory not configured for defaultCache. Skipping for &apos;com.smart.domain.Post&apos;.
2018-12-12 13:05:23,404 DEBUG (org.hibernate.cache.ehcache.AbstractEhcacheRegionFactory:183) - started EHCache region: com.smart.domain.Post
2018-12-12 13:05:23,405 DEBUG (org.hibernate.persister.entity.AbstractEntityPersister:3582) - Static SQL for entity: com.smart.domain.Post
2018-12-12 13:05:23,406 DEBUG (org.hibernate.persister.entity.AbstractEntityPersister:3587) -  Version select: select post_id from t_post where post_id =?
2018-12-12 13:05:23,406 DEBUG (org.hibernate.persister.entity.AbstractEntityPersister:3590) -  Snapshot select: select post_.post_id, post_.board_id as board3_3_, post_.create_time as create4_3_, post_.post_text as post5_3_, post_.post_title as post6_3_, post_.topic_id as topic7_3_, post_.user_id as user8_3_ from t_post post_ where post_.post_id=?
2018-12-12 13:05:23,406 DEBUG (org.hibernate.persister.entity.AbstractEntityPersister:3593) -  Insert 0: insert into t_post (board_id, create_time, post_text, post_title, topic_id, user_id, post_type, post_id) values (?, ?, ?, ?, ?, ?, &apos;1&apos;, ?)
2018-12-12 13:05:23,406 DEBUG (org.hibernate.persister.entity.AbstractEntityPersister:3594) -  Update 0: update t_post set board_id=?, create_time=?, post_text=?, post_title=?, topic_id=?, user_id=? where post_id=?
2018-12-12 13:05:23,406 DEBUG (org.hibernate.persister.entity.AbstractEntityPersister:3595) -  Delete 0: delete from t_post where post_id=?
2018-12-12 13:05:23,406 DEBUG (org.hibernate.persister.entity.AbstractEntityPersister:3598) -  Identity insert: insert into t_post (board_id, create_time, post_text, post_title, topic_id, user_id, post_type) values (?, ?, ?, ?, ?, ?, &apos;1&apos;)
2018-12-12 13:05:23,408 DEBUG (org.hibernate.persister.entity.AbstractEntityPersister:3582) - Static SQL for entity: com.smart.domain.MainPost
2018-12-12 13:05:23,408 DEBUG (org.hibernate.persister.entity.AbstractEntityPersister:3587) -  Version select: select post_id from t_post where post_id =?
2018-12-12 13:05:23,408 DEBUG (org.hibernate.persister.entity.AbstractEntityPersister:3590) -  Snapshot select: select mainpost_.post_id, mainpost_.board_id as board3_3_, mainpost_.create_time as create4_3_, mainpost_.post_text as post5_3_, mainpost_.post_title as post6_3_, mainpost_.topic_id as topic7_3_, mainpost_.user_id as user8_3_ from t_post mainpost_ where mainpost_.post_id=?
2018-12-12 13:05:23,409 DEBUG (org.hibernate.persister.entity.AbstractEntityPersister:3593) -  Insert 0: insert into t_post (board_id, create_time, post_text, post_title, topic_id, user_id, post_type, post_id) values (?, ?, ?, ?, ?, ?, &apos;2&apos;, ?)
2018-12-12 13:05:23,409 DEBUG (org.hibernate.persister.entity.AbstractEntityPersister:3594) -  Update 0: update t_post set board_id=?, create_time=?, post_text=?, post_title=?, topic_id=?, user_id=? where post_id=?
2018-12-12 13:05:23,409 DEBUG (org.hibernate.persister.entity.AbstractEntityPersister:3595) -  Delete 0: delete from t_post where post_id=?
2018-12-12 13:05:23,409 DEBUG (org.hibernate.persister.entity.AbstractEntityPersister:3598) -  Identity insert: insert into t_post (board_id, create_time, post_text, post_title, topic_id, user_id, post_type) values (?, ?, ?, ?, ?, ?, &apos;2&apos;)
2018-12-12 13:05:23,409 DEBUG (org.hibernate.persister.collection.AbstractCollectionPersister:665) - Static SQL for collection: com.smart.domain.Board.users
2018-12-12 13:05:23,410 DEBUG (org.hibernate.persister.collection.AbstractCollectionPersister:666) -  Row insert: insert into t_board_manager (board_id, user_id) values (?, ?)
2018-12-12 13:05:23,410 DEBUG (org.hibernate.persister.collection.AbstractCollectionPersister:667) -  Row update: update t_board_manager set user_id=? where board_id=? and user_id=?
2018-12-12 13:05:23,410 DEBUG (org.hibernate.persister.collection.AbstractCollectionPersister:668) -  Row delete: delete from t_board_manager where board_id=? and user_id=?
2018-12-12 13:05:23,410 DEBUG (org.hibernate.persister.collection.AbstractCollectionPersister:669) -  One-shot delete: delete from t_board_manager where board_id=?
2018-12-12 13:05:23,410 DEBUG (org.hibernate.persister.collection.AbstractCollectionPersister:665) - Static SQL for collection: com.smart.domain.User.manBoards
2018-12-12 13:05:23,410 DEBUG (org.hibernate.persister.collection.AbstractCollectionPersister:666) -  Row insert: insert into t_board_manager (user_id, board_id) values (?, ?)
2018-12-12 13:05:23,411 DEBUG (org.hibernate.persister.collection.AbstractCollectionPersister:667) -  Row update: update t_board_manager set board_id=? where user_id=? and board_id=?
2018-12-12 13:05:23,411 DEBUG (org.hibernate.persister.collection.AbstractCollectionPersister:668) -  Row delete: delete from t_board_manager where user_id=? and board_id=?
2018-12-12 13:05:23,411 DEBUG (org.hibernate.persister.collection.AbstractCollectionPersister:669) -  One-shot delete: delete from t_board_manager where user_id=?
2018-12-12 13:05:23,411 DEBUG (org.hibernate.loader.Loader:123) - Static select for entity com.smart.domain.Board [NONE]: select board0_.board_id as board1_0_0_, board0_.board_desc as board2_0_0_, board0_.board_name as board3_0_0_, board0_.topic_num as topic4_0_0_ from t_board board0_ where board0_.board_id=?
2018-12-12 13:05:23,412 DEBUG (org.hibernate.loader.Loader:123) - Static select for entity com.smart.domain.Board [READ]: select board0_.board_id as board1_0_0_, board0_.board_desc as board2_0_0_, board0_.board_name as board3_0_0_, board0_.topic_num as topic4_0_0_ from t_board board0_ where board0_.board_id=?
2018-12-12 13:05:23,412 DEBUG (org.hibernate.loader.Loader:123) - Static select for entity com.smart.domain.Board [UPGRADE]: select board0_.board_id as board1_0_0_, board0_.board_desc as board2_0_0_, board0_.board_name as board3_0_0_, board0_.topic_num as topic4_0_0_ from t_board board0_ where board0_.board_id=? for update
2018-12-12 13:05:23,412 DEBUG (org.hibernate.loader.Loader:123) - Static select for entity com.smart.domain.Board [UPGRADE_NOWAIT]: select board0_.board_id as board1_0_0_, board0_.board_desc as board2_0_0_, board0_.board_name as board3_0_0_, board0_.topic_num as topic4_0_0_ from t_board board0_ where board0_.board_id=? for update
2018-12-12 13:05:23,413 DEBUG (org.hibernate.loader.Loader:123) - Static select for entity com.smart.domain.Board [FORCE]: select board0_.board_id as board1_0_0_, board0_.board_desc as board2_0_0_, board0_.board_name as board3_0_0_, board0_.topic_num as topic4_0_0_ from t_board board0_ where board0_.board_id=? for update
2018-12-12 13:05:23,413 DEBUG (org.hibernate.loader.Loader:123) - Static select for entity com.smart.domain.Board [PESSIMISTIC_READ]: select board0_.board_id as board1_0_0_, board0_.board_desc as board2_0_0_, board0_.board_name as board3_0_0_, board0_.topic_num as topic4_0_0_ from t_board board0_ where board0_.board_id=? lock in share mode
2018-12-12 13:05:23,413 DEBUG (org.hibernate.loader.Loader:123) - Static select for entity com.smart.domain.Board [PESSIMISTIC_WRITE]: select board0_.board_id as board1_0_0_, board0_.board_desc as board2_0_0_, board0_.board_name as board3_0_0_, board0_.topic_num as topic4_0_0_ from t_board board0_ where board0_.board_id=? for update
2018-12-12 13:05:23,413 DEBUG (org.hibernate.loader.Loader:123) - Static select for entity com.smart.domain.Board [PESSIMISTIC_FORCE_INCREMENT]: select board0_.board_id as board1_0_0_, board0_.board_desc as board2_0_0_, board0_.board_name as board3_0_0_, board0_.topic_num as topic4_0_0_ from t_board board0_ where board0_.board_id=? for update
2018-12-12 13:05:23,414 DEBUG (org.hibernate.loader.Loader:123) - Static select for entity com.smart.domain.Board [OPTIMISTIC]: select board0_.board_id as board1_0_0_, board0_.board_desc as board2_0_0_, board0_.board_name as board3_0_0_, board0_.topic_num as topic4_0_0_ from t_board board0_ where board0_.board_id=?
2018-12-12 13:05:23,414 DEBUG (org.hibernate.loader.Loader:123) - Static select for entity com.smart.domain.Board [OPTIMISTIC_FORCE_INCREMENT]: select board0_.board_id as board1_0_0_, board0_.board_desc as board2_0_0_, board0_.board_name as board3_0_0_, board0_.topic_num as topic4_0_0_ from t_board board0_ where board0_.board_id=?
2018-12-12 13:05:23,414 DEBUG (org.hibernate.loader.Loader:56) - Static select for action ACTION_MERGE on entity com.smart.domain.Board: select board0_.board_id as board1_0_1_, board0_.board_desc as board2_0_1_, board0_.board_name as board3_0_1_, board0_.topic_num as topic4_0_1_, users1_.board_id as board2_0_3_, user2_.user_id as user1_1_3_, user2_.user_id as user1_5_0_, user2_.credit as credit2_5_0_, user2_.last_ip as last3_5_0_, user2_.last_visit as last4_5_0_, user2_.locked as locked5_5_0_, user2_.password as password6_5_0_, user2_.user_name as user7_5_0_, user2_.user_type as user8_5_0_ from t_board board0_ left outer join t_board_manager users1_ on board0_.board_id=users1_.board_id left outer join t_user user2_ on users1_.user_id=user2_.user_id where board0_.board_id=?
2018-12-12 13:05:23,415 DEBUG (org.hibernate.loader.Loader:56) - Static select for action ACTION_REFRESH on entity com.smart.domain.Board: select board0_.board_id as board1_0_0_, board0_.board_desc as board2_0_0_, board0_.board_name as board3_0_0_, board0_.topic_num as topic4_0_0_ from t_board board0_ where board0_.board_id=?
2018-12-12 13:05:23,415 DEBUG (org.hibernate.loader.Loader:123) - Static select for entity com.smart.domain.Topic [NONE]: select topic0_.topic_id as topic1_4_3_, topic0_.board_id as board8_4_3_, topic0_.create_name as create2_4_3_, topic0_.digest as digest3_4_3_, topic0_.last_post as last4_4_3_, topic0_.topic_replies as topic5_4_3_, topic0_.topic_title as topic6_4_3_, topic0_.topic_view as topic7_4_3_, topic0_.user_id as user9_4_3_, board1_.board_id as board1_0_0_, board1_.board_desc as board2_0_0_, board1_.board_name as board3_0_0_, board1_.topic_num as topic4_0_0_, user2_.user_id as user1_5_1_, user2_.credit as credit2_5_1_, user2_.last_ip as last3_5_1_, user2_.last_visit as last4_5_1_, user2_.locked as locked5_5_1_, user2_.password as password6_5_1_, user2_.user_name as user7_5_1_, user2_.user_type as user8_5_1_, manboards3_.user_id as user1_5_5_, board4_.board_id as board2_1_5_, board4_.board_id as board1_0_2_, board4_.board_desc as board2_0_2_, board4_.board_name as board3_0_2_, board4_.topic_num as topic4_0_2_ from t_topic topic0_ left outer join t_board board1_ on topic0_.board_id=board1_.board_id left outer join t_user user2_ on topic0_.user_id=user2_.user_id left outer join t_board_manager manboards3_ on user2_.user_id=manboards3_.user_id left outer join t_board board4_ on manboards3_.board_id=board4_.board_id where topic0_.topic_id=?
2018-12-12 13:05:23,416 DEBUG (org.hibernate.loader.Loader:123) - Static select for entity com.smart.domain.Topic [READ]: select topic0_.topic_id as topic1_4_3_, topic0_.board_id as board8_4_3_, topic0_.create_name as create2_4_3_, topic0_.digest as digest3_4_3_, topic0_.last_post as last4_4_3_, topic0_.topic_replies as topic5_4_3_, topic0_.topic_title as topic6_4_3_, topic0_.topic_view as topic7_4_3_, topic0_.user_id as user9_4_3_, board1_.board_id as board1_0_0_, board1_.board_desc as board2_0_0_, board1_.board_name as board3_0_0_, board1_.topic_num as topic4_0_0_, user2_.user_id as user1_5_1_, user2_.credit as credit2_5_1_, user2_.last_ip as last3_5_1_, user2_.last_visit as last4_5_1_, user2_.locked as locked5_5_1_, user2_.password as password6_5_1_, user2_.user_name as user7_5_1_, user2_.user_type as user8_5_1_, manboards3_.user_id as user1_5_5_, board4_.board_id as board2_1_5_, board4_.board_id as board1_0_2_, board4_.board_desc as board2_0_2_, board4_.board_name as board3_0_2_, board4_.topic_num as topic4_0_2_ from t_topic topic0_ left outer join t_board board1_ on topic0_.board_id=board1_.board_id left outer join t_user user2_ on topic0_.user_id=user2_.user_id left outer join t_board_manager manboards3_ on user2_.user_id=manboards3_.user_id left outer join t_board board4_ on manboards3_.board_id=board4_.board_id where topic0_.topic_id=?
2018-12-12 13:05:23,416 DEBUG (org.hibernate.loader.Loader:123) - Static select for entity com.smart.domain.Topic [UPGRADE]: select topic0_.topic_id as topic1_4_0_, topic0_.board_id as board8_4_0_, topic0_.create_name as create2_4_0_, topic0_.digest as digest3_4_0_, topic0_.last_post as last4_4_0_, topic0_.topic_replies as topic5_4_0_, topic0_.topic_title as topic6_4_0_, topic0_.topic_view as topic7_4_0_, topic0_.user_id as user9_4_0_ from t_topic topic0_ where topic0_.topic_id=? for update
2018-12-12 13:05:23,416 DEBUG (org.hibernate.loader.Loader:123) - Static select for entity com.smart.domain.Topic [UPGRADE_NOWAIT]: select topic0_.topic_id as topic1_4_0_, topic0_.board_id as board8_4_0_, topic0_.create_name as create2_4_0_, topic0_.digest as digest3_4_0_, topic0_.last_post as last4_4_0_, topic0_.topic_replies as topic5_4_0_, topic0_.topic_title as topic6_4_0_, topic0_.topic_view as topic7_4_0_, topic0_.user_id as user9_4_0_ from t_topic topic0_ where topic0_.topic_id=? for update
2018-12-12 13:05:23,416 DEBUG (org.hibernate.loader.Loader:123) - Static select for entity com.smart.domain.Topic [FORCE]: select topic0_.topic_id as topic1_4_0_, topic0_.board_id as board8_4_0_, topic0_.create_name as create2_4_0_, topic0_.digest as digest3_4_0_, topic0_.last_post as last4_4_0_, topic0_.topic_replies as topic5_4_0_, topic0_.topic_title as topic6_4_0_, topic0_.topic_view as topic7_4_0_, topic0_.user_id as user9_4_0_ from t_topic topic0_ where topic0_.topic_id=? for update
2018-12-12 13:05:23,417 DEBUG (org.hibernate.loader.Loader:123) - Static select for entity com.smart.domain.Topic [PESSIMISTIC_READ]: select topic0_.topic_id as topic1_4_0_, topic0_.board_id as board8_4_0_, topic0_.create_name as create2_4_0_, topic0_.digest as digest3_4_0_, topic0_.last_post as last4_4_0_, topic0_.topic_replies as topic5_4_0_, topic0_.topic_title as topic6_4_0_, topic0_.topic_view as topic7_4_0_, topic0_.user_id as user9_4_0_ from t_topic topic0_ where topic0_.topic_id=? lock in share mode
2018-12-12 13:05:23,417 DEBUG (org.hibernate.loader.Loader:123) - Static select for entity com.smart.domain.Topic [PESSIMISTIC_WRITE]: select topic0_.topic_id as topic1_4_0_, topic0_.board_id as board8_4_0_, topic0_.create_name as create2_4_0_, topic0_.digest as digest3_4_0_, topic0_.last_post as last4_4_0_, topic0_.topic_replies as topic5_4_0_, topic0_.topic_title as topic6_4_0_, topic0_.topic_view as topic7_4_0_, topic0_.user_id as user9_4_0_ from t_topic topic0_ where topic0_.topic_id=? for update
2018-12-12 13:05:23,417 DEBUG (org.hibernate.loader.Loader:123) - Static select for entity com.smart.domain.Topic [PESSIMISTIC_FORCE_INCREMENT]: select topic0_.topic_id as topic1_4_0_, topic0_.board_id as board8_4_0_, topic0_.create_name as create2_4_0_, topic0_.digest as digest3_4_0_, topic0_.last_post as last4_4_0_, topic0_.topic_replies as topic5_4_0_, topic0_.topic_title as topic6_4_0_, topic0_.topic_view as topic7_4_0_, topic0_.user_id as user9_4_0_ from t_topic topic0_ where topic0_.topic_id=? for update
2018-12-12 13:05:23,417 DEBUG (org.hibernate.loader.Loader:123) - Static select for entity com.smart.domain.Topic [OPTIMISTIC]: select topic0_.topic_id as topic1_4_0_, topic0_.board_id as board8_4_0_, topic0_.create_name as create2_4_0_, topic0_.digest as digest3_4_0_, topic0_.last_post as last4_4_0_, topic0_.topic_replies as topic5_4_0_, topic0_.topic_title as topic6_4_0_, topic0_.topic_view as topic7_4_0_, topic0_.user_id as user9_4_0_ from t_topic topic0_ where topic0_.topic_id=?
2018-12-12 13:05:23,418 DEBUG (org.hibernate.loader.Loader:123) - Static select for entity com.smart.domain.Topic [OPTIMISTIC_FORCE_INCREMENT]: select topic0_.topic_id as topic1_4_0_, topic0_.board_id as board8_4_0_, topic0_.create_name as create2_4_0_, topic0_.digest as digest3_4_0_, topic0_.last_post as last4_4_0_, topic0_.topic_replies as topic5_4_0_, topic0_.topic_title as topic6_4_0_, topic0_.topic_view as topic7_4_0_, topic0_.user_id as user9_4_0_ from t_topic topic0_ where topic0_.topic_id=?
2018-12-12 13:05:23,418 DEBUG (org.hibernate.loader.Loader:56) - Static select for action ACTION_MERGE on entity com.smart.domain.Topic: select topic0_.topic_id as topic1_4_2_, topic0_.board_id as board8_4_2_, topic0_.create_name as create2_4_2_, topic0_.digest as digest3_4_2_, topic0_.last_post as last4_4_2_, topic0_.topic_replies as topic5_4_2_, topic0_.topic_title as topic6_4_2_, topic0_.topic_view as topic7_4_2_, topic0_.user_id as user9_4_2_, board1_.board_id as board1_0_0_, board1_.board_desc as board2_0_0_, board1_.board_name as board3_0_0_, board1_.topic_num as topic4_0_0_, users2_.board_id as board2_0_4_, user3_.user_id as user1_1_4_, user3_.user_id as user1_5_1_, user3_.credit as credit2_5_1_, user3_.last_ip as last3_5_1_, user3_.last_visit as last4_5_1_, user3_.locked as locked5_5_1_, user3_.password as password6_5_1_, user3_.user_name as user7_5_1_, user3_.user_type as user8_5_1_ from t_topic topic0_ left outer join t_board board1_ on topic0_.board_id=board1_.board_id left outer join t_board_manager users2_ on board1_.board_id=users2_.board_id left outer join t_user user3_ on users2_.user_id=user3_.user_id where topic0_.topic_id=?
2018-12-12 13:05:23,418 DEBUG (org.hibernate.loader.Loader:56) - Static select for action ACTION_REFRESH on entity com.smart.domain.Topic: select topic0_.topic_id as topic1_4_0_, topic0_.board_id as board8_4_0_, topic0_.create_name as create2_4_0_, topic0_.digest as digest3_4_0_, topic0_.last_post as last4_4_0_, topic0_.topic_replies as topic5_4_0_, topic0_.topic_title as topic6_4_0_, topic0_.topic_view as topic7_4_0_, topic0_.user_id as user9_4_0_ from t_topic topic0_ where topic0_.topic_id=?
2018-12-12 13:05:23,419 DEBUG (org.hibernate.loader.Loader:123) - Static select for entity com.smart.domain.User [NONE]: select user0_.user_id as user1_5_1_, user0_.credit as credit2_5_1_, user0_.last_ip as last3_5_1_, user0_.last_visit as last4_5_1_, user0_.locked as locked5_5_1_, user0_.password as password6_5_1_, user0_.user_name as user7_5_1_, user0_.user_type as user8_5_1_, manboards1_.user_id as user1_5_3_, board2_.board_id as board2_1_3_, board2_.board_id as board1_0_0_, board2_.board_desc as board2_0_0_, board2_.board_name as board3_0_0_, board2_.topic_num as topic4_0_0_ from t_user user0_ left outer join t_board_manager manboards1_ on user0_.user_id=manboards1_.user_id left outer join t_board board2_ on manboards1_.board_id=board2_.board_id where user0_.user_id=?
2018-12-12 13:05:23,419 DEBUG (org.hibernate.loader.Loader:123) - Static select for entity com.smart.domain.User [READ]: select user0_.user_id as user1_5_1_, user0_.credit as credit2_5_1_, user0_.last_ip as last3_5_1_, user0_.last_visit as last4_5_1_, user0_.locked as locked5_5_1_, user0_.password as password6_5_1_, user0_.user_name as user7_5_1_, user0_.user_type as user8_5_1_, manboards1_.user_id as user1_5_3_, board2_.board_id as board2_1_3_, board2_.board_id as board1_0_0_, board2_.board_desc as board2_0_0_, board2_.board_name as board3_0_0_, board2_.topic_num as topic4_0_0_ from t_user user0_ left outer join t_board_manager manboards1_ on user0_.user_id=manboards1_.user_id left outer join t_board board2_ on manboards1_.board_id=board2_.board_id where user0_.user_id=?
2018-12-12 13:05:23,419 DEBUG (org.hibernate.loader.Loader:123) - Static select for entity com.smart.domain.User [UPGRADE]: select user0_.user_id as user1_5_0_, user0_.credit as credit2_5_0_, user0_.last_ip as last3_5_0_, user0_.last_visit as last4_5_0_, user0_.locked as locked5_5_0_, user0_.password as password6_5_0_, user0_.user_name as user7_5_0_, user0_.user_type as user8_5_0_ from t_user user0_ where user0_.user_id=? for update
2018-12-12 13:05:23,420 DEBUG (org.hibernate.loader.Loader:123) - Static select for entity com.smart.domain.User [UPGRADE_NOWAIT]: select user0_.user_id as user1_5_0_, user0_.credit as credit2_5_0_, user0_.last_ip as last3_5_0_, user0_.last_visit as last4_5_0_, user0_.locked as locked5_5_0_, user0_.password as password6_5_0_, user0_.user_name as user7_5_0_, user0_.user_type as user8_5_0_ from t_user user0_ where user0_.user_id=? for update
2018-12-12 13:05:23,420 DEBUG (org.hibernate.loader.Loader:123) - Static select for entity com.smart.domain.User [FORCE]: select user0_.user_id as user1_5_0_, user0_.credit as credit2_5_0_, user0_.last_ip as last3_5_0_, user0_.last_visit as last4_5_0_, user0_.locked as locked5_5_0_, user0_.password as password6_5_0_, user0_.user_name as user7_5_0_, user0_.user_type as user8_5_0_ from t_user user0_ where user0_.user_id=? for update
2018-12-12 13:05:23,420 DEBUG (org.hibernate.loader.Loader:123) - Static select for entity com.smart.domain.User [PESSIMISTIC_READ]: select user0_.user_id as user1_5_0_, user0_.credit as credit2_5_0_, user0_.last_ip as last3_5_0_, user0_.last_visit as last4_5_0_, user0_.locked as locked5_5_0_, user0_.password as password6_5_0_, user0_.user_name as user7_5_0_, user0_.user_type as user8_5_0_ from t_user user0_ where user0_.user_id=? lock in share mode
2018-12-12 13:05:23,421 DEBUG (org.hibernate.loader.Loader:123) - Static select for entity com.smart.domain.User [PESSIMISTIC_WRITE]: select user0_.user_id as user1_5_0_, user0_.credit as credit2_5_0_, user0_.last_ip as last3_5_0_, user0_.last_visit as last4_5_0_, user0_.locked as locked5_5_0_, user0_.password as password6_5_0_, user0_.user_name as user7_5_0_, user0_.user_type as user8_5_0_ from t_user user0_ where user0_.user_id=? for update
2018-12-12 13:05:23,421 DEBUG (org.hibernate.loader.Loader:123) - Static select for entity com.smart.domain.User [PESSIMISTIC_FORCE_INCREMENT]: select user0_.user_id as user1_5_0_, user0_.credit as credit2_5_0_, user0_.last_ip as last3_5_0_, user0_.last_visit as last4_5_0_, user0_.locked as locked5_5_0_, user0_.password as password6_5_0_, user0_.user_name as user7_5_0_, user0_.user_type as user8_5_0_ from t_user user0_ where user0_.user_id=? for update
2018-12-12 13:05:23,421 DEBUG (org.hibernate.loader.Loader:123) - Static select for entity com.smart.domain.User [OPTIMISTIC]: select user0_.user_id as user1_5_0_, user0_.credit as credit2_5_0_, user0_.last_ip as last3_5_0_, user0_.last_visit as last4_5_0_, user0_.locked as locked5_5_0_, user0_.password as password6_5_0_, user0_.user_name as user7_5_0_, user0_.user_type as user8_5_0_ from t_user user0_ where user0_.user_id=?
2018-12-12 13:05:23,421 DEBUG (org.hibernate.loader.Loader:123) - Static select for entity com.smart.domain.User [OPTIMISTIC_FORCE_INCREMENT]: select user0_.user_id as user1_5_0_, user0_.credit as credit2_5_0_, user0_.last_ip as last3_5_0_, user0_.last_visit as last4_5_0_, user0_.locked as locked5_5_0_, user0_.password as password6_5_0_, user0_.user_name as user7_5_0_, user0_.user_type as user8_5_0_ from t_user user0_ where user0_.user_id=?
2018-12-12 13:05:23,422 DEBUG (org.hibernate.loader.Loader:56) - Static select for action ACTION_MERGE on entity com.smart.domain.User: select user0_.user_id as user1_5_1_, user0_.credit as credit2_5_1_, user0_.last_ip as last3_5_1_, user0_.last_visit as last4_5_1_, user0_.locked as locked5_5_1_, user0_.password as password6_5_1_, user0_.user_name as user7_5_1_, user0_.user_type as user8_5_1_, manboards1_.user_id as user1_5_3_, board2_.board_id as board2_1_3_, board2_.board_id as board1_0_0_, board2_.board_desc as board2_0_0_, board2_.board_name as board3_0_0_, board2_.topic_num as topic4_0_0_ from t_user user0_ left outer join t_board_manager manboards1_ on user0_.user_id=manboards1_.user_id left outer join t_board board2_ on manboards1_.board_id=board2_.board_id where user0_.user_id=?
2018-12-12 13:05:23,422 DEBUG (org.hibernate.loader.Loader:56) - Static select for action ACTION_REFRESH on entity com.smart.domain.User: select user0_.user_id as user1_5_0_, user0_.credit as credit2_5_0_, user0_.last_ip as last3_5_0_, user0_.last_visit as last4_5_0_, user0_.locked as locked5_5_0_, user0_.password as password6_5_0_, user0_.user_name as user7_5_0_, user0_.user_type as user8_5_0_ from t_user user0_ where user0_.user_id=?
2018-12-12 13:05:23,422 DEBUG (org.hibernate.loader.Loader:123) - Static select for entity com.smart.domain.LoginLog [NONE]: select loginlog0_.login_log_id as login1_2_2_, loginlog0_.ip as ip2_2_2_, loginlog0_.login_datetime as login3_2_2_, loginlog0_.user_id as user4_2_2_, user1_.user_id as user1_5_0_, user1_.credit as credit2_5_0_, user1_.last_ip as last3_5_0_, user1_.last_visit as last4_5_0_, user1_.locked as locked5_5_0_, user1_.password as password6_5_0_, user1_.user_name as user7_5_0_, user1_.user_type as user8_5_0_, manboards2_.user_id as user1_5_4_, board3_.board_id as board2_1_4_, board3_.board_id as board1_0_1_, board3_.board_desc as board2_0_1_, board3_.board_name as board3_0_1_, board3_.topic_num as topic4_0_1_ from t_login_log loginlog0_ left outer join t_user user1_ on loginlog0_.user_id=user1_.user_id left outer join t_board_manager manboards2_ on user1_.user_id=manboards2_.user_id left outer join t_board board3_ on manboards2_.board_id=board3_.board_id where loginlog0_.login_log_id=?
2018-12-12 13:05:23,423 DEBUG (org.hibernate.loader.Loader:123) - Static select for entity com.smart.domain.LoginLog [READ]: select loginlog0_.login_log_id as login1_2_2_, loginlog0_.ip as ip2_2_2_, loginlog0_.login_datetime as login3_2_2_, loginlog0_.user_id as user4_2_2_, user1_.user_id as user1_5_0_, user1_.credit as credit2_5_0_, user1_.last_ip as last3_5_0_, user1_.last_visit as last4_5_0_, user1_.locked as locked5_5_0_, user1_.password as password6_5_0_, user1_.user_name as user7_5_0_, user1_.user_type as user8_5_0_, manboards2_.user_id as user1_5_4_, board3_.board_id as board2_1_4_, board3_.board_id as board1_0_1_, board3_.board_desc as board2_0_1_, board3_.board_name as board3_0_1_, board3_.topic_num as topic4_0_1_ from t_login_log loginlog0_ left outer join t_user user1_ on loginlog0_.user_id=user1_.user_id left outer join t_board_manager manboards2_ on user1_.user_id=manboards2_.user_id left outer join t_board board3_ on manboards2_.board_id=board3_.board_id where loginlog0_.login_log_id=?
2018-12-12 13:05:23,423 DEBUG (org.hibernate.loader.Loader:123) - Static select for entity com.smart.domain.LoginLog [UPGRADE]: select loginlog0_.login_log_id as login1_2_0_, loginlog0_.ip as ip2_2_0_, loginlog0_.login_datetime as login3_2_0_, loginlog0_.user_id as user4_2_0_ from t_login_log loginlog0_ where loginlog0_.login_log_id=? for update
2018-12-12 13:05:23,423 DEBUG (org.hibernate.loader.Loader:123) - Static select for entity com.smart.domain.LoginLog [UPGRADE_NOWAIT]: select loginlog0_.login_log_id as login1_2_0_, loginlog0_.ip as ip2_2_0_, loginlog0_.login_datetime as login3_2_0_, loginlog0_.user_id as user4_2_0_ from t_login_log loginlog0_ where loginlog0_.login_log_id=? for update
2018-12-12 13:05:23,424 DEBUG (org.hibernate.loader.Loader:123) - Static select for entity com.smart.domain.LoginLog [FORCE]: select loginlog0_.login_log_id as login1_2_0_, loginlog0_.ip as ip2_2_0_, loginlog0_.login_datetime as login3_2_0_, loginlog0_.user_id as user4_2_0_ from t_login_log loginlog0_ where loginlog0_.login_log_id=? for update
2018-12-12 13:05:23,424 DEBUG (org.hibernate.loader.Loader:123) - Static select for entity com.smart.domain.LoginLog [PESSIMISTIC_READ]: select loginlog0_.login_log_id as login1_2_0_, loginlog0_.ip as ip2_2_0_, loginlog0_.login_datetime as login3_2_0_, loginlog0_.user_id as user4_2_0_ from t_login_log loginlog0_ where loginlog0_.login_log_id=? lock in share mode
2018-12-12 13:05:23,424 DEBUG (org.hibernate.loader.Loader:123) - Static select for entity com.smart.domain.LoginLog [PESSIMISTIC_WRITE]: select loginlog0_.login_log_id as login1_2_0_, loginlog0_.ip as ip2_2_0_, loginlog0_.login_datetime as login3_2_0_, loginlog0_.user_id as user4_2_0_ from t_login_log loginlog0_ where loginlog0_.login_log_id=? for update
2018-12-12 13:05:23,424 DEBUG (org.hibernate.loader.Loader:123) - Static select for entity com.smart.domain.LoginLog [PESSIMISTIC_FORCE_INCREMENT]: select loginlog0_.login_log_id as login1_2_0_, loginlog0_.ip as ip2_2_0_, loginlog0_.login_datetime as login3_2_0_, loginlog0_.user_id as user4_2_0_ from t_login_log loginlog0_ where loginlog0_.login_log_id=? for update
2018-12-12 13:05:23,425 DEBUG (org.hibernate.loader.Loader:123) - Static select for entity com.smart.domain.LoginLog [OPTIMISTIC]: select loginlog0_.login_log_id as login1_2_0_, loginlog0_.ip as ip2_2_0_, loginlog0_.login_datetime as login3_2_0_, loginlog0_.user_id as user4_2_0_ from t_login_log loginlog0_ where loginlog0_.login_log_id=?
2018-12-12 13:05:23,425 DEBUG (org.hibernate.loader.Loader:123) - Static select for entity com.smart.domain.LoginLog [OPTIMISTIC_FORCE_INCREMENT]: select loginlog0_.login_log_id as login1_2_0_, loginlog0_.ip as ip2_2_0_, loginlog0_.login_datetime as login3_2_0_, loginlog0_.user_id as user4_2_0_ from t_login_log loginlog0_ where loginlog0_.login_log_id=?
2018-12-12 13:05:23,425 DEBUG (org.hibernate.loader.Loader:56) - Static select for action ACTION_MERGE on entity com.smart.domain.LoginLog: select loginlog0_.login_log_id as login1_2_0_, loginlog0_.ip as ip2_2_0_, loginlog0_.login_datetime as login3_2_0_, loginlog0_.user_id as user4_2_0_ from t_login_log loginlog0_ where loginlog0_.login_log_id=?
2018-12-12 13:05:23,425 DEBUG (org.hibernate.loader.Loader:56) - Static select for action ACTION_REFRESH on entity com.smart.domain.LoginLog: select loginlog0_.login_log_id as login1_2_0_, loginlog0_.ip as ip2_2_0_, loginlog0_.login_datetime as login3_2_0_, loginlog0_.user_id as user4_2_0_ from t_login_log loginlog0_ where loginlog0_.login_log_id=?
2018-12-12 13:05:23,426 DEBUG (org.hibernate.loader.Loader:123) - Static select for entity com.smart.domain.Post [NONE]: select post0_.post_id as post2_3_5_, post0_.board_id as board3_3_5_, post0_.create_time as create4_3_5_, post0_.post_text as post5_3_5_, post0_.post_title as post6_3_5_, post0_.topic_id as topic7_3_5_, post0_.user_id as user8_3_5_, post0_.post_type as post1_3_5_, topic1_.topic_id as topic1_4_0_, topic1_.board_id as board8_4_0_, topic1_.create_name as create2_4_0_, topic1_.digest as digest3_4_0_, topic1_.last_post as last4_4_0_, topic1_.topic_replies as topic5_4_0_, topic1_.topic_title as topic6_4_0_, topic1_.topic_view as topic7_4_0_, topic1_.user_id as user9_4_0_, board2_.board_id as board1_0_1_, board2_.board_desc as board2_0_1_, board2_.board_name as board3_0_1_, board2_.topic_num as topic4_0_1_, user3_.user_id as user1_5_2_, user3_.credit as credit2_5_2_, user3_.last_ip as last3_5_2_, user3_.last_visit as last4_5_2_, user3_.locked as locked5_5_2_, user3_.password as password6_5_2_, user3_.user_name as user7_5_2_, user3_.user_type as user8_5_2_, user4_.user_id as user1_5_3_, user4_.credit as credit2_5_3_, user4_.last_ip as last3_5_3_, user4_.last_visit as last4_5_3_, user4_.locked as locked5_5_3_, user4_.password as password6_5_3_, user4_.user_name as user7_5_3_, user4_.user_type as user8_5_3_, manboards5_.user_id as user1_5_7_, board6_.board_id as board2_1_7_, board6_.board_id as board1_0_4_, board6_.board_desc as board2_0_4_, board6_.board_name as board3_0_4_, board6_.topic_num as topic4_0_4_ from t_post post0_ left outer join t_topic topic1_ on post0_.topic_id=topic1_.topic_id left outer join t_board board2_ on topic1_.board_id=board2_.board_id left outer join t_user user3_ on topic1_.user_id=user3_.user_id left outer join t_user user4_ on post0_.user_id=user4_.user_id left outer join t_board_manager manboards5_ on user4_.user_id=manboards5_.user_id left outer join t_board board6_ on manboards5_.board_id=board6_.board_id where post0_.post_id=?
2018-12-12 13:05:23,426 DEBUG (org.hibernate.loader.Loader:123) - Static select for entity com.smart.domain.Post [READ]: select post0_.post_id as post2_3_5_, post0_.board_id as board3_3_5_, post0_.create_time as create4_3_5_, post0_.post_text as post5_3_5_, post0_.post_title as post6_3_5_, post0_.topic_id as topic7_3_5_, post0_.user_id as user8_3_5_, post0_.post_type as post1_3_5_, topic1_.topic_id as topic1_4_0_, topic1_.board_id as board8_4_0_, topic1_.create_name as create2_4_0_, topic1_.digest as digest3_4_0_, topic1_.last_post as last4_4_0_, topic1_.topic_replies as topic5_4_0_, topic1_.topic_title as topic6_4_0_, topic1_.topic_view as topic7_4_0_, topic1_.user_id as user9_4_0_, board2_.board_id as board1_0_1_, board2_.board_desc as board2_0_1_, board2_.board_name as board3_0_1_, board2_.topic_num as topic4_0_1_, user3_.user_id as user1_5_2_, user3_.credit as credit2_5_2_, user3_.last_ip as last3_5_2_, user3_.last_visit as last4_5_2_, user3_.locked as locked5_5_2_, user3_.password as password6_5_2_, user3_.user_name as user7_5_2_, user3_.user_type as user8_5_2_, user4_.user_id as user1_5_3_, user4_.credit as credit2_5_3_, user4_.last_ip as last3_5_3_, user4_.last_visit as last4_5_3_, user4_.locked as locked5_5_3_, user4_.password as password6_5_3_, user4_.user_name as user7_5_3_, user4_.user_type as user8_5_3_, manboards5_.user_id as user1_5_7_, board6_.board_id as board2_1_7_, board6_.board_id as board1_0_4_, board6_.board_desc as board2_0_4_, board6_.board_name as board3_0_4_, board6_.topic_num as topic4_0_4_ from t_post post0_ left outer join t_topic topic1_ on post0_.topic_id=topic1_.topic_id left outer join t_board board2_ on topic1_.board_id=board2_.board_id left outer join t_user user3_ on topic1_.user_id=user3_.user_id left outer join t_user user4_ on post0_.user_id=user4_.user_id left outer join t_board_manager manboards5_ on user4_.user_id=manboards5_.user_id left outer join t_board board6_ on manboards5_.board_id=board6_.board_id where post0_.post_id=?
2018-12-12 13:05:23,427 DEBUG (org.hibernate.loader.Loader:123) - Static select for entity com.smart.domain.Post [UPGRADE]: select post0_.post_id as post2_3_0_, post0_.board_id as board3_3_0_, post0_.create_time as create4_3_0_, post0_.post_text as post5_3_0_, post0_.post_title as post6_3_0_, post0_.topic_id as topic7_3_0_, post0_.user_id as user8_3_0_, post0_.post_type as post1_3_0_ from t_post post0_ where post0_.post_id=? for update
2018-12-12 13:05:23,427 DEBUG (org.hibernate.loader.Loader:123) - Static select for entity com.smart.domain.Post [UPGRADE_NOWAIT]: select post0_.post_id as post2_3_0_, post0_.board_id as board3_3_0_, post0_.create_time as create4_3_0_, post0_.post_text as post5_3_0_, post0_.post_title as post6_3_0_, post0_.topic_id as topic7_3_0_, post0_.user_id as user8_3_0_, post0_.post_type as post1_3_0_ from t_post post0_ where post0_.post_id=? for update
2018-12-12 13:05:23,427 DEBUG (org.hibernate.loader.Loader:123) - Static select for entity com.smart.domain.Post [FORCE]: select post0_.post_id as post2_3_0_, post0_.board_id as board3_3_0_, post0_.create_time as create4_3_0_, post0_.post_text as post5_3_0_, post0_.post_title as post6_3_0_, post0_.topic_id as topic7_3_0_, post0_.user_id as user8_3_0_, post0_.post_type as post1_3_0_ from t_post post0_ where post0_.post_id=? for update
2018-12-12 13:05:23,428 DEBUG (org.hibernate.loader.Loader:123) - Static select for entity com.smart.domain.Post [PESSIMISTIC_READ]: select post0_.post_id as post2_3_0_, post0_.board_id as board3_3_0_, post0_.create_time as create4_3_0_, post0_.post_text as post5_3_0_, post0_.post_title as post6_3_0_, post0_.topic_id as topic7_3_0_, post0_.user_id as user8_3_0_, post0_.post_type as post1_3_0_ from t_post post0_ where post0_.post_id=? lock in share mode
2018-12-12 13:05:23,428 DEBUG (org.hibernate.loader.Loader:123) - Static select for entity com.smart.domain.Post [PESSIMISTIC_WRITE]: select post0_.post_id as post2_3_0_, post0_.board_id as board3_3_0_, post0_.create_time as create4_3_0_, post0_.post_text as post5_3_0_, post0_.post_title as post6_3_0_, post0_.topic_id as topic7_3_0_, post0_.user_id as user8_3_0_, post0_.post_type as post1_3_0_ from t_post post0_ where post0_.post_id=? for update
2018-12-12 13:05:23,428 DEBUG (org.hibernate.loader.Loader:123) - Static select for entity com.smart.domain.Post [PESSIMISTIC_FORCE_INCREMENT]: select post0_.post_id as post2_3_0_, post0_.board_id as board3_3_0_, post0_.create_time as create4_3_0_, post0_.post_text as post5_3_0_, post0_.post_title as post6_3_0_, post0_.topic_id as topic7_3_0_, post0_.user_id as user8_3_0_, post0_.post_type as post1_3_0_ from t_post post0_ where post0_.post_id=? for update
2018-12-12 13:05:23,428 DEBUG (org.hibernate.loader.Loader:123) - Static select for entity com.smart.domain.Post [OPTIMISTIC]: select post0_.post_id as post2_3_0_, post0_.board_id as board3_3_0_, post0_.create_time as create4_3_0_, post0_.post_text as post5_3_0_, post0_.post_title as post6_3_0_, post0_.topic_id as topic7_3_0_, post0_.user_id as user8_3_0_, post0_.post_type as post1_3_0_ from t_post post0_ where post0_.post_id=?
2018-12-12 13:05:23,429 DEBUG (org.hibernate.loader.Loader:123) - Static select for entity com.smart.domain.Post [OPTIMISTIC_FORCE_INCREMENT]: select post0_.post_id as post2_3_0_, post0_.board_id as board3_3_0_, post0_.create_time as create4_3_0_, post0_.post_text as post5_3_0_, post0_.post_title as post6_3_0_, post0_.topic_id as topic7_3_0_, post0_.user_id as user8_3_0_, post0_.post_type as post1_3_0_ from t_post post0_ where post0_.post_id=?
2018-12-12 13:05:23,429 DEBUG (org.hibernate.loader.Loader:56) - Static select for action ACTION_MERGE on entity com.smart.domain.Post: select post0_.post_id as post2_3_2_, post0_.board_id as board3_3_2_, post0_.create_time as create4_3_2_, post0_.post_text as post5_3_2_, post0_.post_title as post6_3_2_, post0_.topic_id as topic7_3_2_, post0_.user_id as user8_3_2_, post0_.post_type as post1_3_2_, topic1_.topic_id as topic1_4_0_, topic1_.board_id as board8_4_0_, topic1_.create_name as create2_4_0_, topic1_.digest as digest3_4_0_, topic1_.last_post as last4_4_0_, topic1_.topic_replies as topic5_4_0_, topic1_.topic_title as topic6_4_0_, topic1_.topic_view as topic7_4_0_, topic1_.user_id as user9_4_0_, board2_.board_id as board1_0_1_, board2_.board_desc as board2_0_1_, board2_.board_name as board3_0_1_, board2_.topic_num as topic4_0_1_ from t_post post0_ left outer join t_topic topic1_ on post0_.topic_id=topic1_.topic_id left outer join t_board board2_ on topic1_.board_id=board2_.board_id where post0_.post_id=?
2018-12-12 13:05:23,429 DEBUG (org.hibernate.loader.Loader:56) - Static select for action ACTION_REFRESH on entity com.smart.domain.Post: select post0_.post_id as post2_3_0_, post0_.board_id as board3_3_0_, post0_.create_time as create4_3_0_, post0_.post_text as post5_3_0_, post0_.post_title as post6_3_0_, post0_.topic_id as topic7_3_0_, post0_.user_id as user8_3_0_, post0_.post_type as post1_3_0_ from t_post post0_ where post0_.post_id=?
2018-12-12 13:05:23,430 DEBUG (org.hibernate.loader.Loader:123) - Static select for entity com.smart.domain.MainPost [NONE]: select mainpost0_.post_id as post2_3_5_, mainpost0_.board_id as board3_3_5_, mainpost0_.create_time as create4_3_5_, mainpost0_.post_text as post5_3_5_, mainpost0_.post_title as post6_3_5_, mainpost0_.topic_id as topic7_3_5_, mainpost0_.user_id as user8_3_5_, topic1_.topic_id as topic1_4_0_, topic1_.board_id as board8_4_0_, topic1_.create_name as create2_4_0_, topic1_.digest as digest3_4_0_, topic1_.last_post as last4_4_0_, topic1_.topic_replies as topic5_4_0_, topic1_.topic_title as topic6_4_0_, topic1_.topic_view as topic7_4_0_, topic1_.user_id as user9_4_0_, board2_.board_id as board1_0_1_, board2_.board_desc as board2_0_1_, board2_.board_name as board3_0_1_, board2_.topic_num as topic4_0_1_, user3_.user_id as user1_5_2_, user3_.credit as credit2_5_2_, user3_.last_ip as last3_5_2_, user3_.last_visit as last4_5_2_, user3_.locked as locked5_5_2_, user3_.password as password6_5_2_, user3_.user_name as user7_5_2_, user3_.user_type as user8_5_2_, user4_.user_id as user1_5_3_, user4_.credit as credit2_5_3_, user4_.last_ip as last3_5_3_, user4_.last_visit as last4_5_3_, user4_.locked as locked5_5_3_, user4_.password as password6_5_3_, user4_.user_name as user7_5_3_, user4_.user_type as user8_5_3_, manboards5_.user_id as user1_5_7_, board6_.board_id as board2_1_7_, board6_.board_id as board1_0_4_, board6_.board_desc as board2_0_4_, board6_.board_name as board3_0_4_, board6_.topic_num as topic4_0_4_ from t_post mainpost0_ left outer join t_topic topic1_ on mainpost0_.topic_id=topic1_.topic_id left outer join t_board board2_ on topic1_.board_id=board2_.board_id left outer join t_user user3_ on topic1_.user_id=user3_.user_id left outer join t_user user4_ on mainpost0_.user_id=user4_.user_id left outer join t_board_manager manboards5_ on user4_.user_id=manboards5_.user_id left outer join t_board board6_ on manboards5_.board_id=board6_.board_id where mainpost0_.post_id=? and mainpost0_.post_type=&apos;2&apos;
2018-12-12 13:05:23,430 DEBUG (org.hibernate.loader.Loader:123) - Static select for entity com.smart.domain.MainPost [READ]: select mainpost0_.post_id as post2_3_5_, mainpost0_.board_id as board3_3_5_, mainpost0_.create_time as create4_3_5_, mainpost0_.post_text as post5_3_5_, mainpost0_.post_title as post6_3_5_, mainpost0_.topic_id as topic7_3_5_, mainpost0_.user_id as user8_3_5_, topic1_.topic_id as topic1_4_0_, topic1_.board_id as board8_4_0_, topic1_.create_name as create2_4_0_, topic1_.digest as digest3_4_0_, topic1_.last_post as last4_4_0_, topic1_.topic_replies as topic5_4_0_, topic1_.topic_title as topic6_4_0_, topic1_.topic_view as topic7_4_0_, topic1_.user_id as user9_4_0_, board2_.board_id as board1_0_1_, board2_.board_desc as board2_0_1_, board2_.board_name as board3_0_1_, board2_.topic_num as topic4_0_1_, user3_.user_id as user1_5_2_, user3_.credit as credit2_5_2_, user3_.last_ip as last3_5_2_, user3_.last_visit as last4_5_2_, user3_.locked as locked5_5_2_, user3_.password as password6_5_2_, user3_.user_name as user7_5_2_, user3_.user_type as user8_5_2_, user4_.user_id as user1_5_3_, user4_.credit as credit2_5_3_, user4_.last_ip as last3_5_3_, user4_.last_visit as last4_5_3_, user4_.locked as locked5_5_3_, user4_.password as password6_5_3_, user4_.user_name as user7_5_3_, user4_.user_type as user8_5_3_, manboards5_.user_id as user1_5_7_, board6_.board_id as board2_1_7_, board6_.board_id as board1_0_4_, board6_.board_desc as board2_0_4_, board6_.board_name as board3_0_4_, board6_.topic_num as topic4_0_4_ from t_post mainpost0_ left outer join t_topic topic1_ on mainpost0_.topic_id=topic1_.topic_id left outer join t_board board2_ on topic1_.board_id=board2_.board_id left outer join t_user user3_ on topic1_.user_id=user3_.user_id left outer join t_user user4_ on mainpost0_.user_id=user4_.user_id left outer join t_board_manager manboards5_ on user4_.user_id=manboards5_.user_id left outer join t_board board6_ on manboards5_.board_id=board6_.board_id where mainpost0_.post_id=? and mainpost0_.post_type=&apos;2&apos;
2018-12-12 13:05:23,431 DEBUG (org.hibernate.loader.Loader:123) - Static select for entity com.smart.domain.MainPost [UPGRADE]: select mainpost0_.post_id as post2_3_0_, mainpost0_.board_id as board3_3_0_, mainpost0_.create_time as create4_3_0_, mainpost0_.post_text as post5_3_0_, mainpost0_.post_title as post6_3_0_, mainpost0_.topic_id as topic7_3_0_, mainpost0_.user_id as user8_3_0_ from t_post mainpost0_ where mainpost0_.post_id=? and mainpost0_.post_type=&apos;2&apos; for update
2018-12-12 13:05:23,431 DEBUG (org.hibernate.loader.Loader:123) - Static select for entity com.smart.domain.MainPost [UPGRADE_NOWAIT]: select mainpost0_.post_id as post2_3_0_, mainpost0_.board_id as board3_3_0_, mainpost0_.create_time as create4_3_0_, mainpost0_.post_text as post5_3_0_, mainpost0_.post_title as post6_3_0_, mainpost0_.topic_id as topic7_3_0_, mainpost0_.user_id as user8_3_0_ from t_post mainpost0_ where mainpost0_.post_id=? and mainpost0_.post_type=&apos;2&apos; for update
2018-12-12 13:05:23,431 DEBUG (org.hibernate.loader.Loader:123) - Static select for entity com.smart.domain.MainPost [FORCE]: select mainpost0_.post_id as post2_3_0_, mainpost0_.board_id as board3_3_0_, mainpost0_.create_time as create4_3_0_, mainpost0_.post_text as post5_3_0_, mainpost0_.post_title as post6_3_0_, mainpost0_.topic_id as topic7_3_0_, mainpost0_.user_id as user8_3_0_ from t_post mainpost0_ where mainpost0_.post_id=? and mainpost0_.post_type=&apos;2&apos; for update
2018-12-12 13:05:23,432 DEBUG (org.hibernate.loader.Loader:123) - Static select for entity com.smart.domain.MainPost [PESSIMISTIC_READ]: select mainpost0_.post_id as post2_3_0_, mainpost0_.board_id as board3_3_0_, mainpost0_.create_time as create4_3_0_, mainpost0_.post_text as post5_3_0_, mainpost0_.post_title as post6_3_0_, mainpost0_.topic_id as topic7_3_0_, mainpost0_.user_id as user8_3_0_ from t_post mainpost0_ where mainpost0_.post_id=? and mainpost0_.post_type=&apos;2&apos; lock in share mode
2018-12-12 13:05:23,432 DEBUG (org.hibernate.loader.Loader:123) - Static select for entity com.smart.domain.MainPost [PESSIMISTIC_WRITE]: select mainpost0_.post_id as post2_3_0_, mainpost0_.board_id as board3_3_0_, mainpost0_.create_time as create4_3_0_, mainpost0_.post_text as post5_3_0_, mainpost0_.post_title as post6_3_0_, mainpost0_.topic_id as topic7_3_0_, mainpost0_.user_id as user8_3_0_ from t_post mainpost0_ where mainpost0_.post_id=? and mainpost0_.post_type=&apos;2&apos; for update
2018-12-12 13:05:23,432 DEBUG (org.hibernate.loader.Loader:123) - Static select for entity com.smart.domain.MainPost [PESSIMISTIC_FORCE_INCREMENT]: select mainpost0_.post_id as post2_3_0_, mainpost0_.board_id as board3_3_0_, mainpost0_.create_time as create4_3_0_, mainpost0_.post_text as post5_3_0_, mainpost0_.post_title as post6_3_0_, mainpost0_.topic_id as topic7_3_0_, mainpost0_.user_id as user8_3_0_ from t_post mainpost0_ where mainpost0_.post_id=? and mainpost0_.post_type=&apos;2&apos; for update
2018-12-12 13:05:23,433 DEBUG (org.hibernate.loader.Loader:123) - Static select for entity com.smart.domain.MainPost [OPTIMISTIC]: select mainpost0_.post_id as post2_3_0_, mainpost0_.board_id as board3_3_0_, mainpost0_.create_time as create4_3_0_, mainpost0_.post_text as post5_3_0_, mainpost0_.post_title as post6_3_0_, mainpost0_.topic_id as topic7_3_0_, mainpost0_.user_id as user8_3_0_ from t_post mainpost0_ where mainpost0_.post_id=? and mainpost0_.post_type=&apos;2&apos;
2018-12-12 13:05:23,433 DEBUG (org.hibernate.loader.Loader:123) - Static select for entity com.smart.domain.MainPost [OPTIMISTIC_FORCE_INCREMENT]: select mainpost0_.post_id as post2_3_0_, mainpost0_.board_id as board3_3_0_, mainpost0_.create_time as create4_3_0_, mainpost0_.post_text as post5_3_0_, mainpost0_.post_title as post6_3_0_, mainpost0_.topic_id as topic7_3_0_, mainpost0_.user_id as user8_3_0_ from t_post mainpost0_ where mainpost0_.post_id=? and mainpost0_.post_type=&apos;2&apos;
2018-12-12 13:05:23,433 DEBUG (org.hibernate.loader.Loader:56) - Static select for action ACTION_MERGE on entity com.smart.domain.MainPost: select mainpost0_.post_id as post2_3_2_, mainpost0_.board_id as board3_3_2_, mainpost0_.create_time as create4_3_2_, mainpost0_.post_text as post5_3_2_, mainpost0_.post_title as post6_3_2_, mainpost0_.topic_id as topic7_3_2_, mainpost0_.user_id as user8_3_2_, topic1_.topic_id as topic1_4_0_, topic1_.board_id as board8_4_0_, topic1_.create_name as create2_4_0_, topic1_.digest as digest3_4_0_, topic1_.last_post as last4_4_0_, topic1_.topic_replies as topic5_4_0_, topic1_.topic_title as topic6_4_0_, topic1_.topic_view as topic7_4_0_, topic1_.user_id as user9_4_0_, board2_.board_id as board1_0_1_, board2_.board_desc as board2_0_1_, board2_.board_name as board3_0_1_, board2_.topic_num as topic4_0_1_ from t_post mainpost0_ left outer join t_topic topic1_ on mainpost0_.topic_id=topic1_.topic_id left outer join t_board board2_ on topic1_.board_id=board2_.board_id where mainpost0_.post_id=? and mainpost0_.post_type=&apos;2&apos;
2018-12-12 13:05:23,434 DEBUG (org.hibernate.loader.Loader:56) - Static select for action ACTION_REFRESH on entity com.smart.domain.MainPost: select mainpost0_.post_id as post2_3_0_, mainpost0_.board_id as board3_3_0_, mainpost0_.create_time as create4_3_0_, mainpost0_.post_text as post5_3_0_, mainpost0_.post_title as post6_3_0_, mainpost0_.topic_id as topic7_3_0_, mainpost0_.user_id as user8_3_0_ from t_post mainpost0_ where mainpost0_.post_id=? and mainpost0_.post_type=&apos;2&apos;
2018-12-12 13:05:23,434 DEBUG (org.hibernate.loader.collection.BasicCollectionLoader:83) - Static select for collection com.smart.domain.Board.users: select users0_.board_id as board2_0_1_, users0_.user_id as user1_1_1_, user1_.user_id as user1_5_0_, user1_.credit as credit2_5_0_, user1_.last_ip as last3_5_0_, user1_.last_visit as last4_5_0_, user1_.locked as locked5_5_0_, user1_.password as password6_5_0_, user1_.user_name as user7_5_0_, user1_.user_type as user8_5_0_ from t_board_manager users0_ inner join t_user user1_ on users0_.user_id=user1_.user_id where users0_.board_id=?
2018-12-12 13:05:23,434 DEBUG (org.hibernate.loader.collection.BasicCollectionLoader:83) - Static select for collection com.smart.domain.User.manBoards: select manboards0_.user_id as user1_5_1_, manboards0_.board_id as board2_1_1_, board1_.board_id as board1_0_0_, board1_.board_desc as board2_0_0_, board1_.board_name as board3_0_0_, board1_.topic_num as topic4_0_0_ from t_board_manager manboards0_ inner join t_board board1_ on manboards0_.board_id=board1_.board_id where manboards0_.user_id=?
2018-12-12 13:05:23,434 DEBUG (org.hibernate.internal.SessionFactoryRegistry:75) - Registering SessionFactory: 8022a474-6e07-4eda-8651-8d8f7d41603b (&lt;unnamed&gt;)
2018-12-12 13:05:23,435 DEBUG (org.hibernate.internal.SessionFactoryRegistry:82) - Not binding SessionFactory to JNDI, no JNDI name configured
2018-12-12 13:05:23,435 DEBUG (org.hibernate.internal.SessionFactoryImpl:488) - Instantiated session factory
2018-12-12 13:05:23,435 DEBUG (org.hibernate.internal.SessionFactoryImpl:1060) - Checking 0 named HQL queries
2018-12-12 13:05:23,435 DEBUG (org.hibernate.internal.SessionFactoryImpl:1083) - Checking 0 named SQL queries
2018-12-12 13:05:23,435 DEBUG (org.hibernate.stat.internal.StatisticsInitiator:110) - Statistics initialized [enabled=false]
2018-12-12 13:05:23,436 DEBUG (org.springframework.beans.factory.support.DefaultListableBeanFactory:250) - Returning cached instance of singleton bean &apos;managerTx&apos;
2018-12-12 13:05:23,436 DEBUG (org.springframework.beans.factory.support.DefaultListableBeanFactory:250) - Returning cached instance of singleton bean &apos;managerTx&apos;
2018-12-12 13:05:23,436 DEBUG (org.springframework.beans.factory.support.DefaultListableBeanFactory:250) - Returning cached instance of singleton bean &apos;managerTx&apos;
2018-12-12 13:05:23,436 DEBUG (org.springframework.beans.factory.support.DefaultListableBeanFactory:250) - Returning cached instance of singleton bean &apos;managerTx&apos;
2018-12-12 13:05:23,439 DEBUG (org.springframework.beans.factory.support.DefaultListableBeanFactory:484) - Finished creating instance of bean &apos;sessionFactory&apos;
2018-12-12 13:05:23,439 DEBUG (org.springframework.beans.factory.support.DefaultListableBeanFactory:484) - Finished creating instance of bean &apos;sessionFactory&apos;
2018-12-12 13:05:23,439 DEBUG (org.springframework.beans.factory.support.DefaultListableBeanFactory:250) - Returning cached instance of singleton bean &apos;managerTx&apos;
2018-12-12 13:05:23,439 DEBUG (org.springframework.beans.factory.support.DefaultListableBeanFactory:250) - Returning cached instance of singleton bean &apos;managerTx&apos;
2018-12-12 13:05:23,439 DEBUG (org.springframework.beans.factory.support.DefaultListableBeanFactory:250) - Returning cached instance of singleton bean &apos;managerTx&apos;
2018-12-12 13:05:23,439 DEBUG (org.springframework.beans.factory.support.DefaultListableBeanFactory:250) - Returning cached instance of singleton bean &apos;managerTx&apos;
2018-12-12 13:05:23,445 DEBUG (org.springframework.beans.factory.support.DefaultListableBeanFactory:1620) - Invoking afterPropertiesSet() on bean with name &apos;hibernateTemplate&apos;
2018-12-12 13:05:23,445 DEBUG (org.springframework.beans.factory.support.DefaultListableBeanFactory:1620) - Invoking afterPropertiesSet() on bean with name &apos;hibernateTemplate&apos;
2018-12-12 13:05:23,445 DEBUG (org.springframework.beans.factory.support.DefaultListableBeanFactory:250) - Returning cached instance of singleton bean &apos;managerTx&apos;
2018-12-12 13:05:23,445 DEBUG (org.springframework.beans.factory.support.DefaultListableBeanFactory:250) - Returning cached instance of singleton bean &apos;managerTx&apos;
2018-12-12 13:05:23,445 DEBUG (org.springframework.beans.factory.support.DefaultListableBeanFactory:250) - Returning cached instance of singleton bean &apos;managerTx&apos;
2018-12-12 13:05:23,445 DEBUG (org.springframework.beans.factory.support.DefaultListableBeanFactory:250) - Returning cached instance of singleton bean &apos;managerTx&apos;
2018-12-12 13:05:23,452 DEBUG (org.springframework.beans.factory.support.DefaultListableBeanFactory:484) - Finished creating instance of bean &apos;hibernateTemplate&apos;
2018-12-12 13:05:23,452 DEBUG (org.springframework.beans.factory.support.DefaultListableBeanFactory:484) - Finished creating instance of bean &apos;hibernateTemplate&apos;
2018-12-12 13:05:23,452 DEBUG (org.springframework.beans.factory.annotation.AutowiredAnnotationBeanPostProcessor:490) - Autowiring by type from bean name &apos;boardDao&apos; to bean named &apos;hibernateTemplate&apos;
2018-12-12 13:05:23,452 DEBUG (org.springframework.beans.factory.annotation.AutowiredAnnotationBeanPostProcessor:490) - Autowiring by type from bean name &apos;boardDao&apos; to bean named &apos;hibernateTemplate&apos;
2018-12-12 13:05:23,452 DEBUG (org.springframework.beans.factory.support.DefaultListableBeanFactory:250) - Returning cached instance of singleton bean &apos;managerTx&apos;
2018-12-12 13:05:23,452 DEBUG (org.springframework.beans.factory.support.DefaultListableBeanFactory:250) - Returning cached instance of singleton bean &apos;managerTx&apos;
2018-12-12 13:05:23,452 DEBUG (org.springframework.beans.factory.support.DefaultListableBeanFactory:250) - Returning cached instance of singleton bean &apos;managerTx&apos;
2018-12-12 13:05:23,452 DEBUG (org.springframework.beans.factory.support.DefaultListableBeanFactory:250) - Returning cached instance of singleton bean &apos;managerTx&apos;
2018-12-12 13:05:23,454 DEBUG (org.springframework.beans.factory.support.DefaultListableBeanFactory:484) - Finished creating instance of bean &apos;boardDao&apos;
2018-12-12 13:05:23,454 DEBUG (org.springframework.beans.factory.support.DefaultListableBeanFactory:484) - Finished creating instance of bean &apos;boardDao&apos;
2018-12-12 13:05:23,454 DEBUG (org.springframework.beans.factory.support.DefaultListableBeanFactory:221) - Creating shared instance of singleton bean &apos;loginLogDao&apos;
2018-12-12 13:05:23,454 DEBUG (org.springframework.beans.factory.support.DefaultListableBeanFactory:221) - Creating shared instance of singleton bean &apos;loginLogDao&apos;
2018-12-12 13:05:23,454 DEBUG (org.springframework.beans.factory.support.DefaultListableBeanFactory:448) - Creating instance of bean &apos;loginLogDao&apos;
2018-12-12 13:05:23,454 DEBUG (org.springframework.beans.factory.support.DefaultListableBeanFactory:448) - Creating instance of bean &apos;loginLogDao&apos;
2018-12-12 13:05:23,455 DEBUG (org.springframework.beans.factory.support.DefaultListableBeanFactory:250) - Returning cached instance of singleton bean &apos;managerTx&apos;
2018-12-12 13:05:23,455 DEBUG (org.springframework.beans.factory.support.DefaultListableBeanFactory:250) - Returning cached instance of singleton bean &apos;managerTx&apos;
2018-12-12 13:05:23,456 DEBUG (org.springframework.beans.factory.annotation.InjectionMetadata:72) - Registered injected element on class [com.smart.dao.LoginLogDao]: AutowiredMethodElement for public void com.smart.dao.BaseDao.setHibernateTemplate(org.springframework.orm.hibernate4.HibernateTemplate)
2018-12-12 13:05:23,456 DEBUG (org.springframework.beans.factory.annotation.InjectionMetadata:72) - Registered injected element on class [com.smart.dao.LoginLogDao]: AutowiredMethodElement for public void com.smart.dao.BaseDao.setHibernateTemplate(org.springframework.orm.hibernate4.HibernateTemplate)
2018-12-12 13:05:23,456 DEBUG (org.springframework.beans.factory.support.DefaultListableBeanFactory:529) - Eagerly caching bean &apos;loginLogDao&apos; to allow for resolving potential circular references
2018-12-12 13:05:23,456 DEBUG (org.springframework.beans.factory.support.DefaultListableBeanFactory:529) - Eagerly caching bean &apos;loginLogDao&apos; to allow for resolving potential circular references
2018-12-12 13:05:23,456 DEBUG (org.springframework.beans.factory.annotation.InjectionMetadata:86) - Processing injected element of bean &apos;loginLogDao&apos;: AutowiredMethodElement for public void com.smart.dao.BaseDao.setHibernateTemplate(org.springframework.orm.hibernate4.HibernateTemplate)
2018-12-12 13:05:23,456 DEBUG (org.springframework.beans.factory.annotation.InjectionMetadata:86) - Processing injected element of bean &apos;loginLogDao&apos;: AutowiredMethodElement for public void com.smart.dao.BaseDao.setHibernateTemplate(org.springframework.orm.hibernate4.HibernateTemplate)
2018-12-12 13:05:23,456 DEBUG (org.springframework.beans.factory.support.DefaultListableBeanFactory:250) - Returning cached instance of singleton bean &apos;hibernateTemplate&apos;
2018-12-12 13:05:23,456 DEBUG (org.springframework.beans.factory.support.DefaultListableBeanFactory:250) - Returning cached instance of singleton bean &apos;hibernateTemplate&apos;
2018-12-12 13:05:23,457 DEBUG (org.springframework.beans.factory.annotation.AutowiredAnnotationBeanPostProcessor:490) - Autowiring by type from bean name &apos;loginLogDao&apos; to bean named &apos;hibernateTemplate&apos;
2018-12-12 13:05:23,457 DEBUG (org.springframework.beans.factory.annotation.AutowiredAnnotationBeanPostProcessor:490) - Autowiring by type from bean name &apos;loginLogDao&apos; to bean named &apos;hibernateTemplate&apos;
2018-12-12 13:05:23,457 DEBUG (org.springframework.beans.factory.support.DefaultListableBeanFactory:250) - Returning cached instance of singleton bean &apos;managerTx&apos;
2018-12-12 13:05:23,457 DEBUG (org.springframework.beans.factory.support.DefaultListableBeanFactory:250) - Returning cached instance of singleton bean &apos;managerTx&apos;
2018-12-12 13:05:23,457 DEBUG (org.springframework.beans.factory.support.DefaultListableBeanFactory:250) - Returning cached instance of singleton bean &apos;managerTx&apos;
2018-12-12 13:05:23,457 DEBUG (org.springframework.beans.factory.support.DefaultListableBeanFactory:250) - Returning cached instance of singleton bean &apos;managerTx&apos;
2018-12-12 13:05:23,458 DEBUG (org.springframework.beans.factory.support.DefaultListableBeanFactory:484) - Finished creating instance of bean &apos;loginLogDao&apos;
2018-12-12 13:05:23,458 DEBUG (org.springframework.beans.factory.support.DefaultListableBeanFactory:484) - Finished creating instance of bean &apos;loginLogDao&apos;
2018-12-12 13:05:23,458 DEBUG (org.springframework.beans.factory.support.DefaultListableBeanFactory:221) - Creating shared instance of singleton bean &apos;postDao&apos;
2018-12-12 13:05:23,458 DEBUG (org.springframework.beans.factory.support.DefaultListableBeanFactory:221) - Creating shared instance of singleton bean &apos;postDao&apos;
2018-12-12 13:05:23,458 DEBUG (org.springframework.beans.factory.support.DefaultListableBeanFactory:448) - Creating instance of bean &apos;postDao&apos;
2018-12-12 13:05:23,458 DEBUG (org.springframework.beans.factory.support.DefaultListableBeanFactory:448) - Creating instance of bean &apos;postDao&apos;
2018-12-12 13:05:23,458 DEBUG (org.springframework.beans.factory.support.DefaultListableBeanFactory:250) - Returning cached instance of singleton bean &apos;managerTx&apos;
2018-12-12 13:05:23,458 DEBUG (org.springframework.beans.factory.support.DefaultListableBeanFactory:250) - Returning cached instance of singleton bean &apos;managerTx&apos;
2018-12-12 13:05:23,459 DEBUG (org.springframework.beans.factory.annotation.InjectionMetadata:72) - Registered injected element on class [com.smart.dao.PostDao]: AutowiredMethodElement for public void com.smart.dao.BaseDao.setHibernateTemplate(org.springframework.orm.hibernate4.HibernateTemplate)
2018-12-12 13:05:23,459 DEBUG (org.springframework.beans.factory.annotation.InjectionMetadata:72) - Registered injected element on class [com.smart.dao.PostDao]: AutowiredMethodElement for public void com.smart.dao.BaseDao.setHibernateTemplate(org.springframework.orm.hibernate4.HibernateTemplate)
2018-12-12 13:05:23,459 DEBUG (org.springframework.beans.factory.support.DefaultListableBeanFactory:529) - Eagerly caching bean &apos;postDao&apos; to allow for resolving potential circular references
2018-12-12 13:05:23,459 DEBUG (org.springframework.beans.factory.support.DefaultListableBeanFactory:529) - Eagerly caching bean &apos;postDao&apos; to allow for resolving potential circular references
2018-12-12 13:05:23,459 DEBUG (org.springframework.beans.factory.annotation.InjectionMetadata:86) - Processing injected element of bean &apos;postDao&apos;: AutowiredMethodElement for public void com.smart.dao.BaseDao.setHibernateTemplate(org.springframework.orm.hibernate4.HibernateTemplate)
2018-12-12 13:05:23,459 DEBUG (org.springframework.beans.factory.annotation.InjectionMetadata:86) - Processing injected element of bean &apos;postDao&apos;: AutowiredMethodElement for public void com.smart.dao.BaseDao.setHibernateTemplate(org.springframework.orm.hibernate4.HibernateTemplate)
2018-12-12 13:05:23,459 DEBUG (org.springframework.beans.factory.support.DefaultListableBeanFactory:250) - Returning cached instance of singleton bean &apos;hibernateTemplate&apos;
2018-12-12 13:05:23,459 DEBUG (org.springframework.beans.factory.support.DefaultListableBeanFactory:250) - Returning cached instance of singleton bean &apos;hibernateTemplate&apos;
2018-12-12 13:05:23,459 DEBUG (org.springframework.beans.factory.annotation.AutowiredAnnotationBeanPostProcessor:490) - Autowiring by type from bean name &apos;postDao&apos; to bean named &apos;hibernateTemplate&apos;
2018-12-12 13:05:23,459 DEBUG (org.springframework.beans.factory.annotation.AutowiredAnnotationBeanPostProcessor:490) - Autowiring by type from bean name &apos;postDao&apos; to bean named &apos;hibernateTemplate&apos;
2018-12-12 13:05:23,460 DEBUG (org.springframework.beans.factory.support.DefaultListableBeanFactory:250) - Returning cached instance of singleton bean &apos;managerTx&apos;
2018-12-12 13:05:23,460 DEBUG (org.springframework.beans.factory.support.DefaultListableBeanFactory:250) - Returning cached instance of singleton bean &apos;managerTx&apos;
2018-12-12 13:05:23,460 DEBUG (org.springframework.beans.factory.support.DefaultListableBeanFactory:250) - Returning cached instance of singleton bean &apos;managerTx&apos;
2018-12-12 13:05:23,460 DEBUG (org.springframework.beans.factory.support.DefaultListableBeanFactory:250) - Returning cached instance of singleton bean &apos;managerTx&apos;
2018-12-12 13:05:23,461 DEBUG (org.springframework.beans.factory.support.DefaultListableBeanFactory:484) - Finished creating instance of bean &apos;postDao&apos;
2018-12-12 13:05:23,461 DEBUG (org.springframework.beans.factory.support.DefaultListableBeanFactory:484) - Finished creating instance of bean &apos;postDao&apos;
2018-12-12 13:05:23,461 DEBUG (org.springframework.beans.factory.support.DefaultListableBeanFactory:221) - Creating shared instance of singleton bean &apos;topicDao&apos;
2018-12-12 13:05:23,461 DEBUG (org.springframework.beans.factory.support.DefaultListableBeanFactory:221) - Creating shared instance of singleton bean &apos;topicDao&apos;
2018-12-12 13:05:23,461 DEBUG (org.springframework.beans.factory.support.DefaultListableBeanFactory:448) - Creating instance of bean &apos;topicDao&apos;
2018-12-12 13:05:23,461 DEBUG (org.springframework.beans.factory.support.DefaultListableBeanFactory:448) - Creating instance of bean &apos;topicDao&apos;
2018-12-12 13:05:23,461 DEBUG (org.springframework.beans.factory.support.DefaultListableBeanFactory:250) - Returning cached instance of singleton bean &apos;managerTx&apos;
2018-12-12 13:05:23,461 DEBUG (org.springframework.beans.factory.support.DefaultListableBeanFactory:250) - Returning cached instance of singleton bean &apos;managerTx&apos;
2018-12-12 13:05:23,462 DEBUG (org.springframework.beans.factory.annotation.InjectionMetadata:72) - Registered injected element on class [com.smart.dao.TopicDao]: AutowiredMethodElement for public void com.smart.dao.BaseDao.setHibernateTemplate(org.springframework.orm.hibernate4.HibernateTemplate)
2018-12-12 13:05:23,462 DEBUG (org.springframework.beans.factory.annotation.InjectionMetadata:72) - Registered injected element on class [com.smart.dao.TopicDao]: AutowiredMethodElement for public void com.smart.dao.BaseDao.setHibernateTemplate(org.springframework.orm.hibernate4.HibernateTemplate)
2018-12-12 13:05:23,462 DEBUG (org.springframework.beans.factory.support.DefaultListableBeanFactory:529) - Eagerly caching bean &apos;topicDao&apos; to allow for resolving potential circular references
2018-12-12 13:05:23,462 DEBUG (org.springframework.beans.factory.support.DefaultListableBeanFactory:529) - Eagerly caching bean &apos;topicDao&apos; to allow for resolving potential circular references
2018-12-12 13:05:23,462 DEBUG (org.springframework.beans.factory.annotation.InjectionMetadata:86) - Processing injected element of bean &apos;topicDao&apos;: AutowiredMethodElement for public void com.smart.dao.BaseDao.setHibernateTemplate(org.springframework.orm.hibernate4.HibernateTemplate)
2018-12-12 13:05:23,462 DEBUG (org.springframework.beans.factory.annotation.InjectionMetadata:86) - Processing injected element of bean &apos;topicDao&apos;: AutowiredMethodElement for public void com.smart.dao.BaseDao.setHibernateTemplate(org.springframework.orm.hibernate4.HibernateTemplate)
2018-12-12 13:05:23,462 DEBUG (org.springframework.beans.factory.support.DefaultListableBeanFactory:250) - Returning cached instance of singleton bean &apos;hibernateTemplate&apos;
2018-12-12 13:05:23,462 DEBUG (org.springframework.beans.factory.support.DefaultListableBeanFactory:250) - Returning cached instance of singleton bean &apos;hibernateTemplate&apos;
2018-12-12 13:05:23,463 DEBUG (org.springframework.beans.factory.annotation.AutowiredAnnotationBeanPostProcessor:490) - Autowiring by type from bean name &apos;topicDao&apos; to bean named &apos;hibernateTemplate&apos;
2018-12-12 13:05:23,463 DEBUG (org.springframework.beans.factory.annotation.AutowiredAnnotationBeanPostProcessor:490) - Autowiring by type from bean name &apos;topicDao&apos; to bean named &apos;hibernateTemplate&apos;
2018-12-12 13:05:23,463 DEBUG (org.springframework.beans.factory.support.DefaultListableBeanFactory:250) - Returning cached instance of singleton bean &apos;managerTx&apos;
2018-12-12 13:05:23,463 DEBUG (org.springframework.beans.factory.support.DefaultListableBeanFactory:250) - Returning cached instance of singleton bean &apos;managerTx&apos;
2018-12-12 13:05:23,463 DEBUG (org.springframework.beans.factory.support.DefaultListableBeanFactory:250) - Returning cached instance of singleton bean &apos;managerTx&apos;
2018-12-12 13:05:23,463 DEBUG (org.springframework.beans.factory.support.DefaultListableBeanFactory:250) - Returning cached instance of singleton bean &apos;managerTx&apos;
2018-12-12 13:05:23,464 DEBUG (org.springframework.beans.factory.support.DefaultListableBeanFactory:484) - Finished creating instance of bean &apos;topicDao&apos;
2018-12-12 13:05:23,464 DEBUG (org.springframework.beans.factory.support.DefaultListableBeanFactory:484) - Finished creating instance of bean &apos;topicDao&apos;
2018-12-12 13:05:23,464 DEBUG (org.springframework.beans.factory.support.DefaultListableBeanFactory:221) - Creating shared instance of singleton bean &apos;userDao&apos;
2018-12-12 13:05:23,464 DEBUG (org.springframework.beans.factory.support.DefaultListableBeanFactory:221) - Creating shared instance of singleton bean &apos;userDao&apos;
2018-12-12 13:05:23,464 DEBUG (org.springframework.beans.factory.support.DefaultListableBeanFactory:448) - Creating instance of bean &apos;userDao&apos;
2018-12-12 13:05:23,464 DEBUG (org.springframework.beans.factory.support.DefaultListableBeanFactory:448) - Creating instance of bean &apos;userDao&apos;
2018-12-12 13:05:23,465 DEBUG (org.springframework.beans.factory.support.DefaultListableBeanFactory:250) - Returning cached instance of singleton bean &apos;managerTx&apos;
2018-12-12 13:05:23,465 DEBUG (org.springframework.beans.factory.support.DefaultListableBeanFactory:250) - Returning cached instance of singleton bean &apos;managerTx&apos;
2018-12-12 13:05:23,466 DEBUG (org.springframework.beans.factory.annotation.InjectionMetadata:72) - Registered injected element on class [com.smart.dao.UserDao]: AutowiredMethodElement for public void com.smart.dao.BaseDao.setHibernateTemplate(org.springframework.orm.hibernate4.HibernateTemplate)
2018-12-12 13:05:23,466 DEBUG (org.springframework.beans.factory.annotation.InjectionMetadata:72) - Registered injected element on class [com.smart.dao.UserDao]: AutowiredMethodElement for public void com.smart.dao.BaseDao.setHibernateTemplate(org.springframework.orm.hibernate4.HibernateTemplate)
2018-12-12 13:05:23,466 DEBUG (org.springframework.beans.factory.support.DefaultListableBeanFactory:529) - Eagerly caching bean &apos;userDao&apos; to allow for resolving potential circular references
2018-12-12 13:05:23,466 DEBUG (org.springframework.beans.factory.support.DefaultListableBeanFactory:529) - Eagerly caching bean &apos;userDao&apos; to allow for resolving potential circular references
2018-12-12 13:05:23,466 DEBUG (org.springframework.beans.factory.annotation.InjectionMetadata:86) - Processing injected element of bean &apos;userDao&apos;: AutowiredMethodElement for public void com.smart.dao.BaseDao.setHibernateTemplate(org.springframework.orm.hibernate4.HibernateTemplate)
2018-12-12 13:05:23,466 DEBUG (org.springframework.beans.factory.annotation.InjectionMetadata:86) - Processing injected element of bean &apos;userDao&apos;: AutowiredMethodElement for public void com.smart.dao.BaseDao.setHibernateTemplate(org.springframework.orm.hibernate4.HibernateTemplate)
2018-12-12 13:05:23,467 DEBUG (org.springframework.beans.factory.support.DefaultListableBeanFactory:250) - Returning cached instance of singleton bean &apos;hibernateTemplate&apos;
2018-12-12 13:05:23,467 DEBUG (org.springframework.beans.factory.support.DefaultListableBeanFactory:250) - Returning cached instance of singleton bean &apos;hibernateTemplate&apos;
2018-12-12 13:05:23,467 DEBUG (org.springframework.beans.factory.annotation.AutowiredAnnotationBeanPostProcessor:490) - Autowiring by type from bean name &apos;userDao&apos; to bean named &apos;hibernateTemplate&apos;
2018-12-12 13:05:23,467 DEBUG (org.springframework.beans.factory.annotation.AutowiredAnnotationBeanPostProcessor:490) - Autowiring by type from bean name &apos;userDao&apos; to bean named &apos;hibernateTemplate&apos;
2018-12-12 13:05:23,467 DEBUG (org.springframework.beans.factory.support.DefaultListableBeanFactory:250) - Returning cached instance of singleton bean &apos;managerTx&apos;
2018-12-12 13:05:23,467 DEBUG (org.springframework.beans.factory.support.DefaultListableBeanFactory:250) - Returning cached instance of singleton bean &apos;managerTx&apos;
2018-12-12 13:05:23,468 DEBUG (org.springframework.beans.factory.support.DefaultListableBeanFactory:250) - Returning cached instance of singleton bean &apos;managerTx&apos;
2018-12-12 13:05:23,468 DEBUG (org.springframework.beans.factory.support.DefaultListableBeanFactory:250) - Returning cached instance of singleton bean &apos;managerTx&apos;
2018-12-12 13:05:23,469 DEBUG (org.springframework.beans.factory.support.DefaultListableBeanFactory:484) - Finished creating instance of bean &apos;userDao&apos;
2018-12-12 13:05:23,469 DEBUG (org.springframework.beans.factory.support.DefaultListableBeanFactory:484) - Finished creating instance of bean &apos;userDao&apos;
2018-12-12 13:05:23,469 DEBUG (org.springframework.beans.factory.support.DefaultListableBeanFactory:250) - Returning cached instance of singleton bean &apos;org.springframework.context.annotation.internalConfigurationAnnotationProcessor&apos;
2018-12-12 13:05:23,469 DEBUG (org.springframework.beans.factory.support.DefaultListableBeanFactory:250) - Returning cached instance of singleton bean &apos;org.springframework.context.annotation.internalConfigurationAnnotationProcessor&apos;
2018-12-12 13:05:23,469 DEBUG (org.springframework.beans.factory.support.DefaultListableBeanFactory:250) - Returning cached instance of singleton bean &apos;org.springframework.context.annotation.internalAutowiredAnnotationProcessor&apos;
2018-12-12 13:05:23,469 DEBUG (org.springframework.beans.factory.support.DefaultListableBeanFactory:250) - Returning cached instance of singleton bean &apos;org.springframework.context.annotation.internalAutowiredAnnotationProcessor&apos;
2018-12-12 13:05:23,469 DEBUG (org.springframework.beans.factory.support.DefaultListableBeanFactory:250) - Returning cached instance of singleton bean &apos;org.springframework.context.annotation.internalRequiredAnnotationProcessor&apos;
2018-12-12 13:05:23,469 DEBUG (org.springframework.beans.factory.support.DefaultListableBeanFactory:250) - Returning cached instance of singleton bean &apos;org.springframework.context.annotation.internalRequiredAnnotationProcessor&apos;
2018-12-12 13:05:23,470 DEBUG (org.springframework.beans.factory.support.DefaultListableBeanFactory:250) - Returning cached instance of singleton bean &apos;org.springframework.context.annotation.internalCommonAnnotationProcessor&apos;
2018-12-12 13:05:23,470 DEBUG (org.springframework.beans.factory.support.DefaultListableBeanFactory:250) - Returning cached instance of singleton bean &apos;org.springframework.context.annotation.internalCommonAnnotationProcessor&apos;
2018-12-12 13:05:23,470 DEBUG (org.springframework.beans.factory.support.DefaultListableBeanFactory:250) - Returning cached instance of singleton bean &apos;org.springframework.context.annotation.internalPersistenceAnnotationProcessor&apos;
2018-12-12 13:05:23,470 DEBUG (org.springframework.beans.factory.support.DefaultListableBeanFactory:250) - Returning cached instance of singleton bean &apos;org.springframework.context.annotation.internalPersistenceAnnotationProcessor&apos;
2018-12-12 13:05:23,470 DEBUG (org.springframework.beans.factory.support.DefaultListableBeanFactory:221) - Creating shared instance of singleton bean &apos;org.springframework.context.event.internalEventListenerProcessor&apos;
2018-12-12 13:05:23,470 DEBUG (org.springframework.beans.factory.support.DefaultListableBeanFactory:221) - Creating shared instance of singleton bean &apos;org.springframework.context.event.internalEventListenerProcessor&apos;
2018-12-12 13:05:23,470 DEBUG (org.springframework.beans.factory.support.DefaultListableBeanFactory:448) - Creating instance of bean &apos;org.springframework.context.event.internalEventListenerProcessor&apos;
2018-12-12 13:05:23,470 DEBUG (org.springframework.beans.factory.support.DefaultListableBeanFactory:448) - Creating instance of bean &apos;org.springframework.context.event.internalEventListenerProcessor&apos;
2018-12-12 13:05:23,470 DEBUG (org.springframework.beans.factory.support.DefaultListableBeanFactory:250) - Returning cached instance of singleton bean &apos;managerTx&apos;
2018-12-12 13:05:23,470 DEBUG (org.springframework.beans.factory.support.DefaultListableBeanFactory:250) - Returning cached instance of singleton bean &apos;managerTx&apos;
2018-12-12 13:05:23,471 DEBUG (org.springframework.beans.factory.support.DefaultListableBeanFactory:529) - Eagerly caching bean &apos;org.springframework.context.event.internalEventListenerProcessor&apos; to allow for resolving potential circular references
2018-12-12 13:05:23,471 DEBUG (org.springframework.beans.factory.support.DefaultListableBeanFactory:529) - Eagerly caching bean &apos;org.springframework.context.event.internalEventListenerProcessor&apos; to allow for resolving potential circular references
2018-12-12 13:05:23,471 DEBUG (org.springframework.beans.factory.support.DefaultListableBeanFactory:250) - Returning cached instance of singleton bean &apos;managerTx&apos;
2018-12-12 13:05:23,471 DEBUG (org.springframework.beans.factory.support.DefaultListableBeanFactory:250) - Returning cached instance of singleton bean &apos;managerTx&apos;
2018-12-12 13:05:23,472 DEBUG (org.springframework.beans.factory.support.DefaultListableBeanFactory:250) - Returning cached instance of singleton bean &apos;managerTx&apos;
2018-12-12 13:05:23,472 DEBUG (org.springframework.beans.factory.support.DefaultListableBeanFactory:250) - Returning cached instance of singleton bean &apos;managerTx&apos;
2018-12-12 13:05:23,472 DEBUG (org.springframework.beans.factory.support.DefaultListableBeanFactory:484) - Finished creating instance of bean &apos;org.springframework.context.event.internalEventListenerProcessor&apos;
2018-12-12 13:05:23,472 DEBUG (org.springframework.beans.factory.support.DefaultListableBeanFactory:484) - Finished creating instance of bean &apos;org.springframework.context.event.internalEventListenerProcessor&apos;
2018-12-12 13:05:23,473 DEBUG (org.springframework.beans.factory.support.DefaultListableBeanFactory:221) - Creating shared instance of singleton bean &apos;org.springframework.context.event.internalEventListenerFactory&apos;
2018-12-12 13:05:23,473 DEBUG (org.springframework.beans.factory.support.DefaultListableBeanFactory:221) - Creating shared instance of singleton bean &apos;org.springframework.context.event.internalEventListenerFactory&apos;
2018-12-12 13:05:23,473 DEBUG (org.springframework.beans.factory.support.DefaultListableBeanFactory:448) - Creating instance of bean &apos;org.springframework.context.event.internalEventListenerFactory&apos;
2018-12-12 13:05:23,473 DEBUG (org.springframework.beans.factory.support.DefaultListableBeanFactory:448) - Creating instance of bean &apos;org.springframework.context.event.internalEventListenerFactory&apos;
2018-12-12 13:05:23,473 DEBUG (org.springframework.beans.factory.support.DefaultListableBeanFactory:250) - Returning cached instance of singleton bean &apos;managerTx&apos;
2018-12-12 13:05:23,473 DEBUG (org.springframework.beans.factory.support.DefaultListableBeanFactory:250) - Returning cached instance of singleton bean &apos;managerTx&apos;
2018-12-12 13:05:23,474 DEBUG (org.springframework.beans.factory.support.DefaultListableBeanFactory:529) - Eagerly caching bean &apos;org.springframework.context.event.internalEventListenerFactory&apos; to allow for resolving potential circular references
2018-12-12 13:05:23,474 DEBUG (org.springframework.beans.factory.support.DefaultListableBeanFactory:529) - Eagerly caching bean &apos;org.springframework.context.event.internalEventListenerFactory&apos; to allow for resolving potential circular references
2018-12-12 13:05:23,474 DEBUG (org.springframework.beans.factory.support.DefaultListableBeanFactory:250) - Returning cached instance of singleton bean &apos;managerTx&apos;
2018-12-12 13:05:23,474 DEBUG (org.springframework.beans.factory.support.DefaultListableBeanFactory:250) - Returning cached instance of singleton bean &apos;managerTx&apos;
2018-12-12 13:05:23,474 DEBUG (org.springframework.beans.factory.support.DefaultListableBeanFactory:250) - Returning cached instance of singleton bean &apos;managerTx&apos;
2018-12-12 13:05:23,474 DEBUG (org.springframework.beans.factory.support.DefaultListableBeanFactory:250) - Returning cached instance of singleton bean &apos;managerTx&apos;
2018-12-12 13:05:23,475 DEBUG (org.springframework.beans.factory.support.DefaultListableBeanFactory:484) - Finished creating instance of bean &apos;org.springframework.context.event.internalEventListenerFactory&apos;
2018-12-12 13:05:23,475 DEBUG (org.springframework.beans.factory.support.DefaultListableBeanFactory:484) - Finished creating instance of bean &apos;org.springframework.context.event.internalEventListenerFactory&apos;
2018-12-12 13:05:23,476 DEBUG (org.springframework.beans.factory.support.DefaultListableBeanFactory:250) - Returning cached instance of singleton bean &apos;org.springframework.context.support.PropertySourcesPlaceholderConfigurer#0&apos;
2018-12-12 13:05:23,476 DEBUG (org.springframework.beans.factory.support.DefaultListableBeanFactory:250) - Returning cached instance of singleton bean &apos;org.springframework.context.support.PropertySourcesPlaceholderConfigurer#0&apos;
2018-12-12 13:05:23,476 DEBUG (org.springframework.beans.factory.support.DefaultListableBeanFactory:250) - Returning cached instance of singleton bean &apos;dataSource&apos;
2018-12-12 13:05:23,476 DEBUG (org.springframework.beans.factory.support.DefaultListableBeanFactory:250) - Returning cached instance of singleton bean &apos;dataSource&apos;
2018-12-12 13:05:23,476 DEBUG (org.springframework.beans.factory.support.DefaultListableBeanFactory:250) - Returning cached instance of singleton bean &apos;sessionFactory&apos;
2018-12-12 13:05:23,476 DEBUG (org.springframework.beans.factory.support.DefaultListableBeanFactory:250) - Returning cached instance of singleton bean &apos;sessionFactory&apos;
2018-12-12 13:05:23,476 DEBUG (org.springframework.beans.factory.support.DefaultListableBeanFactory:250) - Returning cached instance of singleton bean &apos;hibernateTemplate&apos;
2018-12-12 13:05:23,476 DEBUG (org.springframework.beans.factory.support.DefaultListableBeanFactory:250) - Returning cached instance of singleton bean &apos;hibernateTemplate&apos;
2018-12-12 13:05:23,476 DEBUG (org.springframework.beans.factory.support.DefaultListableBeanFactory:221) - Creating shared instance of singleton bean &apos;transactionManager&apos;
2018-12-12 13:05:23,476 DEBUG (org.springframework.beans.factory.support.DefaultListableBeanFactory:221) - Creating shared instance of singleton bean &apos;transactionManager&apos;
2018-12-12 13:05:23,476 DEBUG (org.springframework.beans.factory.support.DefaultListableBeanFactory:448) - Creating instance of bean &apos;transactionManager&apos;
2018-12-12 13:05:23,476 DEBUG (org.springframework.beans.factory.support.DefaultListableBeanFactory:448) - Creating instance of bean &apos;transactionManager&apos;
2018-12-12 13:05:23,476 DEBUG (org.springframework.beans.factory.support.DefaultListableBeanFactory:250) - Returning cached instance of singleton bean &apos;managerTx&apos;
2018-12-12 13:05:23,476 DEBUG (org.springframework.beans.factory.support.DefaultListableBeanFactory:250) - Returning cached instance of singleton bean &apos;managerTx&apos;
2018-12-12 13:05:23,477 DEBUG (org.springframework.beans.factory.support.DefaultListableBeanFactory:529) - Eagerly caching bean &apos;transactionManager&apos; to allow for resolving potential circular references
2018-12-12 13:05:23,477 DEBUG (org.springframework.beans.factory.support.DefaultListableBeanFactory:529) - Eagerly caching bean &apos;transactionManager&apos; to allow for resolving potential circular references
2018-12-12 13:05:23,478 DEBUG (org.springframework.beans.factory.support.DefaultListableBeanFactory:250) - Returning cached instance of singleton bean &apos;sessionFactory&apos;
2018-12-12 13:05:23,478 DEBUG (org.springframework.beans.factory.support.DefaultListableBeanFactory:250) - Returning cached instance of singleton bean &apos;sessionFactory&apos;
2018-12-12 13:05:23,478 DEBUG (org.springframework.beans.factory.support.DefaultListableBeanFactory:1620) - Invoking afterPropertiesSet() on bean with name &apos;transactionManager&apos;
2018-12-12 13:05:23,478 DEBUG (org.springframework.beans.factory.support.DefaultListableBeanFactory:1620) - Invoking afterPropertiesSet() on bean with name &apos;transactionManager&apos;
2018-12-12 13:05:23,479  INFO (org.springframework.orm.hibernate4.HibernateTransactionManager:360) - Using DataSource [org.apache.commons.dbcp.BasicDataSource@6fd12c5] of Hibernate SessionFactory for HibernateTransactionManager
2018-12-12 13:05:23,479  INFO (org.springframework.orm.hibernate4.HibernateTransactionManager:360) - Using DataSource [org.apache.commons.dbcp.BasicDataSource@6fd12c5] of Hibernate SessionFactory for HibernateTransactionManager
2018-12-12 13:05:23,479 DEBUG (org.springframework.beans.factory.support.DefaultListableBeanFactory:250) - Returning cached instance of singleton bean &apos;managerTx&apos;
2018-12-12 13:05:23,479 DEBUG (org.springframework.beans.factory.support.DefaultListableBeanFactory:250) - Returning cached instance of singleton bean &apos;managerTx&apos;
2018-12-12 13:05:23,479 DEBUG (org.springframework.beans.factory.support.DefaultListableBeanFactory:250) - Returning cached instance of singleton bean &apos;managerTx&apos;
2018-12-12 13:05:23,479 DEBUG (org.springframework.beans.factory.support.DefaultListableBeanFactory:250) - Returning cached instance of singleton bean &apos;managerTx&apos;
2018-12-12 13:05:23,481 DEBUG (org.springframework.beans.factory.support.DefaultListableBeanFactory:484) - Finished creating instance of bean &apos;transactionManager&apos;
2018-12-12 13:05:23,481 DEBUG (org.springframework.beans.factory.support.DefaultListableBeanFactory:484) - Finished creating instance of bean &apos;transactionManager&apos;
2018-12-12 13:05:23,482 DEBUG (org.springframework.beans.factory.support.DefaultListableBeanFactory:221) - Creating shared instance of singleton bean &apos;txAdvice&apos;
2018-12-12 13:05:23,482 DEBUG (org.springframework.beans.factory.support.DefaultListableBeanFactory:221) - Creating shared instance of singleton bean &apos;txAdvice&apos;
2018-12-12 13:05:23,482 DEBUG (org.springframework.beans.factory.support.DefaultListableBeanFactory:448) - Creating instance of bean &apos;txAdvice&apos;
2018-12-12 13:05:23,482 DEBUG (org.springframework.beans.factory.support.DefaultListableBeanFactory:448) - Creating instance of bean &apos;txAdvice&apos;
2018-12-12 13:05:23,483 DEBUG (org.springframework.beans.factory.support.DefaultListableBeanFactory:529) - Eagerly caching bean &apos;txAdvice&apos; to allow for resolving potential circular references
2018-12-12 13:05:23,483 DEBUG (org.springframework.beans.factory.support.DefaultListableBeanFactory:529) - Eagerly caching bean &apos;txAdvice&apos; to allow for resolving potential circular references
2018-12-12 13:05:23,483 DEBUG (org.springframework.beans.factory.support.DefaultListableBeanFactory:250) - Returning cached instance of singleton bean &apos;transactionManager&apos;
2018-12-12 13:05:23,483 DEBUG (org.springframework.beans.factory.support.DefaultListableBeanFactory:250) - Returning cached instance of singleton bean &apos;transactionManager&apos;
2018-12-12 13:05:23,483 DEBUG (org.springframework.beans.factory.support.DefaultListableBeanFactory:448) - Creating instance of bean &apos;(inner bean)#58860997&apos;
2018-12-12 13:05:23,483 DEBUG (org.springframework.beans.factory.support.DefaultListableBeanFactory:448) - Creating instance of bean &apos;(inner bean)#58860997&apos;
2018-12-12 13:05:23,484 DEBUG (org.springframework.beans.factory.support.DefaultListableBeanFactory:250) - Returning cached instance of singleton bean &apos;managerTx&apos;
2018-12-12 13:05:23,484 DEBUG (org.springframework.beans.factory.support.DefaultListableBeanFactory:250) - Returning cached instance of singleton bean &apos;managerTx&apos;
2018-12-12 13:05:23,484 DEBUG (org.springframework.transaction.interceptor.NameMatchTransactionAttributeSource:96) - Adding transactional method [*] with attribute [PROPAGATION_REQUIRED,ISOLATION_DEFAULT,readOnly]
2018-12-12 13:05:23,484 DEBUG (org.springframework.transaction.interceptor.NameMatchTransactionAttributeSource:96) - Adding transactional method [*] with attribute [PROPAGATION_REQUIRED,ISOLATION_DEFAULT,readOnly]
2018-12-12 13:05:23,485 DEBUG (org.springframework.transaction.interceptor.NameMatchTransactionAttributeSource:96) - Adding transactional method [create*] with attribute [PROPAGATION_REQUIRED,ISOLATION_DEFAULT]
2018-12-12 13:05:23,485 DEBUG (org.springframework.transaction.interceptor.NameMatchTransactionAttributeSource:96) - Adding transactional method [create*] with attribute [PROPAGATION_REQUIRED,ISOLATION_DEFAULT]
2018-12-12 13:05:23,485 DEBUG (org.springframework.transaction.interceptor.NameMatchTransactionAttributeSource:96) - Adding transactional method [save*] with attribute [PROPAGATION_REQUIRED,ISOLATION_DEFAULT]
2018-12-12 13:05:23,485 DEBUG (org.springframework.transaction.interceptor.NameMatchTransactionAttributeSource:96) - Adding transactional method [save*] with attribute [PROPAGATION_REQUIRED,ISOLATION_DEFAULT]
2018-12-12 13:05:23,485 DEBUG (org.springframework.transaction.interceptor.NameMatchTransactionAttributeSource:96) - Adding transactional method [reg*] with attribute [PROPAGATION_REQUIRED,ISOLATION_DEFAULT]
2018-12-12 13:05:23,485 DEBUG (org.springframework.transaction.interceptor.NameMatchTransactionAttributeSource:96) - Adding transactional method [reg*] with attribute [PROPAGATION_REQUIRED,ISOLATION_DEFAULT]
2018-12-12 13:05:23,485 DEBUG (org.springframework.transaction.interceptor.NameMatchTransactionAttributeSource:96) - Adding transactional method [update*] with attribute [PROPAGATION_REQUIRED,ISOLATION_DEFAULT]
2018-12-12 13:05:23,485 DEBUG (org.springframework.transaction.interceptor.NameMatchTransactionAttributeSource:96) - Adding transactional method [update*] with attribute [PROPAGATION_REQUIRED,ISOLATION_DEFAULT]
2018-12-12 13:05:23,485 DEBUG (org.springframework.transaction.interceptor.NameMatchTransactionAttributeSource:96) - Adding transactional method [delete*] with attribute [PROPAGATION_REQUIRED,ISOLATION_DEFAULT]
2018-12-12 13:05:23,485 DEBUG (org.springframework.transaction.interceptor.NameMatchTransactionAttributeSource:96) - Adding transactional method [delete*] with attribute [PROPAGATION_REQUIRED,ISOLATION_DEFAULT]
2018-12-12 13:05:23,486 DEBUG (org.springframework.beans.factory.support.DefaultListableBeanFactory:250) - Returning cached instance of singleton bean &apos;managerTx&apos;
2018-12-12 13:05:23,486 DEBUG (org.springframework.beans.factory.support.DefaultListableBeanFactory:250) - Returning cached instance of singleton bean &apos;managerTx&apos;
2018-12-12 13:05:23,486 DEBUG (org.springframework.beans.factory.support.DefaultListableBeanFactory:250) - Returning cached instance of singleton bean &apos;managerTx&apos;
2018-12-12 13:05:23,486 DEBUG (org.springframework.beans.factory.support.DefaultListableBeanFactory:250) - Returning cached instance of singleton bean &apos;managerTx&apos;
2018-12-12 13:05:23,487 DEBUG (org.springframework.beans.factory.support.DefaultListableBeanFactory:484) - Finished creating instance of bean &apos;(inner bean)#58860997&apos;
2018-12-12 13:05:23,487 DEBUG (org.springframework.beans.factory.support.DefaultListableBeanFactory:484) - Finished creating instance of bean &apos;(inner bean)#58860997&apos;
2018-12-12 13:05:23,487 DEBUG (org.springframework.beans.factory.support.DefaultListableBeanFactory:1620) - Invoking afterPropertiesSet() on bean with name &apos;txAdvice&apos;
2018-12-12 13:05:23,487 DEBUG (org.springframework.beans.factory.support.DefaultListableBeanFactory:1620) - Invoking afterPropertiesSet() on bean with name &apos;txAdvice&apos;
2018-12-12 13:05:23,487 DEBUG (org.springframework.beans.factory.support.DefaultListableBeanFactory:484) - Finished creating instance of bean &apos;txAdvice&apos;
2018-12-12 13:05:23,487 DEBUG (org.springframework.beans.factory.support.DefaultListableBeanFactory:484) - Finished creating instance of bean &apos;txAdvice&apos;
2018-12-12 13:05:23,488 DEBUG (org.springframework.beans.factory.support.DefaultListableBeanFactory:250) - Returning cached instance of singleton bean &apos;org.springframework.aop.config.internalAutoProxyCreator&apos;
2018-12-12 13:05:23,488 DEBUG (org.springframework.beans.factory.support.DefaultListableBeanFactory:250) - Returning cached instance of singleton bean &apos;org.springframework.aop.config.internalAutoProxyCreator&apos;
2018-12-12 13:05:23,488 DEBUG (org.springframework.beans.factory.support.DefaultListableBeanFactory:250) - Returning cached instance of singleton bean &apos;managerTx&apos;
2018-12-12 13:05:23,488 DEBUG (org.springframework.beans.factory.support.DefaultListableBeanFactory:250) - Returning cached instance of singleton bean &apos;managerTx&apos;
2018-12-12 13:05:23,488 DEBUG (org.springframework.beans.factory.support.DefaultListableBeanFactory:250) - Returning cached instance of singleton bean &apos;org.springframework.context.annotation.ConfigurationClassPostProcessor.importAwareProcessor&apos;
2018-12-12 13:05:23,488 DEBUG (org.springframework.beans.factory.support.DefaultListableBeanFactory:250) - Returning cached instance of singleton bean &apos;org.springframework.context.annotation.ConfigurationClassPostProcessor.importAwareProcessor&apos;
2018-12-12 13:05:23,488 DEBUG (org.springframework.beans.factory.support.DefaultListableBeanFactory:250) - Returning cached instance of singleton bean &apos;org.springframework.context.annotation.ConfigurationClassPostProcessor.enhancedConfigurationProcessor&apos;
2018-12-12 13:05:23,488 DEBUG (org.springframework.beans.factory.support.DefaultListableBeanFactory:250) - Returning cached instance of singleton bean &apos;org.springframework.context.annotation.ConfigurationClassPostProcessor.enhancedConfigurationProcessor&apos;
2018-12-12 13:05:23,488 DEBUG (org.springframework.beans.factory.support.DefaultListableBeanFactory:250) - Returning cached instance of singleton bean &apos;org.springframework.context.event.internalEventListenerFactory&apos;
2018-12-12 13:05:23,488 DEBUG (org.springframework.beans.factory.support.DefaultListableBeanFactory:250) - Returning cached instance of singleton bean &apos;org.springframework.context.event.internalEventListenerFactory&apos;
2018-12-12 13:05:23,492 DEBUG (org.springframework.context.support.ClassPathXmlApplicationContext:765) - Unable to locate LifecycleProcessor with name &apos;lifecycleProcessor&apos;: using default [org.springframework.context.support.DefaultLifecycleProcessor@7487b142]
2018-12-12 13:05:23,492 DEBUG (org.springframework.context.support.ClassPathXmlApplicationContext:765) - Unable to locate LifecycleProcessor with name &apos;lifecycleProcessor&apos;: using default [org.springframework.context.support.DefaultLifecycleProcessor@7487b142]
2018-12-12 13:05:23,493 DEBUG (org.springframework.beans.factory.support.DefaultListableBeanFactory:250) - Returning cached instance of singleton bean &apos;lifecycleProcessor&apos;
2018-12-12 13:05:23,493 DEBUG (org.springframework.beans.factory.support.DefaultListableBeanFactory:250) - Returning cached instance of singleton bean &apos;lifecycleProcessor&apos;
2018-12-12 13:05:23,493 DEBUG (org.springframework.core.env.PropertySourcesPropertyResolver:81) - Searching for key &apos;spring.liveBeansView.mbeanDomain&apos; in [systemProperties]
2018-12-12 13:05:23,493 DEBUG (org.springframework.core.env.PropertySourcesPropertyResolver:81) - Searching for key &apos;spring.liveBeansView.mbeanDomain&apos; in [systemProperties]
2018-12-12 13:05:23,493 DEBUG (org.springframework.core.env.PropertySourcesPropertyResolver:81) - Searching for key &apos;spring.liveBeansView.mbeanDomain&apos; in [systemEnvironment]
2018-12-12 13:05:23,493 DEBUG (org.springframework.core.env.PropertySourcesPropertyResolver:81) - Searching for key &apos;spring.liveBeansView.mbeanDomain&apos; in [systemEnvironment]
2018-12-12 13:05:23,494 DEBUG (org.springframework.core.env.PropertySourcesPropertyResolver:103) - Could not find key &apos;spring.liveBeansView.mbeanDomain&apos; in any property source. Returning [null]
2018-12-12 13:05:23,494 DEBUG (org.springframework.core.env.PropertySourcesPropertyResolver:103) - Could not find key &apos;spring.liveBeansView.mbeanDomain&apos; in any property source. Returning [null]
2018-12-12 13:05:23,494 DEBUG (org.springframework.beans.factory.support.DefaultListableBeanFactory:250) - Returning cached instance of singleton bean &apos;transactionManager&apos;
2018-12-12 13:05:23,494 DEBUG (org.springframework.beans.factory.support.DefaultListableBeanFactory:250) - Returning cached instance of singleton bean &apos;transactionManager&apos;
2018-12-12 13:05:23,494 DEBUG (org.unitils.database.transaction.impl.DefaultUnitilsTransactionManager:116) - Starting transaction
2018-12-12 13:05:23,494 DEBUG (org.unitils.database.transaction.impl.DefaultUnitilsTransactionManager:116) - Starting transaction
2018-12-12 13:05:23,494 DEBUG (org.springframework.beans.factory.support.DefaultListableBeanFactory:250) - Returning cached instance of singleton bean &apos;transactionManager&apos;
2018-12-12 13:05:23,494 DEBUG (org.springframework.beans.factory.support.DefaultListableBeanFactory:250) - Returning cached instance of singleton bean &apos;transactionManager&apos;
2018-12-12 13:05:23,495 DEBUG (org.springframework.orm.hibernate4.HibernateTransactionManager:367) - Creating new transaction with name [null]: PROPAGATION_REQUIRED,ISOLATION_DEFAULT
2018-12-12 13:05:23,495 DEBUG (org.springframework.orm.hibernate4.HibernateTransactionManager:367) - Creating new transaction with name [null]: PROPAGATION_REQUIRED,ISOLATION_DEFAULT
2018-12-12 13:05:23,495 DEBUG (org.springframework.orm.hibernate4.HibernateTransactionManager:438) - Opened new Session [SessionImpl(PersistenceContext[entityKeys=[],collectionKeys=[]];ActionQueue[insertions=[] updates=[] deletions=[] collectionCreations=[] collectionRemovals=[] collectionUpdates=[] unresolvedInsertDependencies=UnresolvedEntityInsertActions[]])] for Hibernate transaction
2018-12-12 13:05:23,495 DEBUG (org.springframework.orm.hibernate4.HibernateTransactionManager:438) - Opened new Session [SessionImpl(PersistenceContext[entityKeys=[],collectionKeys=[]];ActionQueue[insertions=[] updates=[] deletions=[] collectionCreations=[] collectionRemovals=[] collectionUpdates=[] unresolvedInsertDependencies=UnresolvedEntityInsertActions[]])] for Hibernate transaction
2018-12-12 13:05:23,495 DEBUG (org.springframework.orm.hibernate4.HibernateTransactionManager:448) - Preparing JDBC Connection of Hibernate Session [SessionImpl(PersistenceContext[entityKeys=[],collectionKeys=[]];ActionQueue[insertions=[] updates=[] deletions=[] collectionCreations=[] collectionRemovals=[] collectionUpdates=[] unresolvedInsertDependencies=UnresolvedEntityInsertActions[]])]
2018-12-12 13:05:23,495 DEBUG (org.springframework.orm.hibernate4.HibernateTransactionManager:448) - Preparing JDBC Connection of Hibernate Session [SessionImpl(PersistenceContext[entityKeys=[],collectionKeys=[]];ActionQueue[insertions=[] updates=[] deletions=[] collectionCreations=[] collectionRemovals=[] collectionUpdates=[] unresolvedInsertDependencies=UnresolvedEntityInsertActions[]])]
2018-12-12 13:05:23,495 DEBUG (org.hibernate.engine.jdbc.internal.LogicalConnectionImpl:212) - Obtaining JDBC connection
2018-12-12 13:05:23,495 DEBUG (org.hibernate.engine.jdbc.internal.LogicalConnectionImpl:218) - Obtained JDBC connection
2018-12-12 13:05:23,495 DEBUG (org.hibernate.engine.transaction.spi.AbstractTransactionImpl:158) - begin
2018-12-12 13:05:23,495 DEBUG (org.hibernate.engine.transaction.internal.jdbc.JdbcTransaction:69) - initial autocommit status: true
2018-12-12 13:05:23,495 DEBUG (org.hibernate.engine.transaction.internal.jdbc.JdbcTransaction:71) - disabling autocommit
2018-12-12 13:05:23,496 DEBUG (org.springframework.orm.hibernate4.HibernateTransactionManager:516) - Exposing Hibernate transaction as JDBC transaction [jdbc:mysql://localhost/spring4chapter18?useUnicode=true&amp;characterEncoding=UTF-8, UserName=root@localhost, MySQL Connector Java]
2018-12-12 13:05:23,496 DEBUG (org.springframework.orm.hibernate4.HibernateTransactionManager:516) - Exposing Hibernate transaction as JDBC transaction [jdbc:mysql://localhost/spring4chapter18?useUnicode=true&amp;characterEncoding=UTF-8, UserName=root@localhost, MySQL Connector Java]
2018-12-12 13:05:23,497 DEBUG (org.springframework.beans.factory.support.DefaultListableBeanFactory:250) - Returning cached instance of singleton bean &apos;boardDao&apos;
2018-12-12 13:05:23,497 DEBUG (org.springframework.beans.factory.support.DefaultListableBeanFactory:250) - Returning cached instance of singleton bean &apos;boardDao&apos;
2018-12-12 13:05:23,501 DEBUG (org.hibernate.loader.Loader:2099) - Loading entity: [com.smart.domain.Board#7]
2018-12-12 13:05:23,505 DEBUG (org.hibernate.SQL:104) - select board0_.board_id as board1_0_0_, board0_.board_desc as board2_0_0_, board0_.board_name as board3_0_0_, board0_.topic_num as topic4_0_0_ from t_board board0_ where board0_.board_id=?
Hibernate: select board0_.board_id as board1_0_0_, board0_.board_desc as board2_0_0_, board0_.board_name as board3_0_0_, board0_.topic_num as topic4_0_0_ from t_board board0_ where board0_.board_id=?
2018-12-12 13:05:23,509 DEBUG (org.hibernate.loader.Loader:2123) - Done entity load
2018-12-12 13:05:23,511 DEBUG (org.unitils.database.transaction.impl.DefaultUnitilsTransactionManager:156) - Rolling back transaction
2018-12-12 13:05:23,511 DEBUG (org.unitils.database.transaction.impl.DefaultUnitilsTransactionManager:156) - Rolling back transaction
2018-12-12 13:05:23,512 DEBUG (org.springframework.orm.hibernate4.HibernateTransactionManager:851) - Initiating transaction rollback
2018-12-12 13:05:23,512 DEBUG (org.springframework.orm.hibernate4.HibernateTransactionManager:851) - Initiating transaction rollback
2018-12-12 13:05:23,512 DEBUG (org.springframework.orm.hibernate4.HibernateTransactionManager:600) - Rolling back Hibernate transaction on Session [SessionImpl(PersistenceContext[entityKeys=[],collectionKeys=[]];ActionQueue[insertions=[] updates=[] deletions=[] collectionCreations=[] collectionRemovals=[] collectionUpdates=[] unresolvedInsertDependencies=UnresolvedEntityInsertActions[]])]
2018-12-12 13:05:23,512 DEBUG (org.springframework.orm.hibernate4.HibernateTransactionManager:600) - Rolling back Hibernate transaction on Session [SessionImpl(PersistenceContext[entityKeys=[],collectionKeys=[]];ActionQueue[insertions=[] updates=[] deletions=[] collectionCreations=[] collectionRemovals=[] collectionUpdates=[] unresolvedInsertDependencies=UnresolvedEntityInsertActions[]])]
2018-12-12 13:05:23,512 DEBUG (org.hibernate.engine.transaction.spi.AbstractTransactionImpl:203) - rolling back
2018-12-12 13:05:23,512 DEBUG (org.hibernate.engine.transaction.internal.jdbc.JdbcTransaction:164) - rolled JDBC Connection
2018-12-12 13:05:23,513 DEBUG (org.hibernate.engine.transaction.internal.jdbc.JdbcTransaction:126) - re-enabling autocommit
2018-12-12 13:05:23,513 DEBUG (org.springframework.orm.hibernate4.HibernateTransactionManager:669) - Closing Hibernate Session [SessionImpl(PersistenceContext[entityKeys=[],collectionKeys=[]];ActionQueue[insertions=[] updates=[] deletions=[] collectionCreations=[] collectionRemovals=[] collectionUpdates=[] unresolvedInsertDependencies=UnresolvedEntityInsertActions[]])] after transaction
2018-12-12 13:05:23,513 DEBUG (org.springframework.orm.hibernate4.HibernateTransactionManager:669) - Closing Hibernate Session [SessionImpl(PersistenceContext[entityKeys=[],collectionKeys=[]];ActionQueue[insertions=[] updates=[] deletions=[] collectionCreations=[] collectionRemovals=[] collectionUpdates=[] unresolvedInsertDependencies=UnresolvedEntityInsertActions[]])] after transaction
2018-12-12 13:05:23,513 DEBUG (org.hibernate.engine.jdbc.internal.LogicalConnectionImpl:232) - Releasing JDBC connection
2018-12-12 13:05:23,513 DEBUG (org.hibernate.engine.jdbc.internal.LogicalConnectionImpl:250) - Released JDBC connection
</system-out>
  </testcase>
  <testcase classname="com.smart.dao.BoardDaoTest" name="getBoard" time="0.011">
    <failure message="No row with the given identifier exists: [com.smart.domain.Board#1]" type="org.hibernate.ObjectNotFoundException">org.hibernate.ObjectNotFoundException: No row with the given identifier exists: [com.smart.domain.Board#1]
	at org.hibernate.internal.SessionFactoryImpl$1$1.handleEntityNotFound(SessionFactoryImpl.java:244)
	at org.hibernate.proxy.AbstractLazyInitializer.checkTargetState(AbstractLazyInitializer.java:261)
	at org.hibernate.proxy.AbstractLazyInitializer.initialize(AbstractLazyInitializer.java:175)
	at org.hibernate.proxy.AbstractLazyInitializer.getImplementation(AbstractLazyInitializer.java:285)
	at org.hibernate.proxy.pojo.javassist.JavassistLazyInitializer.invoke(JavassistLazyInitializer.java:185)
	at com.smart.domain.Board_$$_javassist_0.getBoardName(Board_$$_javassist_0.java)
	at com.smart.dao.BoardDaoTest.getBoard(BoardDaoTest.java:58)
</failure>
    <system-out>2018-12-12 13:05:23,517 DEBUG (org.springframework.core.env.StandardEnvironment:109) - Adding [systemProperties] PropertySource with lowest search precedence
2018-12-12 13:05:23,517 DEBUG (org.springframework.core.env.StandardEnvironment:109) - Adding [systemProperties] PropertySource with lowest search precedence
2018-12-12 13:05:23,517 DEBUG (org.springframework.core.env.StandardEnvironment:109) - Adding [systemEnvironment] PropertySource with lowest search precedence
2018-12-12 13:05:23,517 DEBUG (org.springframework.core.env.StandardEnvironment:109) - Adding [systemEnvironment] PropertySource with lowest search precedence
2018-12-12 13:05:23,517 DEBUG (org.springframework.core.env.StandardEnvironment:127) - Initialized StandardEnvironment with PropertySources [systemProperties,systemEnvironment]
2018-12-12 13:05:23,517 DEBUG (org.springframework.core.env.StandardEnvironment:127) - Initialized StandardEnvironment with PropertySources [systemProperties,systemEnvironment]
2018-12-12 13:05:23,517  INFO (org.springframework.context.support.ClassPathXmlApplicationContext:574) - Refreshing org.springframework.context.support.ClassPathXmlApplicationContext@18acfe88: startup date [Wed Dec 12 13:05:23 CST 2018]; root of context hierarchy
2018-12-12 13:05:23,517  INFO (org.springframework.context.support.ClassPathXmlApplicationContext:574) - Refreshing org.springframework.context.support.ClassPathXmlApplicationContext@18acfe88: startup date [Wed Dec 12 13:05:23 CST 2018]; root of context hierarchy
2018-12-12 13:05:23,518 DEBUG (org.springframework.core.env.StandardEnvironment:109) - Adding [systemProperties] PropertySource with lowest search precedence
2018-12-12 13:05:23,518 DEBUG (org.springframework.core.env.StandardEnvironment:109) - Adding [systemProperties] PropertySource with lowest search precedence
2018-12-12 13:05:23,518 DEBUG (org.springframework.core.env.StandardEnvironment:109) - Adding [systemEnvironment] PropertySource with lowest search precedence
2018-12-12 13:05:23,518 DEBUG (org.springframework.core.env.StandardEnvironment:109) - Adding [systemEnvironment] PropertySource with lowest search precedence
2018-12-12 13:05:23,518 DEBUG (org.springframework.core.env.StandardEnvironment:127) - Initialized StandardEnvironment with PropertySources [systemProperties,systemEnvironment]
2018-12-12 13:05:23,518 DEBUG (org.springframework.core.env.StandardEnvironment:127) - Initialized StandardEnvironment with PropertySources [systemProperties,systemEnvironment]
2018-12-12 13:05:23,518  INFO (org.springframework.beans.factory.xml.XmlBeanDefinitionReader:317) - Loading XML bean definitions from class path resource [xiaochun-dao.xml]
2018-12-12 13:05:23,518  INFO (org.springframework.beans.factory.xml.XmlBeanDefinitionReader:317) - Loading XML bean definitions from class path resource [xiaochun-dao.xml]
2018-12-12 13:05:23,520 DEBUG (org.springframework.beans.factory.xml.DefaultDocumentLoader:73) - Using JAXP provider [org.apache.xerces.jaxp.DocumentBuilderFactoryImpl]
2018-12-12 13:05:23,520 DEBUG (org.springframework.beans.factory.xml.DefaultDocumentLoader:73) - Using JAXP provider [org.apache.xerces.jaxp.DocumentBuilderFactoryImpl]
2018-12-12 13:05:23,521 DEBUG (org.springframework.beans.factory.xml.PluggableSchemaResolver:141) - Loading schema mappings from [META-INF/spring.schemas]
2018-12-12 13:05:23,521 DEBUG (org.springframework.beans.factory.xml.PluggableSchemaResolver:141) - Loading schema mappings from [META-INF/spring.schemas]
2018-12-12 13:05:23,524 DEBUG (org.springframework.beans.factory.xml.PluggableSchemaResolver:147) - Loaded schema mappings: {http://www.springframework.org/schema/tx/spring-tx-2.5.xsd=org/springframework/transaction/config/spring-tx-2.5.xsd, http://www.springframework.org/schema/cache/spring-cache-4.2.xsd=org/springframework/cache/config/spring-cache-4.2.xsd, http://www.springframework.org/schema/aop/spring-aop-4.1.xsd=org/springframework/aop/config/spring-aop-4.1.xsd, http://www.springframework.org/schema/context/spring-context-3.1.xsd=org/springframework/context/config/spring-context-3.1.xsd, http://www.springframework.org/schema/jdbc/spring-jdbc-4.1.xsd=org/springframework/jdbc/config/spring-jdbc-4.1.xsd, http://www.springframework.org/schema/util/spring-util-3.0.xsd=org/springframework/beans/factory/xml/spring-util-3.0.xsd, http://www.springframework.org/schema/mvc/spring-mvc-4.1.xsd=org/springframework/web/servlet/config/spring-mvc-4.1.xsd, http://www.springframework.org/schema/tool/spring-tool.xsd=org/springframework/beans/factory/xml/spring-tool-4.2.xsd, http://www.springframework.org/schema/aop/spring-aop-3.2.xsd=org/springframework/aop/config/spring-aop-3.2.xsd, http://www.springframework.org/schema/lang/spring-lang-4.1.xsd=org/springframework/scripting/config/spring-lang-4.1.xsd, http://www.springframework.org/schema/context/spring-context-4.0.xsd=org/springframework/context/config/spring-context-4.0.xsd, http://www.springframework.org/schema/mvc/spring-mvc-3.2.xsd=org/springframework/web/servlet/config/spring-mvc-3.2.xsd, http://www.springframework.org/schema/beans/spring-beans-4.2.xsd=org/springframework/beans/factory/xml/spring-beans-4.2.xsd, http://www.springframework.org/schema/tool/spring-tool-4.1.xsd=org/springframework/beans/factory/xml/spring-tool-4.1.xsd, http://www.springframework.org/schema/lang/spring-lang-3.2.xsd=org/springframework/scripting/config/spring-lang-3.2.xsd, http://www.springframework.org/schema/cache/spring-cache-3.2.xsd=org/springframework/cache/config/spring-cache-3.2.xsd, http://www.springframework.org/schema/jee/spring-jee-4.1.xsd=org/springframework/ejb/config/spring-jee-4.1.xsd, http://www.springframework.org/schema/jdbc/spring-jdbc-3.1.xsd=org/springframework/jdbc/config/spring-jdbc-3.1.xsd, http://www.springframework.org/schema/util/spring-util-2.0.xsd=org/springframework/beans/factory/xml/spring-util-2.0.xsd, http://www.springframework.org/schema/task/spring-task-4.2.xsd=org/springframework/scheduling/config/spring-task-4.2.xsd, http://www.springframework.org/schema/tool/spring-tool-3.2.xsd=org/springframework/beans/factory/xml/spring-tool-3.2.xsd, http://www.springframework.org/schema/context/spring-context.xsd=org/springframework/context/config/spring-context-4.2.xsd, http://www.springframework.org/schema/tx/spring-tx-4.2.xsd=org/springframework/transaction/config/spring-tx-4.2.xsd, http://www.springframework.org/schema/cache/spring-cache-4.1.xsd=org/springframework/cache/config/spring-cache-4.1.xsd, http://www.springframework.org/schema/aop/spring-aop-4.0.xsd=org/springframework/aop/config/spring-aop-4.0.xsd, http://www.springframework.org/schema/jee/spring-jee-3.2.xsd=org/springframework/ejb/config/spring-jee-3.2.xsd, http://www.springframework.org/schema/context/spring-context-3.0.xsd=org/springframework/context/config/spring-context-3.0.xsd, http://www.springframework.org/schema/jdbc/spring-jdbc-4.0.xsd=org/springframework/jdbc/config/spring-jdbc-4.0.xsd, http://www.springframework.org/schema/util/spring-util-2.5.xsd=org/springframework/beans/factory/xml/spring-util-2.5.xsd, http://www.springframework.org/schema/mvc/spring-mvc-4.0.xsd=org/springframework/web/servlet/config/spring-mvc-4.0.xsd, http://www.springframework.org/schema/beans/spring-beans-3.2.xsd=org/springframework/beans/factory/xml/spring-beans-3.2.xsd, http://www.springframework.org/schema/aop/spring-aop-3.1.xsd=org/springframework/aop/config/spring-aop-3.1.xsd, http://www.springframework.org/schema/lang/spring-lang-4.0.xsd=org/springframework/scripting/config/spring-lang-4.0.xsd, http://www.springframework.org/schema/mvc/spring-mvc.xsd=org/springframework/web/servlet/config/spring-mvc-4.2.xsd, http://www.springframework.org/schema/mvc/spring-mvc-3.1.xsd=org/springframework/web/servlet/config/spring-mvc-3.1.xsd, http://www.springframework.org/schema/beans/spring-beans-4.1.xsd=org/springframework/beans/factory/xml/spring-beans-4.1.xsd, http://www.springframework.org/schema/tool/spring-tool-4.0.xsd=org/springframework/beans/factory/xml/spring-tool-4.0.xsd, http://www.springframework.org/schema/lang/spring-lang-3.1.xsd=org/springframework/scripting/config/spring-lang-3.1.xsd, http://www.springframework.org/schema/tx/spring-tx-3.2.xsd=org/springframework/transaction/config/spring-tx-3.2.xsd, http://www.springframework.org/schema/cache/spring-cache-3.1.xsd=org/springframework/cache/config/spring-cache-3.1.xsd, http://www.springframework.org/schema/jee/spring-jee-4.0.xsd=org/springframework/ejb/config/spring-jee-4.0.xsd, http://www.springframework.org/schema/jdbc/spring-jdbc-3.0.xsd=org/springframework/jdbc/config/spring-jdbc-3.0.xsd, http://www.springframework.org/schema/task/spring-task-4.1.xsd=org/springframework/scheduling/config/spring-task-4.1.xsd, http://www.springframework.org/schema/jdbc/spring-jdbc.xsd=org/springframework/jdbc/config/spring-jdbc-4.2.xsd, http://www.springframework.org/schema/tool/spring-tool-3.1.xsd=org/springframework/beans/factory/xml/spring-tool-3.1.xsd, http://www.springframework.org/schema/tx/spring-tx-4.1.xsd=org/springframework/transaction/config/spring-tx-4.1.xsd, http://www.springframework.org/schema/cache/spring-cache-4.0.xsd=org/springframework/cache/config/spring-cache-4.0.xsd, http://www.springframework.org/schema/jee/spring-jee-3.1.xsd=org/springframework/ejb/config/spring-jee-3.1.xsd, http://www.springframework.org/schema/util/spring-util-4.2.xsd=org/springframework/beans/factory/xml/spring-util-4.2.xsd, http://www.springframework.org/schema/task/spring-task-3.2.xsd=org/springframework/scheduling/config/spring-task-3.2.xsd, http://www.springframework.org/schema/beans/spring-beans-3.1.xsd=org/springframework/beans/factory/xml/spring-beans-3.1.xsd, http://www.springframework.org/schema/util/spring-util.xsd=org/springframework/beans/factory/xml/spring-util-4.2.xsd, http://www.springframework.org/schema/aop/spring-aop-3.0.xsd=org/springframework/aop/config/spring-aop-3.0.xsd, http://www.springframework.org/schema/mvc/spring-mvc-3.0.xsd=org/springframework/web/servlet/config/spring-mvc-3.0.xsd, http://www.springframework.org/schema/beans/spring-beans-4.0.xsd=org/springframework/beans/factory/xml/spring-beans-4.0.xsd, http://www.springframework.org/schema/beans/spring-beans.xsd=org/springframework/beans/factory/xml/spring-beans-4.2.xsd, http://www.springframework.org/schema/lang/spring-lang-3.0.xsd=org/springframework/scripting/config/spring-lang-3.0.xsd, http://www.springframework.org/schema/tx/spring-tx-3.1.xsd=org/springframework/transaction/config/spring-tx-3.1.xsd, http://www.springframework.org/schema/context/spring-context-2.5.xsd=org/springframework/context/config/spring-context-2.5.xsd, http://www.springframework.org/schema/task/spring-task-4.0.xsd=org/springframework/scheduling/config/spring-task-4.0.xsd, http://www.springframework.org/schema/tool/spring-tool-3.0.xsd=org/springframework/beans/factory/xml/spring-tool-3.0.xsd, http://www.springframework.org/schema/tx/spring-tx-4.0.xsd=org/springframework/transaction/config/spring-tx-4.0.xsd, http://www.springframework.org/schema/aop/spring-aop-2.0.xsd=org/springframework/aop/config/spring-aop-2.0.xsd, http://www.springframework.org/schema/jee/spring-jee-3.0.xsd=org/springframework/ejb/config/spring-jee-3.0.xsd, http://www.springframework.org/schema/util/spring-util-4.1.xsd=org/springframework/beans/factory/xml/spring-util-4.1.xsd, http://www.springframework.org/schema/task/spring-task-3.1.xsd=org/springframework/scheduling/config/spring-task-3.1.xsd, http://www.springframework.org/schema/beans/spring-beans-3.0.xsd=org/springframework/beans/factory/xml/spring-beans-3.0.xsd, http://www.springframework.org/schema/jee/spring-jee.xsd=org/springframework/ejb/config/spring-jee-4.2.xsd, http://www.springframework.org/schema/aop/spring-aop-2.5.xsd=org/springframework/aop/config/spring-aop-2.5.xsd, http://www.springframework.org/schema/lang/spring-lang-2.0.xsd=org/springframework/scripting/config/spring-lang-2.0.xsd, http://www.springframework.org/schema/util/spring-util-3.2.xsd=org/springframework/beans/factory/xml/spring-util-3.2.xsd, http://www.springframework.org/schema/task/spring-task.xsd=org/springframework/scheduling/config/spring-task-4.2.xsd, http://www.springframework.org/schema/tool/spring-tool-2.0.xsd=org/springframework/beans/factory/xml/spring-tool-2.0.xsd, http://www.springframework.org/schema/tx/spring-tx-3.0.xsd=org/springframework/transaction/config/spring-tx-3.0.xsd, http://www.springframework.org/schema/lang/spring-lang-2.5.xsd=org/springframework/scripting/config/spring-lang-2.5.xsd, http://www.springframework.org/schema/context/spring-context-4.2.xsd=org/springframework/context/config/spring-context-4.2.xsd, http://www.springframework.org/schema/jee/spring-jee-2.0.xsd=org/springframework/ejb/config/spring-jee-2.0.xsd, http://www.springframework.org/schema/tool/spring-tool-2.5.xsd=org/springframework/beans/factory/xml/spring-tool-2.5.xsd, http://www.springframework.org/schema/jee/spring-jee-2.5.xsd=org/springframework/ejb/config/spring-jee-2.5.xsd, http://www.springframework.org/schema/util/spring-util-4.0.xsd=org/springframework/beans/factory/xml/spring-util-4.0.xsd, http://www.springframework.org/schema/task/spring-task-3.0.xsd=org/springframework/scheduling/config/spring-task-3.0.xsd, http://www.springframework.org/schema/aop/spring-aop-4.2.xsd=org/springframework/aop/config/spring-aop-4.2.xsd, http://www.springframework.org/schema/lang/spring-lang.xsd=org/springframework/scripting/config/spring-lang-4.2.xsd, http://www.springframework.org/schema/context/spring-context-3.2.xsd=org/springframework/context/config/spring-context-3.2.xsd, http://www.springframework.org/schema/jdbc/spring-jdbc-4.2.xsd=org/springframework/jdbc/config/spring-jdbc-4.2.xsd, http://www.springframework.org/schema/util/spring-util-3.1.xsd=org/springframework/beans/factory/xml/spring-util-3.1.xsd, http://www.springframework.org/schema/mvc/spring-mvc-4.2.xsd=org/springframework/web/servlet/config/spring-mvc-4.2.xsd, http://www.springframework.org/schema/beans/spring-beans-2.0.xsd=org/springframework/beans/factory/xml/spring-beans-2.0.xsd, http://www.springframework.org/schema/cache/spring-cache.xsd=org/springframework/cache/config/spring-cache-4.2.xsd, http://www.springframework.org/schema/tx/spring-tx.xsd=org/springframework/transaction/config/spring-tx-4.2.xsd, http://www.springframework.org/schema/lang/spring-lang-4.2.xsd=org/springframework/scripting/config/spring-lang-4.2.xsd, http://www.springframework.org/schema/context/spring-context-4.1.xsd=org/springframework/context/config/spring-context-4.1.xsd, http://www.springframework.org/schema/beans/spring-beans-2.5.xsd=org/springframework/beans/factory/xml/spring-beans-2.5.xsd, http://www.springframework.org/schema/tool/spring-tool-4.2.xsd=org/springframework/beans/factory/xml/spring-tool-4.2.xsd, http://www.springframework.org/schema/tx/spring-tx-2.0.xsd=org/springframework/transaction/config/spring-tx-2.0.xsd, http://www.springframework.org/schema/jee/spring-jee-4.2.xsd=org/springframework/ejb/config/spring-jee-4.2.xsd, http://www.springframework.org/schema/jdbc/spring-jdbc-3.2.xsd=org/springframework/jdbc/config/spring-jdbc-3.2.xsd, http://www.springframework.org/schema/aop/spring-aop.xsd=org/springframework/aop/config/spring-aop-4.2.xsd}
2018-12-12 13:05:23,524 DEBUG (org.springframework.beans.factory.xml.PluggableSchemaResolver:147) - Loaded schema mappings: {http://www.springframework.org/schema/tx/spring-tx-2.5.xsd=org/springframework/transaction/config/spring-tx-2.5.xsd, http://www.springframework.org/schema/cache/spring-cache-4.2.xsd=org/springframework/cache/config/spring-cache-4.2.xsd, http://www.springframework.org/schema/aop/spring-aop-4.1.xsd=org/springframework/aop/config/spring-aop-4.1.xsd, http://www.springframework.org/schema/context/spring-context-3.1.xsd=org/springframework/context/config/spring-context-3.1.xsd, http://www.springframework.org/schema/jdbc/spring-jdbc-4.1.xsd=org/springframework/jdbc/config/spring-jdbc-4.1.xsd, http://www.springframework.org/schema/util/spring-util-3.0.xsd=org/springframework/beans/factory/xml/spring-util-3.0.xsd, http://www.springframework.org/schema/mvc/spring-mvc-4.1.xsd=org/springframework/web/servlet/config/spring-mvc-4.1.xsd, http://www.springframework.org/schema/tool/spring-tool.xsd=org/springframework/beans/factory/xml/spring-tool-4.2.xsd, http://www.springframework.org/schema/aop/spring-aop-3.2.xsd=org/springframework/aop/config/spring-aop-3.2.xsd, http://www.springframework.org/schema/lang/spring-lang-4.1.xsd=org/springframework/scripting/config/spring-lang-4.1.xsd, http://www.springframework.org/schema/context/spring-context-4.0.xsd=org/springframework/context/config/spring-context-4.0.xsd, http://www.springframework.org/schema/mvc/spring-mvc-3.2.xsd=org/springframework/web/servlet/config/spring-mvc-3.2.xsd, http://www.springframework.org/schema/beans/spring-beans-4.2.xsd=org/springframework/beans/factory/xml/spring-beans-4.2.xsd, http://www.springframework.org/schema/tool/spring-tool-4.1.xsd=org/springframework/beans/factory/xml/spring-tool-4.1.xsd, http://www.springframework.org/schema/lang/spring-lang-3.2.xsd=org/springframework/scripting/config/spring-lang-3.2.xsd, http://www.springframework.org/schema/cache/spring-cache-3.2.xsd=org/springframework/cache/config/spring-cache-3.2.xsd, http://www.springframework.org/schema/jee/spring-jee-4.1.xsd=org/springframework/ejb/config/spring-jee-4.1.xsd, http://www.springframework.org/schema/jdbc/spring-jdbc-3.1.xsd=org/springframework/jdbc/config/spring-jdbc-3.1.xsd, http://www.springframework.org/schema/util/spring-util-2.0.xsd=org/springframework/beans/factory/xml/spring-util-2.0.xsd, http://www.springframework.org/schema/task/spring-task-4.2.xsd=org/springframework/scheduling/config/spring-task-4.2.xsd, http://www.springframework.org/schema/tool/spring-tool-3.2.xsd=org/springframework/beans/factory/xml/spring-tool-3.2.xsd, http://www.springframework.org/schema/context/spring-context.xsd=org/springframework/context/config/spring-context-4.2.xsd, http://www.springframework.org/schema/tx/spring-tx-4.2.xsd=org/springframework/transaction/config/spring-tx-4.2.xsd, http://www.springframework.org/schema/cache/spring-cache-4.1.xsd=org/springframework/cache/config/spring-cache-4.1.xsd, http://www.springframework.org/schema/aop/spring-aop-4.0.xsd=org/springframework/aop/config/spring-aop-4.0.xsd, http://www.springframework.org/schema/jee/spring-jee-3.2.xsd=org/springframework/ejb/config/spring-jee-3.2.xsd, http://www.springframework.org/schema/context/spring-context-3.0.xsd=org/springframework/context/config/spring-context-3.0.xsd, http://www.springframework.org/schema/jdbc/spring-jdbc-4.0.xsd=org/springframework/jdbc/config/spring-jdbc-4.0.xsd, http://www.springframework.org/schema/util/spring-util-2.5.xsd=org/springframework/beans/factory/xml/spring-util-2.5.xsd, http://www.springframework.org/schema/mvc/spring-mvc-4.0.xsd=org/springframework/web/servlet/config/spring-mvc-4.0.xsd, http://www.springframework.org/schema/beans/spring-beans-3.2.xsd=org/springframework/beans/factory/xml/spring-beans-3.2.xsd, http://www.springframework.org/schema/aop/spring-aop-3.1.xsd=org/springframework/aop/config/spring-aop-3.1.xsd, http://www.springframework.org/schema/lang/spring-lang-4.0.xsd=org/springframework/scripting/config/spring-lang-4.0.xsd, http://www.springframework.org/schema/mvc/spring-mvc.xsd=org/springframework/web/servlet/config/spring-mvc-4.2.xsd, http://www.springframework.org/schema/mvc/spring-mvc-3.1.xsd=org/springframework/web/servlet/config/spring-mvc-3.1.xsd, http://www.springframework.org/schema/beans/spring-beans-4.1.xsd=org/springframework/beans/factory/xml/spring-beans-4.1.xsd, http://www.springframework.org/schema/tool/spring-tool-4.0.xsd=org/springframework/beans/factory/xml/spring-tool-4.0.xsd, http://www.springframework.org/schema/lang/spring-lang-3.1.xsd=org/springframework/scripting/config/spring-lang-3.1.xsd, http://www.springframework.org/schema/tx/spring-tx-3.2.xsd=org/springframework/transaction/config/spring-tx-3.2.xsd, http://www.springframework.org/schema/cache/spring-cache-3.1.xsd=org/springframework/cache/config/spring-cache-3.1.xsd, http://www.springframework.org/schema/jee/spring-jee-4.0.xsd=org/springframework/ejb/config/spring-jee-4.0.xsd, http://www.springframework.org/schema/jdbc/spring-jdbc-3.0.xsd=org/springframework/jdbc/config/spring-jdbc-3.0.xsd, http://www.springframework.org/schema/task/spring-task-4.1.xsd=org/springframework/scheduling/config/spring-task-4.1.xsd, http://www.springframework.org/schema/jdbc/spring-jdbc.xsd=org/springframework/jdbc/config/spring-jdbc-4.2.xsd, http://www.springframework.org/schema/tool/spring-tool-3.1.xsd=org/springframework/beans/factory/xml/spring-tool-3.1.xsd, http://www.springframework.org/schema/tx/spring-tx-4.1.xsd=org/springframework/transaction/config/spring-tx-4.1.xsd, http://www.springframework.org/schema/cache/spring-cache-4.0.xsd=org/springframework/cache/config/spring-cache-4.0.xsd, http://www.springframework.org/schema/jee/spring-jee-3.1.xsd=org/springframework/ejb/config/spring-jee-3.1.xsd, http://www.springframework.org/schema/util/spring-util-4.2.xsd=org/springframework/beans/factory/xml/spring-util-4.2.xsd, http://www.springframework.org/schema/task/spring-task-3.2.xsd=org/springframework/scheduling/config/spring-task-3.2.xsd, http://www.springframework.org/schema/beans/spring-beans-3.1.xsd=org/springframework/beans/factory/xml/spring-beans-3.1.xsd, http://www.springframework.org/schema/util/spring-util.xsd=org/springframework/beans/factory/xml/spring-util-4.2.xsd, http://www.springframework.org/schema/aop/spring-aop-3.0.xsd=org/springframework/aop/config/spring-aop-3.0.xsd, http://www.springframework.org/schema/mvc/spring-mvc-3.0.xsd=org/springframework/web/servlet/config/spring-mvc-3.0.xsd, http://www.springframework.org/schema/beans/spring-beans-4.0.xsd=org/springframework/beans/factory/xml/spring-beans-4.0.xsd, http://www.springframework.org/schema/beans/spring-beans.xsd=org/springframework/beans/factory/xml/spring-beans-4.2.xsd, http://www.springframework.org/schema/lang/spring-lang-3.0.xsd=org/springframework/scripting/config/spring-lang-3.0.xsd, http://www.springframework.org/schema/tx/spring-tx-3.1.xsd=org/springframework/transaction/config/spring-tx-3.1.xsd, http://www.springframework.org/schema/context/spring-context-2.5.xsd=org/springframework/context/config/spring-context-2.5.xsd, http://www.springframework.org/schema/task/spring-task-4.0.xsd=org/springframework/scheduling/config/spring-task-4.0.xsd, http://www.springframework.org/schema/tool/spring-tool-3.0.xsd=org/springframework/beans/factory/xml/spring-tool-3.0.xsd, http://www.springframework.org/schema/tx/spring-tx-4.0.xsd=org/springframework/transaction/config/spring-tx-4.0.xsd, http://www.springframework.org/schema/aop/spring-aop-2.0.xsd=org/springframework/aop/config/spring-aop-2.0.xsd, http://www.springframework.org/schema/jee/spring-jee-3.0.xsd=org/springframework/ejb/config/spring-jee-3.0.xsd, http://www.springframework.org/schema/util/spring-util-4.1.xsd=org/springframework/beans/factory/xml/spring-util-4.1.xsd, http://www.springframework.org/schema/task/spring-task-3.1.xsd=org/springframework/scheduling/config/spring-task-3.1.xsd, http://www.springframework.org/schema/beans/spring-beans-3.0.xsd=org/springframework/beans/factory/xml/spring-beans-3.0.xsd, http://www.springframework.org/schema/jee/spring-jee.xsd=org/springframework/ejb/config/spring-jee-4.2.xsd, http://www.springframework.org/schema/aop/spring-aop-2.5.xsd=org/springframework/aop/config/spring-aop-2.5.xsd, http://www.springframework.org/schema/lang/spring-lang-2.0.xsd=org/springframework/scripting/config/spring-lang-2.0.xsd, http://www.springframework.org/schema/util/spring-util-3.2.xsd=org/springframework/beans/factory/xml/spring-util-3.2.xsd, http://www.springframework.org/schema/task/spring-task.xsd=org/springframework/scheduling/config/spring-task-4.2.xsd, http://www.springframework.org/schema/tool/spring-tool-2.0.xsd=org/springframework/beans/factory/xml/spring-tool-2.0.xsd, http://www.springframework.org/schema/tx/spring-tx-3.0.xsd=org/springframework/transaction/config/spring-tx-3.0.xsd, http://www.springframework.org/schema/lang/spring-lang-2.5.xsd=org/springframework/scripting/config/spring-lang-2.5.xsd, http://www.springframework.org/schema/context/spring-context-4.2.xsd=org/springframework/context/config/spring-context-4.2.xsd, http://www.springframework.org/schema/jee/spring-jee-2.0.xsd=org/springframework/ejb/config/spring-jee-2.0.xsd, http://www.springframework.org/schema/tool/spring-tool-2.5.xsd=org/springframework/beans/factory/xml/spring-tool-2.5.xsd, http://www.springframework.org/schema/jee/spring-jee-2.5.xsd=org/springframework/ejb/config/spring-jee-2.5.xsd, http://www.springframework.org/schema/util/spring-util-4.0.xsd=org/springframework/beans/factory/xml/spring-util-4.0.xsd, http://www.springframework.org/schema/task/spring-task-3.0.xsd=org/springframework/scheduling/config/spring-task-3.0.xsd, http://www.springframework.org/schema/aop/spring-aop-4.2.xsd=org/springframework/aop/config/spring-aop-4.2.xsd, http://www.springframework.org/schema/lang/spring-lang.xsd=org/springframework/scripting/config/spring-lang-4.2.xsd, http://www.springframework.org/schema/context/spring-context-3.2.xsd=org/springframework/context/config/spring-context-3.2.xsd, http://www.springframework.org/schema/jdbc/spring-jdbc-4.2.xsd=org/springframework/jdbc/config/spring-jdbc-4.2.xsd, http://www.springframework.org/schema/util/spring-util-3.1.xsd=org/springframework/beans/factory/xml/spring-util-3.1.xsd, http://www.springframework.org/schema/mvc/spring-mvc-4.2.xsd=org/springframework/web/servlet/config/spring-mvc-4.2.xsd, http://www.springframework.org/schema/beans/spring-beans-2.0.xsd=org/springframework/beans/factory/xml/spring-beans-2.0.xsd, http://www.springframework.org/schema/cache/spring-cache.xsd=org/springframework/cache/config/spring-cache-4.2.xsd, http://www.springframework.org/schema/tx/spring-tx.xsd=org/springframework/transaction/config/spring-tx-4.2.xsd, http://www.springframework.org/schema/lang/spring-lang-4.2.xsd=org/springframework/scripting/config/spring-lang-4.2.xsd, http://www.springframework.org/schema/context/spring-context-4.1.xsd=org/springframework/context/config/spring-context-4.1.xsd, http://www.springframework.org/schema/beans/spring-beans-2.5.xsd=org/springframework/beans/factory/xml/spring-beans-2.5.xsd, http://www.springframework.org/schema/tool/spring-tool-4.2.xsd=org/springframework/beans/factory/xml/spring-tool-4.2.xsd, http://www.springframework.org/schema/tx/spring-tx-2.0.xsd=org/springframework/transaction/config/spring-tx-2.0.xsd, http://www.springframework.org/schema/jee/spring-jee-4.2.xsd=org/springframework/ejb/config/spring-jee-4.2.xsd, http://www.springframework.org/schema/jdbc/spring-jdbc-3.2.xsd=org/springframework/jdbc/config/spring-jdbc-3.2.xsd, http://www.springframework.org/schema/aop/spring-aop.xsd=org/springframework/aop/config/spring-aop-4.2.xsd}
2018-12-12 13:05:23,525 DEBUG (org.springframework.beans.factory.xml.PluggableSchemaResolver:119) - Found XML schema [http://www.springframework.org/schema/beans/spring-beans-4.0.xsd] in classpath: org/springframework/beans/factory/xml/spring-beans-4.0.xsd
2018-12-12 13:05:23,525 DEBUG (org.springframework.beans.factory.xml.PluggableSchemaResolver:119) - Found XML schema [http://www.springframework.org/schema/beans/spring-beans-4.0.xsd] in classpath: org/springframework/beans/factory/xml/spring-beans-4.0.xsd
2018-12-12 13:05:23,534 DEBUG (org.springframework.beans.factory.xml.PluggableSchemaResolver:119) - Found XML schema [http://www.springframework.org/schema/context/spring-context-4.0.xsd] in classpath: org/springframework/context/config/spring-context-4.0.xsd
2018-12-12 13:05:23,534 DEBUG (org.springframework.beans.factory.xml.PluggableSchemaResolver:119) - Found XML schema [http://www.springframework.org/schema/context/spring-context-4.0.xsd] in classpath: org/springframework/context/config/spring-context-4.0.xsd
2018-12-12 13:05:23,536 DEBUG (org.springframework.beans.factory.xml.PluggableSchemaResolver:119) - Found XML schema [http://www.springframework.org/schema/tool/spring-tool-4.0.xsd] in classpath: org/springframework/beans/factory/xml/spring-tool-4.0.xsd
2018-12-12 13:05:23,536 DEBUG (org.springframework.beans.factory.xml.PluggableSchemaResolver:119) - Found XML schema [http://www.springframework.org/schema/tool/spring-tool-4.0.xsd] in classpath: org/springframework/beans/factory/xml/spring-tool-4.0.xsd
2018-12-12 13:05:23,542 DEBUG (org.springframework.beans.factory.xml.PluggableSchemaResolver:119) - Found XML schema [http://www.springframework.org/schema/tx/spring-tx-4.0.xsd] in classpath: org/springframework/transaction/config/spring-tx-4.0.xsd
2018-12-12 13:05:23,542 DEBUG (org.springframework.beans.factory.xml.PluggableSchemaResolver:119) - Found XML schema [http://www.springframework.org/schema/tx/spring-tx-4.0.xsd] in classpath: org/springframework/transaction/config/spring-tx-4.0.xsd
2018-12-12 13:05:23,546 DEBUG (org.springframework.beans.factory.xml.PluggableSchemaResolver:119) - Found XML schema [http://www.springframework.org/schema/aop/spring-aop-4.0.xsd] in classpath: org/springframework/aop/config/spring-aop-4.0.xsd
2018-12-12 13:05:23,546 DEBUG (org.springframework.beans.factory.xml.PluggableSchemaResolver:119) - Found XML schema [http://www.springframework.org/schema/aop/spring-aop-4.0.xsd] in classpath: org/springframework/aop/config/spring-aop-4.0.xsd
2018-12-12 13:05:23,550 DEBUG (org.springframework.beans.factory.xml.DefaultBeanDefinitionDocumentReader:92) - Loading bean definitions
2018-12-12 13:05:23,550 DEBUG (org.springframework.beans.factory.xml.DefaultBeanDefinitionDocumentReader:92) - Loading bean definitions
2018-12-12 13:05:23,552 DEBUG (org.springframework.beans.factory.xml.DefaultNamespaceHandlerResolver:157) - Loaded NamespaceHandler mappings: {http://www.springframework.org/schema/p=org.springframework.beans.factory.xml.SimplePropertyNamespaceHandler, http://www.springframework.org/schema/mvc=org.springframework.web.servlet.config.MvcNamespaceHandler, http://www.springframework.org/schema/util=org.springframework.beans.factory.xml.UtilNamespaceHandler, http://www.springframework.org/schema/jee=org.springframework.ejb.config.JeeNamespaceHandler, http://www.springframework.org/schema/aop=org.springframework.aop.config.AopNamespaceHandler, http://www.springframework.org/schema/jdbc=org.springframework.jdbc.config.JdbcNamespaceHandler, http://www.springframework.org/schema/cache=org.springframework.cache.config.CacheNamespaceHandler, http://www.springframework.org/schema/c=org.springframework.beans.factory.xml.SimpleConstructorNamespaceHandler, http://www.springframework.org/schema/tx=org.springframework.transaction.config.TxNamespaceHandler, http://www.springframework.org/schema/task=org.springframework.scheduling.config.TaskNamespaceHandler, http://www.springframework.org/schema/lang=org.springframework.scripting.config.LangNamespaceHandler, http://www.springframework.org/schema/context=org.springframework.context.config.ContextNamespaceHandler}
2018-12-12 13:05:23,552 DEBUG (org.springframework.beans.factory.xml.DefaultNamespaceHandlerResolver:157) - Loaded NamespaceHandler mappings: {http://www.springframework.org/schema/p=org.springframework.beans.factory.xml.SimplePropertyNamespaceHandler, http://www.springframework.org/schema/mvc=org.springframework.web.servlet.config.MvcNamespaceHandler, http://www.springframework.org/schema/util=org.springframework.beans.factory.xml.UtilNamespaceHandler, http://www.springframework.org/schema/jee=org.springframework.ejb.config.JeeNamespaceHandler, http://www.springframework.org/schema/aop=org.springframework.aop.config.AopNamespaceHandler, http://www.springframework.org/schema/jdbc=org.springframework.jdbc.config.JdbcNamespaceHandler, http://www.springframework.org/schema/cache=org.springframework.cache.config.CacheNamespaceHandler, http://www.springframework.org/schema/c=org.springframework.beans.factory.xml.SimpleConstructorNamespaceHandler, http://www.springframework.org/schema/tx=org.springframework.transaction.config.TxNamespaceHandler, http://www.springframework.org/schema/task=org.springframework.scheduling.config.TaskNamespaceHandler, http://www.springframework.org/schema/lang=org.springframework.scripting.config.LangNamespaceHandler, http://www.springframework.org/schema/context=org.springframework.context.config.ContextNamespaceHandler}
2018-12-12 13:05:23,553 DEBUG (org.springframework.core.env.StandardEnvironment:109) - Adding [systemProperties] PropertySource with lowest search precedence
2018-12-12 13:05:23,553 DEBUG (org.springframework.core.env.StandardEnvironment:109) - Adding [systemProperties] PropertySource with lowest search precedence
2018-12-12 13:05:23,553 DEBUG (org.springframework.core.env.StandardEnvironment:109) - Adding [systemEnvironment] PropertySource with lowest search precedence
2018-12-12 13:05:23,553 DEBUG (org.springframework.core.env.StandardEnvironment:109) - Adding [systemEnvironment] PropertySource with lowest search precedence
2018-12-12 13:05:23,554 DEBUG (org.springframework.core.env.StandardEnvironment:127) - Initialized StandardEnvironment with PropertySources [systemProperties,systemEnvironment]
2018-12-12 13:05:23,554 DEBUG (org.springframework.core.env.StandardEnvironment:127) - Initialized StandardEnvironment with PropertySources [systemProperties,systemEnvironment]
2018-12-12 13:05:23,555 DEBUG (org.springframework.core.io.support.PathMatchingResourcePatternResolver:631) - Looking for matching resources in directory tree [E:\work_java\chapter18\target\test-classes\com\smart\dao]
2018-12-12 13:05:23,555 DEBUG (org.springframework.core.io.support.PathMatchingResourcePatternResolver:631) - Looking for matching resources in directory tree [E:\work_java\chapter18\target\test-classes\com\smart\dao]
2018-12-12 13:05:23,555 DEBUG (org.springframework.core.io.support.PathMatchingResourcePatternResolver:693) - Searching directory [E:\work_java\chapter18\target\test-classes\com\smart\dao] for files matching pattern [E:/work_java/chapter18/target/test-classes/com/smart/dao/**/*.class]
2018-12-12 13:05:23,555 DEBUG (org.springframework.core.io.support.PathMatchingResourcePatternResolver:693) - Searching directory [E:\work_java\chapter18\target\test-classes\com\smart\dao] for files matching pattern [E:/work_java/chapter18/target/test-classes/com/smart/dao/**/*.class]
2018-12-12 13:05:23,556 DEBUG (org.springframework.core.io.support.PathMatchingResourcePatternResolver:631) - Looking for matching resources in directory tree [E:\work_java\chapter18\target\classes\com\smart\dao]
2018-12-12 13:05:23,556 DEBUG (org.springframework.core.io.support.PathMatchingResourcePatternResolver:631) - Looking for matching resources in directory tree [E:\work_java\chapter18\target\classes\com\smart\dao]
2018-12-12 13:05:23,556 DEBUG (org.springframework.core.io.support.PathMatchingResourcePatternResolver:693) - Searching directory [E:\work_java\chapter18\target\classes\com\smart\dao] for files matching pattern [E:/work_java/chapter18/target/classes/com/smart/dao/**/*.class]
2018-12-12 13:05:23,556 DEBUG (org.springframework.core.io.support.PathMatchingResourcePatternResolver:693) - Searching directory [E:\work_java\chapter18\target\classes\com\smart\dao] for files matching pattern [E:/work_java/chapter18/target/classes/com/smart/dao/**/*.class]
2018-12-12 13:05:23,557 DEBUG (org.springframework.core.io.support.PathMatchingResourcePatternResolver:424) - Resolved location pattern [classpath*:com/smart/dao/**/*.class] to resources [file [E:\work_java\chapter18\target\test-classes\com\smart\dao\BaseDaoTest.class], file [E:\work_java\chapter18\target\test-classes\com\smart\dao\BoardDaoTest.class], file [E:\work_java\chapter18\target\classes\com\smart\dao\BaseDao.class], file [E:\work_java\chapter18\target\classes\com\smart\dao\BoardDao.class], file [E:\work_java\chapter18\target\classes\com\smart\dao\LoginLogDao.class], file [E:\work_java\chapter18\target\classes\com\smart\dao\Page.class], file [E:\work_java\chapter18\target\classes\com\smart\dao\PostDao.class], file [E:\work_java\chapter18\target\classes\com\smart\dao\TopicDao.class], file [E:\work_java\chapter18\target\classes\com\smart\dao\UserDao.class]]
2018-12-12 13:05:23,557 DEBUG (org.springframework.core.io.support.PathMatchingResourcePatternResolver:424) - Resolved location pattern [classpath*:com/smart/dao/**/*.class] to resources [file [E:\work_java\chapter18\target\test-classes\com\smart\dao\BaseDaoTest.class], file [E:\work_java\chapter18\target\test-classes\com\smart\dao\BoardDaoTest.class], file [E:\work_java\chapter18\target\classes\com\smart\dao\BaseDao.class], file [E:\work_java\chapter18\target\classes\com\smart\dao\BoardDao.class], file [E:\work_java\chapter18\target\classes\com\smart\dao\LoginLogDao.class], file [E:\work_java\chapter18\target\classes\com\smart\dao\Page.class], file [E:\work_java\chapter18\target\classes\com\smart\dao\PostDao.class], file [E:\work_java\chapter18\target\classes\com\smart\dao\TopicDao.class], file [E:\work_java\chapter18\target\classes\com\smart\dao\UserDao.class]]
2018-12-12 13:05:23,558 DEBUG (org.springframework.context.annotation.ClassPathBeanDefinitionScanner:286) - Identified candidate component class: file [E:\work_java\chapter18\target\classes\com\smart\dao\BoardDao.class]
2018-12-12 13:05:23,558 DEBUG (org.springframework.context.annotation.ClassPathBeanDefinitionScanner:286) - Identified candidate component class: file [E:\work_java\chapter18\target\classes\com\smart\dao\BoardDao.class]
2018-12-12 13:05:23,559 DEBUG (org.springframework.context.annotation.ClassPathBeanDefinitionScanner:286) - Identified candidate component class: file [E:\work_java\chapter18\target\classes\com\smart\dao\LoginLogDao.class]
2018-12-12 13:05:23,559 DEBUG (org.springframework.context.annotation.ClassPathBeanDefinitionScanner:286) - Identified candidate component class: file [E:\work_java\chapter18\target\classes\com\smart\dao\LoginLogDao.class]
2018-12-12 13:05:23,559 DEBUG (org.springframework.context.annotation.ClassPathBeanDefinitionScanner:286) - Identified candidate component class: file [E:\work_java\chapter18\target\classes\com\smart\dao\PostDao.class]
2018-12-12 13:05:23,559 DEBUG (org.springframework.context.annotation.ClassPathBeanDefinitionScanner:286) - Identified candidate component class: file [E:\work_java\chapter18\target\classes\com\smart\dao\PostDao.class]
2018-12-12 13:05:23,560 DEBUG (org.springframework.context.annotation.ClassPathBeanDefinitionScanner:286) - Identified candidate component class: file [E:\work_java\chapter18\target\classes\com\smart\dao\TopicDao.class]
2018-12-12 13:05:23,560 DEBUG (org.springframework.context.annotation.ClassPathBeanDefinitionScanner:286) - Identified candidate component class: file [E:\work_java\chapter18\target\classes\com\smart\dao\TopicDao.class]
2018-12-12 13:05:23,561 DEBUG (org.springframework.context.annotation.ClassPathBeanDefinitionScanner:286) - Identified candidate component class: file [E:\work_java\chapter18\target\classes\com\smart\dao\UserDao.class]
2018-12-12 13:05:23,561 DEBUG (org.springframework.context.annotation.ClassPathBeanDefinitionScanner:286) - Identified candidate component class: file [E:\work_java\chapter18\target\classes\com\smart\dao\UserDao.class]
2018-12-12 13:05:23,563 DEBUG (org.springframework.beans.factory.xml.XmlBeanDefinitionReader:224) - Loaded 20 bean definitions from location pattern [classpath:/xiaochun-dao.xml]
2018-12-12 13:05:23,563 DEBUG (org.springframework.beans.factory.xml.XmlBeanDefinitionReader:224) - Loaded 20 bean definitions from location pattern [classpath:/xiaochun-dao.xml]
2018-12-12 13:05:23,564 DEBUG (org.springframework.context.support.ClassPathXmlApplicationContext:608) - Bean factory for org.springframework.context.support.ClassPathXmlApplicationContext@18acfe88: org.springframework.beans.factory.support.DefaultListableBeanFactory@66213a0d: defining beans [boardDao,loginLogDao,postDao,topicDao,userDao,org.springframework.context.annotation.internalConfigurationAnnotationProcessor,org.springframework.context.annotation.internalAutowiredAnnotationProcessor,org.springframework.context.annotation.internalRequiredAnnotationProcessor,org.springframework.context.annotation.internalCommonAnnotationProcessor,org.springframework.context.annotation.internalPersistenceAnnotationProcessor,org.springframework.context.event.internalEventListenerProcessor,org.springframework.context.event.internalEventListenerFactory,org.springframework.context.support.PropertySourcesPlaceholderConfigurer#0,dataSource,sessionFactory,hibernateTemplate,transactionManager,txAdvice,org.springframework.aop.config.internalAutoProxyCreator,managerTx]; root of factory hierarchy
2018-12-12 13:05:23,564 DEBUG (org.springframework.context.support.ClassPathXmlApplicationContext:608) - Bean factory for org.springframework.context.support.ClassPathXmlApplicationContext@18acfe88: org.springframework.beans.factory.support.DefaultListableBeanFactory@66213a0d: defining beans [boardDao,loginLogDao,postDao,topicDao,userDao,org.springframework.context.annotation.internalConfigurationAnnotationProcessor,org.springframework.context.annotation.internalAutowiredAnnotationProcessor,org.springframework.context.annotation.internalRequiredAnnotationProcessor,org.springframework.context.annotation.internalCommonAnnotationProcessor,org.springframework.context.annotation.internalPersistenceAnnotationProcessor,org.springframework.context.event.internalEventListenerProcessor,org.springframework.context.event.internalEventListenerFactory,org.springframework.context.support.PropertySourcesPlaceholderConfigurer#0,dataSource,sessionFactory,hibernateTemplate,transactionManager,txAdvice,org.springframework.aop.config.internalAutoProxyCreator,managerTx]; root of factory hierarchy
2018-12-12 13:05:23,565 DEBUG (org.springframework.beans.factory.support.DefaultListableBeanFactory:221) - Creating shared instance of singleton bean &apos;org.springframework.context.annotation.internalConfigurationAnnotationProcessor&apos;
2018-12-12 13:05:23,565 DEBUG (org.springframework.beans.factory.support.DefaultListableBeanFactory:221) - Creating shared instance of singleton bean &apos;org.springframework.context.annotation.internalConfigurationAnnotationProcessor&apos;
2018-12-12 13:05:23,565 DEBUG (org.springframework.beans.factory.support.DefaultListableBeanFactory:448) - Creating instance of bean &apos;org.springframework.context.annotation.internalConfigurationAnnotationProcessor&apos;
2018-12-12 13:05:23,565 DEBUG (org.springframework.beans.factory.support.DefaultListableBeanFactory:448) - Creating instance of bean &apos;org.springframework.context.annotation.internalConfigurationAnnotationProcessor&apos;
2018-12-12 13:05:23,565 DEBUG (org.springframework.beans.factory.support.DefaultListableBeanFactory:529) - Eagerly caching bean &apos;org.springframework.context.annotation.internalConfigurationAnnotationProcessor&apos; to allow for resolving potential circular references
2018-12-12 13:05:23,565 DEBUG (org.springframework.beans.factory.support.DefaultListableBeanFactory:529) - Eagerly caching bean &apos;org.springframework.context.annotation.internalConfigurationAnnotationProcessor&apos; to allow for resolving potential circular references
2018-12-12 13:05:23,565 DEBUG (org.springframework.beans.factory.support.DefaultListableBeanFactory:484) - Finished creating instance of bean &apos;org.springframework.context.annotation.internalConfigurationAnnotationProcessor&apos;
2018-12-12 13:05:23,565 DEBUG (org.springframework.beans.factory.support.DefaultListableBeanFactory:484) - Finished creating instance of bean &apos;org.springframework.context.annotation.internalConfigurationAnnotationProcessor&apos;
2018-12-12 13:05:23,576 DEBUG (org.springframework.beans.factory.support.DefaultListableBeanFactory:221) - Creating shared instance of singleton bean &apos;org.springframework.context.support.PropertySourcesPlaceholderConfigurer#0&apos;
2018-12-12 13:05:23,576 DEBUG (org.springframework.beans.factory.support.DefaultListableBeanFactory:221) - Creating shared instance of singleton bean &apos;org.springframework.context.support.PropertySourcesPlaceholderConfigurer#0&apos;
2018-12-12 13:05:23,576 DEBUG (org.springframework.beans.factory.support.DefaultListableBeanFactory:448) - Creating instance of bean &apos;org.springframework.context.support.PropertySourcesPlaceholderConfigurer#0&apos;
2018-12-12 13:05:23,576 DEBUG (org.springframework.beans.factory.support.DefaultListableBeanFactory:448) - Creating instance of bean &apos;org.springframework.context.support.PropertySourcesPlaceholderConfigurer#0&apos;
2018-12-12 13:05:23,577 DEBUG (org.springframework.beans.factory.support.DefaultListableBeanFactory:529) - Eagerly caching bean &apos;org.springframework.context.support.PropertySourcesPlaceholderConfigurer#0&apos; to allow for resolving potential circular references
2018-12-12 13:05:23,577 DEBUG (org.springframework.beans.factory.support.DefaultListableBeanFactory:529) - Eagerly caching bean &apos;org.springframework.context.support.PropertySourcesPlaceholderConfigurer#0&apos; to allow for resolving potential circular references
2018-12-12 13:05:23,578 DEBUG (org.springframework.beans.factory.support.DefaultListableBeanFactory:484) - Finished creating instance of bean &apos;org.springframework.context.support.PropertySourcesPlaceholderConfigurer#0&apos;
2018-12-12 13:05:23,578 DEBUG (org.springframework.beans.factory.support.DefaultListableBeanFactory:484) - Finished creating instance of bean &apos;org.springframework.context.support.PropertySourcesPlaceholderConfigurer#0&apos;
2018-12-12 13:05:23,578 DEBUG (org.springframework.core.env.MutablePropertySources:109) - Adding [environmentProperties] PropertySource with lowest search precedence
2018-12-12 13:05:23,578 DEBUG (org.springframework.core.env.MutablePropertySources:109) - Adding [environmentProperties] PropertySource with lowest search precedence
2018-12-12 13:05:23,578  INFO (org.springframework.context.support.PropertySourcesPlaceholderConfigurer:172) - Loading properties file from class path resource [jdbc.properties]
2018-12-12 13:05:23,578  INFO (org.springframework.context.support.PropertySourcesPlaceholderConfigurer:172) - Loading properties file from class path resource [jdbc.properties]
2018-12-12 13:05:23,579 DEBUG (org.springframework.core.env.MutablePropertySources:109) - Adding [localProperties] PropertySource with lowest search precedence
2018-12-12 13:05:23,579 DEBUG (org.springframework.core.env.MutablePropertySources:109) - Adding [localProperties] PropertySource with lowest search precedence
2018-12-12 13:05:23,579 DEBUG (org.springframework.core.env.PropertySourcesPropertyResolver:81) - Searching for key &apos;jdbc.driverClassName&apos; in [environmentProperties]
2018-12-12 13:05:23,579 DEBUG (org.springframework.core.env.PropertySourcesPropertyResolver:81) - Searching for key &apos;jdbc.driverClassName&apos; in [environmentProperties]
2018-12-12 13:05:23,579 DEBUG (org.springframework.core.env.PropertySourcesPropertyResolver:81) - Searching for key &apos;jdbc.driverClassName&apos; in [systemProperties]
2018-12-12 13:05:23,579 DEBUG (org.springframework.core.env.PropertySourcesPropertyResolver:81) - Searching for key &apos;jdbc.driverClassName&apos; in [systemProperties]
2018-12-12 13:05:23,579 DEBUG (org.springframework.core.env.PropertySourcesPropertyResolver:81) - Searching for key &apos;jdbc.driverClassName&apos; in [systemEnvironment]
2018-12-12 13:05:23,579 DEBUG (org.springframework.core.env.PropertySourcesPropertyResolver:81) - Searching for key &apos;jdbc.driverClassName&apos; in [systemEnvironment]
2018-12-12 13:05:23,579 DEBUG (org.springframework.core.env.PropertySourcesPropertyResolver:103) - Could not find key &apos;jdbc.driverClassName&apos; in any property source. Returning [null]
2018-12-12 13:05:23,579 DEBUG (org.springframework.core.env.PropertySourcesPropertyResolver:103) - Could not find key &apos;jdbc.driverClassName&apos; in any property source. Returning [null]
2018-12-12 13:05:23,579 DEBUG (org.springframework.core.env.PropertySourcesPropertyResolver:81) - Searching for key &apos;jdbc.driverClassName&apos; in [localProperties]
2018-12-12 13:05:23,579 DEBUG (org.springframework.core.env.PropertySourcesPropertyResolver:81) - Searching for key &apos;jdbc.driverClassName&apos; in [localProperties]
2018-12-12 13:05:23,579 DEBUG (org.springframework.core.env.PropertySourcesPropertyResolver:90) - Found key &apos;jdbc.driverClassName&apos; in [localProperties] with type [String] and value &apos;com.mysql.jdbc.Driver&apos;
2018-12-12 13:05:23,579 DEBUG (org.springframework.core.env.PropertySourcesPropertyResolver:90) - Found key &apos;jdbc.driverClassName&apos; in [localProperties] with type [String] and value &apos;com.mysql.jdbc.Driver&apos;
2018-12-12 13:05:23,580 DEBUG (org.springframework.core.env.PropertySourcesPropertyResolver:81) - Searching for key &apos;jdbc.password&apos; in [environmentProperties]
2018-12-12 13:05:23,580 DEBUG (org.springframework.core.env.PropertySourcesPropertyResolver:81) - Searching for key &apos;jdbc.password&apos; in [environmentProperties]
2018-12-12 13:05:23,580 DEBUG (org.springframework.core.env.PropertySourcesPropertyResolver:81) - Searching for key &apos;jdbc.password&apos; in [systemProperties]
2018-12-12 13:05:23,580 DEBUG (org.springframework.core.env.PropertySourcesPropertyResolver:81) - Searching for key &apos;jdbc.password&apos; in [systemProperties]
2018-12-12 13:05:23,580 DEBUG (org.springframework.core.env.PropertySourcesPropertyResolver:81) - Searching for key &apos;jdbc.password&apos; in [systemEnvironment]
2018-12-12 13:05:23,580 DEBUG (org.springframework.core.env.PropertySourcesPropertyResolver:81) - Searching for key &apos;jdbc.password&apos; in [systemEnvironment]
2018-12-12 13:05:23,580 DEBUG (org.springframework.core.env.PropertySourcesPropertyResolver:103) - Could not find key &apos;jdbc.password&apos; in any property source. Returning [null]
2018-12-12 13:05:23,580 DEBUG (org.springframework.core.env.PropertySourcesPropertyResolver:103) - Could not find key &apos;jdbc.password&apos; in any property source. Returning [null]
2018-12-12 13:05:23,580 DEBUG (org.springframework.core.env.PropertySourcesPropertyResolver:81) - Searching for key &apos;jdbc.password&apos; in [localProperties]
2018-12-12 13:05:23,580 DEBUG (org.springframework.core.env.PropertySourcesPropertyResolver:81) - Searching for key &apos;jdbc.password&apos; in [localProperties]
2018-12-12 13:05:23,581 DEBUG (org.springframework.core.env.PropertySourcesPropertyResolver:90) - Found key &apos;jdbc.password&apos; in [localProperties] with type [String] and value &apos;rootroot&apos;
2018-12-12 13:05:23,581 DEBUG (org.springframework.core.env.PropertySourcesPropertyResolver:90) - Found key &apos;jdbc.password&apos; in [localProperties] with type [String] and value &apos;rootroot&apos;
2018-12-12 13:05:23,581 DEBUG (org.springframework.core.env.PropertySourcesPropertyResolver:81) - Searching for key &apos;jdbc.url&apos; in [environmentProperties]
2018-12-12 13:05:23,581 DEBUG (org.springframework.core.env.PropertySourcesPropertyResolver:81) - Searching for key &apos;jdbc.url&apos; in [environmentProperties]
2018-12-12 13:05:23,581 DEBUG (org.springframework.core.env.PropertySourcesPropertyResolver:81) - Searching for key &apos;jdbc.url&apos; in [systemProperties]
2018-12-12 13:05:23,581 DEBUG (org.springframework.core.env.PropertySourcesPropertyResolver:81) - Searching for key &apos;jdbc.url&apos; in [systemProperties]
2018-12-12 13:05:23,581 DEBUG (org.springframework.core.env.PropertySourcesPropertyResolver:81) - Searching for key &apos;jdbc.url&apos; in [systemEnvironment]
2018-12-12 13:05:23,581 DEBUG (org.springframework.core.env.PropertySourcesPropertyResolver:81) - Searching for key &apos;jdbc.url&apos; in [systemEnvironment]
2018-12-12 13:05:23,581 DEBUG (org.springframework.core.env.PropertySourcesPropertyResolver:103) - Could not find key &apos;jdbc.url&apos; in any property source. Returning [null]
2018-12-12 13:05:23,581 DEBUG (org.springframework.core.env.PropertySourcesPropertyResolver:103) - Could not find key &apos;jdbc.url&apos; in any property source. Returning [null]
2018-12-12 13:05:23,582 DEBUG (org.springframework.core.env.PropertySourcesPropertyResolver:81) - Searching for key &apos;jdbc.url&apos; in [localProperties]
2018-12-12 13:05:23,582 DEBUG (org.springframework.core.env.PropertySourcesPropertyResolver:81) - Searching for key &apos;jdbc.url&apos; in [localProperties]
2018-12-12 13:05:23,582 DEBUG (org.springframework.core.env.PropertySourcesPropertyResolver:90) - Found key &apos;jdbc.url&apos; in [localProperties] with type [String] and value &apos;jdbc:mysql://localhost/spring4chapter18?useUnicode=true&amp;characterEncoding=UTF-8&apos;
2018-12-12 13:05:23,582 DEBUG (org.springframework.core.env.PropertySourcesPropertyResolver:90) - Found key &apos;jdbc.url&apos; in [localProperties] with type [String] and value &apos;jdbc:mysql://localhost/spring4chapter18?useUnicode=true&amp;characterEncoding=UTF-8&apos;
2018-12-12 13:05:23,582 DEBUG (org.springframework.core.env.PropertySourcesPropertyResolver:81) - Searching for key &apos;jdbc.username&apos; in [environmentProperties]
2018-12-12 13:05:23,582 DEBUG (org.springframework.core.env.PropertySourcesPropertyResolver:81) - Searching for key &apos;jdbc.username&apos; in [environmentProperties]
2018-12-12 13:05:23,582 DEBUG (org.springframework.core.env.PropertySourcesPropertyResolver:81) - Searching for key &apos;jdbc.username&apos; in [systemProperties]
2018-12-12 13:05:23,582 DEBUG (org.springframework.core.env.PropertySourcesPropertyResolver:81) - Searching for key &apos;jdbc.username&apos; in [systemProperties]
2018-12-12 13:05:23,582 DEBUG (org.springframework.core.env.PropertySourcesPropertyResolver:81) - Searching for key &apos;jdbc.username&apos; in [systemEnvironment]
2018-12-12 13:05:23,582 DEBUG (org.springframework.core.env.PropertySourcesPropertyResolver:81) - Searching for key &apos;jdbc.username&apos; in [systemEnvironment]
2018-12-12 13:05:23,583 DEBUG (org.springframework.core.env.PropertySourcesPropertyResolver:103) - Could not find key &apos;jdbc.username&apos; in any property source. Returning [null]
2018-12-12 13:05:23,583 DEBUG (org.springframework.core.env.PropertySourcesPropertyResolver:103) - Could not find key &apos;jdbc.username&apos; in any property source. Returning [null]
2018-12-12 13:05:23,583 DEBUG (org.springframework.core.env.PropertySourcesPropertyResolver:81) - Searching for key &apos;jdbc.username&apos; in [localProperties]
2018-12-12 13:05:23,583 DEBUG (org.springframework.core.env.PropertySourcesPropertyResolver:81) - Searching for key &apos;jdbc.username&apos; in [localProperties]
2018-12-12 13:05:23,583 DEBUG (org.springframework.core.env.PropertySourcesPropertyResolver:90) - Found key &apos;jdbc.username&apos; in [localProperties] with type [String] and value &apos;root&apos;
2018-12-12 13:05:23,583 DEBUG (org.springframework.core.env.PropertySourcesPropertyResolver:90) - Found key &apos;jdbc.username&apos; in [localProperties] with type [String] and value &apos;root&apos;
2018-12-12 13:05:23,584 DEBUG (org.springframework.beans.factory.support.DefaultListableBeanFactory:221) - Creating shared instance of singleton bean &apos;org.springframework.context.annotation.internalAutowiredAnnotationProcessor&apos;
2018-12-12 13:05:23,584 DEBUG (org.springframework.beans.factory.support.DefaultListableBeanFactory:221) - Creating shared instance of singleton bean &apos;org.springframework.context.annotation.internalAutowiredAnnotationProcessor&apos;
2018-12-12 13:05:23,584 DEBUG (org.springframework.beans.factory.support.DefaultListableBeanFactory:448) - Creating instance of bean &apos;org.springframework.context.annotation.internalAutowiredAnnotationProcessor&apos;
2018-12-12 13:05:23,584 DEBUG (org.springframework.beans.factory.support.DefaultListableBeanFactory:448) - Creating instance of bean &apos;org.springframework.context.annotation.internalAutowiredAnnotationProcessor&apos;
2018-12-12 13:05:23,586 DEBUG (org.springframework.beans.factory.support.DefaultListableBeanFactory:529) - Eagerly caching bean &apos;org.springframework.context.annotation.internalAutowiredAnnotationProcessor&apos; to allow for resolving potential circular references
2018-12-12 13:05:23,586 DEBUG (org.springframework.beans.factory.support.DefaultListableBeanFactory:529) - Eagerly caching bean &apos;org.springframework.context.annotation.internalAutowiredAnnotationProcessor&apos; to allow for resolving potential circular references
2018-12-12 13:05:23,586 DEBUG (org.springframework.beans.factory.support.DefaultListableBeanFactory:484) - Finished creating instance of bean &apos;org.springframework.context.annotation.internalAutowiredAnnotationProcessor&apos;
2018-12-12 13:05:23,586 DEBUG (org.springframework.beans.factory.support.DefaultListableBeanFactory:484) - Finished creating instance of bean &apos;org.springframework.context.annotation.internalAutowiredAnnotationProcessor&apos;
2018-12-12 13:05:23,586 DEBUG (org.springframework.beans.factory.support.DefaultListableBeanFactory:221) - Creating shared instance of singleton bean &apos;org.springframework.context.annotation.internalRequiredAnnotationProcessor&apos;
2018-12-12 13:05:23,586 DEBUG (org.springframework.beans.factory.support.DefaultListableBeanFactory:221) - Creating shared instance of singleton bean &apos;org.springframework.context.annotation.internalRequiredAnnotationProcessor&apos;
2018-12-12 13:05:23,586 DEBUG (org.springframework.beans.factory.support.DefaultListableBeanFactory:448) - Creating instance of bean &apos;org.springframework.context.annotation.internalRequiredAnnotationProcessor&apos;
2018-12-12 13:05:23,586 DEBUG (org.springframework.beans.factory.support.DefaultListableBeanFactory:448) - Creating instance of bean &apos;org.springframework.context.annotation.internalRequiredAnnotationProcessor&apos;
2018-12-12 13:05:23,587 DEBUG (org.springframework.beans.factory.support.DefaultListableBeanFactory:529) - Eagerly caching bean &apos;org.springframework.context.annotation.internalRequiredAnnotationProcessor&apos; to allow for resolving potential circular references
2018-12-12 13:05:23,587 DEBUG (org.springframework.beans.factory.support.DefaultListableBeanFactory:529) - Eagerly caching bean &apos;org.springframework.context.annotation.internalRequiredAnnotationProcessor&apos; to allow for resolving potential circular references
2018-12-12 13:05:23,587 DEBUG (org.springframework.beans.factory.support.DefaultListableBeanFactory:484) - Finished creating instance of bean &apos;org.springframework.context.annotation.internalRequiredAnnotationProcessor&apos;
2018-12-12 13:05:23,587 DEBUG (org.springframework.beans.factory.support.DefaultListableBeanFactory:484) - Finished creating instance of bean &apos;org.springframework.context.annotation.internalRequiredAnnotationProcessor&apos;
2018-12-12 13:05:23,587 DEBUG (org.springframework.beans.factory.support.DefaultListableBeanFactory:221) - Creating shared instance of singleton bean &apos;org.springframework.context.annotation.internalCommonAnnotationProcessor&apos;
2018-12-12 13:05:23,587 DEBUG (org.springframework.beans.factory.support.DefaultListableBeanFactory:221) - Creating shared instance of singleton bean &apos;org.springframework.context.annotation.internalCommonAnnotationProcessor&apos;
2018-12-12 13:05:23,588 DEBUG (org.springframework.beans.factory.support.DefaultListableBeanFactory:448) - Creating instance of bean &apos;org.springframework.context.annotation.internalCommonAnnotationProcessor&apos;
2018-12-12 13:05:23,588 DEBUG (org.springframework.beans.factory.support.DefaultListableBeanFactory:448) - Creating instance of bean &apos;org.springframework.context.annotation.internalCommonAnnotationProcessor&apos;
2018-12-12 13:05:23,588 DEBUG (org.springframework.beans.factory.support.DefaultListableBeanFactory:529) - Eagerly caching bean &apos;org.springframework.context.annotation.internalCommonAnnotationProcessor&apos; to allow for resolving potential circular references
2018-12-12 13:05:23,588 DEBUG (org.springframework.beans.factory.support.DefaultListableBeanFactory:529) - Eagerly caching bean &apos;org.springframework.context.annotation.internalCommonAnnotationProcessor&apos; to allow for resolving potential circular references
2018-12-12 13:05:23,588 DEBUG (org.springframework.beans.factory.support.DefaultListableBeanFactory:484) - Finished creating instance of bean &apos;org.springframework.context.annotation.internalCommonAnnotationProcessor&apos;
2018-12-12 13:05:23,588 DEBUG (org.springframework.beans.factory.support.DefaultListableBeanFactory:484) - Finished creating instance of bean &apos;org.springframework.context.annotation.internalCommonAnnotationProcessor&apos;
2018-12-12 13:05:23,588 DEBUG (org.springframework.beans.factory.support.DefaultListableBeanFactory:221) - Creating shared instance of singleton bean &apos;org.springframework.context.annotation.internalPersistenceAnnotationProcessor&apos;
2018-12-12 13:05:23,588 DEBUG (org.springframework.beans.factory.support.DefaultListableBeanFactory:221) - Creating shared instance of singleton bean &apos;org.springframework.context.annotation.internalPersistenceAnnotationProcessor&apos;
2018-12-12 13:05:23,588 DEBUG (org.springframework.beans.factory.support.DefaultListableBeanFactory:448) - Creating instance of bean &apos;org.springframework.context.annotation.internalPersistenceAnnotationProcessor&apos;
2018-12-12 13:05:23,588 DEBUG (org.springframework.beans.factory.support.DefaultListableBeanFactory:448) - Creating instance of bean &apos;org.springframework.context.annotation.internalPersistenceAnnotationProcessor&apos;
2018-12-12 13:05:23,589 DEBUG (org.springframework.beans.factory.support.DefaultListableBeanFactory:529) - Eagerly caching bean &apos;org.springframework.context.annotation.internalPersistenceAnnotationProcessor&apos; to allow for resolving potential circular references
2018-12-12 13:05:23,589 DEBUG (org.springframework.beans.factory.support.DefaultListableBeanFactory:529) - Eagerly caching bean &apos;org.springframework.context.annotation.internalPersistenceAnnotationProcessor&apos; to allow for resolving potential circular references
2018-12-12 13:05:23,589 DEBUG (org.springframework.beans.factory.support.DefaultListableBeanFactory:484) - Finished creating instance of bean &apos;org.springframework.context.annotation.internalPersistenceAnnotationProcessor&apos;
2018-12-12 13:05:23,589 DEBUG (org.springframework.beans.factory.support.DefaultListableBeanFactory:484) - Finished creating instance of bean &apos;org.springframework.context.annotation.internalPersistenceAnnotationProcessor&apos;
2018-12-12 13:05:23,589 DEBUG (org.springframework.beans.factory.support.DefaultListableBeanFactory:221) - Creating shared instance of singleton bean &apos;org.springframework.context.annotation.ConfigurationClassPostProcessor.importAwareProcessor&apos;
2018-12-12 13:05:23,589 DEBUG (org.springframework.beans.factory.support.DefaultListableBeanFactory:221) - Creating shared instance of singleton bean &apos;org.springframework.context.annotation.ConfigurationClassPostProcessor.importAwareProcessor&apos;
2018-12-12 13:05:23,589 DEBUG (org.springframework.beans.factory.support.DefaultListableBeanFactory:448) - Creating instance of bean &apos;org.springframework.context.annotation.ConfigurationClassPostProcessor.importAwareProcessor&apos;
2018-12-12 13:05:23,589 DEBUG (org.springframework.beans.factory.support.DefaultListableBeanFactory:448) - Creating instance of bean &apos;org.springframework.context.annotation.ConfigurationClassPostProcessor.importAwareProcessor&apos;
2018-12-12 13:05:23,589 DEBUG (org.springframework.beans.factory.support.DefaultListableBeanFactory:529) - Eagerly caching bean &apos;org.springframework.context.annotation.ConfigurationClassPostProcessor.importAwareProcessor&apos; to allow for resolving potential circular references
2018-12-12 13:05:23,589 DEBUG (org.springframework.beans.factory.support.DefaultListableBeanFactory:529) - Eagerly caching bean &apos;org.springframework.context.annotation.ConfigurationClassPostProcessor.importAwareProcessor&apos; to allow for resolving potential circular references
2018-12-12 13:05:23,590 DEBUG (org.springframework.beans.factory.support.DefaultListableBeanFactory:484) - Finished creating instance of bean &apos;org.springframework.context.annotation.ConfigurationClassPostProcessor.importAwareProcessor&apos;
2018-12-12 13:05:23,590 DEBUG (org.springframework.beans.factory.support.DefaultListableBeanFactory:484) - Finished creating instance of bean &apos;org.springframework.context.annotation.ConfigurationClassPostProcessor.importAwareProcessor&apos;
2018-12-12 13:05:23,590 DEBUG (org.springframework.beans.factory.support.DefaultListableBeanFactory:221) - Creating shared instance of singleton bean &apos;org.springframework.context.annotation.ConfigurationClassPostProcessor.enhancedConfigurationProcessor&apos;
2018-12-12 13:05:23,590 DEBUG (org.springframework.beans.factory.support.DefaultListableBeanFactory:221) - Creating shared instance of singleton bean &apos;org.springframework.context.annotation.ConfigurationClassPostProcessor.enhancedConfigurationProcessor&apos;
2018-12-12 13:05:23,590 DEBUG (org.springframework.beans.factory.support.DefaultListableBeanFactory:448) - Creating instance of bean &apos;org.springframework.context.annotation.ConfigurationClassPostProcessor.enhancedConfigurationProcessor&apos;
2018-12-12 13:05:23,590 DEBUG (org.springframework.beans.factory.support.DefaultListableBeanFactory:448) - Creating instance of bean &apos;org.springframework.context.annotation.ConfigurationClassPostProcessor.enhancedConfigurationProcessor&apos;
2018-12-12 13:05:23,590 DEBUG (org.springframework.beans.factory.support.DefaultListableBeanFactory:529) - Eagerly caching bean &apos;org.springframework.context.annotation.ConfigurationClassPostProcessor.enhancedConfigurationProcessor&apos; to allow for resolving potential circular references
2018-12-12 13:05:23,590 DEBUG (org.springframework.beans.factory.support.DefaultListableBeanFactory:529) - Eagerly caching bean &apos;org.springframework.context.annotation.ConfigurationClassPostProcessor.enhancedConfigurationProcessor&apos; to allow for resolving potential circular references
2018-12-12 13:05:23,590 DEBUG (org.springframework.beans.factory.support.DefaultListableBeanFactory:484) - Finished creating instance of bean &apos;org.springframework.context.annotation.ConfigurationClassPostProcessor.enhancedConfigurationProcessor&apos;
2018-12-12 13:05:23,590 DEBUG (org.springframework.beans.factory.support.DefaultListableBeanFactory:484) - Finished creating instance of bean &apos;org.springframework.context.annotation.ConfigurationClassPostProcessor.enhancedConfigurationProcessor&apos;
2018-12-12 13:05:23,591 DEBUG (org.springframework.beans.factory.support.DefaultListableBeanFactory:221) - Creating shared instance of singleton bean &apos;org.springframework.aop.config.internalAutoProxyCreator&apos;
2018-12-12 13:05:23,591 DEBUG (org.springframework.beans.factory.support.DefaultListableBeanFactory:221) - Creating shared instance of singleton bean &apos;org.springframework.aop.config.internalAutoProxyCreator&apos;
2018-12-12 13:05:23,591 DEBUG (org.springframework.beans.factory.support.DefaultListableBeanFactory:448) - Creating instance of bean &apos;org.springframework.aop.config.internalAutoProxyCreator&apos;
2018-12-12 13:05:23,591 DEBUG (org.springframework.beans.factory.support.DefaultListableBeanFactory:448) - Creating instance of bean &apos;org.springframework.aop.config.internalAutoProxyCreator&apos;
2018-12-12 13:05:23,592 DEBUG (org.springframework.beans.factory.support.DefaultListableBeanFactory:529) - Eagerly caching bean &apos;org.springframework.aop.config.internalAutoProxyCreator&apos; to allow for resolving potential circular references
2018-12-12 13:05:23,592 DEBUG (org.springframework.beans.factory.support.DefaultListableBeanFactory:529) - Eagerly caching bean &apos;org.springframework.aop.config.internalAutoProxyCreator&apos; to allow for resolving potential circular references
2018-12-12 13:05:23,593 DEBUG (org.springframework.beans.factory.support.DefaultListableBeanFactory:484) - Finished creating instance of bean &apos;org.springframework.aop.config.internalAutoProxyCreator&apos;
2018-12-12 13:05:23,593 DEBUG (org.springframework.beans.factory.support.DefaultListableBeanFactory:484) - Finished creating instance of bean &apos;org.springframework.aop.config.internalAutoProxyCreator&apos;
2018-12-12 13:05:23,593 DEBUG (org.springframework.context.support.ClassPathXmlApplicationContext:714) - Unable to locate MessageSource with name &apos;messageSource&apos;: using default [org.springframework.context.support.DelegatingMessageSource@13fed1ec]
2018-12-12 13:05:23,593 DEBUG (org.springframework.context.support.ClassPathXmlApplicationContext:714) - Unable to locate MessageSource with name &apos;messageSource&apos;: using default [org.springframework.context.support.DelegatingMessageSource@13fed1ec]
2018-12-12 13:05:23,593 DEBUG (org.springframework.context.support.ClassPathXmlApplicationContext:738) - Unable to locate ApplicationEventMulticaster with name &apos;applicationEventMulticaster&apos;: using default [org.springframework.context.event.SimpleApplicationEventMulticaster@61c42416]
2018-12-12 13:05:23,593 DEBUG (org.springframework.context.support.ClassPathXmlApplicationContext:738) - Unable to locate ApplicationEventMulticaster with name &apos;applicationEventMulticaster&apos;: using default [org.springframework.context.event.SimpleApplicationEventMulticaster@61c42416]
2018-12-12 13:05:23,594 DEBUG (org.springframework.beans.factory.support.DefaultListableBeanFactory:741) - Pre-instantiating singletons in org.springframework.beans.factory.support.DefaultListableBeanFactory@66213a0d: defining beans [boardDao,loginLogDao,postDao,topicDao,userDao,org.springframework.context.annotation.internalConfigurationAnnotationProcessor,org.springframework.context.annotation.internalAutowiredAnnotationProcessor,org.springframework.context.annotation.internalRequiredAnnotationProcessor,org.springframework.context.annotation.internalCommonAnnotationProcessor,org.springframework.context.annotation.internalPersistenceAnnotationProcessor,org.springframework.context.event.internalEventListenerProcessor,org.springframework.context.event.internalEventListenerFactory,org.springframework.context.support.PropertySourcesPlaceholderConfigurer#0,dataSource,sessionFactory,hibernateTemplate,transactionManager,txAdvice,org.springframework.aop.config.internalAutoProxyCreator,managerTx,org.springframework.context.annotation.ConfigurationClassPostProcessor.importAwareProcessor,org.springframework.context.annotation.ConfigurationClassPostProcessor.enhancedConfigurationProcessor]; root of factory hierarchy
2018-12-12 13:05:23,594 DEBUG (org.springframework.beans.factory.support.DefaultListableBeanFactory:741) - Pre-instantiating singletons in org.springframework.beans.factory.support.DefaultListableBeanFactory@66213a0d: defining beans [boardDao,loginLogDao,postDao,topicDao,userDao,org.springframework.context.annotation.internalConfigurationAnnotationProcessor,org.springframework.context.annotation.internalAutowiredAnnotationProcessor,org.springframework.context.annotation.internalRequiredAnnotationProcessor,org.springframework.context.annotation.internalCommonAnnotationProcessor,org.springframework.context.annotation.internalPersistenceAnnotationProcessor,org.springframework.context.event.internalEventListenerProcessor,org.springframework.context.event.internalEventListenerFactory,org.springframework.context.support.PropertySourcesPlaceholderConfigurer#0,dataSource,sessionFactory,hibernateTemplate,transactionManager,txAdvice,org.springframework.aop.config.internalAutoProxyCreator,managerTx,org.springframework.context.annotation.ConfigurationClassPostProcessor.importAwareProcessor,org.springframework.context.annotation.ConfigurationClassPostProcessor.enhancedConfigurationProcessor]; root of factory hierarchy
2018-12-12 13:05:23,594 DEBUG (org.springframework.beans.factory.support.DefaultListableBeanFactory:221) - Creating shared instance of singleton bean &apos;boardDao&apos;
2018-12-12 13:05:23,594 DEBUG (org.springframework.beans.factory.support.DefaultListableBeanFactory:221) - Creating shared instance of singleton bean &apos;boardDao&apos;
2018-12-12 13:05:23,594 DEBUG (org.springframework.beans.factory.support.DefaultListableBeanFactory:448) - Creating instance of bean &apos;boardDao&apos;
2018-12-12 13:05:23,594 DEBUG (org.springframework.beans.factory.support.DefaultListableBeanFactory:448) - Creating instance of bean &apos;boardDao&apos;
2018-12-12 13:05:23,595 DEBUG (org.springframework.beans.factory.support.DefaultListableBeanFactory:221) - Creating shared instance of singleton bean &apos;managerTx&apos;
2018-12-12 13:05:23,595 DEBUG (org.springframework.beans.factory.support.DefaultListableBeanFactory:221) - Creating shared instance of singleton bean &apos;managerTx&apos;
2018-12-12 13:05:23,595 DEBUG (org.springframework.beans.factory.support.DefaultListableBeanFactory:448) - Creating instance of bean &apos;managerTx&apos;
2018-12-12 13:05:23,595 DEBUG (org.springframework.beans.factory.support.DefaultListableBeanFactory:448) - Creating instance of bean &apos;managerTx&apos;
2018-12-12 13:05:23,596 DEBUG (org.springframework.beans.factory.support.DefaultListableBeanFactory:529) - Eagerly caching bean &apos;managerTx&apos; to allow for resolving potential circular references
2018-12-12 13:05:23,596 DEBUG (org.springframework.beans.factory.support.DefaultListableBeanFactory:529) - Eagerly caching bean &apos;managerTx&apos; to allow for resolving potential circular references
2018-12-12 13:05:23,596 DEBUG (org.springframework.beans.factory.support.DefaultListableBeanFactory:448) - Creating instance of bean &apos;(inner bean)#329a1f8d&apos;
2018-12-12 13:05:23,596 DEBUG (org.springframework.beans.factory.support.DefaultListableBeanFactory:448) - Creating instance of bean &apos;(inner bean)#329a1f8d&apos;
2018-12-12 13:05:23,598 DEBUG (org.springframework.beans.factory.support.DefaultListableBeanFactory:484) - Finished creating instance of bean &apos;(inner bean)#329a1f8d&apos;
2018-12-12 13:05:23,598 DEBUG (org.springframework.beans.factory.support.DefaultListableBeanFactory:484) - Finished creating instance of bean &apos;(inner bean)#329a1f8d&apos;
2018-12-12 13:05:23,598 DEBUG (org.springframework.beans.factory.support.DefaultListableBeanFactory:484) - Finished creating instance of bean &apos;managerTx&apos;
2018-12-12 13:05:23,598 DEBUG (org.springframework.beans.factory.support.DefaultListableBeanFactory:484) - Finished creating instance of bean &apos;managerTx&apos;
2018-12-12 13:05:23,599 DEBUG (org.springframework.beans.factory.annotation.InjectionMetadata:72) - Registered injected element on class [com.smart.dao.BoardDao]: AutowiredMethodElement for public void com.smart.dao.BaseDao.setHibernateTemplate(org.springframework.orm.hibernate4.HibernateTemplate)
2018-12-12 13:05:23,599 DEBUG (org.springframework.beans.factory.annotation.InjectionMetadata:72) - Registered injected element on class [com.smart.dao.BoardDao]: AutowiredMethodElement for public void com.smart.dao.BaseDao.setHibernateTemplate(org.springframework.orm.hibernate4.HibernateTemplate)
2018-12-12 13:05:23,599 DEBUG (org.springframework.beans.factory.support.DefaultListableBeanFactory:529) - Eagerly caching bean &apos;boardDao&apos; to allow for resolving potential circular references
2018-12-12 13:05:23,599 DEBUG (org.springframework.beans.factory.support.DefaultListableBeanFactory:529) - Eagerly caching bean &apos;boardDao&apos; to allow for resolving potential circular references
2018-12-12 13:05:23,600 DEBUG (org.springframework.beans.factory.annotation.InjectionMetadata:86) - Processing injected element of bean &apos;boardDao&apos;: AutowiredMethodElement for public void com.smart.dao.BaseDao.setHibernateTemplate(org.springframework.orm.hibernate4.HibernateTemplate)
2018-12-12 13:05:23,600 DEBUG (org.springframework.beans.factory.annotation.InjectionMetadata:86) - Processing injected element of bean &apos;boardDao&apos;: AutowiredMethodElement for public void com.smart.dao.BaseDao.setHibernateTemplate(org.springframework.orm.hibernate4.HibernateTemplate)
2018-12-12 13:05:23,600 DEBUG (org.springframework.beans.factory.support.DefaultListableBeanFactory:250) - Returning cached instance of singleton bean &apos;managerTx&apos;
2018-12-12 13:05:23,600 DEBUG (org.springframework.beans.factory.support.DefaultListableBeanFactory:250) - Returning cached instance of singleton bean &apos;managerTx&apos;
2018-12-12 13:05:23,600 DEBUG (org.springframework.beans.factory.support.DefaultListableBeanFactory:221) - Creating shared instance of singleton bean &apos;hibernateTemplate&apos;
2018-12-12 13:05:23,600 DEBUG (org.springframework.beans.factory.support.DefaultListableBeanFactory:221) - Creating shared instance of singleton bean &apos;hibernateTemplate&apos;
2018-12-12 13:05:23,601 DEBUG (org.springframework.beans.factory.support.DefaultListableBeanFactory:448) - Creating instance of bean &apos;hibernateTemplate&apos;
2018-12-12 13:05:23,601 DEBUG (org.springframework.beans.factory.support.DefaultListableBeanFactory:448) - Creating instance of bean &apos;hibernateTemplate&apos;
2018-12-12 13:05:23,601 DEBUG (org.springframework.beans.factory.support.DefaultListableBeanFactory:250) - Returning cached instance of singleton bean &apos;managerTx&apos;
2018-12-12 13:05:23,601 DEBUG (org.springframework.beans.factory.support.DefaultListableBeanFactory:250) - Returning cached instance of singleton bean &apos;managerTx&apos;
2018-12-12 13:05:23,602 DEBUG (org.springframework.beans.factory.support.DefaultListableBeanFactory:529) - Eagerly caching bean &apos;hibernateTemplate&apos; to allow for resolving potential circular references
2018-12-12 13:05:23,602 DEBUG (org.springframework.beans.factory.support.DefaultListableBeanFactory:529) - Eagerly caching bean &apos;hibernateTemplate&apos; to allow for resolving potential circular references
2018-12-12 13:05:23,602 DEBUG (org.springframework.beans.factory.support.DefaultListableBeanFactory:221) - Creating shared instance of singleton bean &apos;sessionFactory&apos;
2018-12-12 13:05:23,602 DEBUG (org.springframework.beans.factory.support.DefaultListableBeanFactory:221) - Creating shared instance of singleton bean &apos;sessionFactory&apos;
2018-12-12 13:05:23,602 DEBUG (org.springframework.beans.factory.support.DefaultListableBeanFactory:448) - Creating instance of bean &apos;sessionFactory&apos;
2018-12-12 13:05:23,602 DEBUG (org.springframework.beans.factory.support.DefaultListableBeanFactory:448) - Creating instance of bean &apos;sessionFactory&apos;
2018-12-12 13:05:23,603 DEBUG (org.springframework.beans.factory.support.DefaultListableBeanFactory:250) - Returning cached instance of singleton bean &apos;managerTx&apos;
2018-12-12 13:05:23,603 DEBUG (org.springframework.beans.factory.support.DefaultListableBeanFactory:250) - Returning cached instance of singleton bean &apos;managerTx&apos;
2018-12-12 13:05:23,603 DEBUG (org.springframework.beans.factory.support.DefaultListableBeanFactory:529) - Eagerly caching bean &apos;sessionFactory&apos; to allow for resolving potential circular references
2018-12-12 13:05:23,603 DEBUG (org.springframework.beans.factory.support.DefaultListableBeanFactory:529) - Eagerly caching bean &apos;sessionFactory&apos; to allow for resolving potential circular references
2018-12-12 13:05:23,604 DEBUG (org.springframework.beans.factory.support.DefaultListableBeanFactory:221) - Creating shared instance of singleton bean &apos;dataSource&apos;
2018-12-12 13:05:23,604 DEBUG (org.springframework.beans.factory.support.DefaultListableBeanFactory:221) - Creating shared instance of singleton bean &apos;dataSource&apos;
2018-12-12 13:05:23,605 DEBUG (org.springframework.beans.factory.support.DefaultListableBeanFactory:448) - Creating instance of bean &apos;dataSource&apos;
2018-12-12 13:05:23,605 DEBUG (org.springframework.beans.factory.support.DefaultListableBeanFactory:448) - Creating instance of bean &apos;dataSource&apos;
2018-12-12 13:05:23,605 DEBUG (org.springframework.beans.factory.support.DefaultListableBeanFactory:250) - Returning cached instance of singleton bean &apos;managerTx&apos;
2018-12-12 13:05:23,605 DEBUG (org.springframework.beans.factory.support.DefaultListableBeanFactory:250) - Returning cached instance of singleton bean &apos;managerTx&apos;
2018-12-12 13:05:23,605 DEBUG (org.springframework.beans.factory.support.DefaultListableBeanFactory:529) - Eagerly caching bean &apos;dataSource&apos; to allow for resolving potential circular references
2018-12-12 13:05:23,605 DEBUG (org.springframework.beans.factory.support.DefaultListableBeanFactory:529) - Eagerly caching bean &apos;dataSource&apos; to allow for resolving potential circular references
2018-12-12 13:05:23,606 DEBUG (org.springframework.beans.factory.support.DefaultListableBeanFactory:250) - Returning cached instance of singleton bean &apos;managerTx&apos;
2018-12-12 13:05:23,606 DEBUG (org.springframework.beans.factory.support.DefaultListableBeanFactory:250) - Returning cached instance of singleton bean &apos;managerTx&apos;
2018-12-12 13:05:23,607 DEBUG (org.springframework.beans.factory.support.DefaultListableBeanFactory:250) - Returning cached instance of singleton bean &apos;managerTx&apos;
2018-12-12 13:05:23,607 DEBUG (org.springframework.beans.factory.support.DefaultListableBeanFactory:250) - Returning cached instance of singleton bean &apos;managerTx&apos;
2018-12-12 13:05:23,610 DEBUG (org.springframework.beans.factory.support.DefaultListableBeanFactory:484) - Finished creating instance of bean &apos;dataSource&apos;
2018-12-12 13:05:23,610 DEBUG (org.springframework.beans.factory.support.DefaultListableBeanFactory:484) - Finished creating instance of bean &apos;dataSource&apos;
2018-12-12 13:05:23,612 DEBUG (org.springframework.beans.factory.support.DefaultListableBeanFactory:1620) - Invoking afterPropertiesSet() on bean with name &apos;sessionFactory&apos;
2018-12-12 13:05:23,612 DEBUG (org.springframework.beans.factory.support.DefaultListableBeanFactory:1620) - Invoking afterPropertiesSet() on bean with name &apos;sessionFactory&apos;
2018-12-12 13:05:23,612 DEBUG (org.hibernate.type.BasicTypeRegistry:148) - Adding type registration boolean -&gt; org.hibernate.type.BooleanType@1b835480
2018-12-12 13:05:23,612 DEBUG (org.hibernate.type.BasicTypeRegistry:148) - Adding type registration boolean -&gt; org.hibernate.type.BooleanType@1b835480
2018-12-12 13:05:23,613 DEBUG (org.hibernate.type.BasicTypeRegistry:148) - Adding type registration java.lang.Boolean -&gt; org.hibernate.type.BooleanType@1b835480
2018-12-12 13:05:23,613 DEBUG (org.hibernate.type.BasicTypeRegistry:148) - Adding type registration numeric_boolean -&gt; org.hibernate.type.NumericBooleanType@16414e40
2018-12-12 13:05:23,613 DEBUG (org.hibernate.type.BasicTypeRegistry:148) - Adding type registration true_false -&gt; org.hibernate.type.TrueFalseType@53dbe163
2018-12-12 13:05:23,613 DEBUG (org.hibernate.type.BasicTypeRegistry:148) - Adding type registration yes_no -&gt; org.hibernate.type.YesNoType@4748a0f9
2018-12-12 13:05:23,614 DEBUG (org.hibernate.type.BasicTypeRegistry:148) - Adding type registration byte -&gt; org.hibernate.type.ByteType@176b3f44
2018-12-12 13:05:23,614 DEBUG (org.hibernate.type.BasicTypeRegistry:148) - Adding type registration byte -&gt; org.hibernate.type.ByteType@176b3f44
2018-12-12 13:05:23,614 DEBUG (org.hibernate.type.BasicTypeRegistry:148) - Adding type registration java.lang.Byte -&gt; org.hibernate.type.ByteType@176b3f44
2018-12-12 13:05:23,614 DEBUG (org.hibernate.type.BasicTypeRegistry:148) - Adding type registration character -&gt; org.hibernate.type.CharacterType@66ac5762
2018-12-12 13:05:23,615 DEBUG (org.hibernate.type.BasicTypeRegistry:148) - Adding type registration char -&gt; org.hibernate.type.CharacterType@66ac5762
2018-12-12 13:05:23,615 DEBUG (org.hibernate.type.BasicTypeRegistry:148) - Adding type registration java.lang.Character -&gt; org.hibernate.type.CharacterType@66ac5762
2018-12-12 13:05:23,615 DEBUG (org.hibernate.type.BasicTypeRegistry:148) - Adding type registration short -&gt; org.hibernate.type.ShortType@3a12c404
2018-12-12 13:05:23,615 DEBUG (org.hibernate.type.BasicTypeRegistry:148) - Adding type registration short -&gt; org.hibernate.type.ShortType@3a12c404
2018-12-12 13:05:23,616 DEBUG (org.hibernate.type.BasicTypeRegistry:148) - Adding type registration java.lang.Short -&gt; org.hibernate.type.ShortType@3a12c404
2018-12-12 13:05:23,616 DEBUG (org.hibernate.type.BasicTypeRegistry:148) - Adding type registration integer -&gt; org.hibernate.type.IntegerType@2c1156a7
2018-12-12 13:05:23,616 DEBUG (org.hibernate.type.BasicTypeRegistry:148) - Adding type registration int -&gt; org.hibernate.type.IntegerType@2c1156a7
2018-12-12 13:05:23,616 DEBUG (org.hibernate.type.BasicTypeRegistry:148) - Adding type registration java.lang.Integer -&gt; org.hibernate.type.IntegerType@2c1156a7
2018-12-12 13:05:23,617 DEBUG (org.hibernate.type.BasicTypeRegistry:148) - Adding type registration long -&gt; org.hibernate.type.LongType@71529963
2018-12-12 13:05:23,617 DEBUG (org.hibernate.type.BasicTypeRegistry:148) - Adding type registration long -&gt; org.hibernate.type.LongType@71529963
2018-12-12 13:05:23,617 DEBUG (org.hibernate.type.BasicTypeRegistry:148) - Adding type registration java.lang.Long -&gt; org.hibernate.type.LongType@71529963
2018-12-12 13:05:23,617 DEBUG (org.hibernate.type.BasicTypeRegistry:148) - Adding type registration float -&gt; org.hibernate.type.FloatType@5dcd8c7a
2018-12-12 13:05:23,618 DEBUG (org.hibernate.type.BasicTypeRegistry:148) - Adding type registration float -&gt; org.hibernate.type.FloatType@5dcd8c7a
2018-12-12 13:05:23,618 DEBUG (org.hibernate.type.BasicTypeRegistry:148) - Adding type registration java.lang.Float -&gt; org.hibernate.type.FloatType@5dcd8c7a
2018-12-12 13:05:23,618 DEBUG (org.hibernate.type.BasicTypeRegistry:148) - Adding type registration double -&gt; org.hibernate.type.DoubleType@8dbfffb
2018-12-12 13:05:23,618 DEBUG (org.hibernate.type.BasicTypeRegistry:148) - Adding type registration double -&gt; org.hibernate.type.DoubleType@8dbfffb
2018-12-12 13:05:23,619 DEBUG (org.hibernate.type.BasicTypeRegistry:148) - Adding type registration java.lang.Double -&gt; org.hibernate.type.DoubleType@8dbfffb
2018-12-12 13:05:23,619 DEBUG (org.hibernate.type.BasicTypeRegistry:148) - Adding type registration big_decimal -&gt; org.hibernate.type.BigDecimalType@2445445a
2018-12-12 13:05:23,619 DEBUG (org.hibernate.type.BasicTypeRegistry:148) - Adding type registration java.math.BigDecimal -&gt; org.hibernate.type.BigDecimalType@2445445a
2018-12-12 13:05:23,619 DEBUG (org.hibernate.type.BasicTypeRegistry:148) - Adding type registration big_integer -&gt; org.hibernate.type.BigIntegerType@22bac7bc
2018-12-12 13:05:23,619 DEBUG (org.hibernate.type.BasicTypeRegistry:148) - Adding type registration java.math.BigInteger -&gt; org.hibernate.type.BigIntegerType@22bac7bc
2018-12-12 13:05:23,619 DEBUG (org.hibernate.type.BasicTypeRegistry:148) - Adding type registration string -&gt; org.hibernate.type.StringType@79c7532f
2018-12-12 13:05:23,620 DEBUG (org.hibernate.type.BasicTypeRegistry:148) - Adding type registration java.lang.String -&gt; org.hibernate.type.StringType@79c7532f
2018-12-12 13:05:23,620 DEBUG (org.hibernate.type.BasicTypeRegistry:148) - Adding type registration nstring -&gt; org.hibernate.type.StringNVarcharType@e8df99a
2018-12-12 13:05:23,620 DEBUG (org.hibernate.type.BasicTypeRegistry:148) - Adding type registration ncharacter -&gt; org.hibernate.type.CharacterNCharType@530712d
2018-12-12 13:05:23,620 DEBUG (org.hibernate.type.BasicTypeRegistry:148) - Adding type registration url -&gt; org.hibernate.type.UrlType@55322aab
2018-12-12 13:05:23,620 DEBUG (org.hibernate.type.BasicTypeRegistry:148) - Adding type registration java.net.URL -&gt; org.hibernate.type.UrlType@55322aab
2018-12-12 13:05:23,620 DEBUG (org.hibernate.type.BasicTypeRegistry:148) - Adding type registration date -&gt; org.hibernate.type.DateType@16c63f5
2018-12-12 13:05:23,621 DEBUG (org.hibernate.type.BasicTypeRegistry:148) - Adding type registration java.sql.Date -&gt; org.hibernate.type.DateType@16c63f5
2018-12-12 13:05:23,621 DEBUG (org.hibernate.type.BasicTypeRegistry:148) - Adding type registration time -&gt; org.hibernate.type.TimeType@74eb909f
2018-12-12 13:05:23,621 DEBUG (org.hibernate.type.BasicTypeRegistry:148) - Adding type registration java.sql.Time -&gt; org.hibernate.type.TimeType@74eb909f
2018-12-12 13:05:23,621 DEBUG (org.hibernate.type.BasicTypeRegistry:148) - Adding type registration timestamp -&gt; org.hibernate.type.TimestampType@13d9b21f
2018-12-12 13:05:23,621 DEBUG (org.hibernate.type.BasicTypeRegistry:148) - Adding type registration java.sql.Timestamp -&gt; org.hibernate.type.TimestampType@13d9b21f
2018-12-12 13:05:23,621 DEBUG (org.hibernate.type.BasicTypeRegistry:148) - Adding type registration java.util.Date -&gt; org.hibernate.type.TimestampType@13d9b21f
2018-12-12 13:05:23,621 DEBUG (org.hibernate.type.BasicTypeRegistry:148) - Adding type registration dbtimestamp -&gt; org.hibernate.type.DbTimestampType@4d9ac0b4
2018-12-12 13:05:23,622 DEBUG (org.hibernate.type.BasicTypeRegistry:148) - Adding type registration calendar -&gt; org.hibernate.type.CalendarType@15dcfae7
2018-12-12 13:05:23,622 DEBUG (org.hibernate.type.BasicTypeRegistry:148) - Adding type registration java.util.Calendar -&gt; org.hibernate.type.CalendarType@15dcfae7
2018-12-12 13:05:23,622 DEBUG (org.hibernate.type.BasicTypeRegistry:148) - Adding type registration java.util.GregorianCalendar -&gt; org.hibernate.type.CalendarType@15dcfae7
2018-12-12 13:05:23,622 DEBUG (org.hibernate.type.BasicTypeRegistry:148) - Adding type registration calendar_date -&gt; org.hibernate.type.CalendarDateType@115667d
2018-12-12 13:05:23,622 DEBUG (org.hibernate.type.BasicTypeRegistry:148) - Adding type registration locale -&gt; org.hibernate.type.LocaleType@75f95314
2018-12-12 13:05:23,622 DEBUG (org.hibernate.type.BasicTypeRegistry:148) - Adding type registration java.util.Locale -&gt; org.hibernate.type.LocaleType@75f95314
2018-12-12 13:05:23,623 DEBUG (org.hibernate.type.BasicTypeRegistry:148) - Adding type registration currency -&gt; org.hibernate.type.CurrencyType@635572a7
2018-12-12 13:05:23,623 DEBUG (org.hibernate.type.BasicTypeRegistry:148) - Adding type registration java.util.Currency -&gt; org.hibernate.type.CurrencyType@635572a7
2018-12-12 13:05:23,623 DEBUG (org.hibernate.type.BasicTypeRegistry:148) - Adding type registration timezone -&gt; org.hibernate.type.TimeZoneType@495b0487
2018-12-12 13:05:23,623 DEBUG (org.hibernate.type.BasicTypeRegistry:148) - Adding type registration java.util.TimeZone -&gt; org.hibernate.type.TimeZoneType@495b0487
2018-12-12 13:05:23,623 DEBUG (org.hibernate.type.BasicTypeRegistry:148) - Adding type registration class -&gt; org.hibernate.type.ClassType@7203c7ff
2018-12-12 13:05:23,623 DEBUG (org.hibernate.type.BasicTypeRegistry:148) - Adding type registration java.lang.Class -&gt; org.hibernate.type.ClassType@7203c7ff
2018-12-12 13:05:23,624 DEBUG (org.hibernate.type.BasicTypeRegistry:148) - Adding type registration uuid-binary -&gt; org.hibernate.type.UUIDBinaryType@39fcbef6
2018-12-12 13:05:23,624 DEBUG (org.hibernate.type.BasicTypeRegistry:148) - Adding type registration java.util.UUID -&gt; org.hibernate.type.UUIDBinaryType@39fcbef6
2018-12-12 13:05:23,624 DEBUG (org.hibernate.type.BasicTypeRegistry:148) - Adding type registration uuid-char -&gt; org.hibernate.type.UUIDCharType@3d2ee678
2018-12-12 13:05:23,624 DEBUG (org.hibernate.type.BasicTypeRegistry:148) - Adding type registration pg-uuid -&gt; org.hibernate.type.PostgresUUIDType@49c6c24f
2018-12-12 13:05:23,625 DEBUG (org.hibernate.type.BasicTypeRegistry:148) - Adding type registration binary -&gt; org.hibernate.type.BinaryType@13d73fa
2018-12-12 13:05:23,625 DEBUG (org.hibernate.type.BasicTypeRegistry:148) - Adding type registration byte[] -&gt; org.hibernate.type.BinaryType@13d73fa
2018-12-12 13:05:23,625 DEBUG (org.hibernate.type.BasicTypeRegistry:148) - Adding type registration [B -&gt; org.hibernate.type.BinaryType@13d73fa
2018-12-12 13:05:23,625 DEBUG (org.hibernate.type.BasicTypeRegistry:148) - Adding type registration wrapper-binary -&gt; org.hibernate.type.WrapperBinaryType@53bd8fca
2018-12-12 13:05:23,625 DEBUG (org.hibernate.type.BasicTypeRegistry:148) - Adding type registration Byte[] -&gt; org.hibernate.type.WrapperBinaryType@53bd8fca
2018-12-12 13:05:23,625 DEBUG (org.hibernate.type.BasicTypeRegistry:148) - Adding type registration [Ljava.lang.Byte; -&gt; org.hibernate.type.WrapperBinaryType@53bd8fca
2018-12-12 13:05:23,625 DEBUG (org.hibernate.type.BasicTypeRegistry:148) - Adding type registration image -&gt; org.hibernate.type.ImageType@37c7595
2018-12-12 13:05:23,626 DEBUG (org.hibernate.type.BasicTypeRegistry:148) - Adding type registration characters -&gt; org.hibernate.type.CharArrayType@2d96543c
2018-12-12 13:05:23,626 DEBUG (org.hibernate.type.BasicTypeRegistry:148) - Adding type registration char[] -&gt; org.hibernate.type.CharArrayType@2d96543c
2018-12-12 13:05:23,626 DEBUG (org.hibernate.type.BasicTypeRegistry:148) - Adding type registration [C -&gt; org.hibernate.type.CharArrayType@2d96543c
2018-12-12 13:05:23,626 DEBUG (org.hibernate.type.BasicTypeRegistry:148) - Adding type registration wrapper-characters -&gt; org.hibernate.type.CharacterArrayType@68be8808
2018-12-12 13:05:23,626 DEBUG (org.hibernate.type.BasicTypeRegistry:148) - Adding type registration [Ljava.lang.Character; -&gt; org.hibernate.type.CharacterArrayType@68be8808
2018-12-12 13:05:23,626 DEBUG (org.hibernate.type.BasicTypeRegistry:148) - Adding type registration Character[] -&gt; org.hibernate.type.CharacterArrayType@68be8808
2018-12-12 13:05:23,626 DEBUG (org.hibernate.type.BasicTypeRegistry:148) - Adding type registration text -&gt; org.hibernate.type.TextType@ebaa6cb
2018-12-12 13:05:23,627 DEBUG (org.hibernate.type.BasicTypeRegistry:148) - Adding type registration ntext -&gt; org.hibernate.type.NTextType@604c5de8
2018-12-12 13:05:23,627 DEBUG (org.hibernate.type.BasicTypeRegistry:148) - Adding type registration blob -&gt; org.hibernate.type.BlobType@363042d7
2018-12-12 13:05:23,627 DEBUG (org.hibernate.type.BasicTypeRegistry:148) - Adding type registration java.sql.Blob -&gt; org.hibernate.type.BlobType@363042d7
2018-12-12 13:05:23,627 DEBUG (org.hibernate.type.BasicTypeRegistry:148) - Adding type registration materialized_blob -&gt; org.hibernate.type.MaterializedBlobType@56f0cc85
2018-12-12 13:05:23,627 DEBUG (org.hibernate.type.BasicTypeRegistry:148) - Adding type registration clob -&gt; org.hibernate.type.ClobType@1f6c9cd8
2018-12-12 13:05:23,627 DEBUG (org.hibernate.type.BasicTypeRegistry:148) - Adding type registration java.sql.Clob -&gt; org.hibernate.type.ClobType@1f6c9cd8
2018-12-12 13:05:23,628 DEBUG (org.hibernate.type.BasicTypeRegistry:148) - Adding type registration nclob -&gt; org.hibernate.type.NClobType@5f9678e1
2018-12-12 13:05:23,628 DEBUG (org.hibernate.type.BasicTypeRegistry:148) - Adding type registration java.sql.NClob -&gt; org.hibernate.type.NClobType@5f9678e1
2018-12-12 13:05:23,628 DEBUG (org.hibernate.type.BasicTypeRegistry:148) - Adding type registration materialized_clob -&gt; org.hibernate.type.MaterializedClobType@5a9d6f02
2018-12-12 13:05:23,628 DEBUG (org.hibernate.type.BasicTypeRegistry:148) - Adding type registration materialized_nclob -&gt; org.hibernate.type.MaterializedNClobType@5ccbeb64
2018-12-12 13:05:23,628 DEBUG (org.hibernate.type.BasicTypeRegistry:148) - Adding type registration serializable -&gt; org.hibernate.type.SerializableType@241e8ea6
2018-12-12 13:05:23,628 DEBUG (org.hibernate.type.BasicTypeRegistry:148) - Adding type registration object -&gt; org.hibernate.type.ObjectType@1338fb5
2018-12-12 13:05:23,629 DEBUG (org.hibernate.type.BasicTypeRegistry:148) - Adding type registration java.lang.Object -&gt; org.hibernate.type.ObjectType@1338fb5
2018-12-12 13:05:23,629 DEBUG (org.hibernate.type.BasicTypeRegistry:148) - Adding type registration imm_date -&gt; org.hibernate.type.AdaptedImmutableType@4d62f4c6
2018-12-12 13:05:23,629 DEBUG (org.hibernate.type.BasicTypeRegistry:148) - Adding type registration imm_time -&gt; org.hibernate.type.AdaptedImmutableType@7569ea63
2018-12-12 13:05:23,629 DEBUG (org.hibernate.type.BasicTypeRegistry:148) - Adding type registration imm_timestamp -&gt; org.hibernate.type.AdaptedImmutableType@ebd06a9
2018-12-12 13:05:23,629 DEBUG (org.hibernate.type.BasicTypeRegistry:148) - Adding type registration imm_dbtimestamp -&gt; org.hibernate.type.AdaptedImmutableType@16c587de
2018-12-12 13:05:23,629 DEBUG (org.hibernate.type.BasicTypeRegistry:148) - Adding type registration imm_calendar -&gt; org.hibernate.type.AdaptedImmutableType@4cdb8504
2018-12-12 13:05:23,629 DEBUG (org.hibernate.type.BasicTypeRegistry:148) - Adding type registration imm_calendar_date -&gt; org.hibernate.type.AdaptedImmutableType@76db540e
2018-12-12 13:05:23,629 DEBUG (org.hibernate.type.BasicTypeRegistry:148) - Adding type registration imm_binary -&gt; org.hibernate.type.AdaptedImmutableType@10358c32
2018-12-12 13:05:23,630 DEBUG (org.hibernate.type.BasicTypeRegistry:148) - Adding type registration imm_serializable -&gt; org.hibernate.type.AdaptedImmutableType@2af4129d
2018-12-12 13:05:23,630 DEBUG (org.hibernate.id.factory.internal.DefaultIdentifierGeneratorFactory:93) - Registering IdentifierGenerator strategy [uuid2] -&gt; [org.hibernate.id.UUIDGenerator]
2018-12-12 13:05:23,630 DEBUG (org.hibernate.id.factory.internal.DefaultIdentifierGeneratorFactory:93) - Registering IdentifierGenerator strategy [guid] -&gt; [org.hibernate.id.GUIDGenerator]
2018-12-12 13:05:23,630 DEBUG (org.hibernate.id.factory.internal.DefaultIdentifierGeneratorFactory:93) - Registering IdentifierGenerator strategy [uuid] -&gt; [org.hibernate.id.UUIDHexGenerator]
2018-12-12 13:05:23,630 DEBUG (org.hibernate.id.factory.internal.DefaultIdentifierGeneratorFactory:93) - Registering IdentifierGenerator strategy [uuid.hex] -&gt; [org.hibernate.id.UUIDHexGenerator]
2018-12-12 13:05:23,630 DEBUG (org.hibernate.id.factory.internal.DefaultIdentifierGeneratorFactory:93) - Registering IdentifierGenerator strategy [hilo] -&gt; [org.hibernate.id.TableHiLoGenerator]
2018-12-12 13:05:23,631 DEBUG (org.hibernate.id.factory.internal.DefaultIdentifierGeneratorFactory:93) - Registering IdentifierGenerator strategy [assigned] -&gt; [org.hibernate.id.Assigned]
2018-12-12 13:05:23,631 DEBUG (org.hibernate.id.factory.internal.DefaultIdentifierGeneratorFactory:93) - Registering IdentifierGenerator strategy [identity] -&gt; [org.hibernate.id.IdentityGenerator]
2018-12-12 13:05:23,631 DEBUG (org.hibernate.id.factory.internal.DefaultIdentifierGeneratorFactory:93) - Registering IdentifierGenerator strategy [select] -&gt; [org.hibernate.id.SelectGenerator]
2018-12-12 13:05:23,631 DEBUG (org.hibernate.id.factory.internal.DefaultIdentifierGeneratorFactory:93) - Registering IdentifierGenerator strategy [sequence] -&gt; [org.hibernate.id.SequenceGenerator]
2018-12-12 13:05:23,631 DEBUG (org.hibernate.id.factory.internal.DefaultIdentifierGeneratorFactory:93) - Registering IdentifierGenerator strategy [seqhilo] -&gt; [org.hibernate.id.SequenceHiLoGenerator]
2018-12-12 13:05:23,631 DEBUG (org.hibernate.id.factory.internal.DefaultIdentifierGeneratorFactory:93) - Registering IdentifierGenerator strategy [increment] -&gt; [org.hibernate.id.IncrementGenerator]
2018-12-12 13:05:23,632 DEBUG (org.hibernate.id.factory.internal.DefaultIdentifierGeneratorFactory:93) - Registering IdentifierGenerator strategy [foreign] -&gt; [org.hibernate.id.ForeignGenerator]
2018-12-12 13:05:23,632 DEBUG (org.hibernate.id.factory.internal.DefaultIdentifierGeneratorFactory:93) - Registering IdentifierGenerator strategy [sequence-identity] -&gt; [org.hibernate.id.SequenceIdentityGenerator]
2018-12-12 13:05:23,632 DEBUG (org.hibernate.id.factory.internal.DefaultIdentifierGeneratorFactory:93) - Registering IdentifierGenerator strategy [enhanced-sequence] -&gt; [org.hibernate.id.enhanced.SequenceStyleGenerator]
2018-12-12 13:05:23,632 DEBUG (org.hibernate.id.factory.internal.DefaultIdentifierGeneratorFactory:93) - Registering IdentifierGenerator strategy [enhanced-table] -&gt; [org.hibernate.id.enhanced.TableGenerator]
2018-12-12 13:05:23,633 DEBUG (org.springframework.core.io.support.PathMatchingResourcePatternResolver:631) - Looking for matching resources in directory tree [E:\work_java\chapter18\target\classes\com\smart\domain]
2018-12-12 13:05:23,633 DEBUG (org.springframework.core.io.support.PathMatchingResourcePatternResolver:631) - Looking for matching resources in directory tree [E:\work_java\chapter18\target\classes\com\smart\domain]
2018-12-12 13:05:23,633 DEBUG (org.springframework.core.io.support.PathMatchingResourcePatternResolver:693) - Searching directory [E:\work_java\chapter18\target\classes\com\smart\domain] for files matching pattern [E:/work_java/chapter18/target/classes/com/smart/domain/**/*.class]
2018-12-12 13:05:23,633 DEBUG (org.springframework.core.io.support.PathMatchingResourcePatternResolver:693) - Searching directory [E:\work_java\chapter18\target\classes\com\smart\domain] for files matching pattern [E:/work_java/chapter18/target/classes/com/smart/domain/**/*.class]
2018-12-12 13:05:23,633 DEBUG (org.springframework.core.io.support.PathMatchingResourcePatternResolver:424) - Resolved location pattern [classpath*:com/smart/domain/**/*.class] to resources [file [E:\work_java\chapter18\target\classes\com\smart\domain\BaseDomain.class], file [E:\work_java\chapter18\target\classes\com\smart\domain\Board.class], file [E:\work_java\chapter18\target\classes\com\smart\domain\LoginLog.class], file [E:\work_java\chapter18\target\classes\com\smart\domain\MainPost.class], file [E:\work_java\chapter18\target\classes\com\smart\domain\Post.class], file [E:\work_java\chapter18\target\classes\com\smart\domain\Topic.class], file [E:\work_java\chapter18\target\classes\com\smart\domain\User.class]]
2018-12-12 13:05:23,633 DEBUG (org.springframework.core.io.support.PathMatchingResourcePatternResolver:424) - Resolved location pattern [classpath*:com/smart/domain/**/*.class] to resources [file [E:\work_java\chapter18\target\classes\com\smart\domain\BaseDomain.class], file [E:\work_java\chapter18\target\classes\com\smart\domain\Board.class], file [E:\work_java\chapter18\target\classes\com\smart\domain\LoginLog.class], file [E:\work_java\chapter18\target\classes\com\smart\domain\MainPost.class], file [E:\work_java\chapter18\target\classes\com\smart\domain\Post.class], file [E:\work_java\chapter18\target\classes\com\smart\domain\Topic.class], file [E:\work_java\chapter18\target\classes\com\smart\domain\User.class]]
2018-12-12 13:05:23,637 DEBUG (org.hibernate.integrator.internal.IntegratorServiceImpl:59) - Adding Integrator [org.hibernate.cfg.beanvalidation.BeanValidationIntegrator].
2018-12-12 13:05:23,638 DEBUG (org.hibernate.cfg.Configuration:1735) - Preparing to build session factory with filters : {}
2018-12-12 13:05:23,638 DEBUG (org.hibernate.cfg.Configuration:3416) - Processing hbm.xml files
2018-12-12 13:05:23,638 DEBUG (org.hibernate.cfg.Configuration:3446) - Process annotated classes
2018-12-12 13:05:23,639 DEBUG (org.hibernate.cfg.AnnotationBinder:531) - Binding entity from annotated class: com.smart.domain.Board
2018-12-12 13:05:23,639 DEBUG (org.hibernate.cfg.Ejb3Column:196) - Binding column: Ejb3DiscriminatorColumn{logicalColumnName&apos;DTYPE&apos;, discriminatorTypeName=&apos;string&apos;}
2018-12-12 13:05:23,639 DEBUG (org.hibernate.cfg.annotations.EntityBinder:394) - Import with entity name Board
2018-12-12 13:05:23,639 DEBUG (org.hibernate.cfg.annotations.EntityBinder:564) - Bind entity com.smart.domain.Board on table t_board
2018-12-12 13:05:23,640 DEBUG (org.hibernate.cfg.Ejb3Column:196) - Binding column: Ejb3Column{table=org.hibernate.mapping.Table(t_board), mappingColumn=board_id, insertable=true, updatable=true, unique=false}
2018-12-12 13:05:23,640 DEBUG (org.hibernate.cfg.annotations.PropertyBinder:179) - MetadataSourceProcessor property boardId with lazy=false
2018-12-12 13:05:23,641 DEBUG (org.hibernate.cfg.annotations.SimpleValueBinder:331) - building SimpleValue for boardId
2018-12-12 13:05:23,641 DEBUG (org.hibernate.cfg.annotations.PropertyBinder:260) - Building property boardId
2018-12-12 13:05:23,641 DEBUG (org.hibernate.cfg.Ejb3Column:196) - Binding column: Ejb3Column{table=org.hibernate.mapping.Table(t_board), mappingColumn=board_desc, insertable=true, updatable=true, unique=false}
2018-12-12 13:05:23,641 DEBUG (org.hibernate.cfg.annotations.PropertyBinder:179) - MetadataSourceProcessor property boardDesc with lazy=false
2018-12-12 13:05:23,642 DEBUG (org.hibernate.cfg.annotations.SimpleValueBinder:331) - building SimpleValue for boardDesc
2018-12-12 13:05:23,642 DEBUG (org.hibernate.cfg.annotations.PropertyBinder:260) - Building property boardDesc
2018-12-12 13:05:23,642 DEBUG (org.hibernate.cfg.Ejb3Column:196) - Binding column: Ejb3Column{table=org.hibernate.mapping.Table(t_board), mappingColumn=board_name, insertable=true, updatable=true, unique=false}
2018-12-12 13:05:23,643 DEBUG (org.hibernate.cfg.annotations.PropertyBinder:179) - MetadataSourceProcessor property boardName with lazy=false
2018-12-12 13:05:23,643 DEBUG (org.hibernate.cfg.annotations.SimpleValueBinder:331) - building SimpleValue for boardName
2018-12-12 13:05:23,643 DEBUG (org.hibernate.cfg.annotations.PropertyBinder:260) - Building property boardName
2018-12-12 13:05:23,644 DEBUG (org.hibernate.cfg.Ejb3Column:196) - Binding column: Ejb3Column{table=org.hibernate.mapping.Table(t_board), mappingColumn=topic_num, insertable=true, updatable=true, unique=false}
2018-12-12 13:05:23,644 DEBUG (org.hibernate.cfg.annotations.PropertyBinder:179) - MetadataSourceProcessor property topicNum with lazy=false
2018-12-12 13:05:23,644 DEBUG (org.hibernate.cfg.annotations.SimpleValueBinder:331) - building SimpleValue for topicNum
2018-12-12 13:05:23,644 DEBUG (org.hibernate.cfg.annotations.PropertyBinder:260) - Building property topicNum
2018-12-12 13:05:23,645 DEBUG (org.hibernate.cfg.Ejb3Column:196) - Binding column: Ejb3Column{table=org.hibernate.mapping.Table(t_board), mappingColumn=null, insertable=true, updatable=true, unique=false}
2018-12-12 13:05:23,645 DEBUG (org.hibernate.cfg.Ejb3Column:196) - Binding column: Ejb3Column{table=org.hibernate.mapping.Table(t_board), mappingColumn=element, insertable=true, updatable=true, unique=false}
2018-12-12 13:05:23,646 DEBUG (org.hibernate.cfg.Ejb3Column:196) - Binding column: Ejb3Column{table=org.hibernate.mapping.Table(t_board), mappingColumn=users_KEY, insertable=true, updatable=true, unique=false}
2018-12-12 13:05:23,646 DEBUG (org.hibernate.cfg.Ejb3Column:196) - Binding column: Ejb3JoinColumn{logicalColumnName=&apos;users_KEY&apos;, referencedColumn=&apos;null&apos;, mappedBy=&apos;null&apos;}
2018-12-12 13:05:23,646 DEBUG (org.hibernate.cfg.Ejb3Column:196) - Binding column: Ejb3JoinColumn{logicalColumnName=&apos;null&apos;, referencedColumn=&apos;null&apos;, mappedBy=&apos;manBoards&apos;}
2018-12-12 13:05:23,646 DEBUG (org.hibernate.cfg.Ejb3Column:196) - Binding column: Ejb3JoinColumn{logicalColumnName=&apos;null&apos;, referencedColumn=&apos;null&apos;, mappedBy=&apos;manBoards&apos;}
2018-12-12 13:05:23,647 DEBUG (org.hibernate.cfg.annotations.CollectionBinder:400) - Collection role: com.smart.domain.Board.users
2018-12-12 13:05:23,647 DEBUG (org.hibernate.cfg.annotations.PropertyBinder:260) - Building property users
2018-12-12 13:05:23,647 DEBUG (org.hibernate.cfg.AnnotationBinder:531) - Binding entity from annotated class: com.smart.domain.LoginLog
2018-12-12 13:05:23,647 DEBUG (org.hibernate.cfg.Ejb3Column:196) - Binding column: Ejb3DiscriminatorColumn{logicalColumnName&apos;DTYPE&apos;, discriminatorTypeName=&apos;string&apos;}
2018-12-12 13:05:23,648 DEBUG (org.hibernate.cfg.annotations.EntityBinder:394) - Import with entity name LoginLog
2018-12-12 13:05:23,648 DEBUG (org.hibernate.cfg.annotations.EntityBinder:564) - Bind entity com.smart.domain.LoginLog on table t_login_log
2018-12-12 13:05:23,649 DEBUG (org.hibernate.cfg.Ejb3Column:196) - Binding column: Ejb3Column{table=org.hibernate.mapping.Table(t_login_log), mappingColumn=login_log_id, insertable=true, updatable=true, unique=false}
2018-12-12 13:05:23,649 DEBUG (org.hibernate.cfg.annotations.PropertyBinder:179) - MetadataSourceProcessor property loginLogId with lazy=false
2018-12-12 13:05:23,649 DEBUG (org.hibernate.cfg.annotations.SimpleValueBinder:331) - building SimpleValue for loginLogId
2018-12-12 13:05:23,650 DEBUG (org.hibernate.cfg.annotations.PropertyBinder:260) - Building property loginLogId
2018-12-12 13:05:23,650 DEBUG (org.hibernate.cfg.Ejb3Column:196) - Binding column: Ejb3Column{table=org.hibernate.mapping.Table(t_login_log), mappingColumn=ip, insertable=true, updatable=true, unique=false}
2018-12-12 13:05:23,650 DEBUG (org.hibernate.cfg.annotations.PropertyBinder:179) - MetadataSourceProcessor property ip with lazy=false
2018-12-12 13:05:23,650 DEBUG (org.hibernate.cfg.annotations.SimpleValueBinder:331) - building SimpleValue for ip
2018-12-12 13:05:23,651 DEBUG (org.hibernate.cfg.annotations.PropertyBinder:260) - Building property ip
2018-12-12 13:05:23,651 DEBUG (org.hibernate.cfg.Ejb3Column:196) - Binding column: Ejb3Column{table=org.hibernate.mapping.Table(t_login_log), mappingColumn=login_datetime, insertable=true, updatable=true, unique=false}
2018-12-12 13:05:23,651 DEBUG (org.hibernate.cfg.annotations.PropertyBinder:179) - MetadataSourceProcessor property loginDatetime with lazy=false
2018-12-12 13:05:23,651 DEBUG (org.hibernate.cfg.annotations.SimpleValueBinder:331) - building SimpleValue for loginDatetime
2018-12-12 13:05:23,652 DEBUG (org.hibernate.cfg.annotations.PropertyBinder:260) - Building property loginDatetime
2018-12-12 13:05:23,652 DEBUG (org.hibernate.cfg.Ejb3Column:196) - Binding column: Ejb3JoinColumn{logicalColumnName=&apos;user_id&apos;, referencedColumn=&apos;&apos;, mappedBy=&apos;&apos;}
2018-12-12 13:05:23,652 DEBUG (org.hibernate.cfg.Ejb3Column:196) - Binding column: Ejb3Column{table=org.hibernate.mapping.Table(t_login_log), mappingColumn=user, insertable=true, updatable=true, unique=false}
2018-12-12 13:05:23,652 DEBUG (org.hibernate.cfg.annotations.PropertyBinder:260) - Building property user
2018-12-12 13:05:23,653 DEBUG (org.hibernate.cfg.AnnotationBinder:531) - Binding entity from annotated class: com.smart.domain.Post
2018-12-12 13:05:23,653 DEBUG (org.hibernate.cfg.Ejb3Column:196) - Binding column: Ejb3DiscriminatorColumn{logicalColumnName&apos;post_type&apos;, discriminatorTypeName=&apos;string&apos;}
2018-12-12 13:05:23,653 DEBUG (org.hibernate.cfg.annotations.EntityBinder:394) - Import with entity name Post
2018-12-12 13:05:23,653 DEBUG (org.hibernate.cfg.annotations.EntityBinder:564) - Bind entity com.smart.domain.Post on table t_post
2018-12-12 13:05:23,654 DEBUG (org.hibernate.cfg.Ejb3Column:196) - Binding column: Ejb3Column{table=org.hibernate.mapping.Table(t_post), mappingColumn=post_id, insertable=true, updatable=true, unique=false}
2018-12-12 13:05:23,654 DEBUG (org.hibernate.cfg.annotations.PropertyBinder:179) - MetadataSourceProcessor property postId with lazy=false
2018-12-12 13:05:23,655 DEBUG (org.hibernate.cfg.annotations.SimpleValueBinder:331) - building SimpleValue for postId
2018-12-12 13:05:23,655 DEBUG (org.hibernate.cfg.annotations.PropertyBinder:260) - Building property postId
2018-12-12 13:05:23,655 DEBUG (org.hibernate.cfg.Ejb3Column:196) - Binding column: Ejb3Column{table=org.hibernate.mapping.Table(t_post), mappingColumn=board_id, insertable=true, updatable=true, unique=false}
2018-12-12 13:05:23,655 DEBUG (org.hibernate.cfg.annotations.PropertyBinder:179) - MetadataSourceProcessor property boardId with lazy=false
2018-12-12 13:05:23,656 DEBUG (org.hibernate.cfg.annotations.SimpleValueBinder:331) - building SimpleValue for boardId
2018-12-12 13:05:23,656 DEBUG (org.hibernate.cfg.annotations.PropertyBinder:260) - Building property boardId
2018-12-12 13:05:23,657 DEBUG (org.hibernate.cfg.Ejb3Column:196) - Binding column: Ejb3Column{table=org.hibernate.mapping.Table(t_post), mappingColumn=create_time, insertable=true, updatable=true, unique=false}
2018-12-12 13:05:23,657 DEBUG (org.hibernate.cfg.annotations.PropertyBinder:179) - MetadataSourceProcessor property createTime with lazy=false
2018-12-12 13:05:23,657 DEBUG (org.hibernate.cfg.annotations.SimpleValueBinder:331) - building SimpleValue for createTime
2018-12-12 13:05:23,657 DEBUG (org.hibernate.cfg.annotations.PropertyBinder:260) - Building property createTime
2018-12-12 13:05:23,658 DEBUG (org.hibernate.cfg.Ejb3Column:196) - Binding column: Ejb3Column{table=org.hibernate.mapping.Table(t_post), mappingColumn=post_text, insertable=true, updatable=true, unique=false}
2018-12-12 13:05:23,658 DEBUG (org.hibernate.cfg.annotations.PropertyBinder:179) - MetadataSourceProcessor property postText with lazy=false
2018-12-12 13:05:23,658 DEBUG (org.hibernate.cfg.annotations.SimpleValueBinder:331) - building SimpleValue for postText
2018-12-12 13:05:23,659 DEBUG (org.hibernate.cfg.annotations.PropertyBinder:260) - Building property postText
2018-12-12 13:05:23,659 DEBUG (org.hibernate.cfg.Ejb3Column:196) - Binding column: Ejb3Column{table=org.hibernate.mapping.Table(t_post), mappingColumn=post_title, insertable=true, updatable=true, unique=false}
2018-12-12 13:05:23,659 DEBUG (org.hibernate.cfg.annotations.PropertyBinder:179) - MetadataSourceProcessor property postTitle with lazy=false
2018-12-12 13:05:23,659 DEBUG (org.hibernate.cfg.annotations.SimpleValueBinder:331) - building SimpleValue for postTitle
2018-12-12 13:05:23,660 DEBUG (org.hibernate.cfg.annotations.PropertyBinder:260) - Building property postTitle
2018-12-12 13:05:23,660 DEBUG (org.hibernate.cfg.Ejb3Column:196) - Binding column: Ejb3JoinColumn{logicalColumnName=&apos;topic_id&apos;, referencedColumn=&apos;&apos;, mappedBy=&apos;&apos;}
2018-12-12 13:05:23,660 DEBUG (org.hibernate.cfg.Ejb3Column:196) - Binding column: Ejb3Column{table=org.hibernate.mapping.Table(t_post), mappingColumn=topic, insertable=true, updatable=true, unique=false}
2018-12-12 13:05:23,661 DEBUG (org.hibernate.cfg.annotations.PropertyBinder:260) - Building property topic
2018-12-12 13:05:23,661 DEBUG (org.hibernate.cfg.Ejb3Column:196) - Binding column: Ejb3JoinColumn{logicalColumnName=&apos;user_id&apos;, referencedColumn=&apos;&apos;, mappedBy=&apos;&apos;}
2018-12-12 13:05:23,661 DEBUG (org.hibernate.cfg.Ejb3Column:196) - Binding column: Ejb3Column{table=org.hibernate.mapping.Table(t_post), mappingColumn=user, insertable=true, updatable=true, unique=false}
2018-12-12 13:05:23,662 DEBUG (org.hibernate.cfg.annotations.PropertyBinder:260) - Building property user
2018-12-12 13:05:23,662 DEBUG (org.hibernate.cfg.AnnotationBinder:531) - Binding entity from annotated class: com.smart.domain.MainPost
2018-12-12 13:05:23,662  WARN (org.hibernate.cfg.AnnotationBinder:735) - HHH000133: Discriminator column has to be defined in the root entity, it will be ignored in subclass: com.smart.domain.MainPost
2018-12-12 13:05:23,663 DEBUG (org.hibernate.cfg.annotations.EntityBinder:394) - Import with entity name MainPost
2018-12-12 13:05:23,663 DEBUG (org.hibernate.cfg.AnnotationBinder:531) - Binding entity from annotated class: com.smart.domain.Topic
2018-12-12 13:05:23,663 DEBUG (org.hibernate.cfg.Ejb3Column:196) - Binding column: Ejb3DiscriminatorColumn{logicalColumnName&apos;DTYPE&apos;, discriminatorTypeName=&apos;string&apos;}
2018-12-12 13:05:23,664 DEBUG (org.hibernate.cfg.annotations.EntityBinder:394) - Import with entity name Topic
2018-12-12 13:05:23,664 DEBUG (org.hibernate.cfg.annotations.EntityBinder:564) - Bind entity com.smart.domain.Topic on table t_topic
2018-12-12 13:05:23,665 DEBUG (org.hibernate.cfg.Ejb3Column:196) - Binding column: Ejb3Column{table=org.hibernate.mapping.Table(t_topic), mappingColumn=topic_id, insertable=true, updatable=true, unique=false}
2018-12-12 13:05:23,665 DEBUG (org.hibernate.cfg.annotations.PropertyBinder:179) - MetadataSourceProcessor property topicId with lazy=false
2018-12-12 13:05:23,666 DEBUG (org.hibernate.cfg.annotations.SimpleValueBinder:331) - building SimpleValue for topicId
2018-12-12 13:05:23,666 DEBUG (org.hibernate.cfg.annotations.PropertyBinder:260) - Building property topicId
2018-12-12 13:05:23,666 DEBUG (org.hibernate.cfg.Ejb3Column:196) - Binding column: Ejb3JoinColumn{logicalColumnName=&apos;board_id&apos;, referencedColumn=&apos;&apos;, mappedBy=&apos;&apos;}
2018-12-12 13:05:23,667 DEBUG (org.hibernate.cfg.Ejb3Column:196) - Binding column: Ejb3Column{table=org.hibernate.mapping.Table(t_topic), mappingColumn=board, insertable=true, updatable=true, unique=false}
2018-12-12 13:05:23,667 DEBUG (org.hibernate.cfg.annotations.PropertyBinder:260) - Building property board
2018-12-12 13:05:23,668 DEBUG (org.hibernate.cfg.Ejb3Column:196) - Binding column: Ejb3Column{table=org.hibernate.mapping.Table(t_topic), mappingColumn=create_name, insertable=true, updatable=true, unique=false}
2018-12-12 13:05:23,668 DEBUG (org.hibernate.cfg.annotations.PropertyBinder:179) - MetadataSourceProcessor property createName with lazy=false
2018-12-12 13:05:23,668 DEBUG (org.hibernate.cfg.annotations.SimpleValueBinder:331) - building SimpleValue for createName
2018-12-12 13:05:23,669 DEBUG (org.hibernate.cfg.annotations.PropertyBinder:260) - Building property createName
2018-12-12 13:05:23,669 DEBUG (org.hibernate.cfg.Ejb3Column:196) - Binding column: Ejb3Column{table=org.hibernate.mapping.Table(t_topic), mappingColumn=digest, insertable=true, updatable=true, unique=false}
2018-12-12 13:05:23,670 DEBUG (org.hibernate.cfg.annotations.PropertyBinder:179) - MetadataSourceProcessor property digest with lazy=false
2018-12-12 13:05:23,670 DEBUG (org.hibernate.cfg.annotations.SimpleValueBinder:331) - building SimpleValue for digest
2018-12-12 13:05:23,670 DEBUG (org.hibernate.cfg.annotations.PropertyBinder:260) - Building property digest
2018-12-12 13:05:23,670 DEBUG (org.hibernate.cfg.Ejb3Column:196) - Binding column: Ejb3Column{table=org.hibernate.mapping.Table(t_topic), mappingColumn=last_post, insertable=true, updatable=true, unique=false}
2018-12-12 13:05:23,670 DEBUG (org.hibernate.cfg.annotations.PropertyBinder:179) - MetadataSourceProcessor property lastPost with lazy=false
2018-12-12 13:05:23,671 DEBUG (org.hibernate.cfg.annotations.SimpleValueBinder:331) - building SimpleValue for lastPost
2018-12-12 13:05:23,671 DEBUG (org.hibernate.cfg.annotations.PropertyBinder:260) - Building property lastPost
2018-12-12 13:05:23,671 DEBUG (org.hibernate.cfg.Ejb3Column:196) - Binding column: Ejb3Column{table=org.hibernate.mapping.Table(t_topic), mappingColumn=topic_replies, insertable=true, updatable=true, unique=false}
2018-12-12 13:05:23,672 DEBUG (org.hibernate.cfg.annotations.PropertyBinder:179) - MetadataSourceProcessor property topicReplies with lazy=false
2018-12-12 13:05:23,672 DEBUG (org.hibernate.cfg.annotations.SimpleValueBinder:331) - building SimpleValue for topicReplies
2018-12-12 13:05:23,672 DEBUG (org.hibernate.cfg.annotations.PropertyBinder:260) - Building property topicReplies
2018-12-12 13:05:23,673 DEBUG (org.hibernate.cfg.Ejb3Column:196) - Binding column: Ejb3Column{table=org.hibernate.mapping.Table(t_topic), mappingColumn=topic_title, insertable=true, updatable=true, unique=false}
2018-12-12 13:05:23,673 DEBUG (org.hibernate.cfg.annotations.PropertyBinder:179) - MetadataSourceProcessor property topicTitle with lazy=false
2018-12-12 13:05:23,673 DEBUG (org.hibernate.cfg.annotations.SimpleValueBinder:331) - building SimpleValue for topicTitle
2018-12-12 13:05:23,673 DEBUG (org.hibernate.cfg.annotations.PropertyBinder:260) - Building property topicTitle
2018-12-12 13:05:23,674 DEBUG (org.hibernate.cfg.Ejb3Column:196) - Binding column: Ejb3Column{table=org.hibernate.mapping.Table(t_topic), mappingColumn=topic_view, insertable=true, updatable=true, unique=false}
2018-12-12 13:05:23,674 DEBUG (org.hibernate.cfg.annotations.PropertyBinder:179) - MetadataSourceProcessor property topicView with lazy=false
2018-12-12 13:05:23,674 DEBUG (org.hibernate.cfg.annotations.SimpleValueBinder:331) - building SimpleValue for topicView
2018-12-12 13:05:23,674 DEBUG (org.hibernate.cfg.annotations.PropertyBinder:260) - Building property topicView
2018-12-12 13:05:23,674 DEBUG (org.hibernate.cfg.Ejb3Column:196) - Binding column: Ejb3JoinColumn{logicalColumnName=&apos;user_id&apos;, referencedColumn=&apos;&apos;, mappedBy=&apos;&apos;}
2018-12-12 13:05:23,675 DEBUG (org.hibernate.cfg.Ejb3Column:196) - Binding column: Ejb3Column{table=org.hibernate.mapping.Table(t_topic), mappingColumn=user, insertable=true, updatable=true, unique=false}
2018-12-12 13:05:23,675 DEBUG (org.hibernate.cfg.annotations.PropertyBinder:260) - Building property user
2018-12-12 13:05:23,675 DEBUG (org.hibernate.cfg.AnnotationBinder:531) - Binding entity from annotated class: com.smart.domain.User
2018-12-12 13:05:23,675 DEBUG (org.hibernate.cfg.Ejb3Column:196) - Binding column: Ejb3DiscriminatorColumn{logicalColumnName&apos;DTYPE&apos;, discriminatorTypeName=&apos;string&apos;}
2018-12-12 13:05:23,676 DEBUG (org.hibernate.cfg.annotations.EntityBinder:394) - Import with entity name User
2018-12-12 13:05:23,676 DEBUG (org.hibernate.cfg.annotations.EntityBinder:564) - Bind entity com.smart.domain.User on table t_user
2018-12-12 13:05:23,677 DEBUG (org.hibernate.cfg.Ejb3Column:196) - Binding column: Ejb3Column{table=org.hibernate.mapping.Table(t_user), mappingColumn=user_id, insertable=true, updatable=true, unique=false}
2018-12-12 13:05:23,677 DEBUG (org.hibernate.cfg.annotations.PropertyBinder:179) - MetadataSourceProcessor property userId with lazy=false
2018-12-12 13:05:23,678 DEBUG (org.hibernate.cfg.annotations.SimpleValueBinder:331) - building SimpleValue for userId
2018-12-12 13:05:23,678 DEBUG (org.hibernate.cfg.annotations.PropertyBinder:260) - Building property userId
2018-12-12 13:05:23,678 DEBUG (org.hibernate.cfg.Ejb3Column:196) - Binding column: Ejb3Column{table=org.hibernate.mapping.Table(t_user), mappingColumn=credit, insertable=true, updatable=true, unique=false}
2018-12-12 13:05:23,678 DEBUG (org.hibernate.cfg.annotations.PropertyBinder:179) - MetadataSourceProcessor property credit with lazy=false
2018-12-12 13:05:23,678 DEBUG (org.hibernate.cfg.annotations.SimpleValueBinder:331) - building SimpleValue for credit
2018-12-12 13:05:23,679 DEBUG (org.hibernate.cfg.annotations.PropertyBinder:260) - Building property credit
2018-12-12 13:05:23,679 DEBUG (org.hibernate.cfg.Ejb3Column:196) - Binding column: Ejb3Column{table=org.hibernate.mapping.Table(t_user), mappingColumn=last_ip, insertable=true, updatable=true, unique=false}
2018-12-12 13:05:23,679 DEBUG (org.hibernate.cfg.annotations.PropertyBinder:179) - MetadataSourceProcessor property lastIp with lazy=false
2018-12-12 13:05:23,679 DEBUG (org.hibernate.cfg.annotations.SimpleValueBinder:331) - building SimpleValue for lastIp
2018-12-12 13:05:23,679 DEBUG (org.hibernate.cfg.annotations.PropertyBinder:260) - Building property lastIp
2018-12-12 13:05:23,680 DEBUG (org.hibernate.cfg.Ejb3Column:196) - Binding column: Ejb3Column{table=org.hibernate.mapping.Table(t_user), mappingColumn=last_visit, insertable=true, updatable=true, unique=false}
2018-12-12 13:05:23,680 DEBUG (org.hibernate.cfg.annotations.PropertyBinder:179) - MetadataSourceProcessor property lastVisit with lazy=false
2018-12-12 13:05:23,680 DEBUG (org.hibernate.cfg.annotations.SimpleValueBinder:331) - building SimpleValue for lastVisit
2018-12-12 13:05:23,680 DEBUG (org.hibernate.cfg.annotations.PropertyBinder:260) - Building property lastVisit
2018-12-12 13:05:23,680 DEBUG (org.hibernate.cfg.Ejb3Column:196) - Binding column: Ejb3Column{table=org.hibernate.mapping.Table(t_user), mappingColumn=locked, insertable=true, updatable=true, unique=false}
2018-12-12 13:05:23,681 DEBUG (org.hibernate.cfg.annotations.PropertyBinder:179) - MetadataSourceProcessor property locked with lazy=false
2018-12-12 13:05:23,681 DEBUG (org.hibernate.cfg.annotations.SimpleValueBinder:331) - building SimpleValue for locked
2018-12-12 13:05:23,681 DEBUG (org.hibernate.cfg.annotations.PropertyBinder:260) - Building property locked
2018-12-12 13:05:23,681 DEBUG (org.hibernate.cfg.Ejb3Column:196) - Binding column: Ejb3Column{table=org.hibernate.mapping.Table(t_user), mappingColumn=null, insertable=true, updatable=true, unique=false}
2018-12-12 13:05:23,681 DEBUG (org.hibernate.cfg.Ejb3Column:196) - Binding column: Ejb3Column{table=org.hibernate.mapping.Table(t_user), mappingColumn=element, insertable=true, updatable=true, unique=false}
2018-12-12 13:05:23,682 DEBUG (org.hibernate.cfg.Ejb3Column:196) - Binding column: Ejb3Column{table=org.hibernate.mapping.Table(t_user), mappingColumn=manBoards_KEY, insertable=true, updatable=true, unique=false}
2018-12-12 13:05:23,682 DEBUG (org.hibernate.cfg.Ejb3Column:196) - Binding column: Ejb3JoinColumn{logicalColumnName=&apos;manBoards_KEY&apos;, referencedColumn=&apos;null&apos;, mappedBy=&apos;null&apos;}
2018-12-12 13:05:23,682 DEBUG (org.hibernate.cfg.Ejb3Column:196) - Binding column: Ejb3JoinColumn{logicalColumnName=&apos;user_id&apos;, referencedColumn=&apos;&apos;, mappedBy=&apos;&apos;}
2018-12-12 13:05:23,682 DEBUG (org.hibernate.cfg.Ejb3Column:196) - Binding column: Ejb3JoinColumn{logicalColumnName=&apos;board_id&apos;, referencedColumn=&apos;&apos;, mappedBy=&apos;&apos;}
2018-12-12 13:05:23,682 DEBUG (org.hibernate.cfg.annotations.CollectionBinder:400) - Collection role: com.smart.domain.User.manBoards
2018-12-12 13:05:23,682 DEBUG (org.hibernate.cfg.annotations.PropertyBinder:260) - Building property manBoards
2018-12-12 13:05:23,683 DEBUG (org.hibernate.cfg.Ejb3Column:196) - Binding column: Ejb3Column{table=org.hibernate.mapping.Table(t_user), mappingColumn=password, insertable=true, updatable=true, unique=false}
2018-12-12 13:05:23,683 DEBUG (org.hibernate.cfg.annotations.PropertyBinder:179) - MetadataSourceProcessor property password with lazy=false
2018-12-12 13:05:23,683 DEBUG (org.hibernate.cfg.annotations.SimpleValueBinder:331) - building SimpleValue for password
2018-12-12 13:05:23,683 DEBUG (org.hibernate.cfg.annotations.PropertyBinder:260) - Building property password
2018-12-12 13:05:23,683 DEBUG (org.hibernate.cfg.Ejb3Column:196) - Binding column: Ejb3Column{table=org.hibernate.mapping.Table(t_user), mappingColumn=user_name, insertable=true, updatable=true, unique=false}
2018-12-12 13:05:23,684 DEBUG (org.hibernate.cfg.annotations.PropertyBinder:179) - MetadataSourceProcessor property userName with lazy=false
2018-12-12 13:05:23,684 DEBUG (org.hibernate.cfg.annotations.SimpleValueBinder:331) - building SimpleValue for userName
2018-12-12 13:05:23,684 DEBUG (org.hibernate.cfg.annotations.PropertyBinder:260) - Building property userName
2018-12-12 13:05:23,684 DEBUG (org.hibernate.cfg.Ejb3Column:196) - Binding column: Ejb3Column{table=org.hibernate.mapping.Table(t_user), mappingColumn=user_type, insertable=true, updatable=true, unique=false}
2018-12-12 13:05:23,684 DEBUG (org.hibernate.cfg.annotations.PropertyBinder:179) - MetadataSourceProcessor property userType with lazy=false
2018-12-12 13:05:23,684 DEBUG (org.hibernate.cfg.annotations.SimpleValueBinder:331) - building SimpleValue for userType
2018-12-12 13:05:23,685 DEBUG (org.hibernate.cfg.annotations.PropertyBinder:260) - Building property userType
2018-12-12 13:05:23,685 DEBUG (org.hibernate.cfg.annotations.SimpleValueBinder:369) - Setting SimpleValue typeName for boardId
2018-12-12 13:05:23,685 DEBUG (org.hibernate.cfg.annotations.SimpleValueBinder:369) - Setting SimpleValue typeName for boardDesc
2018-12-12 13:05:23,685 DEBUG (org.hibernate.cfg.annotations.SimpleValueBinder:369) - Setting SimpleValue typeName for boardName
2018-12-12 13:05:23,685 DEBUG (org.hibernate.cfg.annotations.SimpleValueBinder:369) - Setting SimpleValue typeName for topicNum
2018-12-12 13:05:23,685 DEBUG (org.hibernate.cfg.annotations.SimpleValueBinder:369) - Setting SimpleValue typeName for loginLogId
2018-12-12 13:05:23,686 DEBUG (org.hibernate.cfg.annotations.SimpleValueBinder:369) - Setting SimpleValue typeName for ip
2018-12-12 13:05:23,686 DEBUG (org.hibernate.cfg.annotations.SimpleValueBinder:369) - Setting SimpleValue typeName for loginDatetime
2018-12-12 13:05:23,686 DEBUG (org.hibernate.cfg.annotations.SimpleValueBinder:369) - Setting SimpleValue typeName for postId
2018-12-12 13:05:23,686 DEBUG (org.hibernate.cfg.annotations.SimpleValueBinder:369) - Setting SimpleValue typeName for boardId
2018-12-12 13:05:23,687 DEBUG (org.hibernate.cfg.annotations.SimpleValueBinder:369) - Setting SimpleValue typeName for createTime
2018-12-12 13:05:23,687 DEBUG (org.hibernate.cfg.annotations.SimpleValueBinder:369) - Setting SimpleValue typeName for postText
2018-12-12 13:05:23,687 DEBUG (org.hibernate.cfg.annotations.SimpleValueBinder:369) - Setting SimpleValue typeName for postTitle
2018-12-12 13:05:23,687 DEBUG (org.hibernate.cfg.annotations.SimpleValueBinder:369) - Setting SimpleValue typeName for topicId
2018-12-12 13:05:23,688 DEBUG (org.hibernate.cfg.annotations.SimpleValueBinder:369) - Setting SimpleValue typeName for createName
2018-12-12 13:05:23,688 DEBUG (org.hibernate.cfg.annotations.SimpleValueBinder:369) - Setting SimpleValue typeName for digest
2018-12-12 13:05:23,688 DEBUG (org.hibernate.cfg.annotations.SimpleValueBinder:369) - Setting SimpleValue typeName for lastPost
2018-12-12 13:05:23,688 DEBUG (org.hibernate.cfg.annotations.SimpleValueBinder:369) - Setting SimpleValue typeName for topicReplies
2018-12-12 13:05:23,688 DEBUG (org.hibernate.cfg.annotations.SimpleValueBinder:369) - Setting SimpleValue typeName for topicTitle
2018-12-12 13:05:23,688 DEBUG (org.hibernate.cfg.annotations.SimpleValueBinder:369) - Setting SimpleValue typeName for topicView
2018-12-12 13:05:23,689 DEBUG (org.hibernate.cfg.annotations.SimpleValueBinder:369) - Setting SimpleValue typeName for userId
2018-12-12 13:05:23,689 DEBUG (org.hibernate.cfg.annotations.SimpleValueBinder:369) - Setting SimpleValue typeName for credit
2018-12-12 13:05:23,689 DEBUG (org.hibernate.cfg.annotations.SimpleValueBinder:369) - Setting SimpleValue typeName for lastIp
2018-12-12 13:05:23,689 DEBUG (org.hibernate.cfg.annotations.SimpleValueBinder:369) - Setting SimpleValue typeName for lastVisit
2018-12-12 13:05:23,689 DEBUG (org.hibernate.cfg.annotations.SimpleValueBinder:369) - Setting SimpleValue typeName for locked
2018-12-12 13:05:23,689 DEBUG (org.hibernate.cfg.annotations.SimpleValueBinder:369) - Setting SimpleValue typeName for password
2018-12-12 13:05:23,690 DEBUG (org.hibernate.cfg.annotations.SimpleValueBinder:369) - Setting SimpleValue typeName for userName
2018-12-12 13:05:23,690 DEBUG (org.hibernate.cfg.annotations.SimpleValueBinder:369) - Setting SimpleValue typeName for userType
2018-12-12 13:05:23,690 DEBUG (org.hibernate.cfg.Configuration:1406) - Processing fk mappings (*ToOne and JoinedSubclass)
2018-12-12 13:05:23,691 DEBUG (org.hibernate.cfg.Configuration:1585) - Processing extends queue
2018-12-12 13:05:23,691 DEBUG (org.hibernate.cfg.Configuration:1643) - Processing extends queue
2018-12-12 13:05:23,691 DEBUG (org.hibernate.cfg.Configuration:1588) - Processing collection mappings
2018-12-12 13:05:23,691 DEBUG (org.hibernate.cfg.CollectionSecondPass:64) - Second pass for collection: com.smart.domain.User.manBoards
2018-12-12 13:05:23,692 DEBUG (org.hibernate.cfg.annotations.CollectionBinder:1049) - Binding as ManyToMany: com.smart.domain.User.manBoards
2018-12-12 13:05:23,692 DEBUG (org.hibernate.cfg.CollectionSecondPass:80) - Mapped collection key: user_id, element: board_id
2018-12-12 13:05:23,693 DEBUG (org.hibernate.cfg.CollectionSecondPass:64) - Second pass for collection: com.smart.domain.Board.users
2018-12-12 13:05:23,693 DEBUG (org.hibernate.cfg.annotations.CollectionBinder:1049) - Binding as ManyToMany: com.smart.domain.Board.users
2018-12-12 13:05:23,693 DEBUG (org.hibernate.cfg.annotations.TableBinder:332) - Retrieving property com.smart.domain.User.manBoards
2018-12-12 13:05:23,694 DEBUG (org.hibernate.cfg.CollectionSecondPass:80) - Mapped collection key: board_id, element: user_id
2018-12-12 13:05:23,694 DEBUG (org.hibernate.cfg.Configuration:1598) - Processing native query and ResultSetMapping mappings
2018-12-12 13:05:23,694 DEBUG (org.hibernate.cfg.Configuration:1606) - Processing association property references
2018-12-12 13:05:23,695 DEBUG (org.hibernate.cfg.Configuration:1628) - Creating tables&apos; unique integer identifiers
2018-12-12 13:05:23,695 DEBUG (org.hibernate.cfg.Configuration:1629) - Processing foreign key constraints
2018-12-12 13:05:23,695 DEBUG (org.hibernate.cfg.Configuration:1700) - Resolving reference to class: com.smart.domain.Board
2018-12-12 13:05:23,696 DEBUG (org.hibernate.cfg.Configuration:1700) - Resolving reference to class: com.smart.domain.User
2018-12-12 13:05:23,696 DEBUG (org.hibernate.cfg.Configuration:1700) - Resolving reference to class: com.smart.domain.User
2018-12-12 13:05:23,696 DEBUG (org.hibernate.cfg.Configuration:1700) - Resolving reference to class: com.smart.domain.Topic
2018-12-12 13:05:23,696 DEBUG (org.hibernate.cfg.Configuration:1700) - Resolving reference to class: com.smart.domain.User
2018-12-12 13:05:23,696 DEBUG (org.hibernate.cfg.Configuration:1700) - Resolving reference to class: com.smart.domain.Board
2018-12-12 13:05:23,697 DEBUG (org.hibernate.cfg.Configuration:1700) - Resolving reference to class: com.smart.domain.User
2018-12-12 13:05:23,715 DEBUG (org.hibernate.engine.jdbc.internal.JdbcServicesImpl:121) - Database -&gt;
       name : MySQL
    version : 5.7.17-log
      major : 5
      minor : 7
2018-12-12 13:05:23,716 DEBUG (org.hibernate.engine.jdbc.internal.JdbcServicesImpl:127) - Driver -&gt;
       name : MySQL Connector Java
    version : mysql-connector-java-5.1.29 ( Revision: alexander.soklakov@oracle.com-20140120140810-s44574olh90i6i4l )
      major : 5
      minor : 1
2018-12-12 13:05:23,716 DEBUG (org.hibernate.engine.jdbc.internal.JdbcServicesImpl:133) - JDBC version : 4.0
2018-12-12 13:05:23,718  INFO (org.hibernate.dialect.Dialect:128) - HHH000400: Using dialect: org.hibernate.dialect.MySQLDialect
2018-12-12 13:05:23,719 DEBUG (org.hibernate.cfg.SettingsFactory:114) - Automatic flush during beforeCompletion(): disabled
2018-12-12 13:05:23,719 DEBUG (org.hibernate.cfg.SettingsFactory:120) - Automatic session close at end of transaction: disabled
2018-12-12 13:05:23,720 DEBUG (org.hibernate.cfg.SettingsFactory:131) - JDBC batch size: 15
2018-12-12 13:05:23,720 DEBUG (org.hibernate.cfg.SettingsFactory:137) - JDBC batch updates for versioned data: disabled
2018-12-12 13:05:23,720 DEBUG (org.hibernate.cfg.SettingsFactory:147) - Scrollable result sets: enabled
2018-12-12 13:05:23,720 DEBUG (org.hibernate.cfg.SettingsFactory:153) - Wrap result sets: disabled
2018-12-12 13:05:23,720 DEBUG (org.hibernate.cfg.SettingsFactory:159) - JDBC3 getGeneratedKeys(): enabled
2018-12-12 13:05:23,721 DEBUG (org.hibernate.cfg.SettingsFactory:171) - multi-tenancy strategy : NONE
2018-12-12 13:05:23,721 DEBUG (org.hibernate.cfg.SettingsFactory:177) - Connection release mode: auto
2018-12-12 13:05:23,721  INFO (org.hibernate.engine.transaction.internal.TransactionFactoryInitiator:68) - HHH000399: Using default transaction strategy (direct JDBC transactions)
2018-12-12 13:05:23,722 DEBUG (org.hibernate.cfg.SettingsFactory:199) - Using BatchFetchStyle : LEGACY
2018-12-12 13:05:23,722 DEBUG (org.hibernate.cfg.SettingsFactory:218) - Maximum outer join fetch depth: 2
2018-12-12 13:05:23,722 DEBUG (org.hibernate.cfg.SettingsFactory:224) - Default batch fetch size: 1
2018-12-12 13:05:23,722 DEBUG (org.hibernate.cfg.SettingsFactory:230) - Generate SQL with comments: disabled
2018-12-12 13:05:23,722 DEBUG (org.hibernate.cfg.SettingsFactory:236) - Order SQL updates by primary key: disabled
2018-12-12 13:05:23,723 DEBUG (org.hibernate.cfg.SettingsFactory:242) - Order SQL inserts for batching: disabled
2018-12-12 13:05:23,723 DEBUG (org.hibernate.cfg.SettingsFactory:250) - Default null ordering: none
2018-12-12 13:05:23,723 DEBUG (org.hibernate.cfg.SettingsFactory:541) - Query translator: org.hibernate.hql.internal.ast.ASTQueryTranslatorFactory
2018-12-12 13:05:23,724  INFO (org.hibernate.hql.internal.ast.ASTQueryTranslatorFactory:48) - HHH000397: Using ASTQueryTranslatorFactory
2018-12-12 13:05:23,724 DEBUG (org.hibernate.cfg.SettingsFactory:260) - Query language substitutions: {}
2018-12-12 13:05:23,724 DEBUG (org.hibernate.cfg.SettingsFactory:266) - JPA-QL strict compliance: disabled
2018-12-12 13:05:23,724 DEBUG (org.hibernate.cfg.SettingsFactory:274) - Second-level cache: enabled
2018-12-12 13:05:23,724 DEBUG (org.hibernate.cfg.SettingsFactory:280) - Query cache: disabled
2018-12-12 13:05:23,725 DEBUG (org.hibernate.cfg.SettingsFactory:481) - Cache region factory : org.hibernate.cache.ehcache.EhCacheRegionFactory
2018-12-12 13:05:23,725 DEBUG (org.hibernate.cfg.SettingsFactory:295) - Optimize cache for minimal puts: enabled
2018-12-12 13:05:23,725 DEBUG (org.hibernate.cfg.SettingsFactory:310) - Structured second-level cache entries: disabled
2018-12-12 13:05:23,726 DEBUG (org.hibernate.cfg.SettingsFactory:320) - Second-level cache direct-reference entries: disabled
2018-12-12 13:05:23,726 DEBUG (org.hibernate.cfg.SettingsFactory:328) - Statistics: disabled
2018-12-12 13:05:23,726 DEBUG (org.hibernate.cfg.SettingsFactory:334) - Deleted entity synthetic identifier rollback: disabled
2018-12-12 13:05:23,726 DEBUG (org.hibernate.cfg.SettingsFactory:358) - Default entity-mode: pojo
2018-12-12 13:05:23,727 DEBUG (org.hibernate.cfg.SettingsFactory:364) - Named query checking : enabled
2018-12-12 13:05:23,727 DEBUG (org.hibernate.cfg.SettingsFactory:370) - Check Nullability in Core (should be disabled when Bean Validation is on): enabled
2018-12-12 13:05:23,728 DEBUG (org.hibernate.cfg.SettingsFactory:388) - Allow initialization of lazy state outside session : : disabled
2018-12-12 13:05:23,728 DEBUG (org.hibernate.cfg.SettingsFactory:398) - JTA Track by Thread: enabled
2018-12-12 13:05:23,728 DEBUG (org.hibernate.internal.SessionFactoryImpl:225) - Building session factory
2018-12-12 13:05:23,729 DEBUG (net.sf.ehcache.config.ConfigurationFactory:130) - Configuring ehcache from ehcache.xml found in the classpath: file:/E:/work_java/chapter18/target/classes/ehcache.xml
2018-12-12 13:05:23,729 DEBUG (net.sf.ehcache.config.ConfigurationFactory:96) - Configuring ehcache from URL: file:/E:/work_java/chapter18/target/classes/ehcache.xml
2018-12-12 13:05:23,729 DEBUG (net.sf.ehcache.config.ConfigurationFactory:148) - Configuring ehcache from InputStream
2018-12-12 13:05:23,730 DEBUG (net.sf.ehcache.config.DiskStoreConfiguration:118) - Disk Store Path: C:\Users\DEll\AppData\Local\Temp\
2018-12-12 13:05:23,731 DEBUG (net.sf.ehcache.util.PropertyUtil:88) - propertiesString is null.
2018-12-12 13:05:23,732  WARN (net.sf.ehcache.CacheManager:611) - Creating a new instance of CacheManager using the diskStorePath &quot;C:\Users\DEll\AppData\Local\Temp\&quot; which is already used by an existing CacheManager.
The source of the configuration was net.sf.ehcache.config.generator.ConfigurationSource$DefaultConfigurationSource@3f049056.
The diskStore path for this CacheManager will be set to C:\Users\DEll\AppData\Local\Temp\\ehcache_auto_created_1544591123732.
To avoid this warning consider using the CacheManager factory methods to create a singleton CacheManager or specifying a separate ehcache configuration (ehcache.xml) for each CacheManager instance.
2018-12-12 13:05:23,732 DEBUG (net.sf.ehcache.config.ConfigurationHelper:184) - No CacheManagerEventListenerFactory class specified. Skipping...
2018-12-12 13:05:23,732 DEBUG (net.sf.ehcache.Cache:949) - No BootstrapCacheLoaderFactory class specified. Skipping...
2018-12-12 13:05:23,732 DEBUG (net.sf.ehcache.Cache:923) - CacheWriter factory not configured. Skipping...
2018-12-12 13:05:23,733 DEBUG (net.sf.ehcache.config.ConfigurationHelper:96) - No CacheExceptionHandlerFactory class specified. Skipping...
2018-12-12 13:05:23,733 DEBUG (net.sf.ehcache.Cache:949) - No BootstrapCacheLoaderFactory class specified. Skipping...
2018-12-12 13:05:23,734 DEBUG (net.sf.ehcache.Cache:923) - CacheWriter factory not configured. Skipping...
2018-12-12 13:05:23,734 DEBUG (net.sf.ehcache.config.ConfigurationHelper:96) - No CacheExceptionHandlerFactory class specified. Skipping...
2018-12-12 13:05:23,734 DEBUG (net.sf.ehcache.Cache:949) - No BootstrapCacheLoaderFactory class specified. Skipping...
2018-12-12 13:05:23,734 DEBUG (net.sf.ehcache.Cache:923) - CacheWriter factory not configured. Skipping...
2018-12-12 13:05:23,734 DEBUG (net.sf.ehcache.config.ConfigurationHelper:96) - No CacheExceptionHandlerFactory class specified. Skipping...
2018-12-12 13:05:23,735 DEBUG (net.sf.ehcache.store.compound.factories.DiskOverflowStorageFactory:95) - Deleting data file freqChangeRegion.data
2018-12-12 13:05:23,736 DEBUG (net.sf.ehcache.Cache:1183) - Initialised cache: freqChangeRegion
2018-12-12 13:05:23,736 DEBUG (net.sf.ehcache.config.ConfigurationHelper:331) - CacheDecoratorFactory not configured. Skipping for &apos;freqChangeRegion&apos;.
2018-12-12 13:05:23,736 DEBUG (net.sf.ehcache.config.ConfigurationHelper:360) - CacheDecoratorFactory not configured for defaultCache. Skipping for &apos;freqChangeRegion&apos;.
2018-12-12 13:05:23,737 DEBUG (net.sf.ehcache.Cache:1183) - Initialised cache: fixedRegion
2018-12-12 13:05:23,737 DEBUG (net.sf.ehcache.config.ConfigurationHelper:331) - CacheDecoratorFactory not configured. Skipping for &apos;fixedRegion&apos;.
2018-12-12 13:05:23,737 DEBUG (net.sf.ehcache.config.ConfigurationHelper:360) - CacheDecoratorFactory not configured for defaultCache. Skipping for &apos;fixedRegion&apos;.
2018-12-12 13:05:23,737 DEBUG (org.hibernate.internal.SessionFactoryImpl:277) - Session factory constructed with filter configurations : {}
2018-12-12 13:05:23,738 DEBUG (org.hibernate.internal.SessionFactoryImpl:278) - Instantiating session factory with properties: {java.runtime.name=Java(TM) SE Runtime Environment, sun.boot.library.path=D:\JDK1.8\jre\bin, java.vm.version=25.121-b13, java.vm.vendor=Oracle Corporation, java.vendor.url=http://java.oracle.com/, path.separator=;, hibernate.cache.use_query_cache=false, java.vm.name=Java HotSpot(TM) 64-Bit Server VM, file.encoding.pkg=sun.io, user.script=, user.country=CN, sun.java.launcher=SUN_STANDARD, sun.os.patch.level=, java.vm.specification.name=Java Virtual Machine Specification, user.dir=E:\work_java\chapter18, java.runtime.version=1.8.0_121-b13, java.awt.graphicsenv=sun.awt.Win32GraphicsEnvironment, basedir=E:\work_java\chapter18, hibernate.current_session_context_class=org.springframework.orm.hibernate4.SpringSessionContext, java.endorsed.dirs=D:\JDK1.8\jre\lib\endorsed, os.arch=amd64, surefire.real.class.path=E:\work_java\chapter18\target\surefire\surefirebooter3221345583771230830.jar, java.io.tmpdir=C:\Users\DEll\AppData\Local\Temp\, line.separator=
, java.vm.specification.vendor=Oracle Corporation, user.variant=, os.name=Windows 10, sun.jnu.encoding=GBK, java.library.path=D:\JDK1.8\jre\bin;C:\WINDOWS\Sun\Java\bin;C:\WINDOWS\system32;C:\WINDOWS;C:/Program Files/Java/jre1.8.0_144/bin/server;C:/Program Files/Java/jre1.8.0_144/bin;C:/Program Files/Java/jre1.8.0_144/lib/amd64;;C:\Program Files (x86)\Common Files\Oracle\Java\javapath;C:\WINDOWS\system32;C:\WINDOWS;C:\WINDOWS\System32\Wbem;C:\WINDOWS\System32\WindowsPowerShell\v1.0\;C:\Program Files (x86)\Common Files\Thunder Network\KanKan\Codecs;D:\putty\;D:\miktex\miktex\bin\x64\;D:\Git\cmd;C:\WINDOWS\system32;C:\WINDOWS;C:\WINDOWS\System32\Wbem;C:\WINDOWS\System32\WindowsPowerShell\v1.0\;C:\WINDOWS\System32\OpenSSH\;C:\Program Files\dotnet\;C:\Program Files\MySQL\MySQL Server 5.7\bin\;D:\jee-photon\eclipse;D:\masterSpring\apache-maven-3.3.9-bin\bin;D:\JDK1.8\bin;D:\vc\Tools\WinNT;D:\vc\MSDev98\Bin;D:\vc\Tools;D:\VC98\bin;C:\Program Files\Intel\WiFi\bin\;C:\Program Files\Common Files\Intel\WirelessCommon\;F:\AppServ\Apache24\bin;F:\AppServ\php5;F:\AppServ\MySQL\bin;C:\Users\DEll\AppData\Local\Microsoft\WindowsApps;D:\JDK1.8\bin;C:\Users\DEll\AppData\Local\GitHubDesktop\bin;D:\Microsoft VS Code\bin;C:\Users\DEll\AppData\Local\Microsoft\WindowsApps;D:\Docker Toolbox;C:\Program Files\MySQL\MySQL Server 5.7\bin\;D:\jee-photon\eclipse;D:\masterSpring\apache-maven-3.3.9-bin\bin;;C:\WINDOWS\System32;;., hibernate.connection.datasource=org.apache.commons.dbcp.BasicDataSource@fb713e7, surefire.test.class.path=E:\work_java\chapter18\target\test-classes;E:\work_java\chapter18\target\classes;C:\Users\DEll\.m2\repository\org\springframework\spring-orm\4.2.2.RELEASE\spring-orm-4.2.2.RELEASE.jar;C:\Users\DEll\.m2\repository\org\springframework\spring-core\4.2.2.RELEASE\spring-core-4.2.2.RELEASE.jar;C:\Users\DEll\.m2\repository\org\springframework\spring-tx\4.2.2.RELEASE\spring-tx-4.2.2.RELEASE.jar;C:\Users\DEll\.m2\repository\org\springframework\spring-test\4.2.2.RELEASE\spring-test-4.2.2.RELEASE.jar;C:\Users\DEll\.m2\repository\org\springframework\spring-webmvc\4.2.2.RELEASE\spring-webmvc-4.2.2.RELEASE.jar;C:\Users\DEll\.m2\repository\org\springframework\spring-expression\4.2.2.RELEASE\spring-expression-4.2.2.RELEASE.jar;C:\Users\DEll\.m2\repository\org\springframework\spring-web\4.2.2.RELEASE\spring-web-4.2.2.RELEASE.jar;C:\Users\DEll\.m2\repository\org\springframework\spring-context\4.2.2.RELEASE\spring-context-4.2.2.RELEASE.jar;C:\Users\DEll\.m2\repository\org\springframework\spring-aop\4.2.2.RELEASE\spring-aop-4.2.2.RELEASE.jar;C:\Users\DEll\.m2\repository\org\springframework\spring-context-support\4.2.2.RELEASE\spring-context-support-4.2.2.RELEASE.jar;C:\Users\DEll\.m2\repository\org\springframework\spring-beans\4.2.2.RELEASE\spring-beans-4.2.2.RELEASE.jar;C:\Users\DEll\.m2\repository\org\springframework\spring-jdbc\4.2.2.RELEASE\spring-jdbc-4.2.2.RELEASE.jar;C:\Users\DEll\.m2\repository\commons-lang\commons-lang\2.2\commons-lang-2.2.jar;C:\Users\DEll\.m2\repository\commons-fileupload\commons-fileupload\1.3.1\commons-fileupload-1.3.1.jar;C:\Users\DEll\.m2\repository\commons-io\commons-io\2.2\commons-io-2.2.jar;C:\Users\DEll\.m2\repository\commons-dbcp\commons-dbcp\1.4\commons-dbcp-1.4.jar;C:\Users\DEll\.m2\repository\commons-pool\commons-pool\1.5.4\commons-pool-1.5.4.jar;C:\Users\DEll\.m2\repository\javax\persistence\persistence-api\1.0\persistence-api-1.0.jar;C:\Users\DEll\.m2\repository\org\hibernate\hibernate-core\4.2.0.Final\hibernate-core-4.2.0.Final.jar;C:\Users\DEll\.m2\repository\antlr\antlr\2.7.7\antlr-2.7.7.jar;C:\Users\DEll\.m2\repository\org\jboss\logging\jboss-logging\3.1.0.GA\jboss-logging-3.1.0.GA.jar;C:\Users\DEll\.m2\repository\org\jboss\spec\javax\transaction\jboss-transaction-api_1.1_spec\1.0.0.Final\jboss-transaction-api_1.1_spec-1.0.0.Final.jar;C:\Users\DEll\.m2\repository\dom4j\dom4j\1.6.1\dom4j-1.6.1.jar;C:\Users\DEll\.m2\repository\org\javassist\javassist\3.15.0-GA\javassist-3.15.0-GA.jar;C:\Users\DEll\.m2\repository\org\hibernate\common\hibernate-commons-annotations\4.0.1.Final\hibernate-commons-annotations-4.0.1.Final.jar;C:\Users\DEll\.m2\repository\org\hibernate\hibernate-ehcache\4.2.0.Final\hibernate-ehcache-4.2.0.Final.jar;C:\Users\DEll\.m2\repository\net\sf\ehcache\ehcache-core\2.4.3\ehcache-core-2.4.3.jar;C:\Users\DEll\.m2\repository\org\hibernate\javax\persistence\hibernate-jpa-2.0-api\1.0.1.Final\hibernate-jpa-2.0-api-1.0.1.Final.jar;C:\Users\DEll\.m2\repository\javax\servlet\servlet-api\3.0-alpha-1\servlet-api-3.0-alpha-1.jar;C:\Users\DEll\.m2\repository\javax\servlet\javax.servlet-api\3.1.0\javax.servlet-api-3.1.0.jar;C:\Users\DEll\.m2\repository\mysql\mysql-connector-java\5.1.29\mysql-connector-java-5.1.29.jar;C:\Users\DEll\.m2\repository\commons-beanutils\commons-beanutils\1.9.1\commons-beanutils-1.9.1.jar;C:\Users\DEll\.m2\repository\commons-logging\commons-logging\1.1.1\commons-logging-1.1.1.jar;C:\Users\DEll\.m2\repository\commons-collections\commons-collections\3.2.1\commons-collections-3.2.1.jar;C:\Users\DEll\.m2\repository\org\slf4j\slf4j-api\1.7.5\slf4j-api-1.7.5.jar;C:\Users\DEll\.m2\repository\org\slf4j\slf4j-log4j12\1.7.5\slf4j-log4j12-1.7.5.jar;C:\Users\DEll\.m2\repository\log4j\log4j\1.2.17\log4j-1.2.17.jar;C:\Users\DEll\.m2\repository\org\mockito\mockito-all\1.10.19\mockito-all-1.10.19.jar;C:\Users\DEll\.m2\repository\org\testng\testng\6.8.7\testng-6.8.7.jar;C:\Users\DEll\.m2\repository\junit\junit\4.10\junit-4.10.jar;C:\Users\DEll\.m2\repository\org\hamcrest\hamcrest-core\1.1\hamcrest-core-1.1.jar;C:\Users\DEll\.m2\repository\org\beanshell\bsh\2.0b4\bsh-2.0b4.jar;C:\Users\DEll\.m2\repository\com\beust\jcommander\1.27\jcommander-1.27.jar;C:\Users\DEll\.m2\repository\org\yaml\snakeyaml\1.12\snakeyaml-1.12.jar;C:\Users\DEll\.m2\repository\org\unitils\unitils-core\3.4.2\unitils-core-3.4.2.jar;C:\Users\DEll\.m2\repository\ognl\ognl\2.6.9\ognl-2.6.9.jar;C:\Users\DEll\.m2\repository\org\unitils\unitils-testng\3.4.2\unitils-testng-3.4.2.jar;C:\Users\DEll\.m2\repository\org\testng\testng\5.8\testng-5.8-jdk15.jar;C:\Users\DEll\.m2\repository\org\unitils\unitils-spring\3.4.2\unitils-spring-3.4.2.jar;C:\Users\DEll\.m2\repository\org\unitils\unitils-orm\3.4.2\unitils-orm-3.4.2.jar;C:\Users\DEll\.m2\repository\org\unitils\unitils-database\3.4.2\unitils-database-3.4.2.jar;C:\Users\DEll\.m2\repository\org\unitils\unitils-dbmaintainer\3.4.2\unitils-dbmaintainer-3.4.2.jar;C:\Users\DEll\.m2\repository\org\hibernate\hibernate\3.2.5.ga\hibernate-3.2.5.ga.jar;C:\Users\DEll\.m2\repository\net\sf\ehcache\ehcache\1.2.3\ehcache-1.2.3.jar;C:\Users\DEll\.m2\repository\asm\asm-attrs\1.5.3\asm-attrs-1.5.3.jar;C:\Users\DEll\.m2\repository\cglib\cglib\2.1_3\cglib-2.1_3.jar;C:\Users\DEll\.m2\repository\asm\asm\1.5.3\asm-1.5.3.jar;C:\Users\DEll\.m2\repository\org\slf4j\slf4j-nop\1.6.4\slf4j-nop-1.6.4.jar;C:\Users\DEll\.m2\repository\org\unitils\unitils-dbunit\3.4.2\unitils-dbunit-3.4.2.jar;C:\Users\DEll\.m2\repository\xmlunit\xmlunit\1.2\xmlunit-1.2.jar;C:\Users\DEll\.m2\repository\org\aspectj\aspectjrt\1.8.1\aspectjrt-1.8.1.jar;C:\Users\DEll\.m2\repository\org\aspectj\aspectjweaver\1.8.1\aspectjweaver-1.8.1.jar;C:\Users\DEll\.m2\repository\aopalliance\aopalliance\1.0\aopalliance-1.0.jar;C:\Users\DEll\.m2\repository\org\apache\poi\poi\3.9\poi-3.9.jar;C:\Users\DEll\.m2\repository\commons-codec\commons-codec\1.5\commons-codec-1.5.jar;C:\Users\DEll\.m2\repository\javassist\javassist\3.6.0.GA\javassist-3.6.0.GA.jar;C:\Users\DEll\.m2\repository\org\seleniumhq\selenium\selenium-chrome-driver\2.41.0\selenium-chrome-driver-2.41.0.jar;C:\Users\DEll\.m2\repository\org\seleniumhq\selenium\selenium-remote-driver\2.41.0\selenium-remote-driver-2.41.0.jar;C:\Users\DEll\.m2\repository\cglib\cglib-nodep\2.1_3\cglib-nodep-2.1_3.jar;C:\Users\DEll\.m2\repository\net\java\dev\jna\jna\3.4.0\jna-3.4.0.jar;C:\Users\DEll\.m2\repository\net\java\dev\jna\platform\3.4.0\platform-3.4.0.jar;C:\Users\DEll\.m2\repository\org\seleniumhq\selenium\selenium-firefox-driver\2.41.0\selenium-firefox-driver-2.41.0.jar;C:\Users\DEll\.m2\repository\org\apache\commons\commons-exec\1.1\commons-exec-1.1.jar;C:\Users\DEll\.m2\repository\com\opera\operadriver\0.8.1\operadriver-0.8.1.jar;C:\Users\DEll\.m2\repository\com\opera\operalaunchers\0.3\operalaunchers-0.3.jar;C:\Users\DEll\.m2\repository\com\google\protobuf\protobuf-java\2.4.1\protobuf-java-2.4.1.jar;C:\Users\DEll\.m2\repository\com\google\guava\guava\10.0.1\guava-10.0.1.jar;C:\Users\DEll\.m2\repository\com\google\code\findbugs\jsr305\1.3.9\jsr305-1.3.9.jar;C:\Users\DEll\.m2\repository\commons-jxpath\commons-jxpath\1.3\commons-jxpath-1.3.jar;C:\Users\DEll\.m2\repository\org\dbunit\dbunit\2.5.1\dbunit-2.5.1.jar;C:\Users\DEll\.m2\repository\org\apache\poi\poi-ooxml\3.11\poi-ooxml-3.11.jar;C:\Users\DEll\.m2\repository\org\apache\poi\poi-ooxml-schemas\3.11\poi-ooxml-schemas-3.11.jar;C:\Users\DEll\.m2\repository\org\apache\xmlbeans\xmlbeans\2.6.0\xmlbeans-2.6.0.jar;C:\Users\DEll\.m2\repository\stax\stax-api\1.0.1\stax-api-1.0.1.jar;C:\Users\DEll\.m2\repository\org\seleniumhq\selenium\selenium-api\2.41.0\selenium-api-2.41.0.jar;C:\Users\DEll\.m2\repository\org\json\json\20080701\json-20080701.jar;C:\Users\DEll\.m2\repository\org\seleniumhq\selenium\selenium-htmlunit-driver\2.41.0\selenium-htmlunit-driver-2.41.0.jar;C:\Users\DEll\.m2\repository\net\sourceforge\htmlunit\htmlunit\2.13\htmlunit-2.13.jar;C:\Users\DEll\.m2\repository\xalan\xalan\2.7.1\xalan-2.7.1.jar;C:\Users\DEll\.m2\repository\xalan\serializer\2.7.1\serializer-2.7.1.jar;C:\Users\DEll\.m2\repository\org\apache\commons\commons-lang3\3.1\commons-lang3-3.1.jar;C:\Users\DEll\.m2\repository\org\apache\httpcomponents\httpmime\4.3.1\httpmime-4.3.1.jar;C:\Users\DEll\.m2\repository\net\sourceforge\htmlunit\htmlunit-core-js\2.13\htmlunit-core-js-2.13.jar;C:\Users\DEll\.m2\repository\xerces\xercesImpl\2.11.0\xercesImpl-2.11.0.jar;C:\Users\DEll\.m2\repository\xml-apis\xml-apis\1.4.01\xml-apis-1.4.01.jar;C:\Users\DEll\.m2\repository\net\sourceforge\nekohtml\nekohtml\1.9.19\nekohtml-1.9.19.jar;C:\Users\DEll\.m2\repository\net\sourceforge\cssparser\cssparser\0.9.11\cssparser-0.9.11.jar;C:\Users\DEll\.m2\repository\org\w3c\css\sac\1.3\sac-1.3.jar;C:\Users\DEll\.m2\repository\org\eclipse\jetty\jetty-websocket\8.1.12.v20130726\jetty-websocket-8.1.12.v20130726.jar;C:\Users\DEll\.m2\repository\org\eclipse\jetty\jetty-util\8.1.12.v20130726\jetty-util-8.1.12.v20130726.jar;C:\Users\DEll\.m2\repository\org\eclipse\jetty\jetty-io\8.1.12.v20130726\jetty-io-8.1.12.v20130726.jar;C:\Users\DEll\.m2\repository\org\eclipse\jetty\jetty-http\8.1.12.v20130726\jetty-http-8.1.12.v20130726.jar;C:\Users\DEll\.m2\repository\org\apache\httpcomponents\httpclient\4.3.1\httpclient-4.3.1.jar;C:\Users\DEll\.m2\repository\org\apache\httpcomponents\httpcore\4.3\httpcore-4.3.jar;C:\Users\DEll\.m2\repository\org\hamcrest\hamcrest-all\1.3\hamcrest-all-1.3.jar;, java.specification.name=Java Platform API Specification, java.class.version=52.0, sun.management.compiler=HotSpot 64-Bit Tiered Compilers, os.version=10.0, user.home=C:\Users\DEll, user.timezone=Asia/Shanghai, java.awt.printerjob=sun.awt.windows.WPrinterJob, java.specification.version=1.8, file.encoding=UTF-8, user.name=DEll, java.class.path=E:\work_java\chapter18\target\test-classes;E:\work_java\chapter18\target\classes;C:\Users\DEll\.m2\repository\org\springframework\spring-orm\4.2.2.RELEASE\spring-orm-4.2.2.RELEASE.jar;C:\Users\DEll\.m2\repository\org\springframework\spring-core\4.2.2.RELEASE\spring-core-4.2.2.RELEASE.jar;C:\Users\DEll\.m2\repository\org\springframework\spring-tx\4.2.2.RELEASE\spring-tx-4.2.2.RELEASE.jar;C:\Users\DEll\.m2\repository\org\springframework\spring-test\4.2.2.RELEASE\spring-test-4.2.2.RELEASE.jar;C:\Users\DEll\.m2\repository\org\springframework\spring-webmvc\4.2.2.RELEASE\spring-webmvc-4.2.2.RELEASE.jar;C:\Users\DEll\.m2\repository\org\springframework\spring-expression\4.2.2.RELEASE\spring-expression-4.2.2.RELEASE.jar;C:\Users\DEll\.m2\repository\org\springframework\spring-web\4.2.2.RELEASE\spring-web-4.2.2.RELEASE.jar;C:\Users\DEll\.m2\repository\org\springframework\spring-context\4.2.2.RELEASE\spring-context-4.2.2.RELEASE.jar;C:\Users\DEll\.m2\repository\org\springframework\spring-aop\4.2.2.RELEASE\spring-aop-4.2.2.RELEASE.jar;C:\Users\DEll\.m2\repository\org\springframework\spring-context-support\4.2.2.RELEASE\spring-context-support-4.2.2.RELEASE.jar;C:\Users\DEll\.m2\repository\org\springframework\spring-beans\4.2.2.RELEASE\spring-beans-4.2.2.RELEASE.jar;C:\Users\DEll\.m2\repository\org\springframework\spring-jdbc\4.2.2.RELEASE\spring-jdbc-4.2.2.RELEASE.jar;C:\Users\DEll\.m2\repository\commons-lang\commons-lang\2.2\commons-lang-2.2.jar;C:\Users\DEll\.m2\repository\commons-fileupload\commons-fileupload\1.3.1\commons-fileupload-1.3.1.jar;C:\Users\DEll\.m2\repository\commons-io\commons-io\2.2\commons-io-2.2.jar;C:\Users\DEll\.m2\repository\commons-dbcp\commons-dbcp\1.4\commons-dbcp-1.4.jar;C:\Users\DEll\.m2\repository\commons-pool\commons-pool\1.5.4\commons-pool-1.5.4.jar;C:\Users\DEll\.m2\repository\javax\persistence\persistence-api\1.0\persistence-api-1.0.jar;C:\Users\DEll\.m2\repository\org\hibernate\hibernate-core\4.2.0.Final\hibernate-core-4.2.0.Final.jar;C:\Users\DEll\.m2\repository\antlr\antlr\2.7.7\antlr-2.7.7.jar;C:\Users\DEll\.m2\repository\org\jboss\logging\jboss-logging\3.1.0.GA\jboss-logging-3.1.0.GA.jar;C:\Users\DEll\.m2\repository\org\jboss\spec\javax\transaction\jboss-transaction-api_1.1_spec\1.0.0.Final\jboss-transaction-api_1.1_spec-1.0.0.Final.jar;C:\Users\DEll\.m2\repository\dom4j\dom4j\1.6.1\dom4j-1.6.1.jar;C:\Users\DEll\.m2\repository\org\javassist\javassist\3.15.0-GA\javassist-3.15.0-GA.jar;C:\Users\DEll\.m2\repository\org\hibernate\common\hibernate-commons-annotations\4.0.1.Final\hibernate-commons-annotations-4.0.1.Final.jar;C:\Users\DEll\.m2\repository\org\hibernate\hibernate-ehcache\4.2.0.Final\hibernate-ehcache-4.2.0.Final.jar;C:\Users\DEll\.m2\repository\net\sf\ehcache\ehcache-core\2.4.3\ehcache-core-2.4.3.jar;C:\Users\DEll\.m2\repository\org\hibernate\javax\persistence\hibernate-jpa-2.0-api\1.0.1.Final\hibernate-jpa-2.0-api-1.0.1.Final.jar;C:\Users\DEll\.m2\repository\javax\servlet\servlet-api\3.0-alpha-1\servlet-api-3.0-alpha-1.jar;C:\Users\DEll\.m2\repository\javax\servlet\javax.servlet-api\3.1.0\javax.servlet-api-3.1.0.jar;C:\Users\DEll\.m2\repository\mysql\mysql-connector-java\5.1.29\mysql-connector-java-5.1.29.jar;C:\Users\DEll\.m2\repository\commons-beanutils\commons-beanutils\1.9.1\commons-beanutils-1.9.1.jar;C:\Users\DEll\.m2\repository\commons-logging\commons-logging\1.1.1\commons-logging-1.1.1.jar;C:\Users\DEll\.m2\repository\commons-collections\commons-collections\3.2.1\commons-collections-3.2.1.jar;C:\Users\DEll\.m2\repository\org\slf4j\slf4j-api\1.7.5\slf4j-api-1.7.5.jar;C:\Users\DEll\.m2\repository\org\slf4j\slf4j-log4j12\1.7.5\slf4j-log4j12-1.7.5.jar;C:\Users\DEll\.m2\repository\log4j\log4j\1.2.17\log4j-1.2.17.jar;C:\Users\DEll\.m2\repository\org\mockito\mockito-all\1.10.19\mockito-all-1.10.19.jar;C:\Users\DEll\.m2\repository\org\testng\testng\6.8.7\testng-6.8.7.jar;C:\Users\DEll\.m2\repository\junit\junit\4.10\junit-4.10.jar;C:\Users\DEll\.m2\repository\org\hamcrest\hamcrest-core\1.1\hamcrest-core-1.1.jar;C:\Users\DEll\.m2\repository\org\beanshell\bsh\2.0b4\bsh-2.0b4.jar;C:\Users\DEll\.m2\repository\com\beust\jcommander\1.27\jcommander-1.27.jar;C:\Users\DEll\.m2\repository\org\yaml\snakeyaml\1.12\snakeyaml-1.12.jar;C:\Users\DEll\.m2\repository\org\unitils\unitils-core\3.4.2\unitils-core-3.4.2.jar;C:\Users\DEll\.m2\repository\ognl\ognl\2.6.9\ognl-2.6.9.jar;C:\Users\DEll\.m2\repository\org\unitils\unitils-testng\3.4.2\unitils-testng-3.4.2.jar;C:\Users\DEll\.m2\repository\org\testng\testng\5.8\testng-5.8-jdk15.jar;C:\Users\DEll\.m2\repository\org\unitils\unitils-spring\3.4.2\unitils-spring-3.4.2.jar;C:\Users\DEll\.m2\repository\org\unitils\unitils-orm\3.4.2\unitils-orm-3.4.2.jar;C:\Users\DEll\.m2\repository\org\unitils\unitils-database\3.4.2\unitils-database-3.4.2.jar;C:\Users\DEll\.m2\repository\org\unitils\unitils-dbmaintainer\3.4.2\unitils-dbmaintainer-3.4.2.jar;C:\Users\DEll\.m2\repository\org\hibernate\hibernate\3.2.5.ga\hibernate-3.2.5.ga.jar;C:\Users\DEll\.m2\repository\net\sf\ehcache\ehcache\1.2.3\ehcache-1.2.3.jar;C:\Users\DEll\.m2\repository\asm\asm-attrs\1.5.3\asm-attrs-1.5.3.jar;C:\Users\DEll\.m2\repository\cglib\cglib\2.1_3\cglib-2.1_3.jar;C:\Users\DEll\.m2\repository\asm\asm\1.5.3\asm-1.5.3.jar;C:\Users\DEll\.m2\repository\org\slf4j\slf4j-nop\1.6.4\slf4j-nop-1.6.4.jar;C:\Users\DEll\.m2\repository\org\unitils\unitils-dbunit\3.4.2\unitils-dbunit-3.4.2.jar;C:\Users\DEll\.m2\repository\xmlunit\xmlunit\1.2\xmlunit-1.2.jar;C:\Users\DEll\.m2\repository\org\aspectj\aspectjrt\1.8.1\aspectjrt-1.8.1.jar;C:\Users\DEll\.m2\repository\org\aspectj\aspectjweaver\1.8.1\aspectjweaver-1.8.1.jar;C:\Users\DEll\.m2\repository\aopalliance\aopalliance\1.0\aopalliance-1.0.jar;C:\Users\DEll\.m2\repository\org\apache\poi\poi\3.9\poi-3.9.jar;C:\Users\DEll\.m2\repository\commons-codec\commons-codec\1.5\commons-codec-1.5.jar;C:\Users\DEll\.m2\repository\javassist\javassist\3.6.0.GA\javassist-3.6.0.GA.jar;C:\Users\DEll\.m2\repository\org\seleniumhq\selenium\selenium-chrome-driver\2.41.0\selenium-chrome-driver-2.41.0.jar;C:\Users\DEll\.m2\repository\org\seleniumhq\selenium\selenium-remote-driver\2.41.0\selenium-remote-driver-2.41.0.jar;C:\Users\DEll\.m2\repository\cglib\cglib-nodep\2.1_3\cglib-nodep-2.1_3.jar;C:\Users\DEll\.m2\repository\net\java\dev\jna\jna\3.4.0\jna-3.4.0.jar;C:\Users\DEll\.m2\repository\net\java\dev\jna\platform\3.4.0\platform-3.4.0.jar;C:\Users\DEll\.m2\repository\org\seleniumhq\selenium\selenium-firefox-driver\2.41.0\selenium-firefox-driver-2.41.0.jar;C:\Users\DEll\.m2\repository\org\apache\commons\commons-exec\1.1\commons-exec-1.1.jar;C:\Users\DEll\.m2\repository\com\opera\operadriver\0.8.1\operadriver-0.8.1.jar;C:\Users\DEll\.m2\repository\com\opera\operalaunchers\0.3\operalaunchers-0.3.jar;C:\Users\DEll\.m2\repository\com\google\protobuf\protobuf-java\2.4.1\protobuf-java-2.4.1.jar;C:\Users\DEll\.m2\repository\com\google\guava\guava\10.0.1\guava-10.0.1.jar;C:\Users\DEll\.m2\repository\com\google\code\findbugs\jsr305\1.3.9\jsr305-1.3.9.jar;C:\Users\DEll\.m2\repository\commons-jxpath\commons-jxpath\1.3\commons-jxpath-1.3.jar;C:\Users\DEll\.m2\repository\org\dbunit\dbunit\2.5.1\dbunit-2.5.1.jar;C:\Users\DEll\.m2\repository\org\apache\poi\poi-ooxml\3.11\poi-ooxml-3.11.jar;C:\Users\DEll\.m2\repository\org\apache\poi\poi-ooxml-schemas\3.11\poi-ooxml-schemas-3.11.jar;C:\Users\DEll\.m2\repository\org\apache\xmlbeans\xmlbeans\2.6.0\xmlbeans-2.6.0.jar;C:\Users\DEll\.m2\repository\stax\stax-api\1.0.1\stax-api-1.0.1.jar;C:\Users\DEll\.m2\repository\org\seleniumhq\selenium\selenium-api\2.41.0\selenium-api-2.41.0.jar;C:\Users\DEll\.m2\repository\org\json\json\20080701\json-20080701.jar;C:\Users\DEll\.m2\repository\org\seleniumhq\selenium\selenium-htmlunit-driver\2.41.0\selenium-htmlunit-driver-2.41.0.jar;C:\Users\DEll\.m2\repository\net\sourceforge\htmlunit\htmlunit\2.13\htmlunit-2.13.jar;C:\Users\DEll\.m2\repository\xalan\xalan\2.7.1\xalan-2.7.1.jar;C:\Users\DEll\.m2\repository\xalan\serializer\2.7.1\serializer-2.7.1.jar;C:\Users\DEll\.m2\repository\org\apache\commons\commons-lang3\3.1\commons-lang3-3.1.jar;C:\Users\DEll\.m2\repository\org\apache\httpcomponents\httpmime\4.3.1\httpmime-4.3.1.jar;C:\Users\DEll\.m2\repository\net\sourceforge\htmlunit\htmlunit-core-js\2.13\htmlunit-core-js-2.13.jar;C:\Users\DEll\.m2\repository\xerces\xercesImpl\2.11.0\xercesImpl-2.11.0.jar;C:\Users\DEll\.m2\repository\xml-apis\xml-apis\1.4.01\xml-apis-1.4.01.jar;C:\Users\DEll\.m2\repository\net\sourceforge\nekohtml\nekohtml\1.9.19\nekohtml-1.9.19.jar;C:\Users\DEll\.m2\repository\net\sourceforge\cssparser\cssparser\0.9.11\cssparser-0.9.11.jar;C:\Users\DEll\.m2\repository\org\w3c\css\sac\1.3\sac-1.3.jar;C:\Users\DEll\.m2\repository\org\eclipse\jetty\jetty-websocket\8.1.12.v20130726\jetty-websocket-8.1.12.v20130726.jar;C:\Users\DEll\.m2\repository\org\eclipse\jetty\jetty-util\8.1.12.v20130726\jetty-util-8.1.12.v20130726.jar;C:\Users\DEll\.m2\repository\org\eclipse\jetty\jetty-io\8.1.12.v20130726\jetty-io-8.1.12.v20130726.jar;C:\Users\DEll\.m2\repository\org\eclipse\jetty\jetty-http\8.1.12.v20130726\jetty-http-8.1.12.v20130726.jar;C:\Users\DEll\.m2\repository\org\apache\httpcomponents\httpclient\4.3.1\httpclient-4.3.1.jar;C:\Users\DEll\.m2\repository\org\apache\httpcomponents\httpcore\4.3\httpcore-4.3.jar;C:\Users\DEll\.m2\repository\org\hamcrest\hamcrest-all\1.3\hamcrest-all-1.3.jar;, hibernate.bytecode.use_reflection_optimizer=false, hibernate.show_sql=true, hibernate.classLoader.application=sun.misc.Launcher$AppClassLoader@4aa298b7, java.vm.specification.version=1.8, sun.arch.data.model=64, java.home=D:\JDK1.8\jre, sun.java.command=E:\work_java\chapter18\target\surefire\surefirebooter3221345583771230830.jar E:\work_java\chapter18\target\surefire\surefire1666959931098983770tmp E:\work_java\chapter18\target\surefire\surefire1310798541596866369tmp, hibernate.dialect=org.hibernate.dialect.MySQLDialect, java.specification.vendor=Oracle Corporation, user.language=zh, awt.toolkit=sun.awt.windows.WToolkit, java.vm.info=mixed mode, java.version=1.8.0_121, java.ext.dirs=D:\JDK1.8\jre\lib\ext;C:\WINDOWS\Sun\Java\lib\ext, sun.boot.class.path=D:\JDK1.8\jre\lib\resources.jar;D:\JDK1.8\jre\lib\rt.jar;D:\JDK1.8\jre\lib\sunrsasign.jar;D:\JDK1.8\jre\lib\jsse.jar;D:\JDK1.8\jre\lib\jce.jar;D:\JDK1.8\jre\lib\charsets.jar;D:\JDK1.8\jre\lib\jfr.jar;D:\JDK1.8\jre\classes, java.vendor=Oracle Corporation, localRepository=C:\Users\DEll\.m2\repository, file.separator=\, hibernate.cache.region.factory_class=org.hibernate.cache.ehcache.EhCacheRegionFactory, java.vendor.url.bug=http://bugreport.sun.com/bugreport/, sun.cpu.endian=little, sun.io.unicode.encoding=UnicodeLittle, sun.desktop=windows, sun.cpu.isalist=amd64}
2018-12-12 13:05:23,739 DEBUG (org.hibernate.id.factory.internal.DefaultIdentifierGeneratorFactory:107) - Setting dialect [org.hibernate.dialect.MySQLDialect]
2018-12-12 13:05:23,739 DEBUG (org.hibernate.id.factory.internal.DefaultIdentifierGeneratorFactory:107) - Setting dialect [org.hibernate.dialect.MySQLDialect]
2018-12-12 13:05:23,739 DEBUG (org.hibernate.id.factory.internal.DefaultIdentifierGeneratorFactory:107) - Setting dialect [org.hibernate.dialect.MySQLDialect]
2018-12-12 13:05:23,739 DEBUG (org.hibernate.id.factory.internal.DefaultIdentifierGeneratorFactory:107) - Setting dialect [org.hibernate.dialect.MySQLDialect]
2018-12-12 13:05:23,740 DEBUG (org.hibernate.id.factory.internal.DefaultIdentifierGeneratorFactory:107) - Setting dialect [org.hibernate.dialect.MySQLDialect]
2018-12-12 13:05:23,740  WARN (org.hibernate.cache.ehcache.AbstractEhcacheRegionFactory:180) - HHH020003: Could not find a specific ehcache configuration for cache named [com.smart.domain.Board]; using defaults.
2018-12-12 13:05:23,740 DEBUG (net.sf.ehcache.Cache:1183) - Initialised cache: com.smart.domain.Board
2018-12-12 13:05:23,740 DEBUG (net.sf.ehcache.config.ConfigurationHelper:360) - CacheDecoratorFactory not configured for defaultCache. Skipping for &apos;com.smart.domain.Board&apos;.
2018-12-12 13:05:23,741 DEBUG (org.hibernate.cache.ehcache.AbstractEhcacheRegionFactory:183) - started EHCache region: com.smart.domain.Board
2018-12-12 13:05:23,742 DEBUG (org.hibernate.persister.entity.AbstractEntityPersister:3582) - Static SQL for entity: com.smart.domain.Board
2018-12-12 13:05:23,742 DEBUG (org.hibernate.persister.entity.AbstractEntityPersister:3587) -  Version select: select board_id from t_board where board_id =?
2018-12-12 13:05:23,742 DEBUG (org.hibernate.persister.entity.AbstractEntityPersister:3590) -  Snapshot select: select board_.board_id, board_.board_desc as board2_0_, board_.board_name as board3_0_, board_.topic_num as topic4_0_ from t_board board_ where board_.board_id=?
2018-12-12 13:05:23,743 DEBUG (org.hibernate.persister.entity.AbstractEntityPersister:3593) -  Insert 0: insert into t_board (board_desc, board_name, topic_num, board_id) values (?, ?, ?, ?)
2018-12-12 13:05:23,743 DEBUG (org.hibernate.persister.entity.AbstractEntityPersister:3594) -  Update 0: update t_board set board_desc=?, board_name=?, topic_num=? where board_id=?
2018-12-12 13:05:23,743 DEBUG (org.hibernate.persister.entity.AbstractEntityPersister:3595) -  Delete 0: delete from t_board where board_id=?
2018-12-12 13:05:23,743 DEBUG (org.hibernate.persister.entity.AbstractEntityPersister:3598) -  Identity insert: insert into t_board (board_desc, board_name, topic_num) values (?, ?, ?)
2018-12-12 13:05:23,743  WARN (org.hibernate.cache.ehcache.AbstractEhcacheRegionFactory:180) - HHH020003: Could not find a specific ehcache configuration for cache named [com.smart.domain.Topic]; using defaults.
2018-12-12 13:05:23,744 DEBUG (net.sf.ehcache.Cache:1183) - Initialised cache: com.smart.domain.Topic
2018-12-12 13:05:23,744 DEBUG (net.sf.ehcache.config.ConfigurationHelper:360) - CacheDecoratorFactory not configured for defaultCache. Skipping for &apos;com.smart.domain.Topic&apos;.
2018-12-12 13:05:23,744 DEBUG (org.hibernate.cache.ehcache.AbstractEhcacheRegionFactory:183) - started EHCache region: com.smart.domain.Topic
2018-12-12 13:05:23,746 DEBUG (org.hibernate.persister.entity.AbstractEntityPersister:3582) - Static SQL for entity: com.smart.domain.Topic
2018-12-12 13:05:23,746 DEBUG (org.hibernate.persister.entity.AbstractEntityPersister:3587) -  Version select: select topic_id from t_topic where topic_id =?
2018-12-12 13:05:23,746 DEBUG (org.hibernate.persister.entity.AbstractEntityPersister:3590) -  Snapshot select: select topic_.topic_id, topic_.board_id as board8_4_, topic_.create_name as create2_4_, topic_.digest as digest3_4_, topic_.last_post as last4_4_, topic_.topic_replies as topic5_4_, topic_.topic_title as topic6_4_, topic_.topic_view as topic7_4_, topic_.user_id as user9_4_ from t_topic topic_ where topic_.topic_id=?
2018-12-12 13:05:23,746 DEBUG (org.hibernate.persister.entity.AbstractEntityPersister:3593) -  Insert 0: insert into t_topic (board_id, create_name, digest, last_post, topic_replies, topic_title, topic_view, user_id, topic_id) values (?, ?, ?, ?, ?, ?, ?, ?, ?)
2018-12-12 13:05:23,746 DEBUG (org.hibernate.persister.entity.AbstractEntityPersister:3594) -  Update 0: update t_topic set board_id=?, create_name=?, digest=?, last_post=?, topic_replies=?, topic_title=?, topic_view=?, user_id=? where topic_id=?
2018-12-12 13:05:23,747 DEBUG (org.hibernate.persister.entity.AbstractEntityPersister:3595) -  Delete 0: delete from t_topic where topic_id=?
2018-12-12 13:05:23,747 DEBUG (org.hibernate.persister.entity.AbstractEntityPersister:3598) -  Identity insert: insert into t_topic (board_id, create_name, digest, last_post, topic_replies, topic_title, topic_view, user_id) values (?, ?, ?, ?, ?, ?, ?, ?)
2018-12-12 13:05:23,747  WARN (org.hibernate.cache.ehcache.AbstractEhcacheRegionFactory:180) - HHH020003: Could not find a specific ehcache configuration for cache named [com.smart.domain.User]; using defaults.
2018-12-12 13:05:23,747 DEBUG (net.sf.ehcache.Cache:1183) - Initialised cache: com.smart.domain.User
2018-12-12 13:05:23,748 DEBUG (net.sf.ehcache.config.ConfigurationHelper:360) - CacheDecoratorFactory not configured for defaultCache. Skipping for &apos;com.smart.domain.User&apos;.
2018-12-12 13:05:23,748 DEBUG (org.hibernate.cache.ehcache.AbstractEhcacheRegionFactory:183) - started EHCache region: com.smart.domain.User
2018-12-12 13:05:23,749 DEBUG (org.hibernate.persister.entity.AbstractEntityPersister:3582) - Static SQL for entity: com.smart.domain.User
2018-12-12 13:05:23,749 DEBUG (org.hibernate.persister.entity.AbstractEntityPersister:3587) -  Version select: select user_id from t_user where user_id =?
2018-12-12 13:05:23,750 DEBUG (org.hibernate.persister.entity.AbstractEntityPersister:3590) -  Snapshot select: select user_.user_id, user_.credit as credit2_5_, user_.last_ip as last3_5_, user_.last_visit as last4_5_, user_.locked as locked5_5_, user_.password as password6_5_, user_.user_name as user7_5_, user_.user_type as user8_5_ from t_user user_ where user_.user_id=?
2018-12-12 13:05:23,750 DEBUG (org.hibernate.persister.entity.AbstractEntityPersister:3593) -  Insert 0: insert into t_user (credit, last_ip, last_visit, locked, password, user_name, user_type, user_id) values (?, ?, ?, ?, ?, ?, ?, ?)
2018-12-12 13:05:23,750 DEBUG (org.hibernate.persister.entity.AbstractEntityPersister:3594) -  Update 0: update t_user set credit=?, last_ip=?, last_visit=?, locked=?, password=?, user_name=?, user_type=? where user_id=?
2018-12-12 13:05:23,750 DEBUG (org.hibernate.persister.entity.AbstractEntityPersister:3595) -  Delete 0: delete from t_user where user_id=?
2018-12-12 13:05:23,751 DEBUG (org.hibernate.persister.entity.AbstractEntityPersister:3598) -  Identity insert: insert into t_user (credit, last_ip, last_visit, locked, password, user_name, user_type) values (?, ?, ?, ?, ?, ?, ?)
2018-12-12 13:05:23,751  WARN (org.hibernate.cache.ehcache.AbstractEhcacheRegionFactory:180) - HHH020003: Could not find a specific ehcache configuration for cache named [com.smart.domain.LoginLog]; using defaults.
2018-12-12 13:05:23,751 DEBUG (net.sf.ehcache.Cache:1183) - Initialised cache: com.smart.domain.LoginLog
2018-12-12 13:05:23,752 DEBUG (net.sf.ehcache.config.ConfigurationHelper:360) - CacheDecoratorFactory not configured for defaultCache. Skipping for &apos;com.smart.domain.LoginLog&apos;.
2018-12-12 13:05:23,752 DEBUG (org.hibernate.cache.ehcache.AbstractEhcacheRegionFactory:183) - started EHCache region: com.smart.domain.LoginLog
2018-12-12 13:05:23,754 DEBUG (org.hibernate.persister.entity.AbstractEntityPersister:3582) - Static SQL for entity: com.smart.domain.LoginLog
2018-12-12 13:05:23,754 DEBUG (org.hibernate.persister.entity.AbstractEntityPersister:3587) -  Version select: select login_log_id from t_login_log where login_log_id =?
2018-12-12 13:05:23,755 DEBUG (org.hibernate.persister.entity.AbstractEntityPersister:3590) -  Snapshot select: select loginlog_.login_log_id, loginlog_.ip as ip2_2_, loginlog_.login_datetime as login3_2_, loginlog_.user_id as user4_2_ from t_login_log loginlog_ where loginlog_.login_log_id=?
2018-12-12 13:05:23,755 DEBUG (org.hibernate.persister.entity.AbstractEntityPersister:3593) -  Insert 0: insert into t_login_log (ip, login_datetime, user_id, login_log_id) values (?, ?, ?, ?)
2018-12-12 13:05:23,755 DEBUG (org.hibernate.persister.entity.AbstractEntityPersister:3594) -  Update 0: update t_login_log set ip=?, login_datetime=?, user_id=? where login_log_id=?
2018-12-12 13:05:23,755 DEBUG (org.hibernate.persister.entity.AbstractEntityPersister:3595) -  Delete 0: delete from t_login_log where login_log_id=?
2018-12-12 13:05:23,756 DEBUG (org.hibernate.persister.entity.AbstractEntityPersister:3598) -  Identity insert: insert into t_login_log (ip, login_datetime, user_id) values (?, ?, ?)
2018-12-12 13:05:23,756  WARN (org.hibernate.cache.ehcache.AbstractEhcacheRegionFactory:180) - HHH020003: Could not find a specific ehcache configuration for cache named [com.smart.domain.Post]; using defaults.
2018-12-12 13:05:23,756 DEBUG (net.sf.ehcache.Cache:1183) - Initialised cache: com.smart.domain.Post
2018-12-12 13:05:23,757 DEBUG (net.sf.ehcache.config.ConfigurationHelper:360) - CacheDecoratorFactory not configured for defaultCache. Skipping for &apos;com.smart.domain.Post&apos;.
2018-12-12 13:05:23,757 DEBUG (org.hibernate.cache.ehcache.AbstractEhcacheRegionFactory:183) - started EHCache region: com.smart.domain.Post
2018-12-12 13:05:23,759 DEBUG (org.hibernate.persister.entity.AbstractEntityPersister:3582) - Static SQL for entity: com.smart.domain.Post
2018-12-12 13:05:23,759 DEBUG (org.hibernate.persister.entity.AbstractEntityPersister:3587) -  Version select: select post_id from t_post where post_id =?
2018-12-12 13:05:23,759 DEBUG (org.hibernate.persister.entity.AbstractEntityPersister:3590) -  Snapshot select: select post_.post_id, post_.board_id as board3_3_, post_.create_time as create4_3_, post_.post_text as post5_3_, post_.post_title as post6_3_, post_.topic_id as topic7_3_, post_.user_id as user8_3_ from t_post post_ where post_.post_id=?
2018-12-12 13:05:23,759 DEBUG (org.hibernate.persister.entity.AbstractEntityPersister:3593) -  Insert 0: insert into t_post (board_id, create_time, post_text, post_title, topic_id, user_id, post_type, post_id) values (?, ?, ?, ?, ?, ?, &apos;1&apos;, ?)
2018-12-12 13:05:23,760 DEBUG (org.hibernate.persister.entity.AbstractEntityPersister:3594) -  Update 0: update t_post set board_id=?, create_time=?, post_text=?, post_title=?, topic_id=?, user_id=? where post_id=?
2018-12-12 13:05:23,760 DEBUG (org.hibernate.persister.entity.AbstractEntityPersister:3595) -  Delete 0: delete from t_post where post_id=?
2018-12-12 13:05:23,760 DEBUG (org.hibernate.persister.entity.AbstractEntityPersister:3598) -  Identity insert: insert into t_post (board_id, create_time, post_text, post_title, topic_id, user_id, post_type) values (?, ?, ?, ?, ?, ?, &apos;1&apos;)
2018-12-12 13:05:23,762 DEBUG (org.hibernate.persister.entity.AbstractEntityPersister:3582) - Static SQL for entity: com.smart.domain.MainPost
2018-12-12 13:05:23,763 DEBUG (org.hibernate.persister.entity.AbstractEntityPersister:3587) -  Version select: select post_id from t_post where post_id =?
2018-12-12 13:05:23,763 DEBUG (org.hibernate.persister.entity.AbstractEntityPersister:3590) -  Snapshot select: select mainpost_.post_id, mainpost_.board_id as board3_3_, mainpost_.create_time as create4_3_, mainpost_.post_text as post5_3_, mainpost_.post_title as post6_3_, mainpost_.topic_id as topic7_3_, mainpost_.user_id as user8_3_ from t_post mainpost_ where mainpost_.post_id=?
2018-12-12 13:05:23,763 DEBUG (org.hibernate.persister.entity.AbstractEntityPersister:3593) -  Insert 0: insert into t_post (board_id, create_time, post_text, post_title, topic_id, user_id, post_type, post_id) values (?, ?, ?, ?, ?, ?, &apos;2&apos;, ?)
2018-12-12 13:05:23,763 DEBUG (org.hibernate.persister.entity.AbstractEntityPersister:3594) -  Update 0: update t_post set board_id=?, create_time=?, post_text=?, post_title=?, topic_id=?, user_id=? where post_id=?
2018-12-12 13:05:23,764 DEBUG (org.hibernate.persister.entity.AbstractEntityPersister:3595) -  Delete 0: delete from t_post where post_id=?
2018-12-12 13:05:23,764 DEBUG (org.hibernate.persister.entity.AbstractEntityPersister:3598) -  Identity insert: insert into t_post (board_id, create_time, post_text, post_title, topic_id, user_id, post_type) values (?, ?, ?, ?, ?, ?, &apos;2&apos;)
2018-12-12 13:05:23,764 DEBUG (org.hibernate.persister.collection.AbstractCollectionPersister:665) - Static SQL for collection: com.smart.domain.Board.users
2018-12-12 13:05:23,765 DEBUG (org.hibernate.persister.collection.AbstractCollectionPersister:666) -  Row insert: insert into t_board_manager (board_id, user_id) values (?, ?)
2018-12-12 13:05:23,765 DEBUG (org.hibernate.persister.collection.AbstractCollectionPersister:667) -  Row update: update t_board_manager set user_id=? where board_id=? and user_id=?
2018-12-12 13:05:23,765 DEBUG (org.hibernate.persister.collection.AbstractCollectionPersister:668) -  Row delete: delete from t_board_manager where board_id=? and user_id=?
2018-12-12 13:05:23,765 DEBUG (org.hibernate.persister.collection.AbstractCollectionPersister:669) -  One-shot delete: delete from t_board_manager where board_id=?
2018-12-12 13:05:23,766 DEBUG (org.hibernate.persister.collection.AbstractCollectionPersister:665) - Static SQL for collection: com.smart.domain.User.manBoards
2018-12-12 13:05:23,766 DEBUG (org.hibernate.persister.collection.AbstractCollectionPersister:666) -  Row insert: insert into t_board_manager (user_id, board_id) values (?, ?)
2018-12-12 13:05:23,766 DEBUG (org.hibernate.persister.collection.AbstractCollectionPersister:667) -  Row update: update t_board_manager set board_id=? where user_id=? and board_id=?
2018-12-12 13:05:23,767 DEBUG (org.hibernate.persister.collection.AbstractCollectionPersister:668) -  Row delete: delete from t_board_manager where user_id=? and board_id=?
2018-12-12 13:05:23,767 DEBUG (org.hibernate.persister.collection.AbstractCollectionPersister:669) -  One-shot delete: delete from t_board_manager where user_id=?
2018-12-12 13:05:23,767 DEBUG (org.hibernate.loader.Loader:123) - Static select for entity com.smart.domain.Board [NONE]: select board0_.board_id as board1_0_0_, board0_.board_desc as board2_0_0_, board0_.board_name as board3_0_0_, board0_.topic_num as topic4_0_0_ from t_board board0_ where board0_.board_id=?
2018-12-12 13:05:23,768 DEBUG (org.hibernate.loader.Loader:123) - Static select for entity com.smart.domain.Board [READ]: select board0_.board_id as board1_0_0_, board0_.board_desc as board2_0_0_, board0_.board_name as board3_0_0_, board0_.topic_num as topic4_0_0_ from t_board board0_ where board0_.board_id=?
2018-12-12 13:05:23,768 DEBUG (org.hibernate.loader.Loader:123) - Static select for entity com.smart.domain.Board [UPGRADE]: select board0_.board_id as board1_0_0_, board0_.board_desc as board2_0_0_, board0_.board_name as board3_0_0_, board0_.topic_num as topic4_0_0_ from t_board board0_ where board0_.board_id=? for update
2018-12-12 13:05:23,769 DEBUG (org.hibernate.loader.Loader:123) - Static select for entity com.smart.domain.Board [UPGRADE_NOWAIT]: select board0_.board_id as board1_0_0_, board0_.board_desc as board2_0_0_, board0_.board_name as board3_0_0_, board0_.topic_num as topic4_0_0_ from t_board board0_ where board0_.board_id=? for update
2018-12-12 13:05:23,769 DEBUG (org.hibernate.loader.Loader:123) - Static select for entity com.smart.domain.Board [FORCE]: select board0_.board_id as board1_0_0_, board0_.board_desc as board2_0_0_, board0_.board_name as board3_0_0_, board0_.topic_num as topic4_0_0_ from t_board board0_ where board0_.board_id=? for update
2018-12-12 13:05:23,769 DEBUG (org.hibernate.loader.Loader:123) - Static select for entity com.smart.domain.Board [PESSIMISTIC_READ]: select board0_.board_id as board1_0_0_, board0_.board_desc as board2_0_0_, board0_.board_name as board3_0_0_, board0_.topic_num as topic4_0_0_ from t_board board0_ where board0_.board_id=? lock in share mode
2018-12-12 13:05:23,770 DEBUG (org.hibernate.loader.Loader:123) - Static select for entity com.smart.domain.Board [PESSIMISTIC_WRITE]: select board0_.board_id as board1_0_0_, board0_.board_desc as board2_0_0_, board0_.board_name as board3_0_0_, board0_.topic_num as topic4_0_0_ from t_board board0_ where board0_.board_id=? for update
2018-12-12 13:05:23,770 DEBUG (org.hibernate.loader.Loader:123) - Static select for entity com.smart.domain.Board [PESSIMISTIC_FORCE_INCREMENT]: select board0_.board_id as board1_0_0_, board0_.board_desc as board2_0_0_, board0_.board_name as board3_0_0_, board0_.topic_num as topic4_0_0_ from t_board board0_ where board0_.board_id=? for update
2018-12-12 13:05:23,770 DEBUG (org.hibernate.loader.Loader:123) - Static select for entity com.smart.domain.Board [OPTIMISTIC]: select board0_.board_id as board1_0_0_, board0_.board_desc as board2_0_0_, board0_.board_name as board3_0_0_, board0_.topic_num as topic4_0_0_ from t_board board0_ where board0_.board_id=?
2018-12-12 13:05:23,771 DEBUG (org.hibernate.loader.Loader:123) - Static select for entity com.smart.domain.Board [OPTIMISTIC_FORCE_INCREMENT]: select board0_.board_id as board1_0_0_, board0_.board_desc as board2_0_0_, board0_.board_name as board3_0_0_, board0_.topic_num as topic4_0_0_ from t_board board0_ where board0_.board_id=?
2018-12-12 13:05:23,771 DEBUG (org.hibernate.loader.Loader:56) - Static select for action ACTION_MERGE on entity com.smart.domain.Board: select board0_.board_id as board1_0_1_, board0_.board_desc as board2_0_1_, board0_.board_name as board3_0_1_, board0_.topic_num as topic4_0_1_, users1_.board_id as board2_0_3_, user2_.user_id as user1_1_3_, user2_.user_id as user1_5_0_, user2_.credit as credit2_5_0_, user2_.last_ip as last3_5_0_, user2_.last_visit as last4_5_0_, user2_.locked as locked5_5_0_, user2_.password as password6_5_0_, user2_.user_name as user7_5_0_, user2_.user_type as user8_5_0_ from t_board board0_ left outer join t_board_manager users1_ on board0_.board_id=users1_.board_id left outer join t_user user2_ on users1_.user_id=user2_.user_id where board0_.board_id=?
2018-12-12 13:05:23,772 DEBUG (org.hibernate.loader.Loader:56) - Static select for action ACTION_REFRESH on entity com.smart.domain.Board: select board0_.board_id as board1_0_0_, board0_.board_desc as board2_0_0_, board0_.board_name as board3_0_0_, board0_.topic_num as topic4_0_0_ from t_board board0_ where board0_.board_id=?
2018-12-12 13:05:23,772 DEBUG (org.hibernate.loader.Loader:123) - Static select for entity com.smart.domain.Topic [NONE]: select topic0_.topic_id as topic1_4_3_, topic0_.board_id as board8_4_3_, topic0_.create_name as create2_4_3_, topic0_.digest as digest3_4_3_, topic0_.last_post as last4_4_3_, topic0_.topic_replies as topic5_4_3_, topic0_.topic_title as topic6_4_3_, topic0_.topic_view as topic7_4_3_, topic0_.user_id as user9_4_3_, board1_.board_id as board1_0_0_, board1_.board_desc as board2_0_0_, board1_.board_name as board3_0_0_, board1_.topic_num as topic4_0_0_, user2_.user_id as user1_5_1_, user2_.credit as credit2_5_1_, user2_.last_ip as last3_5_1_, user2_.last_visit as last4_5_1_, user2_.locked as locked5_5_1_, user2_.password as password6_5_1_, user2_.user_name as user7_5_1_, user2_.user_type as user8_5_1_, manboards3_.user_id as user1_5_5_, board4_.board_id as board2_1_5_, board4_.board_id as board1_0_2_, board4_.board_desc as board2_0_2_, board4_.board_name as board3_0_2_, board4_.topic_num as topic4_0_2_ from t_topic topic0_ left outer join t_board board1_ on topic0_.board_id=board1_.board_id left outer join t_user user2_ on topic0_.user_id=user2_.user_id left outer join t_board_manager manboards3_ on user2_.user_id=manboards3_.user_id left outer join t_board board4_ on manboards3_.board_id=board4_.board_id where topic0_.topic_id=?
2018-12-12 13:05:23,773 DEBUG (org.hibernate.loader.Loader:123) - Static select for entity com.smart.domain.Topic [READ]: select topic0_.topic_id as topic1_4_3_, topic0_.board_id as board8_4_3_, topic0_.create_name as create2_4_3_, topic0_.digest as digest3_4_3_, topic0_.last_post as last4_4_3_, topic0_.topic_replies as topic5_4_3_, topic0_.topic_title as topic6_4_3_, topic0_.topic_view as topic7_4_3_, topic0_.user_id as user9_4_3_, board1_.board_id as board1_0_0_, board1_.board_desc as board2_0_0_, board1_.board_name as board3_0_0_, board1_.topic_num as topic4_0_0_, user2_.user_id as user1_5_1_, user2_.credit as credit2_5_1_, user2_.last_ip as last3_5_1_, user2_.last_visit as last4_5_1_, user2_.locked as locked5_5_1_, user2_.password as password6_5_1_, user2_.user_name as user7_5_1_, user2_.user_type as user8_5_1_, manboards3_.user_id as user1_5_5_, board4_.board_id as board2_1_5_, board4_.board_id as board1_0_2_, board4_.board_desc as board2_0_2_, board4_.board_name as board3_0_2_, board4_.topic_num as topic4_0_2_ from t_topic topic0_ left outer join t_board board1_ on topic0_.board_id=board1_.board_id left outer join t_user user2_ on topic0_.user_id=user2_.user_id left outer join t_board_manager manboards3_ on user2_.user_id=manboards3_.user_id left outer join t_board board4_ on manboards3_.board_id=board4_.board_id where topic0_.topic_id=?
2018-12-12 13:05:23,773 DEBUG (org.hibernate.loader.Loader:123) - Static select for entity com.smart.domain.Topic [UPGRADE]: select topic0_.topic_id as topic1_4_0_, topic0_.board_id as board8_4_0_, topic0_.create_name as create2_4_0_, topic0_.digest as digest3_4_0_, topic0_.last_post as last4_4_0_, topic0_.topic_replies as topic5_4_0_, topic0_.topic_title as topic6_4_0_, topic0_.topic_view as topic7_4_0_, topic0_.user_id as user9_4_0_ from t_topic topic0_ where topic0_.topic_id=? for update
2018-12-12 13:05:23,773 DEBUG (org.hibernate.loader.Loader:123) - Static select for entity com.smart.domain.Topic [UPGRADE_NOWAIT]: select topic0_.topic_id as topic1_4_0_, topic0_.board_id as board8_4_0_, topic0_.create_name as create2_4_0_, topic0_.digest as digest3_4_0_, topic0_.last_post as last4_4_0_, topic0_.topic_replies as topic5_4_0_, topic0_.topic_title as topic6_4_0_, topic0_.topic_view as topic7_4_0_, topic0_.user_id as user9_4_0_ from t_topic topic0_ where topic0_.topic_id=? for update
2018-12-12 13:05:23,774 DEBUG (org.hibernate.loader.Loader:123) - Static select for entity com.smart.domain.Topic [FORCE]: select topic0_.topic_id as topic1_4_0_, topic0_.board_id as board8_4_0_, topic0_.create_name as create2_4_0_, topic0_.digest as digest3_4_0_, topic0_.last_post as last4_4_0_, topic0_.topic_replies as topic5_4_0_, topic0_.topic_title as topic6_4_0_, topic0_.topic_view as topic7_4_0_, topic0_.user_id as user9_4_0_ from t_topic topic0_ where topic0_.topic_id=? for update
2018-12-12 13:05:23,774 DEBUG (org.hibernate.loader.Loader:123) - Static select for entity com.smart.domain.Topic [PESSIMISTIC_READ]: select topic0_.topic_id as topic1_4_0_, topic0_.board_id as board8_4_0_, topic0_.create_name as create2_4_0_, topic0_.digest as digest3_4_0_, topic0_.last_post as last4_4_0_, topic0_.topic_replies as topic5_4_0_, topic0_.topic_title as topic6_4_0_, topic0_.topic_view as topic7_4_0_, topic0_.user_id as user9_4_0_ from t_topic topic0_ where topic0_.topic_id=? lock in share mode
2018-12-12 13:05:23,774 DEBUG (org.hibernate.loader.Loader:123) - Static select for entity com.smart.domain.Topic [PESSIMISTIC_WRITE]: select topic0_.topic_id as topic1_4_0_, topic0_.board_id as board8_4_0_, topic0_.create_name as create2_4_0_, topic0_.digest as digest3_4_0_, topic0_.last_post as last4_4_0_, topic0_.topic_replies as topic5_4_0_, topic0_.topic_title as topic6_4_0_, topic0_.topic_view as topic7_4_0_, topic0_.user_id as user9_4_0_ from t_topic topic0_ where topic0_.topic_id=? for update
2018-12-12 13:05:23,775 DEBUG (org.hibernate.loader.Loader:123) - Static select for entity com.smart.domain.Topic [PESSIMISTIC_FORCE_INCREMENT]: select topic0_.topic_id as topic1_4_0_, topic0_.board_id as board8_4_0_, topic0_.create_name as create2_4_0_, topic0_.digest as digest3_4_0_, topic0_.last_post as last4_4_0_, topic0_.topic_replies as topic5_4_0_, topic0_.topic_title as topic6_4_0_, topic0_.topic_view as topic7_4_0_, topic0_.user_id as user9_4_0_ from t_topic topic0_ where topic0_.topic_id=? for update
2018-12-12 13:05:23,775 DEBUG (org.hibernate.loader.Loader:123) - Static select for entity com.smart.domain.Topic [OPTIMISTIC]: select topic0_.topic_id as topic1_4_0_, topic0_.board_id as board8_4_0_, topic0_.create_name as create2_4_0_, topic0_.digest as digest3_4_0_, topic0_.last_post as last4_4_0_, topic0_.topic_replies as topic5_4_0_, topic0_.topic_title as topic6_4_0_, topic0_.topic_view as topic7_4_0_, topic0_.user_id as user9_4_0_ from t_topic topic0_ where topic0_.topic_id=?
2018-12-12 13:05:23,775 DEBUG (org.hibernate.loader.Loader:123) - Static select for entity com.smart.domain.Topic [OPTIMISTIC_FORCE_INCREMENT]: select topic0_.topic_id as topic1_4_0_, topic0_.board_id as board8_4_0_, topic0_.create_name as create2_4_0_, topic0_.digest as digest3_4_0_, topic0_.last_post as last4_4_0_, topic0_.topic_replies as topic5_4_0_, topic0_.topic_title as topic6_4_0_, topic0_.topic_view as topic7_4_0_, topic0_.user_id as user9_4_0_ from t_topic topic0_ where topic0_.topic_id=?
2018-12-12 13:05:23,776 DEBUG (org.hibernate.loader.Loader:56) - Static select for action ACTION_MERGE on entity com.smart.domain.Topic: select topic0_.topic_id as topic1_4_2_, topic0_.board_id as board8_4_2_, topic0_.create_name as create2_4_2_, topic0_.digest as digest3_4_2_, topic0_.last_post as last4_4_2_, topic0_.topic_replies as topic5_4_2_, topic0_.topic_title as topic6_4_2_, topic0_.topic_view as topic7_4_2_, topic0_.user_id as user9_4_2_, board1_.board_id as board1_0_0_, board1_.board_desc as board2_0_0_, board1_.board_name as board3_0_0_, board1_.topic_num as topic4_0_0_, users2_.board_id as board2_0_4_, user3_.user_id as user1_1_4_, user3_.user_id as user1_5_1_, user3_.credit as credit2_5_1_, user3_.last_ip as last3_5_1_, user3_.last_visit as last4_5_1_, user3_.locked as locked5_5_1_, user3_.password as password6_5_1_, user3_.user_name as user7_5_1_, user3_.user_type as user8_5_1_ from t_topic topic0_ left outer join t_board board1_ on topic0_.board_id=board1_.board_id left outer join t_board_manager users2_ on board1_.board_id=users2_.board_id left outer join t_user user3_ on users2_.user_id=user3_.user_id where topic0_.topic_id=?
2018-12-12 13:05:23,777 DEBUG (org.hibernate.loader.Loader:56) - Static select for action ACTION_REFRESH on entity com.smart.domain.Topic: select topic0_.topic_id as topic1_4_0_, topic0_.board_id as board8_4_0_, topic0_.create_name as create2_4_0_, topic0_.digest as digest3_4_0_, topic0_.last_post as last4_4_0_, topic0_.topic_replies as topic5_4_0_, topic0_.topic_title as topic6_4_0_, topic0_.topic_view as topic7_4_0_, topic0_.user_id as user9_4_0_ from t_topic topic0_ where topic0_.topic_id=?
2018-12-12 13:05:23,777 DEBUG (org.hibernate.loader.Loader:123) - Static select for entity com.smart.domain.User [NONE]: select user0_.user_id as user1_5_1_, user0_.credit as credit2_5_1_, user0_.last_ip as last3_5_1_, user0_.last_visit as last4_5_1_, user0_.locked as locked5_5_1_, user0_.password as password6_5_1_, user0_.user_name as user7_5_1_, user0_.user_type as user8_5_1_, manboards1_.user_id as user1_5_3_, board2_.board_id as board2_1_3_, board2_.board_id as board1_0_0_, board2_.board_desc as board2_0_0_, board2_.board_name as board3_0_0_, board2_.topic_num as topic4_0_0_ from t_user user0_ left outer join t_board_manager manboards1_ on user0_.user_id=manboards1_.user_id left outer join t_board board2_ on manboards1_.board_id=board2_.board_id where user0_.user_id=?
2018-12-12 13:05:23,777 DEBUG (org.hibernate.loader.Loader:123) - Static select for entity com.smart.domain.User [READ]: select user0_.user_id as user1_5_1_, user0_.credit as credit2_5_1_, user0_.last_ip as last3_5_1_, user0_.last_visit as last4_5_1_, user0_.locked as locked5_5_1_, user0_.password as password6_5_1_, user0_.user_name as user7_5_1_, user0_.user_type as user8_5_1_, manboards1_.user_id as user1_5_3_, board2_.board_id as board2_1_3_, board2_.board_id as board1_0_0_, board2_.board_desc as board2_0_0_, board2_.board_name as board3_0_0_, board2_.topic_num as topic4_0_0_ from t_user user0_ left outer join t_board_manager manboards1_ on user0_.user_id=manboards1_.user_id left outer join t_board board2_ on manboards1_.board_id=board2_.board_id where user0_.user_id=?
2018-12-12 13:05:23,778 DEBUG (org.hibernate.loader.Loader:123) - Static select for entity com.smart.domain.User [UPGRADE]: select user0_.user_id as user1_5_0_, user0_.credit as credit2_5_0_, user0_.last_ip as last3_5_0_, user0_.last_visit as last4_5_0_, user0_.locked as locked5_5_0_, user0_.password as password6_5_0_, user0_.user_name as user7_5_0_, user0_.user_type as user8_5_0_ from t_user user0_ where user0_.user_id=? for update
2018-12-12 13:05:23,778 DEBUG (org.hibernate.loader.Loader:123) - Static select for entity com.smart.domain.User [UPGRADE_NOWAIT]: select user0_.user_id as user1_5_0_, user0_.credit as credit2_5_0_, user0_.last_ip as last3_5_0_, user0_.last_visit as last4_5_0_, user0_.locked as locked5_5_0_, user0_.password as password6_5_0_, user0_.user_name as user7_5_0_, user0_.user_type as user8_5_0_ from t_user user0_ where user0_.user_id=? for update
2018-12-12 13:05:23,779 DEBUG (org.hibernate.loader.Loader:123) - Static select for entity com.smart.domain.User [FORCE]: select user0_.user_id as user1_5_0_, user0_.credit as credit2_5_0_, user0_.last_ip as last3_5_0_, user0_.last_visit as last4_5_0_, user0_.locked as locked5_5_0_, user0_.password as password6_5_0_, user0_.user_name as user7_5_0_, user0_.user_type as user8_5_0_ from t_user user0_ where user0_.user_id=? for update
2018-12-12 13:05:23,779 DEBUG (org.hibernate.loader.Loader:123) - Static select for entity com.smart.domain.User [PESSIMISTIC_READ]: select user0_.user_id as user1_5_0_, user0_.credit as credit2_5_0_, user0_.last_ip as last3_5_0_, user0_.last_visit as last4_5_0_, user0_.locked as locked5_5_0_, user0_.password as password6_5_0_, user0_.user_name as user7_5_0_, user0_.user_type as user8_5_0_ from t_user user0_ where user0_.user_id=? lock in share mode
2018-12-12 13:05:23,779 DEBUG (org.hibernate.loader.Loader:123) - Static select for entity com.smart.domain.User [PESSIMISTIC_WRITE]: select user0_.user_id as user1_5_0_, user0_.credit as credit2_5_0_, user0_.last_ip as last3_5_0_, user0_.last_visit as last4_5_0_, user0_.locked as locked5_5_0_, user0_.password as password6_5_0_, user0_.user_name as user7_5_0_, user0_.user_type as user8_5_0_ from t_user user0_ where user0_.user_id=? for update
2018-12-12 13:05:23,780 DEBUG (org.hibernate.loader.Loader:123) - Static select for entity com.smart.domain.User [PESSIMISTIC_FORCE_INCREMENT]: select user0_.user_id as user1_5_0_, user0_.credit as credit2_5_0_, user0_.last_ip as last3_5_0_, user0_.last_visit as last4_5_0_, user0_.locked as locked5_5_0_, user0_.password as password6_5_0_, user0_.user_name as user7_5_0_, user0_.user_type as user8_5_0_ from t_user user0_ where user0_.user_id=? for update
2018-12-12 13:05:23,780 DEBUG (org.hibernate.loader.Loader:123) - Static select for entity com.smart.domain.User [OPTIMISTIC]: select user0_.user_id as user1_5_0_, user0_.credit as credit2_5_0_, user0_.last_ip as last3_5_0_, user0_.last_visit as last4_5_0_, user0_.locked as locked5_5_0_, user0_.password as password6_5_0_, user0_.user_name as user7_5_0_, user0_.user_type as user8_5_0_ from t_user user0_ where user0_.user_id=?
2018-12-12 13:05:23,780 DEBUG (org.hibernate.loader.Loader:123) - Static select for entity com.smart.domain.User [OPTIMISTIC_FORCE_INCREMENT]: select user0_.user_id as user1_5_0_, user0_.credit as credit2_5_0_, user0_.last_ip as last3_5_0_, user0_.last_visit as last4_5_0_, user0_.locked as locked5_5_0_, user0_.password as password6_5_0_, user0_.user_name as user7_5_0_, user0_.user_type as user8_5_0_ from t_user user0_ where user0_.user_id=?
2018-12-12 13:05:23,781 DEBUG (org.hibernate.loader.Loader:56) - Static select for action ACTION_MERGE on entity com.smart.domain.User: select user0_.user_id as user1_5_1_, user0_.credit as credit2_5_1_, user0_.last_ip as last3_5_1_, user0_.last_visit as last4_5_1_, user0_.locked as locked5_5_1_, user0_.password as password6_5_1_, user0_.user_name as user7_5_1_, user0_.user_type as user8_5_1_, manboards1_.user_id as user1_5_3_, board2_.board_id as board2_1_3_, board2_.board_id as board1_0_0_, board2_.board_desc as board2_0_0_, board2_.board_name as board3_0_0_, board2_.topic_num as topic4_0_0_ from t_user user0_ left outer join t_board_manager manboards1_ on user0_.user_id=manboards1_.user_id left outer join t_board board2_ on manboards1_.board_id=board2_.board_id where user0_.user_id=?
2018-12-12 13:05:23,781 DEBUG (org.hibernate.loader.Loader:56) - Static select for action ACTION_REFRESH on entity com.smart.domain.User: select user0_.user_id as user1_5_0_, user0_.credit as credit2_5_0_, user0_.last_ip as last3_5_0_, user0_.last_visit as last4_5_0_, user0_.locked as locked5_5_0_, user0_.password as password6_5_0_, user0_.user_name as user7_5_0_, user0_.user_type as user8_5_0_ from t_user user0_ where user0_.user_id=?
2018-12-12 13:05:23,782 DEBUG (org.hibernate.loader.Loader:123) - Static select for entity com.smart.domain.LoginLog [NONE]: select loginlog0_.login_log_id as login1_2_2_, loginlog0_.ip as ip2_2_2_, loginlog0_.login_datetime as login3_2_2_, loginlog0_.user_id as user4_2_2_, user1_.user_id as user1_5_0_, user1_.credit as credit2_5_0_, user1_.last_ip as last3_5_0_, user1_.last_visit as last4_5_0_, user1_.locked as locked5_5_0_, user1_.password as password6_5_0_, user1_.user_name as user7_5_0_, user1_.user_type as user8_5_0_, manboards2_.user_id as user1_5_4_, board3_.board_id as board2_1_4_, board3_.board_id as board1_0_1_, board3_.board_desc as board2_0_1_, board3_.board_name as board3_0_1_, board3_.topic_num as topic4_0_1_ from t_login_log loginlog0_ left outer join t_user user1_ on loginlog0_.user_id=user1_.user_id left outer join t_board_manager manboards2_ on user1_.user_id=manboards2_.user_id left outer join t_board board3_ on manboards2_.board_id=board3_.board_id where loginlog0_.login_log_id=?
2018-12-12 13:05:23,782 DEBUG (org.hibernate.loader.Loader:123) - Static select for entity com.smart.domain.LoginLog [READ]: select loginlog0_.login_log_id as login1_2_2_, loginlog0_.ip as ip2_2_2_, loginlog0_.login_datetime as login3_2_2_, loginlog0_.user_id as user4_2_2_, user1_.user_id as user1_5_0_, user1_.credit as credit2_5_0_, user1_.last_ip as last3_5_0_, user1_.last_visit as last4_5_0_, user1_.locked as locked5_5_0_, user1_.password as password6_5_0_, user1_.user_name as user7_5_0_, user1_.user_type as user8_5_0_, manboards2_.user_id as user1_5_4_, board3_.board_id as board2_1_4_, board3_.board_id as board1_0_1_, board3_.board_desc as board2_0_1_, board3_.board_name as board3_0_1_, board3_.topic_num as topic4_0_1_ from t_login_log loginlog0_ left outer join t_user user1_ on loginlog0_.user_id=user1_.user_id left outer join t_board_manager manboards2_ on user1_.user_id=manboards2_.user_id left outer join t_board board3_ on manboards2_.board_id=board3_.board_id where loginlog0_.login_log_id=?
2018-12-12 13:05:23,782 DEBUG (org.hibernate.loader.Loader:123) - Static select for entity com.smart.domain.LoginLog [UPGRADE]: select loginlog0_.login_log_id as login1_2_0_, loginlog0_.ip as ip2_2_0_, loginlog0_.login_datetime as login3_2_0_, loginlog0_.user_id as user4_2_0_ from t_login_log loginlog0_ where loginlog0_.login_log_id=? for update
2018-12-12 13:05:23,783 DEBUG (org.hibernate.loader.Loader:123) - Static select for entity com.smart.domain.LoginLog [UPGRADE_NOWAIT]: select loginlog0_.login_log_id as login1_2_0_, loginlog0_.ip as ip2_2_0_, loginlog0_.login_datetime as login3_2_0_, loginlog0_.user_id as user4_2_0_ from t_login_log loginlog0_ where loginlog0_.login_log_id=? for update
2018-12-12 13:05:23,783 DEBUG (org.hibernate.loader.Loader:123) - Static select for entity com.smart.domain.LoginLog [FORCE]: select loginlog0_.login_log_id as login1_2_0_, loginlog0_.ip as ip2_2_0_, loginlog0_.login_datetime as login3_2_0_, loginlog0_.user_id as user4_2_0_ from t_login_log loginlog0_ where loginlog0_.login_log_id=? for update
2018-12-12 13:05:23,783 DEBUG (org.hibernate.loader.Loader:123) - Static select for entity com.smart.domain.LoginLog [PESSIMISTIC_READ]: select loginlog0_.login_log_id as login1_2_0_, loginlog0_.ip as ip2_2_0_, loginlog0_.login_datetime as login3_2_0_, loginlog0_.user_id as user4_2_0_ from t_login_log loginlog0_ where loginlog0_.login_log_id=? lock in share mode
2018-12-12 13:05:23,784 DEBUG (org.hibernate.loader.Loader:123) - Static select for entity com.smart.domain.LoginLog [PESSIMISTIC_WRITE]: select loginlog0_.login_log_id as login1_2_0_, loginlog0_.ip as ip2_2_0_, loginlog0_.login_datetime as login3_2_0_, loginlog0_.user_id as user4_2_0_ from t_login_log loginlog0_ where loginlog0_.login_log_id=? for update
2018-12-12 13:05:23,784 DEBUG (org.hibernate.loader.Loader:123) - Static select for entity com.smart.domain.LoginLog [PESSIMISTIC_FORCE_INCREMENT]: select loginlog0_.login_log_id as login1_2_0_, loginlog0_.ip as ip2_2_0_, loginlog0_.login_datetime as login3_2_0_, loginlog0_.user_id as user4_2_0_ from t_login_log loginlog0_ where loginlog0_.login_log_id=? for update
2018-12-12 13:05:23,784 DEBUG (org.hibernate.loader.Loader:123) - Static select for entity com.smart.domain.LoginLog [OPTIMISTIC]: select loginlog0_.login_log_id as login1_2_0_, loginlog0_.ip as ip2_2_0_, loginlog0_.login_datetime as login3_2_0_, loginlog0_.user_id as user4_2_0_ from t_login_log loginlog0_ where loginlog0_.login_log_id=?
2018-12-12 13:05:23,785 DEBUG (org.hibernate.loader.Loader:123) - Static select for entity com.smart.domain.LoginLog [OPTIMISTIC_FORCE_INCREMENT]: select loginlog0_.login_log_id as login1_2_0_, loginlog0_.ip as ip2_2_0_, loginlog0_.login_datetime as login3_2_0_, loginlog0_.user_id as user4_2_0_ from t_login_log loginlog0_ where loginlog0_.login_log_id=?
2018-12-12 13:05:23,785 DEBUG (org.hibernate.loader.Loader:56) - Static select for action ACTION_MERGE on entity com.smart.domain.LoginLog: select loginlog0_.login_log_id as login1_2_0_, loginlog0_.ip as ip2_2_0_, loginlog0_.login_datetime as login3_2_0_, loginlog0_.user_id as user4_2_0_ from t_login_log loginlog0_ where loginlog0_.login_log_id=?
2018-12-12 13:05:23,785 DEBUG (org.hibernate.loader.Loader:56) - Static select for action ACTION_REFRESH on entity com.smart.domain.LoginLog: select loginlog0_.login_log_id as login1_2_0_, loginlog0_.ip as ip2_2_0_, loginlog0_.login_datetime as login3_2_0_, loginlog0_.user_id as user4_2_0_ from t_login_log loginlog0_ where loginlog0_.login_log_id=?
2018-12-12 13:05:23,786 DEBUG (org.hibernate.loader.Loader:123) - Static select for entity com.smart.domain.Post [NONE]: select post0_.post_id as post2_3_5_, post0_.board_id as board3_3_5_, post0_.create_time as create4_3_5_, post0_.post_text as post5_3_5_, post0_.post_title as post6_3_5_, post0_.topic_id as topic7_3_5_, post0_.user_id as user8_3_5_, post0_.post_type as post1_3_5_, topic1_.topic_id as topic1_4_0_, topic1_.board_id as board8_4_0_, topic1_.create_name as create2_4_0_, topic1_.digest as digest3_4_0_, topic1_.last_post as last4_4_0_, topic1_.topic_replies as topic5_4_0_, topic1_.topic_title as topic6_4_0_, topic1_.topic_view as topic7_4_0_, topic1_.user_id as user9_4_0_, board2_.board_id as board1_0_1_, board2_.board_desc as board2_0_1_, board2_.board_name as board3_0_1_, board2_.topic_num as topic4_0_1_, user3_.user_id as user1_5_2_, user3_.credit as credit2_5_2_, user3_.last_ip as last3_5_2_, user3_.last_visit as last4_5_2_, user3_.locked as locked5_5_2_, user3_.password as password6_5_2_, user3_.user_name as user7_5_2_, user3_.user_type as user8_5_2_, user4_.user_id as user1_5_3_, user4_.credit as credit2_5_3_, user4_.last_ip as last3_5_3_, user4_.last_visit as last4_5_3_, user4_.locked as locked5_5_3_, user4_.password as password6_5_3_, user4_.user_name as user7_5_3_, user4_.user_type as user8_5_3_, manboards5_.user_id as user1_5_7_, board6_.board_id as board2_1_7_, board6_.board_id as board1_0_4_, board6_.board_desc as board2_0_4_, board6_.board_name as board3_0_4_, board6_.topic_num as topic4_0_4_ from t_post post0_ left outer join t_topic topic1_ on post0_.topic_id=topic1_.topic_id left outer join t_board board2_ on topic1_.board_id=board2_.board_id left outer join t_user user3_ on topic1_.user_id=user3_.user_id left outer join t_user user4_ on post0_.user_id=user4_.user_id left outer join t_board_manager manboards5_ on user4_.user_id=manboards5_.user_id left outer join t_board board6_ on manboards5_.board_id=board6_.board_id where post0_.post_id=?
2018-12-12 13:05:23,787 DEBUG (org.hibernate.loader.Loader:123) - Static select for entity com.smart.domain.Post [READ]: select post0_.post_id as post2_3_5_, post0_.board_id as board3_3_5_, post0_.create_time as create4_3_5_, post0_.post_text as post5_3_5_, post0_.post_title as post6_3_5_, post0_.topic_id as topic7_3_5_, post0_.user_id as user8_3_5_, post0_.post_type as post1_3_5_, topic1_.topic_id as topic1_4_0_, topic1_.board_id as board8_4_0_, topic1_.create_name as create2_4_0_, topic1_.digest as digest3_4_0_, topic1_.last_post as last4_4_0_, topic1_.topic_replies as topic5_4_0_, topic1_.topic_title as topic6_4_0_, topic1_.topic_view as topic7_4_0_, topic1_.user_id as user9_4_0_, board2_.board_id as board1_0_1_, board2_.board_desc as board2_0_1_, board2_.board_name as board3_0_1_, board2_.topic_num as topic4_0_1_, user3_.user_id as user1_5_2_, user3_.credit as credit2_5_2_, user3_.last_ip as last3_5_2_, user3_.last_visit as last4_5_2_, user3_.locked as locked5_5_2_, user3_.password as password6_5_2_, user3_.user_name as user7_5_2_, user3_.user_type as user8_5_2_, user4_.user_id as user1_5_3_, user4_.credit as credit2_5_3_, user4_.last_ip as last3_5_3_, user4_.last_visit as last4_5_3_, user4_.locked as locked5_5_3_, user4_.password as password6_5_3_, user4_.user_name as user7_5_3_, user4_.user_type as user8_5_3_, manboards5_.user_id as user1_5_7_, board6_.board_id as board2_1_7_, board6_.board_id as board1_0_4_, board6_.board_desc as board2_0_4_, board6_.board_name as board3_0_4_, board6_.topic_num as topic4_0_4_ from t_post post0_ left outer join t_topic topic1_ on post0_.topic_id=topic1_.topic_id left outer join t_board board2_ on topic1_.board_id=board2_.board_id left outer join t_user user3_ on topic1_.user_id=user3_.user_id left outer join t_user user4_ on post0_.user_id=user4_.user_id left outer join t_board_manager manboards5_ on user4_.user_id=manboards5_.user_id left outer join t_board board6_ on manboards5_.board_id=board6_.board_id where post0_.post_id=?
2018-12-12 13:05:23,787 DEBUG (org.hibernate.loader.Loader:123) - Static select for entity com.smart.domain.Post [UPGRADE]: select post0_.post_id as post2_3_0_, post0_.board_id as board3_3_0_, post0_.create_time as create4_3_0_, post0_.post_text as post5_3_0_, post0_.post_title as post6_3_0_, post0_.topic_id as topic7_3_0_, post0_.user_id as user8_3_0_, post0_.post_type as post1_3_0_ from t_post post0_ where post0_.post_id=? for update
2018-12-12 13:05:23,788 DEBUG (org.hibernate.loader.Loader:123) - Static select for entity com.smart.domain.Post [UPGRADE_NOWAIT]: select post0_.post_id as post2_3_0_, post0_.board_id as board3_3_0_, post0_.create_time as create4_3_0_, post0_.post_text as post5_3_0_, post0_.post_title as post6_3_0_, post0_.topic_id as topic7_3_0_, post0_.user_id as user8_3_0_, post0_.post_type as post1_3_0_ from t_post post0_ where post0_.post_id=? for update
2018-12-12 13:05:23,788 DEBUG (org.hibernate.loader.Loader:123) - Static select for entity com.smart.domain.Post [FORCE]: select post0_.post_id as post2_3_0_, post0_.board_id as board3_3_0_, post0_.create_time as create4_3_0_, post0_.post_text as post5_3_0_, post0_.post_title as post6_3_0_, post0_.topic_id as topic7_3_0_, post0_.user_id as user8_3_0_, post0_.post_type as post1_3_0_ from t_post post0_ where post0_.post_id=? for update
2018-12-12 13:05:23,789 DEBUG (org.hibernate.loader.Loader:123) - Static select for entity com.smart.domain.Post [PESSIMISTIC_READ]: select post0_.post_id as post2_3_0_, post0_.board_id as board3_3_0_, post0_.create_time as create4_3_0_, post0_.post_text as post5_3_0_, post0_.post_title as post6_3_0_, post0_.topic_id as topic7_3_0_, post0_.user_id as user8_3_0_, post0_.post_type as post1_3_0_ from t_post post0_ where post0_.post_id=? lock in share mode
2018-12-12 13:05:23,789 DEBUG (org.hibernate.loader.Loader:123) - Static select for entity com.smart.domain.Post [PESSIMISTIC_WRITE]: select post0_.post_id as post2_3_0_, post0_.board_id as board3_3_0_, post0_.create_time as create4_3_0_, post0_.post_text as post5_3_0_, post0_.post_title as post6_3_0_, post0_.topic_id as topic7_3_0_, post0_.user_id as user8_3_0_, post0_.post_type as post1_3_0_ from t_post post0_ where post0_.post_id=? for update
2018-12-12 13:05:23,790 DEBUG (org.hibernate.loader.Loader:123) - Static select for entity com.smart.domain.Post [PESSIMISTIC_FORCE_INCREMENT]: select post0_.post_id as post2_3_0_, post0_.board_id as board3_3_0_, post0_.create_time as create4_3_0_, post0_.post_text as post5_3_0_, post0_.post_title as post6_3_0_, post0_.topic_id as topic7_3_0_, post0_.user_id as user8_3_0_, post0_.post_type as post1_3_0_ from t_post post0_ where post0_.post_id=? for update
2018-12-12 13:05:23,790 DEBUG (org.hibernate.loader.Loader:123) - Static select for entity com.smart.domain.Post [OPTIMISTIC]: select post0_.post_id as post2_3_0_, post0_.board_id as board3_3_0_, post0_.create_time as create4_3_0_, post0_.post_text as post5_3_0_, post0_.post_title as post6_3_0_, post0_.topic_id as topic7_3_0_, post0_.user_id as user8_3_0_, post0_.post_type as post1_3_0_ from t_post post0_ where post0_.post_id=?
2018-12-12 13:05:23,790 DEBUG (org.hibernate.loader.Loader:123) - Static select for entity com.smart.domain.Post [OPTIMISTIC_FORCE_INCREMENT]: select post0_.post_id as post2_3_0_, post0_.board_id as board3_3_0_, post0_.create_time as create4_3_0_, post0_.post_text as post5_3_0_, post0_.post_title as post6_3_0_, post0_.topic_id as topic7_3_0_, post0_.user_id as user8_3_0_, post0_.post_type as post1_3_0_ from t_post post0_ where post0_.post_id=?
2018-12-12 13:05:23,791 DEBUG (org.hibernate.loader.Loader:56) - Static select for action ACTION_MERGE on entity com.smart.domain.Post: select post0_.post_id as post2_3_2_, post0_.board_id as board3_3_2_, post0_.create_time as create4_3_2_, post0_.post_text as post5_3_2_, post0_.post_title as post6_3_2_, post0_.topic_id as topic7_3_2_, post0_.user_id as user8_3_2_, post0_.post_type as post1_3_2_, topic1_.topic_id as topic1_4_0_, topic1_.board_id as board8_4_0_, topic1_.create_name as create2_4_0_, topic1_.digest as digest3_4_0_, topic1_.last_post as last4_4_0_, topic1_.topic_replies as topic5_4_0_, topic1_.topic_title as topic6_4_0_, topic1_.topic_view as topic7_4_0_, topic1_.user_id as user9_4_0_, board2_.board_id as board1_0_1_, board2_.board_desc as board2_0_1_, board2_.board_name as board3_0_1_, board2_.topic_num as topic4_0_1_ from t_post post0_ left outer join t_topic topic1_ on post0_.topic_id=topic1_.topic_id left outer join t_board board2_ on topic1_.board_id=board2_.board_id where post0_.post_id=?
2018-12-12 13:05:23,791 DEBUG (org.hibernate.loader.Loader:56) - Static select for action ACTION_REFRESH on entity com.smart.domain.Post: select post0_.post_id as post2_3_0_, post0_.board_id as board3_3_0_, post0_.create_time as create4_3_0_, post0_.post_text as post5_3_0_, post0_.post_title as post6_3_0_, post0_.topic_id as topic7_3_0_, post0_.user_id as user8_3_0_, post0_.post_type as post1_3_0_ from t_post post0_ where post0_.post_id=?
2018-12-12 13:05:23,792 DEBUG (org.hibernate.loader.Loader:123) - Static select for entity com.smart.domain.MainPost [NONE]: select mainpost0_.post_id as post2_3_5_, mainpost0_.board_id as board3_3_5_, mainpost0_.create_time as create4_3_5_, mainpost0_.post_text as post5_3_5_, mainpost0_.post_title as post6_3_5_, mainpost0_.topic_id as topic7_3_5_, mainpost0_.user_id as user8_3_5_, topic1_.topic_id as topic1_4_0_, topic1_.board_id as board8_4_0_, topic1_.create_name as create2_4_0_, topic1_.digest as digest3_4_0_, topic1_.last_post as last4_4_0_, topic1_.topic_replies as topic5_4_0_, topic1_.topic_title as topic6_4_0_, topic1_.topic_view as topic7_4_0_, topic1_.user_id as user9_4_0_, board2_.board_id as board1_0_1_, board2_.board_desc as board2_0_1_, board2_.board_name as board3_0_1_, board2_.topic_num as topic4_0_1_, user3_.user_id as user1_5_2_, user3_.credit as credit2_5_2_, user3_.last_ip as last3_5_2_, user3_.last_visit as last4_5_2_, user3_.locked as locked5_5_2_, user3_.password as password6_5_2_, user3_.user_name as user7_5_2_, user3_.user_type as user8_5_2_, user4_.user_id as user1_5_3_, user4_.credit as credit2_5_3_, user4_.last_ip as last3_5_3_, user4_.last_visit as last4_5_3_, user4_.locked as locked5_5_3_, user4_.password as password6_5_3_, user4_.user_name as user7_5_3_, user4_.user_type as user8_5_3_, manboards5_.user_id as user1_5_7_, board6_.board_id as board2_1_7_, board6_.board_id as board1_0_4_, board6_.board_desc as board2_0_4_, board6_.board_name as board3_0_4_, board6_.topic_num as topic4_0_4_ from t_post mainpost0_ left outer join t_topic topic1_ on mainpost0_.topic_id=topic1_.topic_id left outer join t_board board2_ on topic1_.board_id=board2_.board_id left outer join t_user user3_ on topic1_.user_id=user3_.user_id left outer join t_user user4_ on mainpost0_.user_id=user4_.user_id left outer join t_board_manager manboards5_ on user4_.user_id=manboards5_.user_id left outer join t_board board6_ on manboards5_.board_id=board6_.board_id where mainpost0_.post_id=? and mainpost0_.post_type=&apos;2&apos;
2018-12-12 13:05:23,793 DEBUG (org.hibernate.loader.Loader:123) - Static select for entity com.smart.domain.MainPost [READ]: select mainpost0_.post_id as post2_3_5_, mainpost0_.board_id as board3_3_5_, mainpost0_.create_time as create4_3_5_, mainpost0_.post_text as post5_3_5_, mainpost0_.post_title as post6_3_5_, mainpost0_.topic_id as topic7_3_5_, mainpost0_.user_id as user8_3_5_, topic1_.topic_id as topic1_4_0_, topic1_.board_id as board8_4_0_, topic1_.create_name as create2_4_0_, topic1_.digest as digest3_4_0_, topic1_.last_post as last4_4_0_, topic1_.topic_replies as topic5_4_0_, topic1_.topic_title as topic6_4_0_, topic1_.topic_view as topic7_4_0_, topic1_.user_id as user9_4_0_, board2_.board_id as board1_0_1_, board2_.board_desc as board2_0_1_, board2_.board_name as board3_0_1_, board2_.topic_num as topic4_0_1_, user3_.user_id as user1_5_2_, user3_.credit as credit2_5_2_, user3_.last_ip as last3_5_2_, user3_.last_visit as last4_5_2_, user3_.locked as locked5_5_2_, user3_.password as password6_5_2_, user3_.user_name as user7_5_2_, user3_.user_type as user8_5_2_, user4_.user_id as user1_5_3_, user4_.credit as credit2_5_3_, user4_.last_ip as last3_5_3_, user4_.last_visit as last4_5_3_, user4_.locked as locked5_5_3_, user4_.password as password6_5_3_, user4_.user_name as user7_5_3_, user4_.user_type as user8_5_3_, manboards5_.user_id as user1_5_7_, board6_.board_id as board2_1_7_, board6_.board_id as board1_0_4_, board6_.board_desc as board2_0_4_, board6_.board_name as board3_0_4_, board6_.topic_num as topic4_0_4_ from t_post mainpost0_ left outer join t_topic topic1_ on mainpost0_.topic_id=topic1_.topic_id left outer join t_board board2_ on topic1_.board_id=board2_.board_id left outer join t_user user3_ on topic1_.user_id=user3_.user_id left outer join t_user user4_ on mainpost0_.user_id=user4_.user_id left outer join t_board_manager manboards5_ on user4_.user_id=manboards5_.user_id left outer join t_board board6_ on manboards5_.board_id=board6_.board_id where mainpost0_.post_id=? and mainpost0_.post_type=&apos;2&apos;
2018-12-12 13:05:23,793 DEBUG (org.hibernate.loader.Loader:123) - Static select for entity com.smart.domain.MainPost [UPGRADE]: select mainpost0_.post_id as post2_3_0_, mainpost0_.board_id as board3_3_0_, mainpost0_.create_time as create4_3_0_, mainpost0_.post_text as post5_3_0_, mainpost0_.post_title as post6_3_0_, mainpost0_.topic_id as topic7_3_0_, mainpost0_.user_id as user8_3_0_ from t_post mainpost0_ where mainpost0_.post_id=? and mainpost0_.post_type=&apos;2&apos; for update
2018-12-12 13:05:23,794 DEBUG (org.hibernate.loader.Loader:123) - Static select for entity com.smart.domain.MainPost [UPGRADE_NOWAIT]: select mainpost0_.post_id as post2_3_0_, mainpost0_.board_id as board3_3_0_, mainpost0_.create_time as create4_3_0_, mainpost0_.post_text as post5_3_0_, mainpost0_.post_title as post6_3_0_, mainpost0_.topic_id as topic7_3_0_, mainpost0_.user_id as user8_3_0_ from t_post mainpost0_ where mainpost0_.post_id=? and mainpost0_.post_type=&apos;2&apos; for update
2018-12-12 13:05:23,794 DEBUG (org.hibernate.loader.Loader:123) - Static select for entity com.smart.domain.MainPost [FORCE]: select mainpost0_.post_id as post2_3_0_, mainpost0_.board_id as board3_3_0_, mainpost0_.create_time as create4_3_0_, mainpost0_.post_text as post5_3_0_, mainpost0_.post_title as post6_3_0_, mainpost0_.topic_id as topic7_3_0_, mainpost0_.user_id as user8_3_0_ from t_post mainpost0_ where mainpost0_.post_id=? and mainpost0_.post_type=&apos;2&apos; for update
2018-12-12 13:05:23,794 DEBUG (org.hibernate.loader.Loader:123) - Static select for entity com.smart.domain.MainPost [PESSIMISTIC_READ]: select mainpost0_.post_id as post2_3_0_, mainpost0_.board_id as board3_3_0_, mainpost0_.create_time as create4_3_0_, mainpost0_.post_text as post5_3_0_, mainpost0_.post_title as post6_3_0_, mainpost0_.topic_id as topic7_3_0_, mainpost0_.user_id as user8_3_0_ from t_post mainpost0_ where mainpost0_.post_id=? and mainpost0_.post_type=&apos;2&apos; lock in share mode
2018-12-12 13:05:23,795 DEBUG (org.hibernate.loader.Loader:123) - Static select for entity com.smart.domain.MainPost [PESSIMISTIC_WRITE]: select mainpost0_.post_id as post2_3_0_, mainpost0_.board_id as board3_3_0_, mainpost0_.create_time as create4_3_0_, mainpost0_.post_text as post5_3_0_, mainpost0_.post_title as post6_3_0_, mainpost0_.topic_id as topic7_3_0_, mainpost0_.user_id as user8_3_0_ from t_post mainpost0_ where mainpost0_.post_id=? and mainpost0_.post_type=&apos;2&apos; for update
2018-12-12 13:05:23,795 DEBUG (org.hibernate.loader.Loader:123) - Static select for entity com.smart.domain.MainPost [PESSIMISTIC_FORCE_INCREMENT]: select mainpost0_.post_id as post2_3_0_, mainpost0_.board_id as board3_3_0_, mainpost0_.create_time as create4_3_0_, mainpost0_.post_text as post5_3_0_, mainpost0_.post_title as post6_3_0_, mainpost0_.topic_id as topic7_3_0_, mainpost0_.user_id as user8_3_0_ from t_post mainpost0_ where mainpost0_.post_id=? and mainpost0_.post_type=&apos;2&apos; for update
2018-12-12 13:05:23,796 DEBUG (org.hibernate.loader.Loader:123) - Static select for entity com.smart.domain.MainPost [OPTIMISTIC]: select mainpost0_.post_id as post2_3_0_, mainpost0_.board_id as board3_3_0_, mainpost0_.create_time as create4_3_0_, mainpost0_.post_text as post5_3_0_, mainpost0_.post_title as post6_3_0_, mainpost0_.topic_id as topic7_3_0_, mainpost0_.user_id as user8_3_0_ from t_post mainpost0_ where mainpost0_.post_id=? and mainpost0_.post_type=&apos;2&apos;
2018-12-12 13:05:23,796 DEBUG (org.hibernate.loader.Loader:123) - Static select for entity com.smart.domain.MainPost [OPTIMISTIC_FORCE_INCREMENT]: select mainpost0_.post_id as post2_3_0_, mainpost0_.board_id as board3_3_0_, mainpost0_.create_time as create4_3_0_, mainpost0_.post_text as post5_3_0_, mainpost0_.post_title as post6_3_0_, mainpost0_.topic_id as topic7_3_0_, mainpost0_.user_id as user8_3_0_ from t_post mainpost0_ where mainpost0_.post_id=? and mainpost0_.post_type=&apos;2&apos;
2018-12-12 13:05:23,797 DEBUG (org.hibernate.loader.Loader:56) - Static select for action ACTION_MERGE on entity com.smart.domain.MainPost: select mainpost0_.post_id as post2_3_2_, mainpost0_.board_id as board3_3_2_, mainpost0_.create_time as create4_3_2_, mainpost0_.post_text as post5_3_2_, mainpost0_.post_title as post6_3_2_, mainpost0_.topic_id as topic7_3_2_, mainpost0_.user_id as user8_3_2_, topic1_.topic_id as topic1_4_0_, topic1_.board_id as board8_4_0_, topic1_.create_name as create2_4_0_, topic1_.digest as digest3_4_0_, topic1_.last_post as last4_4_0_, topic1_.topic_replies as topic5_4_0_, topic1_.topic_title as topic6_4_0_, topic1_.topic_view as topic7_4_0_, topic1_.user_id as user9_4_0_, board2_.board_id as board1_0_1_, board2_.board_desc as board2_0_1_, board2_.board_name as board3_0_1_, board2_.topic_num as topic4_0_1_ from t_post mainpost0_ left outer join t_topic topic1_ on mainpost0_.topic_id=topic1_.topic_id left outer join t_board board2_ on topic1_.board_id=board2_.board_id where mainpost0_.post_id=? and mainpost0_.post_type=&apos;2&apos;
2018-12-12 13:05:23,797 DEBUG (org.hibernate.loader.Loader:56) - Static select for action ACTION_REFRESH on entity com.smart.domain.MainPost: select mainpost0_.post_id as post2_3_0_, mainpost0_.board_id as board3_3_0_, mainpost0_.create_time as create4_3_0_, mainpost0_.post_text as post5_3_0_, mainpost0_.post_title as post6_3_0_, mainpost0_.topic_id as topic7_3_0_, mainpost0_.user_id as user8_3_0_ from t_post mainpost0_ where mainpost0_.post_id=? and mainpost0_.post_type=&apos;2&apos;
2018-12-12 13:05:23,798 DEBUG (org.hibernate.loader.collection.BasicCollectionLoader:83) - Static select for collection com.smart.domain.Board.users: select users0_.board_id as board2_0_1_, users0_.user_id as user1_1_1_, user1_.user_id as user1_5_0_, user1_.credit as credit2_5_0_, user1_.last_ip as last3_5_0_, user1_.last_visit as last4_5_0_, user1_.locked as locked5_5_0_, user1_.password as password6_5_0_, user1_.user_name as user7_5_0_, user1_.user_type as user8_5_0_ from t_board_manager users0_ inner join t_user user1_ on users0_.user_id=user1_.user_id where users0_.board_id=?
2018-12-12 13:05:23,798 DEBUG (org.hibernate.loader.collection.BasicCollectionLoader:83) - Static select for collection com.smart.domain.User.manBoards: select manboards0_.user_id as user1_5_1_, manboards0_.board_id as board2_1_1_, board1_.board_id as board1_0_0_, board1_.board_desc as board2_0_0_, board1_.board_name as board3_0_0_, board1_.topic_num as topic4_0_0_ from t_board_manager manboards0_ inner join t_board board1_ on manboards0_.board_id=board1_.board_id where manboards0_.user_id=?
2018-12-12 13:05:23,799 DEBUG (org.hibernate.internal.SessionFactoryRegistry:75) - Registering SessionFactory: 350905d1-44cf-4227-bc14-8c0f8266a111 (&lt;unnamed&gt;)
2018-12-12 13:05:23,799 DEBUG (org.hibernate.internal.SessionFactoryRegistry:82) - Not binding SessionFactory to JNDI, no JNDI name configured
2018-12-12 13:05:23,799 DEBUG (org.hibernate.internal.SessionFactoryImpl:488) - Instantiated session factory
2018-12-12 13:05:23,799 DEBUG (org.hibernate.internal.SessionFactoryImpl:1060) - Checking 0 named HQL queries
2018-12-12 13:05:23,800 DEBUG (org.hibernate.internal.SessionFactoryImpl:1083) - Checking 0 named SQL queries
2018-12-12 13:05:23,800 DEBUG (org.hibernate.stat.internal.StatisticsInitiator:110) - Statistics initialized [enabled=false]
2018-12-12 13:05:23,801 DEBUG (org.springframework.beans.factory.support.DefaultListableBeanFactory:250) - Returning cached instance of singleton bean &apos;managerTx&apos;
2018-12-12 13:05:23,801 DEBUG (org.springframework.beans.factory.support.DefaultListableBeanFactory:250) - Returning cached instance of singleton bean &apos;managerTx&apos;
2018-12-12 13:05:23,801 DEBUG (org.springframework.beans.factory.support.DefaultListableBeanFactory:250) - Returning cached instance of singleton bean &apos;managerTx&apos;
2018-12-12 13:05:23,801 DEBUG (org.springframework.beans.factory.support.DefaultListableBeanFactory:250) - Returning cached instance of singleton bean &apos;managerTx&apos;
2018-12-12 13:05:23,804 DEBUG (org.springframework.beans.factory.support.DefaultListableBeanFactory:484) - Finished creating instance of bean &apos;sessionFactory&apos;
2018-12-12 13:05:23,804 DEBUG (org.springframework.beans.factory.support.DefaultListableBeanFactory:484) - Finished creating instance of bean &apos;sessionFactory&apos;
2018-12-12 13:05:23,804 DEBUG (org.springframework.beans.factory.support.DefaultListableBeanFactory:250) - Returning cached instance of singleton bean &apos;managerTx&apos;
2018-12-12 13:05:23,804 DEBUG (org.springframework.beans.factory.support.DefaultListableBeanFactory:250) - Returning cached instance of singleton bean &apos;managerTx&apos;
2018-12-12 13:05:23,804 DEBUG (org.springframework.beans.factory.support.DefaultListableBeanFactory:250) - Returning cached instance of singleton bean &apos;managerTx&apos;
2018-12-12 13:05:23,804 DEBUG (org.springframework.beans.factory.support.DefaultListableBeanFactory:250) - Returning cached instance of singleton bean &apos;managerTx&apos;
2018-12-12 13:05:23,813 DEBUG (org.springframework.beans.factory.support.DefaultListableBeanFactory:1620) - Invoking afterPropertiesSet() on bean with name &apos;hibernateTemplate&apos;
2018-12-12 13:05:23,813 DEBUG (org.springframework.beans.factory.support.DefaultListableBeanFactory:1620) - Invoking afterPropertiesSet() on bean with name &apos;hibernateTemplate&apos;
2018-12-12 13:05:23,813 DEBUG (org.springframework.beans.factory.support.DefaultListableBeanFactory:250) - Returning cached instance of singleton bean &apos;managerTx&apos;
2018-12-12 13:05:23,813 DEBUG (org.springframework.beans.factory.support.DefaultListableBeanFactory:250) - Returning cached instance of singleton bean &apos;managerTx&apos;
2018-12-12 13:05:23,813 DEBUG (org.springframework.beans.factory.support.DefaultListableBeanFactory:250) - Returning cached instance of singleton bean &apos;managerTx&apos;
2018-12-12 13:05:23,813 DEBUG (org.springframework.beans.factory.support.DefaultListableBeanFactory:250) - Returning cached instance of singleton bean &apos;managerTx&apos;
2018-12-12 13:05:23,821 DEBUG (org.springframework.beans.factory.support.DefaultListableBeanFactory:484) - Finished creating instance of bean &apos;hibernateTemplate&apos;
2018-12-12 13:05:23,821 DEBUG (org.springframework.beans.factory.support.DefaultListableBeanFactory:484) - Finished creating instance of bean &apos;hibernateTemplate&apos;
2018-12-12 13:05:23,821 DEBUG (org.springframework.beans.factory.annotation.AutowiredAnnotationBeanPostProcessor:490) - Autowiring by type from bean name &apos;boardDao&apos; to bean named &apos;hibernateTemplate&apos;
2018-12-12 13:05:23,821 DEBUG (org.springframework.beans.factory.annotation.AutowiredAnnotationBeanPostProcessor:490) - Autowiring by type from bean name &apos;boardDao&apos; to bean named &apos;hibernateTemplate&apos;
2018-12-12 13:05:23,822 DEBUG (org.springframework.beans.factory.support.DefaultListableBeanFactory:250) - Returning cached instance of singleton bean &apos;managerTx&apos;
2018-12-12 13:05:23,822 DEBUG (org.springframework.beans.factory.support.DefaultListableBeanFactory:250) - Returning cached instance of singleton bean &apos;managerTx&apos;
2018-12-12 13:05:23,822 DEBUG (org.springframework.beans.factory.support.DefaultListableBeanFactory:250) - Returning cached instance of singleton bean &apos;managerTx&apos;
2018-12-12 13:05:23,822 DEBUG (org.springframework.beans.factory.support.DefaultListableBeanFactory:250) - Returning cached instance of singleton bean &apos;managerTx&apos;
2018-12-12 13:05:23,823 DEBUG (org.springframework.beans.factory.support.DefaultListableBeanFactory:484) - Finished creating instance of bean &apos;boardDao&apos;
2018-12-12 13:05:23,823 DEBUG (org.springframework.beans.factory.support.DefaultListableBeanFactory:484) - Finished creating instance of bean &apos;boardDao&apos;
2018-12-12 13:05:23,824 DEBUG (org.springframework.beans.factory.support.DefaultListableBeanFactory:221) - Creating shared instance of singleton bean &apos;loginLogDao&apos;
2018-12-12 13:05:23,824 DEBUG (org.springframework.beans.factory.support.DefaultListableBeanFactory:221) - Creating shared instance of singleton bean &apos;loginLogDao&apos;
2018-12-12 13:05:23,824 DEBUG (org.springframework.beans.factory.support.DefaultListableBeanFactory:448) - Creating instance of bean &apos;loginLogDao&apos;
2018-12-12 13:05:23,824 DEBUG (org.springframework.beans.factory.support.DefaultListableBeanFactory:448) - Creating instance of bean &apos;loginLogDao&apos;
2018-12-12 13:05:23,824 DEBUG (org.springframework.beans.factory.support.DefaultListableBeanFactory:250) - Returning cached instance of singleton bean &apos;managerTx&apos;
2018-12-12 13:05:23,824 DEBUG (org.springframework.beans.factory.support.DefaultListableBeanFactory:250) - Returning cached instance of singleton bean &apos;managerTx&apos;
2018-12-12 13:05:23,825 DEBUG (org.springframework.beans.factory.annotation.InjectionMetadata:72) - Registered injected element on class [com.smart.dao.LoginLogDao]: AutowiredMethodElement for public void com.smart.dao.BaseDao.setHibernateTemplate(org.springframework.orm.hibernate4.HibernateTemplate)
2018-12-12 13:05:23,825 DEBUG (org.springframework.beans.factory.annotation.InjectionMetadata:72) - Registered injected element on class [com.smart.dao.LoginLogDao]: AutowiredMethodElement for public void com.smart.dao.BaseDao.setHibernateTemplate(org.springframework.orm.hibernate4.HibernateTemplate)
2018-12-12 13:05:23,825 DEBUG (org.springframework.beans.factory.support.DefaultListableBeanFactory:529) - Eagerly caching bean &apos;loginLogDao&apos; to allow for resolving potential circular references
2018-12-12 13:05:23,825 DEBUG (org.springframework.beans.factory.support.DefaultListableBeanFactory:529) - Eagerly caching bean &apos;loginLogDao&apos; to allow for resolving potential circular references
2018-12-12 13:05:23,826 DEBUG (org.springframework.beans.factory.annotation.InjectionMetadata:86) - Processing injected element of bean &apos;loginLogDao&apos;: AutowiredMethodElement for public void com.smart.dao.BaseDao.setHibernateTemplate(org.springframework.orm.hibernate4.HibernateTemplate)
2018-12-12 13:05:23,826 DEBUG (org.springframework.beans.factory.annotation.InjectionMetadata:86) - Processing injected element of bean &apos;loginLogDao&apos;: AutowiredMethodElement for public void com.smart.dao.BaseDao.setHibernateTemplate(org.springframework.orm.hibernate4.HibernateTemplate)
2018-12-12 13:05:23,826 DEBUG (org.springframework.beans.factory.support.DefaultListableBeanFactory:250) - Returning cached instance of singleton bean &apos;hibernateTemplate&apos;
2018-12-12 13:05:23,826 DEBUG (org.springframework.beans.factory.support.DefaultListableBeanFactory:250) - Returning cached instance of singleton bean &apos;hibernateTemplate&apos;
2018-12-12 13:05:23,827 DEBUG (org.springframework.beans.factory.annotation.AutowiredAnnotationBeanPostProcessor:490) - Autowiring by type from bean name &apos;loginLogDao&apos; to bean named &apos;hibernateTemplate&apos;
2018-12-12 13:05:23,827 DEBUG (org.springframework.beans.factory.annotation.AutowiredAnnotationBeanPostProcessor:490) - Autowiring by type from bean name &apos;loginLogDao&apos; to bean named &apos;hibernateTemplate&apos;
2018-12-12 13:05:23,827 DEBUG (org.springframework.beans.factory.support.DefaultListableBeanFactory:250) - Returning cached instance of singleton bean &apos;managerTx&apos;
2018-12-12 13:05:23,827 DEBUG (org.springframework.beans.factory.support.DefaultListableBeanFactory:250) - Returning cached instance of singleton bean &apos;managerTx&apos;
2018-12-12 13:05:23,828 DEBUG (org.springframework.beans.factory.support.DefaultListableBeanFactory:250) - Returning cached instance of singleton bean &apos;managerTx&apos;
2018-12-12 13:05:23,828 DEBUG (org.springframework.beans.factory.support.DefaultListableBeanFactory:250) - Returning cached instance of singleton bean &apos;managerTx&apos;
2018-12-12 13:05:23,829 DEBUG (org.springframework.beans.factory.support.DefaultListableBeanFactory:484) - Finished creating instance of bean &apos;loginLogDao&apos;
2018-12-12 13:05:23,829 DEBUG (org.springframework.beans.factory.support.DefaultListableBeanFactory:484) - Finished creating instance of bean &apos;loginLogDao&apos;
2018-12-12 13:05:23,829 DEBUG (org.springframework.beans.factory.support.DefaultListableBeanFactory:221) - Creating shared instance of singleton bean &apos;postDao&apos;
2018-12-12 13:05:23,829 DEBUG (org.springframework.beans.factory.support.DefaultListableBeanFactory:221) - Creating shared instance of singleton bean &apos;postDao&apos;
2018-12-12 13:05:23,829 DEBUG (org.springframework.beans.factory.support.DefaultListableBeanFactory:448) - Creating instance of bean &apos;postDao&apos;
2018-12-12 13:05:23,829 DEBUG (org.springframework.beans.factory.support.DefaultListableBeanFactory:448) - Creating instance of bean &apos;postDao&apos;
2018-12-12 13:05:23,829 DEBUG (org.springframework.beans.factory.support.DefaultListableBeanFactory:250) - Returning cached instance of singleton bean &apos;managerTx&apos;
2018-12-12 13:05:23,829 DEBUG (org.springframework.beans.factory.support.DefaultListableBeanFactory:250) - Returning cached instance of singleton bean &apos;managerTx&apos;
2018-12-12 13:05:23,830 DEBUG (org.springframework.beans.factory.annotation.InjectionMetadata:72) - Registered injected element on class [com.smart.dao.PostDao]: AutowiredMethodElement for public void com.smart.dao.BaseDao.setHibernateTemplate(org.springframework.orm.hibernate4.HibernateTemplate)
2018-12-12 13:05:23,830 DEBUG (org.springframework.beans.factory.annotation.InjectionMetadata:72) - Registered injected element on class [com.smart.dao.PostDao]: AutowiredMethodElement for public void com.smart.dao.BaseDao.setHibernateTemplate(org.springframework.orm.hibernate4.HibernateTemplate)
2018-12-12 13:05:23,831 DEBUG (org.springframework.beans.factory.support.DefaultListableBeanFactory:529) - Eagerly caching bean &apos;postDao&apos; to allow for resolving potential circular references
2018-12-12 13:05:23,831 DEBUG (org.springframework.beans.factory.support.DefaultListableBeanFactory:529) - Eagerly caching bean &apos;postDao&apos; to allow for resolving potential circular references
2018-12-12 13:05:23,831 DEBUG (org.springframework.beans.factory.annotation.InjectionMetadata:86) - Processing injected element of bean &apos;postDao&apos;: AutowiredMethodElement for public void com.smart.dao.BaseDao.setHibernateTemplate(org.springframework.orm.hibernate4.HibernateTemplate)
2018-12-12 13:05:23,831 DEBUG (org.springframework.beans.factory.annotation.InjectionMetadata:86) - Processing injected element of bean &apos;postDao&apos;: AutowiredMethodElement for public void com.smart.dao.BaseDao.setHibernateTemplate(org.springframework.orm.hibernate4.HibernateTemplate)
2018-12-12 13:05:23,831 DEBUG (org.springframework.beans.factory.support.DefaultListableBeanFactory:250) - Returning cached instance of singleton bean &apos;hibernateTemplate&apos;
2018-12-12 13:05:23,831 DEBUG (org.springframework.beans.factory.support.DefaultListableBeanFactory:250) - Returning cached instance of singleton bean &apos;hibernateTemplate&apos;
2018-12-12 13:05:23,831 DEBUG (org.springframework.beans.factory.annotation.AutowiredAnnotationBeanPostProcessor:490) - Autowiring by type from bean name &apos;postDao&apos; to bean named &apos;hibernateTemplate&apos;
2018-12-12 13:05:23,831 DEBUG (org.springframework.beans.factory.annotation.AutowiredAnnotationBeanPostProcessor:490) - Autowiring by type from bean name &apos;postDao&apos; to bean named &apos;hibernateTemplate&apos;
2018-12-12 13:05:23,832 DEBUG (org.springframework.beans.factory.support.DefaultListableBeanFactory:250) - Returning cached instance of singleton bean &apos;managerTx&apos;
2018-12-12 13:05:23,832 DEBUG (org.springframework.beans.factory.support.DefaultListableBeanFactory:250) - Returning cached instance of singleton bean &apos;managerTx&apos;
2018-12-12 13:05:23,832 DEBUG (org.springframework.beans.factory.support.DefaultListableBeanFactory:250) - Returning cached instance of singleton bean &apos;managerTx&apos;
2018-12-12 13:05:23,832 DEBUG (org.springframework.beans.factory.support.DefaultListableBeanFactory:250) - Returning cached instance of singleton bean &apos;managerTx&apos;
2018-12-12 13:05:23,833 DEBUG (org.springframework.beans.factory.support.DefaultListableBeanFactory:484) - Finished creating instance of bean &apos;postDao&apos;
2018-12-12 13:05:23,833 DEBUG (org.springframework.beans.factory.support.DefaultListableBeanFactory:484) - Finished creating instance of bean &apos;postDao&apos;
2018-12-12 13:05:23,833 DEBUG (org.springframework.beans.factory.support.DefaultListableBeanFactory:221) - Creating shared instance of singleton bean &apos;topicDao&apos;
2018-12-12 13:05:23,833 DEBUG (org.springframework.beans.factory.support.DefaultListableBeanFactory:221) - Creating shared instance of singleton bean &apos;topicDao&apos;
2018-12-12 13:05:23,833 DEBUG (org.springframework.beans.factory.support.DefaultListableBeanFactory:448) - Creating instance of bean &apos;topicDao&apos;
2018-12-12 13:05:23,833 DEBUG (org.springframework.beans.factory.support.DefaultListableBeanFactory:448) - Creating instance of bean &apos;topicDao&apos;
2018-12-12 13:05:23,834 DEBUG (org.springframework.beans.factory.support.DefaultListableBeanFactory:250) - Returning cached instance of singleton bean &apos;managerTx&apos;
2018-12-12 13:05:23,834 DEBUG (org.springframework.beans.factory.support.DefaultListableBeanFactory:250) - Returning cached instance of singleton bean &apos;managerTx&apos;
2018-12-12 13:05:23,834 DEBUG (org.springframework.beans.factory.annotation.InjectionMetadata:72) - Registered injected element on class [com.smart.dao.TopicDao]: AutowiredMethodElement for public void com.smart.dao.BaseDao.setHibernateTemplate(org.springframework.orm.hibernate4.HibernateTemplate)
2018-12-12 13:05:23,834 DEBUG (org.springframework.beans.factory.annotation.InjectionMetadata:72) - Registered injected element on class [com.smart.dao.TopicDao]: AutowiredMethodElement for public void com.smart.dao.BaseDao.setHibernateTemplate(org.springframework.orm.hibernate4.HibernateTemplate)
2018-12-12 13:05:23,834 DEBUG (org.springframework.beans.factory.support.DefaultListableBeanFactory:529) - Eagerly caching bean &apos;topicDao&apos; to allow for resolving potential circular references
2018-12-12 13:05:23,834 DEBUG (org.springframework.beans.factory.support.DefaultListableBeanFactory:529) - Eagerly caching bean &apos;topicDao&apos; to allow for resolving potential circular references
2018-12-12 13:05:23,835 DEBUG (org.springframework.beans.factory.annotation.InjectionMetadata:86) - Processing injected element of bean &apos;topicDao&apos;: AutowiredMethodElement for public void com.smart.dao.BaseDao.setHibernateTemplate(org.springframework.orm.hibernate4.HibernateTemplate)
2018-12-12 13:05:23,835 DEBUG (org.springframework.beans.factory.annotation.InjectionMetadata:86) - Processing injected element of bean &apos;topicDao&apos;: AutowiredMethodElement for public void com.smart.dao.BaseDao.setHibernateTemplate(org.springframework.orm.hibernate4.HibernateTemplate)
2018-12-12 13:05:23,835 DEBUG (org.springframework.beans.factory.support.DefaultListableBeanFactory:250) - Returning cached instance of singleton bean &apos;hibernateTemplate&apos;
2018-12-12 13:05:23,835 DEBUG (org.springframework.beans.factory.support.DefaultListableBeanFactory:250) - Returning cached instance of singleton bean &apos;hibernateTemplate&apos;
2018-12-12 13:05:23,835 DEBUG (org.springframework.beans.factory.annotation.AutowiredAnnotationBeanPostProcessor:490) - Autowiring by type from bean name &apos;topicDao&apos; to bean named &apos;hibernateTemplate&apos;
2018-12-12 13:05:23,835 DEBUG (org.springframework.beans.factory.annotation.AutowiredAnnotationBeanPostProcessor:490) - Autowiring by type from bean name &apos;topicDao&apos; to bean named &apos;hibernateTemplate&apos;
2018-12-12 13:05:23,836 DEBUG (org.springframework.beans.factory.support.DefaultListableBeanFactory:250) - Returning cached instance of singleton bean &apos;managerTx&apos;
2018-12-12 13:05:23,836 DEBUG (org.springframework.beans.factory.support.DefaultListableBeanFactory:250) - Returning cached instance of singleton bean &apos;managerTx&apos;
2018-12-12 13:05:23,836 DEBUG (org.springframework.beans.factory.support.DefaultListableBeanFactory:250) - Returning cached instance of singleton bean &apos;managerTx&apos;
2018-12-12 13:05:23,836 DEBUG (org.springframework.beans.factory.support.DefaultListableBeanFactory:250) - Returning cached instance of singleton bean &apos;managerTx&apos;
2018-12-12 13:05:23,837 DEBUG (org.springframework.beans.factory.support.DefaultListableBeanFactory:484) - Finished creating instance of bean &apos;topicDao&apos;
2018-12-12 13:05:23,837 DEBUG (org.springframework.beans.factory.support.DefaultListableBeanFactory:484) - Finished creating instance of bean &apos;topicDao&apos;
2018-12-12 13:05:23,837 DEBUG (org.springframework.beans.factory.support.DefaultListableBeanFactory:221) - Creating shared instance of singleton bean &apos;userDao&apos;
2018-12-12 13:05:23,837 DEBUG (org.springframework.beans.factory.support.DefaultListableBeanFactory:221) - Creating shared instance of singleton bean &apos;userDao&apos;
2018-12-12 13:05:23,837 DEBUG (org.springframework.beans.factory.support.DefaultListableBeanFactory:448) - Creating instance of bean &apos;userDao&apos;
2018-12-12 13:05:23,837 DEBUG (org.springframework.beans.factory.support.DefaultListableBeanFactory:448) - Creating instance of bean &apos;userDao&apos;
2018-12-12 13:05:23,837 DEBUG (org.springframework.beans.factory.support.DefaultListableBeanFactory:250) - Returning cached instance of singleton bean &apos;managerTx&apos;
2018-12-12 13:05:23,837 DEBUG (org.springframework.beans.factory.support.DefaultListableBeanFactory:250) - Returning cached instance of singleton bean &apos;managerTx&apos;
2018-12-12 13:05:23,838 DEBUG (org.springframework.beans.factory.annotation.InjectionMetadata:72) - Registered injected element on class [com.smart.dao.UserDao]: AutowiredMethodElement for public void com.smart.dao.BaseDao.setHibernateTemplate(org.springframework.orm.hibernate4.HibernateTemplate)
2018-12-12 13:05:23,838 DEBUG (org.springframework.beans.factory.annotation.InjectionMetadata:72) - Registered injected element on class [com.smart.dao.UserDao]: AutowiredMethodElement for public void com.smart.dao.BaseDao.setHibernateTemplate(org.springframework.orm.hibernate4.HibernateTemplate)
2018-12-12 13:05:23,838 DEBUG (org.springframework.beans.factory.support.DefaultListableBeanFactory:529) - Eagerly caching bean &apos;userDao&apos; to allow for resolving potential circular references
2018-12-12 13:05:23,838 DEBUG (org.springframework.beans.factory.support.DefaultListableBeanFactory:529) - Eagerly caching bean &apos;userDao&apos; to allow for resolving potential circular references
2018-12-12 13:05:23,839 DEBUG (org.springframework.beans.factory.annotation.InjectionMetadata:86) - Processing injected element of bean &apos;userDao&apos;: AutowiredMethodElement for public void com.smart.dao.BaseDao.setHibernateTemplate(org.springframework.orm.hibernate4.HibernateTemplate)
2018-12-12 13:05:23,839 DEBUG (org.springframework.beans.factory.annotation.InjectionMetadata:86) - Processing injected element of bean &apos;userDao&apos;: AutowiredMethodElement for public void com.smart.dao.BaseDao.setHibernateTemplate(org.springframework.orm.hibernate4.HibernateTemplate)
2018-12-12 13:05:23,839 DEBUG (org.springframework.beans.factory.support.DefaultListableBeanFactory:250) - Returning cached instance of singleton bean &apos;hibernateTemplate&apos;
2018-12-12 13:05:23,839 DEBUG (org.springframework.beans.factory.support.DefaultListableBeanFactory:250) - Returning cached instance of singleton bean &apos;hibernateTemplate&apos;
2018-12-12 13:05:23,839 DEBUG (org.springframework.beans.factory.annotation.AutowiredAnnotationBeanPostProcessor:490) - Autowiring by type from bean name &apos;userDao&apos; to bean named &apos;hibernateTemplate&apos;
2018-12-12 13:05:23,839 DEBUG (org.springframework.beans.factory.annotation.AutowiredAnnotationBeanPostProcessor:490) - Autowiring by type from bean name &apos;userDao&apos; to bean named &apos;hibernateTemplate&apos;
2018-12-12 13:05:23,839 DEBUG (org.springframework.beans.factory.support.DefaultListableBeanFactory:250) - Returning cached instance of singleton bean &apos;managerTx&apos;
2018-12-12 13:05:23,839 DEBUG (org.springframework.beans.factory.support.DefaultListableBeanFactory:250) - Returning cached instance of singleton bean &apos;managerTx&apos;
2018-12-12 13:05:23,839 DEBUG (org.springframework.beans.factory.support.DefaultListableBeanFactory:250) - Returning cached instance of singleton bean &apos;managerTx&apos;
2018-12-12 13:05:23,839 DEBUG (org.springframework.beans.factory.support.DefaultListableBeanFactory:250) - Returning cached instance of singleton bean &apos;managerTx&apos;
2018-12-12 13:05:23,840 DEBUG (org.springframework.beans.factory.support.DefaultListableBeanFactory:484) - Finished creating instance of bean &apos;userDao&apos;
2018-12-12 13:05:23,840 DEBUG (org.springframework.beans.factory.support.DefaultListableBeanFactory:484) - Finished creating instance of bean &apos;userDao&apos;
2018-12-12 13:05:23,840 DEBUG (org.springframework.beans.factory.support.DefaultListableBeanFactory:250) - Returning cached instance of singleton bean &apos;org.springframework.context.annotation.internalConfigurationAnnotationProcessor&apos;
2018-12-12 13:05:23,840 DEBUG (org.springframework.beans.factory.support.DefaultListableBeanFactory:250) - Returning cached instance of singleton bean &apos;org.springframework.context.annotation.internalConfigurationAnnotationProcessor&apos;
2018-12-12 13:05:23,840 DEBUG (org.springframework.beans.factory.support.DefaultListableBeanFactory:250) - Returning cached instance of singleton bean &apos;org.springframework.context.annotation.internalAutowiredAnnotationProcessor&apos;
2018-12-12 13:05:23,840 DEBUG (org.springframework.beans.factory.support.DefaultListableBeanFactory:250) - Returning cached instance of singleton bean &apos;org.springframework.context.annotation.internalAutowiredAnnotationProcessor&apos;
2018-12-12 13:05:23,840 DEBUG (org.springframework.beans.factory.support.DefaultListableBeanFactory:250) - Returning cached instance of singleton bean &apos;org.springframework.context.annotation.internalRequiredAnnotationProcessor&apos;
2018-12-12 13:05:23,840 DEBUG (org.springframework.beans.factory.support.DefaultListableBeanFactory:250) - Returning cached instance of singleton bean &apos;org.springframework.context.annotation.internalRequiredAnnotationProcessor&apos;
2018-12-12 13:05:23,840 DEBUG (org.springframework.beans.factory.support.DefaultListableBeanFactory:250) - Returning cached instance of singleton bean &apos;org.springframework.context.annotation.internalCommonAnnotationProcessor&apos;
2018-12-12 13:05:23,840 DEBUG (org.springframework.beans.factory.support.DefaultListableBeanFactory:250) - Returning cached instance of singleton bean &apos;org.springframework.context.annotation.internalCommonAnnotationProcessor&apos;
2018-12-12 13:05:23,840 DEBUG (org.springframework.beans.factory.support.DefaultListableBeanFactory:250) - Returning cached instance of singleton bean &apos;org.springframework.context.annotation.internalPersistenceAnnotationProcessor&apos;
2018-12-12 13:05:23,840 DEBUG (org.springframework.beans.factory.support.DefaultListableBeanFactory:250) - Returning cached instance of singleton bean &apos;org.springframework.context.annotation.internalPersistenceAnnotationProcessor&apos;
2018-12-12 13:05:23,841 DEBUG (org.springframework.beans.factory.support.DefaultListableBeanFactory:221) - Creating shared instance of singleton bean &apos;org.springframework.context.event.internalEventListenerProcessor&apos;
2018-12-12 13:05:23,841 DEBUG (org.springframework.beans.factory.support.DefaultListableBeanFactory:221) - Creating shared instance of singleton bean &apos;org.springframework.context.event.internalEventListenerProcessor&apos;
2018-12-12 13:05:23,841 DEBUG (org.springframework.beans.factory.support.DefaultListableBeanFactory:448) - Creating instance of bean &apos;org.springframework.context.event.internalEventListenerProcessor&apos;
2018-12-12 13:05:23,841 DEBUG (org.springframework.beans.factory.support.DefaultListableBeanFactory:448) - Creating instance of bean &apos;org.springframework.context.event.internalEventListenerProcessor&apos;
2018-12-12 13:05:23,841 DEBUG (org.springframework.beans.factory.support.DefaultListableBeanFactory:250) - Returning cached instance of singleton bean &apos;managerTx&apos;
2018-12-12 13:05:23,841 DEBUG (org.springframework.beans.factory.support.DefaultListableBeanFactory:250) - Returning cached instance of singleton bean &apos;managerTx&apos;
2018-12-12 13:05:23,841 DEBUG (org.springframework.beans.factory.support.DefaultListableBeanFactory:529) - Eagerly caching bean &apos;org.springframework.context.event.internalEventListenerProcessor&apos; to allow for resolving potential circular references
2018-12-12 13:05:23,841 DEBUG (org.springframework.beans.factory.support.DefaultListableBeanFactory:529) - Eagerly caching bean &apos;org.springframework.context.event.internalEventListenerProcessor&apos; to allow for resolving potential circular references
2018-12-12 13:05:23,842 DEBUG (org.springframework.beans.factory.support.DefaultListableBeanFactory:250) - Returning cached instance of singleton bean &apos;managerTx&apos;
2018-12-12 13:05:23,842 DEBUG (org.springframework.beans.factory.support.DefaultListableBeanFactory:250) - Returning cached instance of singleton bean &apos;managerTx&apos;
2018-12-12 13:05:23,842 DEBUG (org.springframework.beans.factory.support.DefaultListableBeanFactory:250) - Returning cached instance of singleton bean &apos;managerTx&apos;
2018-12-12 13:05:23,842 DEBUG (org.springframework.beans.factory.support.DefaultListableBeanFactory:250) - Returning cached instance of singleton bean &apos;managerTx&apos;
2018-12-12 13:05:23,842 DEBUG (org.springframework.beans.factory.support.DefaultListableBeanFactory:484) - Finished creating instance of bean &apos;org.springframework.context.event.internalEventListenerProcessor&apos;
2018-12-12 13:05:23,842 DEBUG (org.springframework.beans.factory.support.DefaultListableBeanFactory:484) - Finished creating instance of bean &apos;org.springframework.context.event.internalEventListenerProcessor&apos;
2018-12-12 13:05:23,842 DEBUG (org.springframework.beans.factory.support.DefaultListableBeanFactory:221) - Creating shared instance of singleton bean &apos;org.springframework.context.event.internalEventListenerFactory&apos;
2018-12-12 13:05:23,842 DEBUG (org.springframework.beans.factory.support.DefaultListableBeanFactory:221) - Creating shared instance of singleton bean &apos;org.springframework.context.event.internalEventListenerFactory&apos;
2018-12-12 13:05:23,843 DEBUG (org.springframework.beans.factory.support.DefaultListableBeanFactory:448) - Creating instance of bean &apos;org.springframework.context.event.internalEventListenerFactory&apos;
2018-12-12 13:05:23,843 DEBUG (org.springframework.beans.factory.support.DefaultListableBeanFactory:448) - Creating instance of bean &apos;org.springframework.context.event.internalEventListenerFactory&apos;
2018-12-12 13:05:23,843 DEBUG (org.springframework.beans.factory.support.DefaultListableBeanFactory:250) - Returning cached instance of singleton bean &apos;managerTx&apos;
2018-12-12 13:05:23,843 DEBUG (org.springframework.beans.factory.support.DefaultListableBeanFactory:250) - Returning cached instance of singleton bean &apos;managerTx&apos;
2018-12-12 13:05:23,843 DEBUG (org.springframework.beans.factory.support.DefaultListableBeanFactory:529) - Eagerly caching bean &apos;org.springframework.context.event.internalEventListenerFactory&apos; to allow for resolving potential circular references
2018-12-12 13:05:23,843 DEBUG (org.springframework.beans.factory.support.DefaultListableBeanFactory:529) - Eagerly caching bean &apos;org.springframework.context.event.internalEventListenerFactory&apos; to allow for resolving potential circular references
2018-12-12 13:05:23,843 DEBUG (org.springframework.beans.factory.support.DefaultListableBeanFactory:250) - Returning cached instance of singleton bean &apos;managerTx&apos;
2018-12-12 13:05:23,843 DEBUG (org.springframework.beans.factory.support.DefaultListableBeanFactory:250) - Returning cached instance of singleton bean &apos;managerTx&apos;
2018-12-12 13:05:23,844 DEBUG (org.springframework.beans.factory.support.DefaultListableBeanFactory:250) - Returning cached instance of singleton bean &apos;managerTx&apos;
2018-12-12 13:05:23,844 DEBUG (org.springframework.beans.factory.support.DefaultListableBeanFactory:250) - Returning cached instance of singleton bean &apos;managerTx&apos;
2018-12-12 13:05:23,845 DEBUG (org.springframework.beans.factory.support.DefaultListableBeanFactory:484) - Finished creating instance of bean &apos;org.springframework.context.event.internalEventListenerFactory&apos;
2018-12-12 13:05:23,845 DEBUG (org.springframework.beans.factory.support.DefaultListableBeanFactory:484) - Finished creating instance of bean &apos;org.springframework.context.event.internalEventListenerFactory&apos;
2018-12-12 13:05:23,845 DEBUG (org.springframework.beans.factory.support.DefaultListableBeanFactory:250) - Returning cached instance of singleton bean &apos;org.springframework.context.support.PropertySourcesPlaceholderConfigurer#0&apos;
2018-12-12 13:05:23,845 DEBUG (org.springframework.beans.factory.support.DefaultListableBeanFactory:250) - Returning cached instance of singleton bean &apos;org.springframework.context.support.PropertySourcesPlaceholderConfigurer#0&apos;
2018-12-12 13:05:23,845 DEBUG (org.springframework.beans.factory.support.DefaultListableBeanFactory:250) - Returning cached instance of singleton bean &apos;dataSource&apos;
2018-12-12 13:05:23,845 DEBUG (org.springframework.beans.factory.support.DefaultListableBeanFactory:250) - Returning cached instance of singleton bean &apos;dataSource&apos;
2018-12-12 13:05:23,845 DEBUG (org.springframework.beans.factory.support.DefaultListableBeanFactory:250) - Returning cached instance of singleton bean &apos;sessionFactory&apos;
2018-12-12 13:05:23,845 DEBUG (org.springframework.beans.factory.support.DefaultListableBeanFactory:250) - Returning cached instance of singleton bean &apos;sessionFactory&apos;
2018-12-12 13:05:23,845 DEBUG (org.springframework.beans.factory.support.DefaultListableBeanFactory:250) - Returning cached instance of singleton bean &apos;hibernateTemplate&apos;
2018-12-12 13:05:23,845 DEBUG (org.springframework.beans.factory.support.DefaultListableBeanFactory:250) - Returning cached instance of singleton bean &apos;hibernateTemplate&apos;
2018-12-12 13:05:23,845 DEBUG (org.springframework.beans.factory.support.DefaultListableBeanFactory:221) - Creating shared instance of singleton bean &apos;transactionManager&apos;
2018-12-12 13:05:23,845 DEBUG (org.springframework.beans.factory.support.DefaultListableBeanFactory:221) - Creating shared instance of singleton bean &apos;transactionManager&apos;
2018-12-12 13:05:23,845 DEBUG (org.springframework.beans.factory.support.DefaultListableBeanFactory:448) - Creating instance of bean &apos;transactionManager&apos;
2018-12-12 13:05:23,845 DEBUG (org.springframework.beans.factory.support.DefaultListableBeanFactory:448) - Creating instance of bean &apos;transactionManager&apos;
2018-12-12 13:05:23,846 DEBUG (org.springframework.beans.factory.support.DefaultListableBeanFactory:250) - Returning cached instance of singleton bean &apos;managerTx&apos;
2018-12-12 13:05:23,846 DEBUG (org.springframework.beans.factory.support.DefaultListableBeanFactory:250) - Returning cached instance of singleton bean &apos;managerTx&apos;
2018-12-12 13:05:23,846 DEBUG (org.springframework.beans.factory.support.DefaultListableBeanFactory:529) - Eagerly caching bean &apos;transactionManager&apos; to allow for resolving potential circular references
2018-12-12 13:05:23,846 DEBUG (org.springframework.beans.factory.support.DefaultListableBeanFactory:529) - Eagerly caching bean &apos;transactionManager&apos; to allow for resolving potential circular references
2018-12-12 13:05:23,847 DEBUG (org.springframework.beans.factory.support.DefaultListableBeanFactory:250) - Returning cached instance of singleton bean &apos;sessionFactory&apos;
2018-12-12 13:05:23,847 DEBUG (org.springframework.beans.factory.support.DefaultListableBeanFactory:250) - Returning cached instance of singleton bean &apos;sessionFactory&apos;
2018-12-12 13:05:23,847 DEBUG (org.springframework.beans.factory.support.DefaultListableBeanFactory:1620) - Invoking afterPropertiesSet() on bean with name &apos;transactionManager&apos;
2018-12-12 13:05:23,847 DEBUG (org.springframework.beans.factory.support.DefaultListableBeanFactory:1620) - Invoking afterPropertiesSet() on bean with name &apos;transactionManager&apos;
2018-12-12 13:05:23,847  INFO (org.springframework.orm.hibernate4.HibernateTransactionManager:360) - Using DataSource [org.apache.commons.dbcp.BasicDataSource@fb713e7] of Hibernate SessionFactory for HibernateTransactionManager
2018-12-12 13:05:23,847  INFO (org.springframework.orm.hibernate4.HibernateTransactionManager:360) - Using DataSource [org.apache.commons.dbcp.BasicDataSource@fb713e7] of Hibernate SessionFactory for HibernateTransactionManager
2018-12-12 13:05:23,847 DEBUG (org.springframework.beans.factory.support.DefaultListableBeanFactory:250) - Returning cached instance of singleton bean &apos;managerTx&apos;
2018-12-12 13:05:23,847 DEBUG (org.springframework.beans.factory.support.DefaultListableBeanFactory:250) - Returning cached instance of singleton bean &apos;managerTx&apos;
2018-12-12 13:05:23,847 DEBUG (org.springframework.beans.factory.support.DefaultListableBeanFactory:250) - Returning cached instance of singleton bean &apos;managerTx&apos;
2018-12-12 13:05:23,847 DEBUG (org.springframework.beans.factory.support.DefaultListableBeanFactory:250) - Returning cached instance of singleton bean &apos;managerTx&apos;
2018-12-12 13:05:23,849 DEBUG (org.springframework.beans.factory.support.DefaultListableBeanFactory:484) - Finished creating instance of bean &apos;transactionManager&apos;
2018-12-12 13:05:23,849 DEBUG (org.springframework.beans.factory.support.DefaultListableBeanFactory:484) - Finished creating instance of bean &apos;transactionManager&apos;
2018-12-12 13:05:23,849 DEBUG (org.springframework.beans.factory.support.DefaultListableBeanFactory:221) - Creating shared instance of singleton bean &apos;txAdvice&apos;
2018-12-12 13:05:23,849 DEBUG (org.springframework.beans.factory.support.DefaultListableBeanFactory:221) - Creating shared instance of singleton bean &apos;txAdvice&apos;
2018-12-12 13:05:23,849 DEBUG (org.springframework.beans.factory.support.DefaultListableBeanFactory:448) - Creating instance of bean &apos;txAdvice&apos;
2018-12-12 13:05:23,849 DEBUG (org.springframework.beans.factory.support.DefaultListableBeanFactory:448) - Creating instance of bean &apos;txAdvice&apos;
2018-12-12 13:05:23,849 DEBUG (org.springframework.beans.factory.support.DefaultListableBeanFactory:529) - Eagerly caching bean &apos;txAdvice&apos; to allow for resolving potential circular references
2018-12-12 13:05:23,849 DEBUG (org.springframework.beans.factory.support.DefaultListableBeanFactory:529) - Eagerly caching bean &apos;txAdvice&apos; to allow for resolving potential circular references
2018-12-12 13:05:23,850 DEBUG (org.springframework.beans.factory.support.DefaultListableBeanFactory:250) - Returning cached instance of singleton bean &apos;transactionManager&apos;
2018-12-12 13:05:23,850 DEBUG (org.springframework.beans.factory.support.DefaultListableBeanFactory:250) - Returning cached instance of singleton bean &apos;transactionManager&apos;
2018-12-12 13:05:23,850 DEBUG (org.springframework.beans.factory.support.DefaultListableBeanFactory:448) - Creating instance of bean &apos;(inner bean)#636bbbbb&apos;
2018-12-12 13:05:23,850 DEBUG (org.springframework.beans.factory.support.DefaultListableBeanFactory:448) - Creating instance of bean &apos;(inner bean)#636bbbbb&apos;
2018-12-12 13:05:23,850 DEBUG (org.springframework.beans.factory.support.DefaultListableBeanFactory:250) - Returning cached instance of singleton bean &apos;managerTx&apos;
2018-12-12 13:05:23,850 DEBUG (org.springframework.beans.factory.support.DefaultListableBeanFactory:250) - Returning cached instance of singleton bean &apos;managerTx&apos;
2018-12-12 13:05:23,851 DEBUG (org.springframework.transaction.interceptor.NameMatchTransactionAttributeSource:96) - Adding transactional method [*] with attribute [PROPAGATION_REQUIRED,ISOLATION_DEFAULT,readOnly]
2018-12-12 13:05:23,851 DEBUG (org.springframework.transaction.interceptor.NameMatchTransactionAttributeSource:96) - Adding transactional method [*] with attribute [PROPAGATION_REQUIRED,ISOLATION_DEFAULT,readOnly]
2018-12-12 13:05:23,851 DEBUG (org.springframework.transaction.interceptor.NameMatchTransactionAttributeSource:96) - Adding transactional method [create*] with attribute [PROPAGATION_REQUIRED,ISOLATION_DEFAULT]
2018-12-12 13:05:23,851 DEBUG (org.springframework.transaction.interceptor.NameMatchTransactionAttributeSource:96) - Adding transactional method [create*] with attribute [PROPAGATION_REQUIRED,ISOLATION_DEFAULT]
2018-12-12 13:05:23,851 DEBUG (org.springframework.transaction.interceptor.NameMatchTransactionAttributeSource:96) - Adding transactional method [save*] with attribute [PROPAGATION_REQUIRED,ISOLATION_DEFAULT]
2018-12-12 13:05:23,851 DEBUG (org.springframework.transaction.interceptor.NameMatchTransactionAttributeSource:96) - Adding transactional method [save*] with attribute [PROPAGATION_REQUIRED,ISOLATION_DEFAULT]
2018-12-12 13:05:23,851 DEBUG (org.springframework.transaction.interceptor.NameMatchTransactionAttributeSource:96) - Adding transactional method [reg*] with attribute [PROPAGATION_REQUIRED,ISOLATION_DEFAULT]
2018-12-12 13:05:23,851 DEBUG (org.springframework.transaction.interceptor.NameMatchTransactionAttributeSource:96) - Adding transactional method [reg*] with attribute [PROPAGATION_REQUIRED,ISOLATION_DEFAULT]
2018-12-12 13:05:23,851 DEBUG (org.springframework.transaction.interceptor.NameMatchTransactionAttributeSource:96) - Adding transactional method [update*] with attribute [PROPAGATION_REQUIRED,ISOLATION_DEFAULT]
2018-12-12 13:05:23,851 DEBUG (org.springframework.transaction.interceptor.NameMatchTransactionAttributeSource:96) - Adding transactional method [update*] with attribute [PROPAGATION_REQUIRED,ISOLATION_DEFAULT]
2018-12-12 13:05:23,851 DEBUG (org.springframework.transaction.interceptor.NameMatchTransactionAttributeSource:96) - Adding transactional method [delete*] with attribute [PROPAGATION_REQUIRED,ISOLATION_DEFAULT]
2018-12-12 13:05:23,851 DEBUG (org.springframework.transaction.interceptor.NameMatchTransactionAttributeSource:96) - Adding transactional method [delete*] with attribute [PROPAGATION_REQUIRED,ISOLATION_DEFAULT]
2018-12-12 13:05:23,852 DEBUG (org.springframework.beans.factory.support.DefaultListableBeanFactory:250) - Returning cached instance of singleton bean &apos;managerTx&apos;
2018-12-12 13:05:23,852 DEBUG (org.springframework.beans.factory.support.DefaultListableBeanFactory:250) - Returning cached instance of singleton bean &apos;managerTx&apos;
2018-12-12 13:05:23,852 DEBUG (org.springframework.beans.factory.support.DefaultListableBeanFactory:250) - Returning cached instance of singleton bean &apos;managerTx&apos;
2018-12-12 13:05:23,852 DEBUG (org.springframework.beans.factory.support.DefaultListableBeanFactory:250) - Returning cached instance of singleton bean &apos;managerTx&apos;
2018-12-12 13:05:23,852 DEBUG (org.springframework.beans.factory.support.DefaultListableBeanFactory:484) - Finished creating instance of bean &apos;(inner bean)#636bbbbb&apos;
2018-12-12 13:05:23,852 DEBUG (org.springframework.beans.factory.support.DefaultListableBeanFactory:484) - Finished creating instance of bean &apos;(inner bean)#636bbbbb&apos;
2018-12-12 13:05:23,853 DEBUG (org.springframework.beans.factory.support.DefaultListableBeanFactory:1620) - Invoking afterPropertiesSet() on bean with name &apos;txAdvice&apos;
2018-12-12 13:05:23,853 DEBUG (org.springframework.beans.factory.support.DefaultListableBeanFactory:1620) - Invoking afterPropertiesSet() on bean with name &apos;txAdvice&apos;
2018-12-12 13:05:23,853 DEBUG (org.springframework.beans.factory.support.DefaultListableBeanFactory:484) - Finished creating instance of bean &apos;txAdvice&apos;
2018-12-12 13:05:23,853 DEBUG (org.springframework.beans.factory.support.DefaultListableBeanFactory:484) - Finished creating instance of bean &apos;txAdvice&apos;
2018-12-12 13:05:23,853 DEBUG (org.springframework.beans.factory.support.DefaultListableBeanFactory:250) - Returning cached instance of singleton bean &apos;org.springframework.aop.config.internalAutoProxyCreator&apos;
2018-12-12 13:05:23,853 DEBUG (org.springframework.beans.factory.support.DefaultListableBeanFactory:250) - Returning cached instance of singleton bean &apos;org.springframework.aop.config.internalAutoProxyCreator&apos;
2018-12-12 13:05:23,853 DEBUG (org.springframework.beans.factory.support.DefaultListableBeanFactory:250) - Returning cached instance of singleton bean &apos;managerTx&apos;
2018-12-12 13:05:23,853 DEBUG (org.springframework.beans.factory.support.DefaultListableBeanFactory:250) - Returning cached instance of singleton bean &apos;managerTx&apos;
2018-12-12 13:05:23,853 DEBUG (org.springframework.beans.factory.support.DefaultListableBeanFactory:250) - Returning cached instance of singleton bean &apos;org.springframework.context.annotation.ConfigurationClassPostProcessor.importAwareProcessor&apos;
2018-12-12 13:05:23,853 DEBUG (org.springframework.beans.factory.support.DefaultListableBeanFactory:250) - Returning cached instance of singleton bean &apos;org.springframework.context.annotation.ConfigurationClassPostProcessor.importAwareProcessor&apos;
2018-12-12 13:05:23,853 DEBUG (org.springframework.beans.factory.support.DefaultListableBeanFactory:250) - Returning cached instance of singleton bean &apos;org.springframework.context.annotation.ConfigurationClassPostProcessor.enhancedConfigurationProcessor&apos;
2018-12-12 13:05:23,853 DEBUG (org.springframework.beans.factory.support.DefaultListableBeanFactory:250) - Returning cached instance of singleton bean &apos;org.springframework.context.annotation.ConfigurationClassPostProcessor.enhancedConfigurationProcessor&apos;
2018-12-12 13:05:23,853 DEBUG (org.springframework.beans.factory.support.DefaultListableBeanFactory:250) - Returning cached instance of singleton bean &apos;org.springframework.context.event.internalEventListenerFactory&apos;
2018-12-12 13:05:23,853 DEBUG (org.springframework.beans.factory.support.DefaultListableBeanFactory:250) - Returning cached instance of singleton bean &apos;org.springframework.context.event.internalEventListenerFactory&apos;
2018-12-12 13:05:23,857 DEBUG (org.springframework.context.support.ClassPathXmlApplicationContext:765) - Unable to locate LifecycleProcessor with name &apos;lifecycleProcessor&apos;: using default [org.springframework.context.support.DefaultLifecycleProcessor@10dc7d6]
2018-12-12 13:05:23,857 DEBUG (org.springframework.context.support.ClassPathXmlApplicationContext:765) - Unable to locate LifecycleProcessor with name &apos;lifecycleProcessor&apos;: using default [org.springframework.context.support.DefaultLifecycleProcessor@10dc7d6]
2018-12-12 13:05:23,858 DEBUG (org.springframework.beans.factory.support.DefaultListableBeanFactory:250) - Returning cached instance of singleton bean &apos;lifecycleProcessor&apos;
2018-12-12 13:05:23,858 DEBUG (org.springframework.beans.factory.support.DefaultListableBeanFactory:250) - Returning cached instance of singleton bean &apos;lifecycleProcessor&apos;
2018-12-12 13:05:23,858 DEBUG (org.springframework.core.env.PropertySourcesPropertyResolver:81) - Searching for key &apos;spring.liveBeansView.mbeanDomain&apos; in [systemProperties]
2018-12-12 13:05:23,858 DEBUG (org.springframework.core.env.PropertySourcesPropertyResolver:81) - Searching for key &apos;spring.liveBeansView.mbeanDomain&apos; in [systemProperties]
2018-12-12 13:05:23,858 DEBUG (org.springframework.core.env.PropertySourcesPropertyResolver:81) - Searching for key &apos;spring.liveBeansView.mbeanDomain&apos; in [systemEnvironment]
2018-12-12 13:05:23,858 DEBUG (org.springframework.core.env.PropertySourcesPropertyResolver:81) - Searching for key &apos;spring.liveBeansView.mbeanDomain&apos; in [systemEnvironment]
2018-12-12 13:05:23,858 DEBUG (org.springframework.core.env.PropertySourcesPropertyResolver:103) - Could not find key &apos;spring.liveBeansView.mbeanDomain&apos; in any property source. Returning [null]
2018-12-12 13:05:23,858 DEBUG (org.springframework.core.env.PropertySourcesPropertyResolver:103) - Could not find key &apos;spring.liveBeansView.mbeanDomain&apos; in any property source. Returning [null]
2018-12-12 13:05:23,858 DEBUG (org.springframework.beans.factory.support.DefaultListableBeanFactory:250) - Returning cached instance of singleton bean &apos;transactionManager&apos;
2018-12-12 13:05:23,858 DEBUG (org.springframework.beans.factory.support.DefaultListableBeanFactory:250) - Returning cached instance of singleton bean &apos;transactionManager&apos;
2018-12-12 13:05:23,859 DEBUG (org.unitils.database.transaction.impl.DefaultUnitilsTransactionManager:116) - Starting transaction
2018-12-12 13:05:23,859 DEBUG (org.unitils.database.transaction.impl.DefaultUnitilsTransactionManager:116) - Starting transaction
2018-12-12 13:05:23,859 DEBUG (org.springframework.beans.factory.support.DefaultListableBeanFactory:250) - Returning cached instance of singleton bean &apos;transactionManager&apos;
2018-12-12 13:05:23,859 DEBUG (org.springframework.beans.factory.support.DefaultListableBeanFactory:250) - Returning cached instance of singleton bean &apos;transactionManager&apos;
2018-12-12 13:05:23,859 DEBUG (org.springframework.orm.hibernate4.HibernateTransactionManager:367) - Creating new transaction with name [null]: PROPAGATION_REQUIRED,ISOLATION_DEFAULT
2018-12-12 13:05:23,859 DEBUG (org.springframework.orm.hibernate4.HibernateTransactionManager:367) - Creating new transaction with name [null]: PROPAGATION_REQUIRED,ISOLATION_DEFAULT
2018-12-12 13:05:23,859 DEBUG (org.springframework.orm.hibernate4.HibernateTransactionManager:438) - Opened new Session [SessionImpl(PersistenceContext[entityKeys=[],collectionKeys=[]];ActionQueue[insertions=[] updates=[] deletions=[] collectionCreations=[] collectionRemovals=[] collectionUpdates=[] unresolvedInsertDependencies=UnresolvedEntityInsertActions[]])] for Hibernate transaction
2018-12-12 13:05:23,859 DEBUG (org.springframework.orm.hibernate4.HibernateTransactionManager:438) - Opened new Session [SessionImpl(PersistenceContext[entityKeys=[],collectionKeys=[]];ActionQueue[insertions=[] updates=[] deletions=[] collectionCreations=[] collectionRemovals=[] collectionUpdates=[] unresolvedInsertDependencies=UnresolvedEntityInsertActions[]])] for Hibernate transaction
2018-12-12 13:05:23,859 DEBUG (org.springframework.orm.hibernate4.HibernateTransactionManager:448) - Preparing JDBC Connection of Hibernate Session [SessionImpl(PersistenceContext[entityKeys=[],collectionKeys=[]];ActionQueue[insertions=[] updates=[] deletions=[] collectionCreations=[] collectionRemovals=[] collectionUpdates=[] unresolvedInsertDependencies=UnresolvedEntityInsertActions[]])]
2018-12-12 13:05:23,859 DEBUG (org.springframework.orm.hibernate4.HibernateTransactionManager:448) - Preparing JDBC Connection of Hibernate Session [SessionImpl(PersistenceContext[entityKeys=[],collectionKeys=[]];ActionQueue[insertions=[] updates=[] deletions=[] collectionCreations=[] collectionRemovals=[] collectionUpdates=[] unresolvedInsertDependencies=UnresolvedEntityInsertActions[]])]
2018-12-12 13:05:23,859 DEBUG (org.hibernate.engine.jdbc.internal.LogicalConnectionImpl:212) - Obtaining JDBC connection
2018-12-12 13:05:23,859 DEBUG (org.hibernate.engine.jdbc.internal.LogicalConnectionImpl:218) - Obtained JDBC connection
2018-12-12 13:05:23,859 DEBUG (org.hibernate.engine.transaction.spi.AbstractTransactionImpl:158) - begin
2018-12-12 13:05:23,860 DEBUG (org.hibernate.engine.transaction.internal.jdbc.JdbcTransaction:69) - initial autocommit status: true
2018-12-12 13:05:23,860 DEBUG (org.hibernate.engine.transaction.internal.jdbc.JdbcTransaction:71) - disabling autocommit
2018-12-12 13:05:23,861 DEBUG (org.springframework.orm.hibernate4.HibernateTransactionManager:516) - Exposing Hibernate transaction as JDBC transaction [jdbc:mysql://localhost/spring4chapter18?useUnicode=true&amp;characterEncoding=UTF-8, UserName=root@localhost, MySQL Connector Java]
2018-12-12 13:05:23,861 DEBUG (org.springframework.orm.hibernate4.HibernateTransactionManager:516) - Exposing Hibernate transaction as JDBC transaction [jdbc:mysql://localhost/spring4chapter18?useUnicode=true&amp;characterEncoding=UTF-8, UserName=root@localhost, MySQL Connector Java]
2018-12-12 13:05:23,861 DEBUG (org.springframework.beans.factory.support.DefaultListableBeanFactory:250) - Returning cached instance of singleton bean &apos;boardDao&apos;
2018-12-12 13:05:23,861 DEBUG (org.springframework.beans.factory.support.DefaultListableBeanFactory:250) - Returning cached instance of singleton bean &apos;boardDao&apos;
2018-12-12 13:05:23,864 DEBUG (org.hibernate.internal.SessionImpl:1002) - Initializing proxy: [com.smart.domain.Board#1]
2018-12-12 13:05:23,864 DEBUG (org.hibernate.loader.Loader:2099) - Loading entity: [com.smart.domain.Board#1]
2018-12-12 13:05:23,864 DEBUG (org.hibernate.SQL:104) - select board0_.board_id as board1_0_0_, board0_.board_desc as board2_0_0_, board0_.board_name as board3_0_0_, board0_.topic_num as topic4_0_0_ from t_board board0_ where board0_.board_id=?
Hibernate: select board0_.board_id as board1_0_0_, board0_.board_desc as board2_0_0_, board0_.board_name as board3_0_0_, board0_.topic_num as topic4_0_0_ from t_board board0_ where board0_.board_id=?
2018-12-12 13:05:23,866 DEBUG (org.hibernate.loader.Loader:2123) - Done entity load
2018-12-12 13:05:23,868 DEBUG (org.unitils.database.transaction.impl.DefaultUnitilsTransactionManager:156) - Rolling back transaction
2018-12-12 13:05:23,868 DEBUG (org.unitils.database.transaction.impl.DefaultUnitilsTransactionManager:156) - Rolling back transaction
2018-12-12 13:05:23,868 DEBUG (org.springframework.orm.hibernate4.HibernateTransactionManager:851) - Initiating transaction rollback
2018-12-12 13:05:23,868 DEBUG (org.springframework.orm.hibernate4.HibernateTransactionManager:851) - Initiating transaction rollback
2018-12-12 13:05:23,868 DEBUG (org.springframework.orm.hibernate4.HibernateTransactionManager:600) - Rolling back Hibernate transaction on Session [SessionImpl(PersistenceContext[entityKeys=[],collectionKeys=[]];ActionQueue[insertions=[] updates=[] deletions=[] collectionCreations=[] collectionRemovals=[] collectionUpdates=[] unresolvedInsertDependencies=UnresolvedEntityInsertActions[]])]
2018-12-12 13:05:23,868 DEBUG (org.springframework.orm.hibernate4.HibernateTransactionManager:600) - Rolling back Hibernate transaction on Session [SessionImpl(PersistenceContext[entityKeys=[],collectionKeys=[]];ActionQueue[insertions=[] updates=[] deletions=[] collectionCreations=[] collectionRemovals=[] collectionUpdates=[] unresolvedInsertDependencies=UnresolvedEntityInsertActions[]])]
2018-12-12 13:05:23,868 DEBUG (org.hibernate.engine.transaction.spi.AbstractTransactionImpl:203) - rolling back
2018-12-12 13:05:23,869 DEBUG (org.hibernate.engine.transaction.internal.jdbc.JdbcTransaction:164) - rolled JDBC Connection
2018-12-12 13:05:23,869 DEBUG (org.hibernate.engine.transaction.internal.jdbc.JdbcTransaction:126) - re-enabling autocommit
2018-12-12 13:05:23,869 DEBUG (org.springframework.orm.hibernate4.HibernateTransactionManager:669) - Closing Hibernate Session [SessionImpl(PersistenceContext[entityKeys=[],collectionKeys=[]];ActionQueue[insertions=[] updates=[] deletions=[] collectionCreations=[] collectionRemovals=[] collectionUpdates=[] unresolvedInsertDependencies=UnresolvedEntityInsertActions[]])] after transaction
2018-12-12 13:05:23,869 DEBUG (org.springframework.orm.hibernate4.HibernateTransactionManager:669) - Closing Hibernate Session [SessionImpl(PersistenceContext[entityKeys=[],collectionKeys=[]];ActionQueue[insertions=[] updates=[] deletions=[] collectionCreations=[] collectionRemovals=[] collectionUpdates=[] unresolvedInsertDependencies=UnresolvedEntityInsertActions[]])] after transaction
2018-12-12 13:05:23,870 DEBUG (org.hibernate.engine.jdbc.internal.LogicalConnectionImpl:232) - Releasing JDBC connection
2018-12-12 13:05:23,870 DEBUG (org.hibernate.engine.jdbc.internal.LogicalConnectionImpl:250) - Released JDBC connection
</system-out>
  </testcase>
</testsuite>