<?xml version="1.0" encoding="UTF-8"?>
<!-- Generated by org.testng.reporters.JUnitReportReporter -->
<testsuite hostname="DESKTOP-HM7HN8P" name="com.smart.groovy.GroovyTest" tests="1" failures="0" timestamp="23 Oct 2018 04:57:46 GMT" time="1.452" errors="0">
  <testcase name="getBeans" time="1.452" classname="com.smart.groovy.GroovyTest"/>
</testsuite> <!-- com.smart.groovy.GroovyTest -->
