<?xml version="1.0" encoding="UTF-8"?>
<!-- Generated by org.testng.reporters.JUnitReportReporter -->
<testsuite hostname="DESKTOP-HM7HN8P" name="sample.testng.TestNGGroupsTest1" tests="3" failures="0" timestamp="11 Dec 2018 12:42:51 GMT" time="0.000" errors="0">
  <testcase name="testMethod1" time="0.000" classname="sample.testng.TestNGGroupsTest1"/>
  <testcase name="testMethod3" time="0.000" classname="sample.testng.TestNGGroupsTest1"/>
  <testcase name="testMethod2" time="0.000" classname="sample.testng.TestNGGroupsTest1"/>
</testsuite> <!-- sample.testng.TestNGGroupsTest1 -->
