<?xml version="1.0" encoding="UTF-8"?>
<!-- Generated by org.testng.reporters.JUnitReportReporter -->
<testsuite hostname="DESKTOP-HM7HN8P" name="sample.testng.TestNGExceptionTest" tests="1" failures="0" timestamp="11 Dec 2018 11:08:08 GMT" time="0.002" errors="0">
  <testcase name="testUser" time="0.002" classname="sample.testng.TestNGExceptionTest"/>
</testsuite> <!-- sample.testng.TestNGExceptionTest -->
