<?xml version="1.0" encoding="UTF-8"?>
<!-- Generated by org.testng.reporters.JUnitReportReporter -->
<testsuite hostname="DESKTOP-HM7HN8P" name="sample.testng.TestNGGroupsTest2" tests="3" failures="0" timestamp="11 Dec 2018 12:42:51 GMT" time="0.000" errors="0">
  <testcase name="testMethod3" time="0.000" classname="sample.testng.TestNGGroupsTest2"/>
  <testcase name="testMethod4" time="0.000" classname="sample.testng.TestNGGroupsTest2"/>
  <testcase name="testMethod5" time="0.000" classname="sample.testng.TestNGGroupsTest2"/>
</testsuite> <!-- sample.testng.TestNGGroupsTest2 -->
