<?xml version="1.0" encoding="UTF-8"?>
<!-- Generated by org.testng.reporters.JUnitReportReporter -->
<testsuite hostname="DESKTOP-HM7HN8P" name="sample.testng.TestNGParameterTest" tests="3" failures="0" timestamp="11 Dec 2018 11:51:58 GMT" time="0.027" errors="0">
  <testcase name="testSimpleDateFormat" time="0.000" classname="sample.testng.TestNGParameterTest"/>
  <testcase name="testSimpleDateFormat" time="0.026" classname="sample.testng.TestNGParameterTest"/>
  <testcase name="testSimpleDateFormat" time="0.001" classname="sample.testng.TestNGParameterTest"/>
</testsuite> <!-- sample.testng.TestNGParameterTest -->
