<?xml version="1.0" encoding="UTF-8"?>
<!-- Generated by org.testng.reporters.JUnitReportReporter -->
<testsuite hostname="DESKTOP-HM7HN8P" name="sample.testng.TestNGTimeoutTest" tests="1" failures="0" timestamp="11 Dec 2018 11:22:52 GMT" time="0.009" errors="0">
  <testcase name="testUser" time="0.009" classname="sample.testng.TestNGTimeoutTest"/>
</testsuite> <!-- sample.testng.TestNGTimeoutTest -->
