<?xml version="1.0" encoding="UTF-8"?>
<!-- Generated by org.testng.reporters.JUnitReportReporter -->
<testsuite hostname="DESKTOP-HM7HN8P" name="com.smart.dao.PostDaoTest" tests="1" failures="0" timestamp="22 Nov 2018 03:58:07 GMT" time="0.302" errors="0">
  <testcase name="testAddPost" time="0.302" classname="com.smart.dao.PostDaoTest"/>
</testsuite> <!-- com.smart.dao.PostDaoTest -->
