<?xml version="1.0" encoding="UTF-8"?>
<!-- Generated by org.testng.reporters.JUnitReportReporter -->
<testsuite hostname="DESKTOP-HM7HN8P" name="com.smart.dao.ForumDaoTest" tests="1" failures="0" timestamp="22 Nov 2018 04:22:32 GMT" time="0.285" errors="0">
  <testcase name="testAddForum" time="0.285" classname="com.smart.dao.ForumDaoTest"/>
</testsuite> <!-- com.smart.dao.ForumDaoTest -->
