<?xml version="1.0" encoding="UTF-8"?>
<!-- Generated by org.testng.reporters.JUnitReportReporter -->
<testsuite hostname="DESKTOP-HM7HN8P" name="com.smart.dao.TopicDaoTest" tests="1" failures="0" timestamp="22 Nov 2018 03:59:55 GMT" time="0.368" errors="0">
  <testcase name="testGetTopicRowSet" time="0.368" classname="com.smart.dao.TopicDaoTest"/>
</testsuite> <!-- com.smart.dao.TopicDaoTest -->
