<?xml version="1.0" encoding="UTF-8"?>
<!-- Generated by org.testng.reporters.JUnitReportReporter -->
<testsuite hostname="DESKTOP-HM7HN8P" name="com.smart.context.ApplicationContextTest" tests="1" failures="0" timestamp="30 Oct 2018 02:21:04 GMT" time="0.006" errors="0">
  <testcase name="getBean" time="0.006" classname="com.smart.context.ApplicationContextTest"/>
</testsuite> <!-- com.smart.context.ApplicationContextTest -->
