<?xml version="1.0" encoding="UTF-8"?>
<!-- Generated by org.testng.reporters.JUnitReportReporter -->
<testsuite hostname="DESKTOP-HM7HN8P" name="com.smart.beanfactory.BeanFactoryTest" tests="1" failures="0" timestamp="30 Oct 2018 02:21:04 GMT" time="0.303" errors="0">
  <testcase name="getBean" time="0.303" classname="com.smart.beanfactory.BeanFactoryTest"/>
</testsuite> <!-- com.smart.beanfactory.BeanFactoryTest -->
