<?xml version="1.0" encoding="UTF-8"?>
<!-- Generated by org.testng.reporters.JUnitReportReporter -->
<testsuite hostname="DESKTOP-HM7HN8P" name="com.smart.web.UserControllerTest" tests="1" failures="0" timestamp="28 Nov 2018 04:34:55 GMT" time="0.526" errors="0">
  <testcase name="testHandle82" time="0.526" classname="com.smart.web.UserControllerTest"/>
</testsuite> <!-- com.smart.web.UserControllerTest -->
